2017-07-03 14:00:51 pid:9377 Workerman[server.php] Index/index 
2017-07-03 14:00:51 pid:9377 Workerman[server.php] not run
2017-07-03 14:01:21 pid:9378 Workerman[server.php] Index/index 
2017-07-03 14:01:21 pid:9378 Workerman[server.php] not run
2017-07-03 14:01:47 pid:9382 Workerman[server.php] Index/index 
2017-07-03 14:01:47 pid:9382 Workerman[server.php] not run
2017-07-03 14:01:50 pid:9383 Workerman[server.php] Index/index 
2017-07-03 14:01:50 pid:9383 Workerman[server.php] not run
2017-07-03 14:02:24 pid:9386 Workerman[server.php] Index/index 
2017-07-03 14:02:24 pid:9386 Workerman[server.php] not run
2017-07-03 14:02:52 pid:9388 Workerman[server.php] Index/index 
2017-07-03 14:02:52 pid:9388 Workerman[server.php] not run
2017-07-03 14:06:13 pid:9411 Workerman[server.php] Workerman/index 
2017-07-03 14:06:13 pid:9411 Workerman[server.php] not run
2017-07-03 14:06:18 pid:9412 Workerman[server.php] Workerman/index 
2017-07-03 14:06:18 pid:9412 Workerman[server.php] not run
2017-07-03 14:06:24 pid:9413 Workerman[server.php] Workerman/index 
2017-07-03 14:06:24 pid:9413 Workerman[server.php] not run
2017-07-03 14:07:21 pid:9418 Workerman[server.php] Workerman/index 
2017-07-03 14:07:21 pid:9418 Workerman[server.php] not run
2017-07-03 14:07:37 pid:9419 Workerman[server.php] Workerman/index 
2017-07-03 14:07:37 pid:9419 Workerman[server.php] not run
2017-07-03 14:08:17 pid:9422 Workerman[server.php] Workerman/index 
2017-07-03 14:08:17 pid:9422 Workerman[server.php] not run
2017-07-03 14:09:10 pid:9425 Workerman[server.php] Workerman/index 
2017-07-03 14:09:10 pid:9425 Workerman[server.php] not run
2017-07-03 14:09:35 pid:9427 Workerman[server.php] Workerman/index 
2017-07-03 14:09:35 pid:9427 Workerman[server.php] not run
2017-07-03 14:09:42 pid:9428 Workerman[server.php] Workerman/index 
2017-07-03 14:09:42 pid:9428 Workerman[server.php] not run
2017-07-03 14:09:57 pid:9429 Workerman[server.php] Workerman/index 
2017-07-03 14:09:57 pid:9429 Workerman[server.php] not run
2017-07-03 14:10:13 pid:9431 Workerman[server.php] Workerman/index 
2017-07-03 14:10:13 pid:9431 Workerman[server.php] not run
2017-07-03 14:10:25 pid:9433 Workerman[server.php] Workerman/index 
2017-07-03 14:10:25 pid:9433 Workerman[server.php] not run
2017-07-03 14:20:13 pid:9452 Workerman[server.php] Workerman/index 
2017-07-03 14:20:13 pid:9452 Workerman[server.php] not run
2017-07-03 14:20:31 pid:9460 Workerman[server.php] Workerman/index 
2017-07-03 14:20:31 pid:9460 Workerman[server.php] not run
2017-07-03 14:20:48 pid:9461 Workerman[server.php] Workerman/index 
2017-07-03 14:20:48 pid:9461 Workerman[server.php] not run
2017-07-03 14:21:02 pid:9462 Workerman[server.php] Workerman/index 
2017-07-03 14:21:02 pid:9462 Workerman[server.php] not run
2017-07-03 14:22:03 pid:9466 Workerman[server.php] Workerman/index 
2017-07-03 14:22:03 pid:9466 Workerman[server.php] not run
2017-07-03 14:22:06 pid:9467 Workerman[server.php] Workerman/index 
2017-07-03 14:22:06 pid:9467 Workerman[server.php] not run
2017-07-03 14:24:09 pid:9471 Workerman[server.php] start in DEBUG mode
2017-07-03 14:39:50 pid:9471 Workerman[server.php] Stopping ...
2017-07-03 14:39:50 pid:9471 Workerman[server.php] has been stopped
2017-07-03 14:39:51 pid:9500 Workerman[server.php] start in DEBUG mode
2017-07-03 14:40:16 pid:9500 Workerman[server.php] Stopping ...
2017-07-03 14:40:16 pid:9500 Workerman[server.php] has been stopped
2017-07-03 14:40:17 pid:9503 Workerman[server.php] start in DEBUG mode
2017-07-03 14:53:27 pid:9503 Workerman[server.php] Stopping ...
2017-07-03 14:53:27 pid:9503 Workerman[server.php] has been stopped
2017-07-03 14:53:29 pid:9527 Workerman[server.php] start in DEBUG mode
2017-07-03 15:19:38 pid:9527 Workerman[server.php] Stopping ...
2017-07-03 15:19:38 pid:9527 Workerman[server.php] has been stopped
2017-07-03 15:20:20 pid:9658 Workerman[server.php] start in DEBUG mode
2017-07-03 17:42:01 pid:9658 Workerman[server.php] Stopping ...
2017-07-03 17:42:01 pid:9658 Workerman[server.php] has been stopped
2017-07-03 17:42:02 pid:10272 Workerman[server.php] start in DEBUG mode
2017-07-03 17:45:17 pid:10272 Workerman[server.php] Stopping ...
2017-07-03 17:45:17 pid:10272 Workerman[server.php] has been stopped
2017-07-03 17:54:24 pid:10311 Workerman[server.php] start in DEBUG mode
2017-07-03 17:55:35 pid:10311 Workerman[server.php] Stopping ...
2017-07-03 17:55:35 pid:10311 Workerman[server.php] has been stopped
2017-07-03 17:55:36 pid:10315 Workerman[server.php] start in DEBUG mode
2017-07-03 17:59:26 pid:10315 Workerman[server.php] Stopping ...
2017-07-03 17:59:26 pid:10315 Workerman[server.php] has been stopped
2017-07-03 17:59:27 pid:10328 Workerman[server.php] start in DEBUG mode
2017-07-03 18:00:44 pid:10328 Workerman[server.php] Stopping ...
2017-07-03 18:00:44 pid:10328 Workerman[server.php] has been stopped
2017-07-03 18:00:51 pid:10332 Workerman[server.php] start in DEBUG mode
2017-07-03 18:01:18 pid:10333 Workerman[server.php] start in DEBUG mode
2017-07-03 18:01:20 pid:10334 Workerman[server.php] start in DEBUG mode
2017-07-03 18:01:28 pid:10336 Workerman[server.php] start in DEBUG mode
2017-07-04 09:20:54 pid:14172 Workerman[server.php] start in DEBUG mode
2017-07-04 09:32:38 pid:14172 Workerman[server.php] Stopping ...
2017-07-04 09:32:38 pid:14172 Workerman[server.php] has been stopped
2017-07-04 09:33:16 pid:14216 Workerman[server.php] start in DEBUG mode
2017-07-04 09:34:45 pid:14216 Workerman[server.php] Stopping ...
2017-07-04 09:34:45 pid:14216 Workerman[server.php] has been stopped
2017-07-04 09:34:46 pid:14220 Workerman[server.php] start in DEBUG mode
2017-07-04 09:36:41 pid:14220 Workerman[server.php] Stopping ...
2017-07-04 09:36:41 pid:14220 Workerman[server.php] has been stopped
2017-07-04 09:36:48 pid:14228 Workerman[server.php] start in DEBUG mode
2017-07-04 09:53:38 pid:14228 Workerman[server.php] Stopping ...
2017-07-04 09:53:38 pid:14228 Workerman[server.php] has been stopped
2017-07-04 09:53:42 pid:14273 Workerman[server.php] start in DEBUG mode
