[ 2017-08-06T05:10:28+08:00 ] 140.205.201.22 /
INFO: [ app_init ] --START--
INFO: Run Behavior\BuildLiteBehavior [ RunTime:0.000016s ]
INFO: [ app_init ] --END-- [ RunTime:0.000343s ]
INFO: [ app_begin ] --START--
INFO: Run Behavior\ReadHtmlCacheBehavior [ RunTime:0.000469s ]
INFO: Run Behavior\CheckLangBehavior [ RunTime:0.006740s ]
INFO: [ app_begin ] --END-- [ RunTime:0.007313s ]
NOTIC: [2] fopen(./Public/logs/2017-08-06.log): failed to open stream: No such file or directory /home/wwwroot/www.jifadu.cn/Public/lib/log.php 第 16 行.
INFO: [ view_parse ] --START--
INFO: [ template_filter ] --START--
INFO: Run Behavior\ContentReplaceBehavior [ RunTime:0.000328s ]
INFO: [ template_filter ] --END-- [ RunTime:0.000401s ]
INFO: Run Behavior\ParseTemplateBehavior [ RunTime:0.091238s ]
INFO: [ view_parse ] --END-- [ RunTime:0.091304s ]
INFO: [ view_filter ] --START--
INFO: Run Behavior\WriteHtmlCacheBehavior [ RunTime:0.000248s ]
INFO: [ view_filter ] --END-- [ RunTime:0.000293s ]
INFO: [ app_end ] --START--
INFO: Run Behavior\ShowPageTraceBehavior [ RunTime:0.000885s ]
INFO: [ app_end ] --END-- [ RunTime:0.000937s ]

[ 2017-08-06T06:05:44+08:00 ] 140.205.205.1 /
INFO: [ app_init ] --START--
INFO: Run Behavior\BuildLiteBehavior [ RunTime:0.000017s ]
INFO: [ app_init ] --END-- [ RunTime:0.000358s ]
INFO: [ app_begin ] --START--
INFO: Run Behavior\ReadHtmlCacheBehavior [ RunTime:0.000462s ]
INFO: Run Behavior\CheckLangBehavior [ RunTime:0.000638s ]
INFO: [ app_begin ] --END-- [ RunTime:0.001200s ]
NOTIC: [2] fopen(./Public/logs/2017-08-06.log): failed to open stream: No such file or directory /home/wwwroot/www.jifadu.cn/Public/lib/log.php 第 16 行.
INFO: [ view_parse ] --START--
INFO: [ template_filter ] --START--
INFO: Run Behavior\ContentReplaceBehavior [ RunTime:0.000324s ]
INFO: [ template_filter ] --END-- [ RunTime:0.000399s ]
INFO: Run Behavior\ParseTemplateBehavior [ RunTime:0.098896s ]
INFO: [ view_parse ] --END-- [ RunTime:0.098954s ]
INFO: [ view_filter ] --START--
INFO: Run Behavior\WriteHtmlCacheBehavior [ RunTime:0.000237s ]
INFO: [ view_filter ] --END-- [ RunTime:0.000283s ]
INFO: [ app_end ] --START--
INFO: Run Behavior\ShowPageTraceBehavior [ RunTime:0.006171s ]
INFO: [ app_end ] --END-- [ RunTime:0.006227s ]

[ 2017-08-06T09:25:50+08:00 ] 223.104.3.193 /
INFO: [ app_init ] --START--
INFO: Run Behavior\BuildLiteBehavior [ RunTime:0.000015s ]
INFO: [ app_init ] --END-- [ RunTime:0.000331s ]
INFO: [ app_begin ] --START--
INFO: Run Behavior\ReadHtmlCacheBehavior [ RunTime:0.000468s ]
INFO: Run Behavior\CheckLangBehavior [ RunTime:0.000581s ]
INFO: [ app_begin ] --END-- [ RunTime:0.001131s ]
NOTIC: [2] fopen(./Public/logs/2017-08-06.log): failed to open stream: No such file or directory /home/wwwroot/www.jifadu.cn/Public/lib/log.php 第 16 行.
INFO: [ view_parse ] --START--
INFO: [ template_filter ] --START--
INFO: Run Behavior\ContentReplaceBehavior [ RunTime:0.000314s ]
INFO: [ template_filter ] --END-- [ RunTime:0.000383s ]
INFO: Run Behavior\ParseTemplateBehavior [ RunTime:0.091204s ]
INFO: [ view_parse ] --END-- [ RunTime:0.091261s ]
INFO: [ view_filter ] --START--
INFO: Run Behavior\WriteHtmlCacheBehavior [ RunTime:0.000247s ]
INFO: [ view_filter ] --END-- [ RunTime:0.000292s ]
INFO: [ app_end ] --START--
INFO: Run Behavior\ShowPageTraceBehavior [ RunTime:0.000575s ]
INFO: [ app_end ] --END-- [ RunTime:0.000649s ]

[ 2017-08-06T09:27:21+08:00 ] 223.104.3.193 /index.php?a=features
INFO: [ app_init ] --START--
INFO: Run Behavior\BuildLiteBehavior [ RunTime:0.000016s ]
INFO: [ app_init ] --END-- [ RunTime:0.000769s ]
INFO: [ app_begin ] --START--
INFO: Run Behavior\ReadHtmlCacheBehavior [ RunTime:0.000469s ]
INFO: Run Behavior\CheckLangBehavior [ RunTime:0.000540s ]
INFO: [ app_begin ] --END-- [ RunTime:0.001110s ]
NOTIC: [2] fopen(./Public/logs/2017-08-06.log): failed to open stream: No such file or directory /home/wwwroot/www.jifadu.cn/Public/lib/log.php 第 16 行.
INFO: [ view_parse ] --START--
INFO: [ template_filter ] --START--
INFO: Run Behavior\ContentReplaceBehavior [ RunTime:0.000111s ]
INFO: [ template_filter ] --END-- [ RunTime:0.000169s ]
NOTIC: [8] Undefined variable: account /home/wwwroot/www.jifadu.cn/Application/Runtime/Cache/Home/020f024ac631d373abf4531ead23c077.php 第 66 行.
NOTIC: [8] Undefined variable: account /home/wwwroot/www.jifadu.cn/Application/Runtime/Cache/Home/020f024ac631d373abf4531ead23c077.php 第 66 行.
NOTIC: [8] Undefined variable: account /home/wwwroot/www.jifadu.cn/Application/Runtime/Cache/Home/020f024ac631d373abf4531ead23c077.php 第 66 行.
NOTIC: [8] Undefined variable: account /home/wwwroot/www.jifadu.cn/Application/Runtime/Cache/Home/020f024ac631d373abf4531ead23c077.php 第 68 行.
NOTIC: [8] Undefined variable: account /home/wwwroot/www.jifadu.cn/Application/Runtime/Cache/Home/020f024ac631d373abf4531ead23c077.php 第 68 行.
NOTIC: [8] Undefined variable: account /home/wwwroot/www.jifadu.cn/Application/Runtime/Cache/Home/020f024ac631d373abf4531ead23c077.php 第 68 行.
INFO: Run Behavior\ParseTemplateBehavior [ RunTime:0.028438s ]
INFO: [ view_parse ] --END-- [ RunTime:0.028484s ]
INFO: [ view_filter ] --START--
INFO: Run Behavior\WriteHtmlCacheBehavior [ RunTime:0.000218s ]
INFO: [ view_filter ] --END-- [ RunTime:0.000282s ]
INFO: [ app_end ] --START--
INFO: Run Behavior\ShowPageTraceBehavior [ RunTime:0.000482s ]
INFO: [ app_end ] --END-- [ RunTime:0.000530s ]

[ 2017-08-06T09:37:56+08:00 ] 101.226.33.219 /index.php?a=features
INFO: [ app_init ] --START--
INFO: Run Behavior\BuildLiteBehavior [ RunTime:0.000016s ]
INFO: [ app_init ] --END-- [ RunTime:0.000359s ]
INFO: [ app_begin ] --START--
INFO: Run Behavior\ReadHtmlCacheBehavior [ RunTime:0.000465s ]
INFO: Run Behavior\CheckLangBehavior [ RunTime:0.000595s ]
INFO: [ app_begin ] --END-- [ RunTime:0.001141s ]
NOTIC: [2] fopen(./Public/logs/2017-08-06.log): failed to open stream: No such file or directory /home/wwwroot/www.jifadu.cn/Public/lib/log.php 第 16 行.
INFO: [ view_parse ] --START--
INFO: [ template_filter ] --START--
INFO: Run Behavior\ContentReplaceBehavior [ RunTime:0.000092s ]
INFO: [ template_filter ] --END-- [ RunTime:0.000145s ]
NOTIC: [8] Undefined variable: account /home/wwwroot/www.jifadu.cn/Application/Runtime/Cache/Home/020f024ac631d373abf4531ead23c077.php 第 66 行.
NOTIC: [8] Undefined variable: account /home/wwwroot/www.jifadu.cn/Application/Runtime/Cache/Home/020f024ac631d373abf4531ead23c077.php 第 66 行.
NOTIC: [8] Undefined variable: account /home/wwwroot/www.jifadu.cn/Application/Runtime/Cache/Home/020f024ac631d373abf4531ead23c077.php 第 66 行.
NOTIC: [8] Undefined variable: account /home/wwwroot/www.jifadu.cn/Application/Runtime/Cache/Home/020f024ac631d373abf4531ead23c077.php 第 68 行.
NOTIC: [8] Undefined variable: account /home/wwwroot/www.jifadu.cn/Application/Runtime/Cache/Home/020f024ac631d373abf4531ead23c077.php 第 68 行.
NOTIC: [8] Undefined variable: account /home/wwwroot/www.jifadu.cn/Application/Runtime/Cache/Home/020f024ac631d373abf4531ead23c077.php 第 68 行.
INFO: Run Behavior\ParseTemplateBehavior [ RunTime:0.027957s ]
INFO: [ view_parse ] --END-- [ RunTime:0.028004s ]
INFO: [ view_filter ] --START--
INFO: Run Behavior\WriteHtmlCacheBehavior [ RunTime:0.000216s ]
INFO: [ view_filter ] --END-- [ RunTime:0.000257s ]
INFO: [ app_end ] --START--
INFO: Run Behavior\ShowPageTraceBehavior [ RunTime:0.000493s ]
INFO: [ app_end ] --END-- [ RunTime:0.000542s ]

