[ 2017-08-20T02:47:19+08:00 ] 203.208.60.229 /robots.txt
INFO: [ app_init ] --START--
INFO: Run Behavior\BuildLiteBehavior [ RunTime:0.000016s ]
INFO: [ app_init ] --END-- [ RunTime:0.000359s ]
INFO: [ app_begin ] --START--
INFO: Run Behavior\ReadHtmlCacheBehavior [ RunTime:0.000486s ]
INFO: Run Behavior\CheckLangBehavior [ RunTime:0.000530s ]
INFO: [ app_begin ] --END-- [ RunTime:0.001112s ]
NOTIC: [2] fopen(./Public/logs/2017-08-20.log): failed to open stream: No such file or directory /home/wwwroot/www.jifage.cn/Public/lib/log.php 第 16 行.
INFO: [ view_parse ] --START--
INFO: [ template_filter ] --START--
INFO: Run Behavior\ContentReplaceBehavior [ RunTime:0.000293s ]
INFO: [ template_filter ] --END-- [ RunTime:0.000359s ]
NOTIC: [8] Undefined index: account /home/wwwroot/www.jifage.cn/Application/Runtime/Cache/Home/2a94b8bda04ff446dcedd42276fc99ee.php 第 462 行.
INFO: Run Behavior\ParseTemplateBehavior [ RunTime:0.078241s ]
INFO: [ view_parse ] --END-- [ RunTime:0.078293s ]
INFO: [ view_filter ] --START--
INFO: Run Behavior\WriteHtmlCacheBehavior [ RunTime:0.000303s ]
INFO: [ view_filter ] --END-- [ RunTime:0.000349s ]
INFO: [ app_end ] --START--
INFO: Run Behavior\ShowPageTraceBehavior [ RunTime:0.000497s ]
INFO: [ app_end ] --END-- [ RunTime:0.000549s ]

[ 2017-08-20T02:47:19+08:00 ] 203.208.60.229 /
INFO: [ app_init ] --START--
INFO: Run Behavior\BuildLiteBehavior [ RunTime:0.000034s ]
INFO: [ app_init ] --END-- [ RunTime:0.000375s ]
INFO: [ app_begin ] --START--
INFO: Run Behavior\ReadHtmlCacheBehavior [ RunTime:0.002126s ]
INFO: Run Behavior\CheckLangBehavior [ RunTime:0.006866s ]
INFO: [ app_begin ] --END-- [ RunTime:0.009082s ]
NOTIC: [2] fopen(./Public/logs/2017-08-20.log): failed to open stream: No such file or directory /home/wwwroot/www.jifage.cn/Public/lib/log.php 第 16 行.
INFO: [ view_parse ] --START--
INFO: [ template_filter ] --START--
INFO: Run Behavior\ContentReplaceBehavior [ RunTime:0.000288s ]
INFO: [ template_filter ] --END-- [ RunTime:0.000367s ]
NOTIC: [8] Undefined index: account /home/wwwroot/www.jifage.cn/Application/Runtime/Cache/Home/2a94b8bda04ff446dcedd42276fc99ee.php 第 462 行.
INFO: Run Behavior\ParseTemplateBehavior [ RunTime:0.086472s ]
INFO: [ view_parse ] --END-- [ RunTime:0.086621s ]
INFO: [ view_filter ] --START--
INFO: Run Behavior\WriteHtmlCacheBehavior [ RunTime:0.000260s ]
INFO: [ view_filter ] --END-- [ RunTime:0.000308s ]
INFO: [ app_end ] --START--
INFO: Run Behavior\ShowPageTraceBehavior [ RunTime:0.000534s ]
INFO: [ app_end ] --END-- [ RunTime:0.000598s ]

[ 2017-08-20T02:50:56+08:00 ] 203.208.60.228 /index.php?a=logout
INFO: [ app_init ] --START--
INFO: Run Behavior\BuildLiteBehavior [ RunTime:0.000015s ]
INFO: [ app_init ] --END-- [ RunTime:0.000338s ]
INFO: [ app_begin ] --START--
INFO: Run Behavior\ReadHtmlCacheBehavior [ RunTime:0.006150s ]
INFO: Run Behavior\CheckLangBehavior [ RunTime:0.000533s ]
INFO: [ app_begin ] --END-- [ RunTime:0.006764s ]
NOTIC: [2] fopen(./Public/logs/2017-08-20.log): failed to open stream: No such file or directory /home/wwwroot/www.jifage.cn/Public/lib/log.php 第 16 行.
INFO: [ app_end ] --START--
INFO: Run Behavior\ShowPageTraceBehavior [ RunTime:0.000464s ]
INFO: [ app_end ] --END-- [ RunTime:0.000516s ]

[ 2017-08-20T02:50:56+08:00 ] 203.208.60.228 /index.php
INFO: [ app_init ] --START--
INFO: Run Behavior\BuildLiteBehavior [ RunTime:0.000016s ]
INFO: [ app_init ] --END-- [ RunTime:0.000346s ]
INFO: [ app_begin ] --START--
INFO: Run Behavior\ReadHtmlCacheBehavior [ RunTime:0.000447s ]
INFO: Run Behavior\CheckLangBehavior [ RunTime:0.000522s ]
INFO: [ app_begin ] --END-- [ RunTime:0.001048s ]
NOTIC: [2] fopen(./Public/logs/2017-08-20.log): failed to open stream: No such file or directory /home/wwwroot/www.jifage.cn/Public/lib/log.php 第 16 行.
INFO: [ view_parse ] --START--
INFO: [ template_filter ] --START--
INFO: Run Behavior\ContentReplaceBehavior [ RunTime:0.000282s ]
INFO: [ template_filter ] --END-- [ RunTime:0.000362s ]
NOTIC: [8] Undefined index: account /home/wwwroot/www.jifage.cn/Application/Runtime/Cache/Home/2a94b8bda04ff446dcedd42276fc99ee.php 第 462 行.
INFO: Run Behavior\ParseTemplateBehavior [ RunTime:0.078043s ]
INFO: [ view_parse ] --END-- [ RunTime:0.078105s ]
INFO: [ view_filter ] --START--
INFO: Run Behavior\WriteHtmlCacheBehavior [ RunTime:0.000277s ]
INFO: [ view_filter ] --END-- [ RunTime:0.000332s ]
INFO: [ app_end ] --START--
INFO: Run Behavior\ShowPageTraceBehavior [ RunTime:0.000513s ]
INFO: [ app_end ] --END-- [ RunTime:0.000565s ]

[ 2017-08-20T04:01:29+08:00 ] 140.205.205.1 /
INFO: [ app_init ] --START--
INFO: Run Behavior\BuildLiteBehavior [ RunTime:0.000017s ]
INFO: [ app_init ] --END-- [ RunTime:0.001147s ]
INFO: [ app_begin ] --START--
INFO: Run Behavior\ReadHtmlCacheBehavior [ RunTime:0.006058s ]
INFO: Run Behavior\CheckLangBehavior [ RunTime:0.000641s ]
INFO: [ app_begin ] --END-- [ RunTime:0.006785s ]
NOTIC: [2] fopen(./Public/logs/2017-08-20.log): failed to open stream: No such file or directory /home/wwwroot/www.jifage.cn/Public/lib/log.php 第 16 行.
INFO: [ view_parse ] --START--
INFO: [ template_filter ] --START--
INFO: Run Behavior\ContentReplaceBehavior [ RunTime:0.000402s ]
INFO: [ template_filter ] --END-- [ RunTime:0.000625s ]
NOTIC: [8] Undefined index: account /home/wwwroot/www.jifage.cn/Application/Runtime/Cache/Home/2a94b8bda04ff446dcedd42276fc99ee.php 第 462 行.
INFO: Run Behavior\ParseTemplateBehavior [ RunTime:0.082643s ]
INFO: [ view_parse ] --END-- [ RunTime:0.082697s ]
INFO: [ view_filter ] --START--
INFO: Run Behavior\WriteHtmlCacheBehavior [ RunTime:0.000413s ]
INFO: [ view_filter ] --END-- [ RunTime:0.000512s ]
INFO: [ app_end ] --START--
INFO: Run Behavior\ShowPageTraceBehavior [ RunTime:0.000624s ]
INFO: [ app_end ] --END-- [ RunTime:0.000694s ]

[ 2017-08-20T04:22:06+08:00 ] 106.11.225.227 /
INFO: [ app_init ] --START--
INFO: Run Behavior\BuildLiteBehavior [ RunTime:0.000016s ]
INFO: [ app_init ] --END-- [ RunTime:0.000370s ]
INFO: [ app_begin ] --START--
INFO: Run Behavior\ReadHtmlCacheBehavior [ RunTime:0.000476s ]
INFO: Run Behavior\CheckLangBehavior [ RunTime:0.000554s ]
INFO: [ app_begin ] --END-- [ RunTime:0.001111s ]
NOTIC: [2] fopen(./Public/logs/2017-08-20.log): failed to open stream: No such file or directory /home/wwwroot/www.jifage.cn/Public/lib/log.php 第 16 行.
INFO: [ view_parse ] --START--
INFO: [ template_filter ] --START--
INFO: Run Behavior\ContentReplaceBehavior [ RunTime:0.000284s ]
INFO: [ template_filter ] --END-- [ RunTime:0.006207s ]
NOTIC: [8] Undefined index: account /home/wwwroot/www.jifage.cn/Application/Runtime/Cache/Home/2a94b8bda04ff446dcedd42276fc99ee.php 第 462 行.
INFO: Run Behavior\ParseTemplateBehavior [ RunTime:0.078208s ]
INFO: [ view_parse ] --END-- [ RunTime:0.078262s ]
INFO: [ view_filter ] --START--
INFO: Run Behavior\WriteHtmlCacheBehavior [ RunTime:0.000245s ]
INFO: [ view_filter ] --END-- [ RunTime:0.000293s ]
INFO: [ app_end ] --START--
INFO: Run Behavior\ShowPageTraceBehavior [ RunTime:0.000619s ]
INFO: [ app_end ] --END-- [ RunTime:0.000666s ]

[ 2017-08-20T07:54:36+08:00 ] 106.11.227.152 /
INFO: [ app_init ] --START--
INFO: Run Behavior\BuildLiteBehavior [ RunTime:0.000015s ]
INFO: [ app_init ] --END-- [ RunTime:0.000334s ]
INFO: [ app_begin ] --START--
INFO: Run Behavior\ReadHtmlCacheBehavior [ RunTime:0.000459s ]
INFO: Run Behavior\CheckLangBehavior [ RunTime:0.000515s ]
INFO: [ app_begin ] --END-- [ RunTime:0.001055s ]
NOTIC: [2] fopen(./Public/logs/2017-08-20.log): failed to open stream: No such file or directory /home/wwwroot/www.jifage.cn/Public/lib/log.php 第 16 行.
INFO: [ view_parse ] --START--
INFO: [ template_filter ] --START--
INFO: Run Behavior\ContentReplaceBehavior [ RunTime:0.000282s ]
INFO: [ template_filter ] --END-- [ RunTime:0.000349s ]
NOTIC: [8] Undefined index: account /home/wwwroot/www.jifage.cn/Application/Runtime/Cache/Home/2a94b8bda04ff446dcedd42276fc99ee.php 第 462 行.
INFO: Run Behavior\ParseTemplateBehavior [ RunTime:0.077857s ]
INFO: [ view_parse ] --END-- [ RunTime:0.077911s ]
INFO: [ view_filter ] --START--
INFO: Run Behavior\WriteHtmlCacheBehavior [ RunTime:0.000226s ]
INFO: [ view_filter ] --END-- [ RunTime:0.000272s ]
INFO: [ app_end ] --START--
INFO: Run Behavior\ShowPageTraceBehavior [ RunTime:0.000553s ]
INFO: [ app_end ] --END-- [ RunTime:0.000615s ]

[ 2017-08-20T16:26:25+08:00 ] 203.208.60.234 /robots.txt
INFO: [ app_init ] --START--
INFO: Run Behavior\BuildLiteBehavior [ RunTime:0.000016s ]
INFO: [ app_init ] --END-- [ RunTime:0.000354s ]
INFO: [ app_begin ] --START--
INFO: Run Behavior\ReadHtmlCacheBehavior [ RunTime:0.000465s ]
INFO: Run Behavior\CheckLangBehavior [ RunTime:0.000529s ]
INFO: [ app_begin ] --END-- [ RunTime:0.001076s ]
NOTIC: [2] fopen(./Public/logs/2017-08-20.log): failed to open stream: No such file or directory /home/wwwroot/www.jifage.cn/Public/lib/log.php 第 16 行.
INFO: [ view_parse ] --START--
INFO: [ template_filter ] --START--
INFO: Run Behavior\ContentReplaceBehavior [ RunTime:0.006183s ]
INFO: [ template_filter ] --END-- [ RunTime:0.006269s ]
NOTIC: [8] Undefined index: account /home/wwwroot/www.jifage.cn/Application/Runtime/Cache/Home/2a94b8bda04ff446dcedd42276fc99ee.php 第 462 行.
INFO: Run Behavior\ParseTemplateBehavior [ RunTime:0.078570s ]
INFO: [ view_parse ] --END-- [ RunTime:0.078623s ]
INFO: [ view_filter ] --START--
INFO: Run Behavior\WriteHtmlCacheBehavior [ RunTime:0.000229s ]
INFO: [ view_filter ] --END-- [ RunTime:0.000275s ]
INFO: [ app_end ] --START--
INFO: Run Behavior\ShowPageTraceBehavior [ RunTime:0.000507s ]
INFO: [ app_end ] --END-- [ RunTime:0.000573s ]

[ 2017-08-20T16:26:25+08:00 ] 203.208.60.234 /
INFO: [ app_init ] --START--
INFO: Run Behavior\BuildLiteBehavior [ RunTime:0.000015s ]
INFO: [ app_init ] --END-- [ RunTime:0.005876s ]
INFO: [ app_begin ] --START--
INFO: Run Behavior\ReadHtmlCacheBehavior [ RunTime:0.000441s ]
INFO: Run Behavior\CheckLangBehavior [ RunTime:0.000506s ]
INFO: [ app_begin ] --END-- [ RunTime:0.001053s ]
NOTIC: [2] fopen(./Public/logs/2017-08-20.log): failed to open stream: No such file or directory /home/wwwroot/www.jifage.cn/Public/lib/log.php 第 16 行.
INFO: [ view_parse ] --START--
INFO: [ template_filter ] --START--
INFO: Run Behavior\ContentReplaceBehavior [ RunTime:0.000282s ]
INFO: [ template_filter ] --END-- [ RunTime:0.000353s ]
NOTIC: [8] Undefined index: account /home/wwwroot/www.jifage.cn/Application/Runtime/Cache/Home/2a94b8bda04ff446dcedd42276fc99ee.php 第 462 行.
INFO: Run Behavior\ParseTemplateBehavior [ RunTime:0.078120s ]
INFO: [ view_parse ] --END-- [ RunTime:0.078175s ]
INFO: [ view_filter ] --START--
INFO: Run Behavior\WriteHtmlCacheBehavior [ RunTime:0.000288s ]
INFO: [ view_filter ] --END-- [ RunTime:0.000333s ]
INFO: [ app_end ] --START--
INFO: Run Behavior\ShowPageTraceBehavior [ RunTime:0.000494s ]
INFO: [ app_end ] --END-- [ RunTime:0.000540s ]

[ 2017-08-20T19:57:54+08:00 ] 112.3.32.224 /
INFO: [ app_init ] --START--
INFO: Run Behavior\BuildLiteBehavior [ RunTime:0.000016s ]
INFO: [ app_init ] --END-- [ RunTime:0.000341s ]
INFO: [ app_begin ] --START--
INFO: Run Behavior\ReadHtmlCacheBehavior [ RunTime:0.000467s ]
INFO: Run Behavior\CheckLangBehavior [ RunTime:0.000614s ]
INFO: [ app_begin ] --END-- [ RunTime:0.001163s ]
NOTIC: [2] fopen(./Public/logs/2017-08-20.log): failed to open stream: No such file or directory /home/wwwroot/www.jifage.cn/Public/lib/log.php 第 16 行.
INFO: [ view_parse ] --START--
INFO: [ template_filter ] --START--
INFO: Run Behavior\ContentReplaceBehavior [ RunTime:0.000292s ]
INFO: [ template_filter ] --END-- [ RunTime:0.000358s ]
NOTIC: [8] Undefined index: account /home/wwwroot/www.jifage.cn/Application/Runtime/Cache/Home/2a94b8bda04ff446dcedd42276fc99ee.php 第 462 行.
INFO: Run Behavior\ParseTemplateBehavior [ RunTime:0.078259s ]
INFO: [ view_parse ] --END-- [ RunTime:0.078327s ]
INFO: [ view_filter ] --START--
INFO: Run Behavior\WriteHtmlCacheBehavior [ RunTime:0.000286s ]
INFO: [ view_filter ] --END-- [ RunTime:0.000333s ]
INFO: [ app_end ] --START--
INFO: Run Behavior\ShowPageTraceBehavior [ RunTime:0.000521s ]
INFO: [ app_end ] --END-- [ RunTime:0.000574s ]

[ 2017-08-20T19:58:03+08:00 ] 106.11.242.46 /
INFO: [ app_init ] --START--
INFO: Run Behavior\BuildLiteBehavior [ RunTime:0.000016s ]
INFO: [ app_init ] --END-- [ RunTime:0.000359s ]
INFO: [ app_begin ] --START--
INFO: Run Behavior\ReadHtmlCacheBehavior [ RunTime:0.000523s ]
INFO: Run Behavior\CheckLangBehavior [ RunTime:0.006266s ]
INFO: [ app_begin ] --END-- [ RunTime:0.006882s ]
NOTIC: [2] fopen(./Public/logs/2017-08-20.log): failed to open stream: No such file or directory /home/wwwroot/www.jifage.cn/Public/lib/log.php 第 16 行.
INFO: [ view_parse ] --START--
INFO: [ template_filter ] --START--
INFO: Run Behavior\ContentReplaceBehavior [ RunTime:0.006125s ]
INFO: [ template_filter ] --END-- [ RunTime:0.006195s ]
NOTIC: [8] Undefined index: account /home/wwwroot/www.jifage.cn/Application/Runtime/Cache/Home/2a94b8bda04ff446dcedd42276fc99ee.php 第 462 行.
INFO: Run Behavior\ParseTemplateBehavior [ RunTime:0.085868s ]
INFO: [ view_parse ] --END-- [ RunTime:0.085926s ]
INFO: [ view_filter ] --START--
INFO: Run Behavior\WriteHtmlCacheBehavior [ RunTime:0.000237s ]
INFO: [ view_filter ] --END-- [ RunTime:0.000322s ]
INFO: [ app_end ] --START--
INFO: Run Behavior\ShowPageTraceBehavior [ RunTime:0.000535s ]
INFO: [ app_end ] --END-- [ RunTime:0.000588s ]

[ 2017-08-20T19:58:18+08:00 ] 183.212.144.60 /?from=groupmessage&isappinstalled=1
INFO: [ app_init ] --START--
INFO: Run Behavior\BuildLiteBehavior [ RunTime:0.000015s ]
INFO: [ app_init ] --END-- [ RunTime:0.000334s ]
INFO: [ app_begin ] --START--
INFO: Run Behavior\ReadHtmlCacheBehavior [ RunTime:0.000508s ]
INFO: Run Behavior\CheckLangBehavior [ RunTime:0.000583s ]
INFO: [ app_begin ] --END-- [ RunTime:0.001175s ]
NOTIC: [2] fopen(./Public/logs/2017-08-20.log): failed to open stream: No such file or directory /home/wwwroot/www.jifage.cn/Public/lib/log.php 第 16 行.
INFO: [ view_parse ] --START--
INFO: [ template_filter ] --START--
INFO: Run Behavior\ContentReplaceBehavior [ RunTime:0.000299s ]
INFO: [ template_filter ] --END-- [ RunTime:0.000362s ]
NOTIC: [8] Undefined index: account /home/wwwroot/www.jifage.cn/Application/Runtime/Cache/Home/2a94b8bda04ff446dcedd42276fc99ee.php 第 462 行.
INFO: Run Behavior\ParseTemplateBehavior [ RunTime:0.072553s ]
INFO: [ view_parse ] --END-- [ RunTime:0.072605s ]
INFO: [ view_filter ] --START--
INFO: Run Behavior\WriteHtmlCacheBehavior [ RunTime:0.000228s ]
INFO: [ view_filter ] --END-- [ RunTime:0.000272s ]
INFO: [ app_end ] --START--
INFO: Run Behavior\ShowPageTraceBehavior [ RunTime:0.000554s ]
INFO: [ app_end ] --END-- [ RunTime:0.000616s ]

[ 2017-08-20T19:58:19+08:00 ] 112.3.32.224 /?from=groupmessage&isappinstalled=1
INFO: [ app_init ] --START--
INFO: Run Behavior\BuildLiteBehavior [ RunTime:0.000016s ]
INFO: [ app_init ] --END-- [ RunTime:0.000378s ]
INFO: [ app_begin ] --START--
INFO: Run Behavior\ReadHtmlCacheBehavior [ RunTime:0.000475s ]
INFO: Run Behavior\CheckLangBehavior [ RunTime:0.000711s ]
INFO: [ app_begin ] --END-- [ RunTime:0.001299s ]
NOTIC: [2] fopen(./Public/logs/2017-08-20.log): failed to open stream: No such file or directory /home/wwwroot/www.jifage.cn/Public/lib/log.php 第 16 行.
INFO: [ view_parse ] --START--
INFO: [ template_filter ] --START--
INFO: Run Behavior\ContentReplaceBehavior [ RunTime:0.000343s ]
INFO: [ template_filter ] --END-- [ RunTime:0.000410s ]
NOTIC: [8] Undefined index: account /home/wwwroot/www.jifage.cn/Application/Runtime/Cache/Home/2a94b8bda04ff446dcedd42276fc99ee.php 第 462 行.
INFO: Run Behavior\ParseTemplateBehavior [ RunTime:0.079454s ]
INFO: [ view_parse ] --END-- [ RunTime:0.079513s ]
INFO: [ view_filter ] --START--
INFO: Run Behavior\WriteHtmlCacheBehavior [ RunTime:0.000240s ]
INFO: [ view_filter ] --END-- [ RunTime:0.000310s ]
INFO: [ app_end ] --START--
INFO: Run Behavior\ShowPageTraceBehavior [ RunTime:0.000523s ]
INFO: [ app_end ] --END-- [ RunTime:0.000571s ]

[ 2017-08-20T19:58:26+08:00 ] 111.165.79.242 /
INFO: [ app_init ] --START--
INFO: Run Behavior\BuildLiteBehavior [ RunTime:0.000017s ]
INFO: [ app_init ] --END-- [ RunTime:0.000365s ]
INFO: [ app_begin ] --START--
INFO: Run Behavior\ReadHtmlCacheBehavior [ RunTime:0.000475s ]
INFO: Run Behavior\CheckLangBehavior [ RunTime:0.000795s ]
INFO: [ app_begin ] --END-- [ RunTime:0.001352s ]
NOTIC: [2] fopen(./Public/logs/2017-08-20.log): failed to open stream: No such file or directory /home/wwwroot/www.jifage.cn/Public/lib/log.php 第 16 行.
INFO: [ view_parse ] --START--
INFO: [ template_filter ] --START--
INFO: Run Behavior\ContentReplaceBehavior [ RunTime:0.000301s ]
INFO: [ template_filter ] --END-- [ RunTime:0.000371s ]
NOTIC: [8] Undefined index: account /home/wwwroot/www.jifage.cn/Application/Runtime/Cache/Home/2a94b8bda04ff446dcedd42276fc99ee.php 第 462 行.
INFO: Run Behavior\ParseTemplateBehavior [ RunTime:0.075668s ]
INFO: [ view_parse ] --END-- [ RunTime:0.075720s ]
INFO: [ view_filter ] --START--
INFO: Run Behavior\WriteHtmlCacheBehavior [ RunTime:0.000256s ]
INFO: [ view_filter ] --END-- [ RunTime:0.000303s ]
INFO: [ app_end ] --START--
INFO: Run Behavior\ShowPageTraceBehavior [ RunTime:0.000507s ]
INFO: [ app_end ] --END-- [ RunTime:0.000562s ]

[ 2017-08-20T19:58:27+08:00 ] 117.185.27.114 /?from=groupmessage&isappinstalled=1
INFO: [ app_init ] --START--
INFO: Run Behavior\BuildLiteBehavior [ RunTime:0.000015s ]
INFO: [ app_init ] --END-- [ RunTime:0.000337s ]
INFO: [ app_begin ] --START--
INFO: Run Behavior\ReadHtmlCacheBehavior [ RunTime:0.006136s ]
INFO: Run Behavior\CheckLangBehavior [ RunTime:0.000593s ]
INFO: [ app_begin ] --END-- [ RunTime:0.006810s ]
NOTIC: [2] fopen(./Public/logs/2017-08-20.log): failed to open stream: No such file or directory /home/wwwroot/www.jifage.cn/Public/lib/log.php 第 16 行.
INFO: [ view_parse ] --START--
INFO: [ template_filter ] --START--
INFO: Run Behavior\ContentReplaceBehavior [ RunTime:0.000295s ]
INFO: [ template_filter ] --END-- [ RunTime:0.000361s ]
NOTIC: [8] Undefined index: account /home/wwwroot/www.jifage.cn/Application/Runtime/Cache/Home/2a94b8bda04ff446dcedd42276fc99ee.php 第 462 行.
INFO: Run Behavior\ParseTemplateBehavior [ RunTime:0.077992s ]
INFO: [ view_parse ] --END-- [ RunTime:0.078045s ]
INFO: [ view_filter ] --START--
INFO: Run Behavior\WriteHtmlCacheBehavior [ RunTime:0.000239s ]
INFO: [ view_filter ] --END-- [ RunTime:0.000286s ]
INFO: [ app_end ] --START--
INFO: Run Behavior\ShowPageTraceBehavior [ RunTime:0.000512s ]
INFO: [ app_end ] --END-- [ RunTime:0.000559s ]

[ 2017-08-20T19:58:28+08:00 ] 117.185.27.114 /
INFO: [ app_init ] --START--
INFO: Run Behavior\BuildLiteBehavior [ RunTime:0.000016s ]
INFO: [ app_init ] --END-- [ RunTime:0.006008s ]
INFO: [ app_begin ] --START--
INFO: Run Behavior\ReadHtmlCacheBehavior [ RunTime:0.000481s ]
INFO: Run Behavior\CheckLangBehavior [ RunTime:0.000963s ]
INFO: [ app_begin ] --END-- [ RunTime:0.001539s ]
NOTIC: [2] fopen(./Public/logs/2017-08-20.log): failed to open stream: No such file or directory /home/wwwroot/www.jifage.cn/Public/lib/log.php 第 16 行.
INFO: [ view_parse ] --START--
INFO: [ template_filter ] --START--
INFO: Run Behavior\ContentReplaceBehavior [ RunTime:0.000344s ]
INFO: [ template_filter ] --END-- [ RunTime:0.000420s ]
NOTIC: [8] Undefined index: account /home/wwwroot/www.jifage.cn/Application/Runtime/Cache/Home/2a94b8bda04ff446dcedd42276fc99ee.php 第 462 行.
INFO: Run Behavior\ParseTemplateBehavior [ RunTime:0.079193s ]
INFO: [ view_parse ] --END-- [ RunTime:0.079252s ]
INFO: [ view_filter ] --START--
INFO: Run Behavior\WriteHtmlCacheBehavior [ RunTime:0.000242s ]
INFO: [ view_filter ] --END-- [ RunTime:0.000288s ]
INFO: [ app_end ] --START--
INFO: Run Behavior\ShowPageTraceBehavior [ RunTime:0.000524s ]
INFO: [ app_end ] --END-- [ RunTime:0.000572s ]

[ 2017-08-20T19:58:38+08:00 ] 117.185.27.113 /
INFO: [ app_init ] --START--
INFO: Run Behavior\BuildLiteBehavior [ RunTime:0.000017s ]
INFO: [ app_init ] --END-- [ RunTime:0.000362s ]
INFO: [ app_begin ] --START--
INFO: Run Behavior\ReadHtmlCacheBehavior [ RunTime:0.000464s ]
INFO: Run Behavior\CheckLangBehavior [ RunTime:0.000622s ]
INFO: [ app_begin ] --END-- [ RunTime:0.001173s ]
NOTIC: [2] fopen(./Public/logs/2017-08-20.log): failed to open stream: No such file or directory /home/wwwroot/www.jifage.cn/Public/lib/log.php 第 16 行.
INFO: [ view_parse ] --START--
INFO: [ template_filter ] --START--
INFO: Run Behavior\ContentReplaceBehavior [ RunTime:0.000297s ]
INFO: [ template_filter ] --END-- [ RunTime:0.000371s ]
NOTIC: [8] Undefined index: account /home/wwwroot/www.jifage.cn/Application/Runtime/Cache/Home/2a94b8bda04ff446dcedd42276fc99ee.php 第 462 行.
INFO: Run Behavior\ParseTemplateBehavior [ RunTime:0.071743s ]
INFO: [ view_parse ] --END-- [ RunTime:0.071797s ]
INFO: [ view_filter ] --START--
INFO: Run Behavior\WriteHtmlCacheBehavior [ RunTime:0.000250s ]
INFO: [ view_filter ] --END-- [ RunTime:0.006364s ]
INFO: [ app_end ] --START--
INFO: Run Behavior\ShowPageTraceBehavior [ RunTime:0.000537s ]
INFO: [ app_end ] --END-- [ RunTime:0.000584s ]

[ 2017-08-20T19:58:51+08:00 ] 112.3.32.224 /?from=groupmessage&isappinstalled=1
INFO: [ app_init ] --START--
INFO: Run Behavior\BuildLiteBehavior [ RunTime:0.000016s ]
INFO: [ app_init ] --END-- [ RunTime:0.006023s ]
INFO: [ app_begin ] --START--
INFO: Run Behavior\ReadHtmlCacheBehavior [ RunTime:0.000448s ]
INFO: Run Behavior\CheckLangBehavior [ RunTime:0.000553s ]
INFO: [ app_begin ] --END-- [ RunTime:0.001080s ]
NOTIC: [2] fopen(./Public/logs/2017-08-20.log): failed to open stream: No such file or directory /home/wwwroot/www.jifage.cn/Public/lib/log.php 第 16 行.
INFO: [ view_parse ] --START--
INFO: [ template_filter ] --START--
INFO: Run Behavior\ContentReplaceBehavior [ RunTime:0.006188s ]
INFO: [ template_filter ] --END-- [ RunTime:0.006261s ]
NOTIC: [8] Undefined index: account /home/wwwroot/www.jifage.cn/Application/Runtime/Cache/Home/2a94b8bda04ff446dcedd42276fc99ee.php 第 462 行.
INFO: Run Behavior\ParseTemplateBehavior [ RunTime:0.078025s ]
INFO: [ view_parse ] --END-- [ RunTime:0.078077s ]
INFO: [ view_filter ] --START--
INFO: Run Behavior\WriteHtmlCacheBehavior [ RunTime:0.000232s ]
INFO: [ view_filter ] --END-- [ RunTime:0.000277s ]
INFO: [ app_end ] --START--
INFO: Run Behavior\ShowPageTraceBehavior [ RunTime:0.000927s ]
INFO: [ app_end ] --END-- [ RunTime:0.000975s ]

