[ 2017-09-12T03:55:57+08:00 ] 35.193.153.123 /index.php?a=download&l=en-us
INFO: [ app_init ] --START--
INFO: Run Behavior\BuildLiteBehavior [ RunTime:0.000011s ]
INFO: [ app_init ] --END-- [ RunTime:0.000076s ]
INFO: [ app_begin ] --START--
INFO: Run Behavior\ReadHtmlCacheBehavior [ RunTime:0.000065s ]
INFO: Run Behavior\CheckLangBehavior [ RunTime:0.000507s ]
INFO: [ app_begin ] --END-- [ RunTime:0.000618s ]
NOTIC: [2] fopen(./Public/logs/2017-09-12.log): failed to open stream: No such file or directory /home/wwwroot/tlwcash/Public/lib/log.php 第 16 行.
INFO: [ view_parse ] --START--
INFO: [ template_filter ] --START--
INFO: Run Behavior\ContentReplaceBehavior [ RunTime:0.000113s ]
INFO: [ template_filter ] --END-- [ RunTime:0.000152s ]
NOTIC: [8] Undefined index: account /home/wwwroot/tlwcash/Application/Runtime/Cache/Home/6b1b5ceff111208f479bf3472ab76c49.php 第 163 行.
INFO: Run Behavior\ParseTemplateBehavior [ RunTime:0.009753s ]
INFO: [ view_parse ] --END-- [ RunTime:0.009784s ]
INFO: [ view_filter ] --START--
INFO: Run Behavior\WriteHtmlCacheBehavior [ RunTime:0.000069s ]
INFO: [ view_filter ] --END-- [ RunTime:0.000089s ]
INFO: [ app_end ] --START--
INFO: Run Behavior\ShowPageTraceBehavior [ RunTime:0.000072s ]
INFO: [ app_end ] --END-- [ RunTime:0.000100s ]

[ 2017-09-12T05:38:11+08:00 ] 163.172.4.153 /
INFO: [ app_init ] --START--
INFO: Run Behavior\BuildLiteBehavior [ RunTime:0.000011s ]
INFO: [ app_init ] --END-- [ RunTime:0.000083s ]
INFO: [ app_begin ] --START--
INFO: Run Behavior\ReadHtmlCacheBehavior [ RunTime:0.000071s ]
INFO: Run Behavior\CheckLangBehavior [ RunTime:0.000581s ]
INFO: [ app_begin ] --END-- [ RunTime:0.000705s ]
NOTIC: [2] fopen(./Public/logs/2017-09-12.log): failed to open stream: No such file or directory /home/wwwroot/tlwcash/Public/lib/log.php 第 16 行.
INFO: [ view_parse ] --START--
INFO: [ template_filter ] --START--
INFO: Run Behavior\ContentReplaceBehavior [ RunTime:0.000300s ]
INFO: [ template_filter ] --END-- [ RunTime:0.000349s ]
NOTIC: [8] Undefined index: account /home/wwwroot/tlwcash/Application/Runtime/Cache/Home/2a94b8bda04ff446dcedd42276fc99ee.php 第 469 行.
INFO: Run Behavior\ParseTemplateBehavior [ RunTime:0.052488s ]
INFO: [ view_parse ] --END-- [ RunTime:0.052526s ]
INFO: [ view_filter ] --START--
INFO: Run Behavior\WriteHtmlCacheBehavior [ RunTime:0.000088s ]
INFO: [ view_filter ] --END-- [ RunTime:0.000113s ]
INFO: [ app_end ] --START--
INFO: Run Behavior\ShowPageTraceBehavior [ RunTime:0.000082s ]
INFO: [ app_end ] --END-- [ RunTime:0.000117s ]

[ 2017-09-12T07:08:13+08:00 ] 106.11.225.150 /
INFO: [ app_init ] --START--
INFO: Run Behavior\BuildLiteBehavior [ RunTime:0.000011s ]
INFO: [ app_init ] --END-- [ RunTime:0.000078s ]
INFO: [ app_begin ] --START--
INFO: Run Behavior\ReadHtmlCacheBehavior [ RunTime:0.000065s ]
INFO: Run Behavior\CheckLangBehavior [ RunTime:0.000221s ]
INFO: [ app_begin ] --END-- [ RunTime:0.000330s ]
NOTIC: [2] fopen(./Public/logs/2017-09-12.log): failed to open stream: No such file or directory /home/wwwroot/tlwcash/Public/lib/log.php 第 16 行.
INFO: [ view_parse ] --START--
INFO: [ template_filter ] --START--
INFO: Run Behavior\ContentReplaceBehavior [ RunTime:0.000255s ]
INFO: [ template_filter ] --END-- [ RunTime:0.000294s ]
NOTIC: [8] Undefined index: account /home/wwwroot/tlwcash/Application/Runtime/Cache/Home/2a94b8bda04ff446dcedd42276fc99ee.php 第 469 行.
INFO: Run Behavior\ParseTemplateBehavior [ RunTime:0.020477s ]
INFO: [ view_parse ] --END-- [ RunTime:0.020511s ]
INFO: [ view_filter ] --START--
INFO: Run Behavior\WriteHtmlCacheBehavior [ RunTime:0.000074s ]
INFO: [ view_filter ] --END-- [ RunTime:0.000095s ]
INFO: [ app_end ] --START--
INFO: Run Behavior\ShowPageTraceBehavior [ RunTime:0.000074s ]
INFO: [ app_end ] --END-- [ RunTime:0.000105s ]

[ 2017-09-12T12:44:06+08:00 ] 106.11.226.225 /
INFO: [ app_init ] --START--
INFO: Run Behavior\BuildLiteBehavior [ RunTime:0.000027s ]
INFO: [ app_init ] --END-- [ RunTime:0.000100s ]
INFO: [ app_begin ] --START--
INFO: Run Behavior\ReadHtmlCacheBehavior [ RunTime:0.000107s ]
INFO: Run Behavior\CheckLangBehavior [ RunTime:0.000248s ]
INFO: [ app_begin ] --END-- [ RunTime:0.000412s ]
NOTIC: [2] fopen(./Public/logs/2017-09-12.log): failed to open stream: No such file or directory /home/wwwroot/tlwcash/Public/lib/log.php 第 16 行.
INFO: [ view_parse ] --START--
INFO: [ template_filter ] --START--
INFO: Run Behavior\ContentReplaceBehavior [ RunTime:0.000244s ]
INFO: [ template_filter ] --END-- [ RunTime:0.000280s ]
NOTIC: [8] Undefined index: account /home/wwwroot/tlwcash/Application/Runtime/Cache/Home/2a94b8bda04ff446dcedd42276fc99ee.php 第 469 行.
INFO: Run Behavior\ParseTemplateBehavior [ RunTime:0.020772s ]
INFO: [ view_parse ] --END-- [ RunTime:0.020806s ]
INFO: [ view_filter ] --START--
INFO: Run Behavior\WriteHtmlCacheBehavior [ RunTime:0.000081s ]
INFO: [ view_filter ] --END-- [ RunTime:0.000110s ]
INFO: [ app_end ] --START--
INFO: Run Behavior\ShowPageTraceBehavior [ RunTime:0.000076s ]
INFO: [ app_end ] --END-- [ RunTime:0.000111s ]

[ 2017-09-12T15:08:20+08:00 ] 101.132.31.111 /
INFO: [ app_init ] --START--
INFO: Run Behavior\BuildLiteBehavior [ RunTime:0.000011s ]
INFO: [ app_init ] --END-- [ RunTime:0.000079s ]
INFO: [ app_begin ] --START--
INFO: Run Behavior\ReadHtmlCacheBehavior [ RunTime:0.000064s ]
INFO: Run Behavior\CheckLangBehavior [ RunTime:0.000192s ]
INFO: [ app_begin ] --END-- [ RunTime:0.000404s ]
NOTIC: [2] fopen(./Public/logs/2017-09-12.log): failed to open stream: No such file or directory /home/wwwroot/tlwcash/Public/lib/log.php 第 16 行.
INFO: [ view_parse ] --START--
INFO: [ template_filter ] --START--
INFO: Run Behavior\ContentReplaceBehavior [ RunTime:0.000259s ]
INFO: [ template_filter ] --END-- [ RunTime:0.000315s ]
NOTIC: [8] Undefined index: account /home/wwwroot/tlwcash/Application/Runtime/Cache/Home/2a94b8bda04ff446dcedd42276fc99ee.php 第 469 行.
INFO: Run Behavior\ParseTemplateBehavior [ RunTime:0.022634s ]
INFO: [ view_parse ] --END-- [ RunTime:0.022668s ]
INFO: [ view_filter ] --START--
INFO: Run Behavior\WriteHtmlCacheBehavior [ RunTime:0.000083s ]
INFO: [ view_filter ] --END-- [ RunTime:0.000115s ]
INFO: [ app_end ] --START--
INFO: Run Behavior\ShowPageTraceBehavior [ RunTime:0.000096s ]
INFO: [ app_end ] --END-- [ RunTime:0.000127s ]

