[ 2017-09-19T01:37:11+08:00 ] 66.249.64.134 /index.php?a=error404
INFO: [ app_init ] --START--
INFO: Run Behavior\BuildLiteBehavior [ RunTime:0.000015s ]
INFO: [ app_init ] --END-- [ RunTime:0.000124s ]
INFO: [ app_begin ] --START--
INFO: Run Behavior\ReadHtmlCacheBehavior [ RunTime:0.000064s ]
INFO: Run Behavior\CheckLangBehavior [ RunTime:0.000192s ]
INFO: [ app_begin ] --END-- [ RunTime:0.000297s ]
NOTIC: [2] fopen(./Public/logs/2017-09-19.log): failed to open stream: No such file or directory /home/wwwroot/tlwcash/Public/lib/log.php 第 16 行.
INFO: [ view_parse ] --START--
INFO: [ template_filter ] --START--
INFO: Run Behavior\ContentReplaceBehavior [ RunTime:0.000036s ]
INFO: [ template_filter ] --END-- [ RunTime:0.000067s ]
INFO: Run Behavior\ParseTemplateBehavior [ RunTime:0.002711s ]
INFO: [ view_parse ] --END-- [ RunTime:0.002747s ]
INFO: [ view_filter ] --START--
INFO: Run Behavior\WriteHtmlCacheBehavior [ RunTime:0.000067s ]
INFO: [ view_filter ] --END-- [ RunTime:0.000086s ]
INFO: [ app_end ] --START--
INFO: Run Behavior\ShowPageTraceBehavior [ RunTime:0.000062s ]
INFO: [ app_end ] --END-- [ RunTime:0.000082s ]

[ 2017-09-19T01:37:11+08:00 ] 66.249.64.136 /
INFO: [ app_init ] --START--
INFO: Run Behavior\BuildLiteBehavior [ RunTime:0.000014s ]
INFO: [ app_init ] --END-- [ RunTime:0.000107s ]
INFO: [ app_begin ] --START--
INFO: Run Behavior\ReadHtmlCacheBehavior [ RunTime:0.000088s ]
INFO: Run Behavior\CheckLangBehavior [ RunTime:0.000398s ]
INFO: [ app_begin ] --END-- [ RunTime:0.000560s ]
NOTIC: [2] fopen(./Public/logs/2017-09-19.log): failed to open stream: No such file or directory /home/wwwroot/tlwcash/Public/lib/log.php 第 16 行.
INFO: [ view_parse ] --START--
INFO: [ template_filter ] --START--
INFO: Run Behavior\ContentReplaceBehavior [ RunTime:0.000250s ]
INFO: [ template_filter ] --END-- [ RunTime:0.000289s ]
NOTIC: [8] Undefined index: account /home/wwwroot/tlwcash/Application/Runtime/Cache/Home/2a94b8bda04ff446dcedd42276fc99ee.php 第 469 行.
INFO: Run Behavior\ParseTemplateBehavior [ RunTime:0.020712s ]
INFO: [ view_parse ] --END-- [ RunTime:0.020753s ]
INFO: [ view_filter ] --START--
INFO: Run Behavior\WriteHtmlCacheBehavior [ RunTime:0.000067s ]
INFO: [ view_filter ] --END-- [ RunTime:0.000090s ]
INFO: [ app_end ] --START--
INFO: Run Behavior\ShowPageTraceBehavior [ RunTime:0.000066s ]
INFO: [ app_end ] --END-- [ RunTime:0.000099s ]

[ 2017-09-19T05:28:50+08:00 ] 75.146.124.10 /index.php?a=faq'&l=zh-tw'"
INFO: [ app_init ] --START--
INFO: Run Behavior\BuildLiteBehavior [ RunTime:0.000010s ]
INFO: [ app_init ] --END-- [ RunTime:0.000084s ]
INFO: [ app_begin ] --START--
INFO: Run Behavior\ReadHtmlCacheBehavior [ RunTime:0.000066s ]
INFO: Run Behavior\CheckLangBehavior [ RunTime:0.000217s ]
INFO: [ app_begin ] --END-- [ RunTime:0.000326s ]
NOTIC: [2] fopen(./Public/logs/2017-09-19.log): failed to open stream: No such file or directory /home/wwwroot/tlwcash/Public/lib/log.php 第 16 行.
INFO: [ view_parse ] --START--
INFO: [ template_filter ] --START--
INFO: Run Behavior\ContentReplaceBehavior [ RunTime:0.017129s ]
INFO: [ template_filter ] --END-- [ RunTime:0.017189s ]
INFO: Run Behavior\ParseTemplateBehavior [ RunTime:0.019085s ]
INFO: [ view_parse ] --END-- [ RunTime:0.019122s ]
INFO: [ view_filter ] --START--
INFO: Run Behavior\WriteHtmlCacheBehavior [ RunTime:0.000082s ]
INFO: [ view_filter ] --END-- [ RunTime:0.000103s ]
INFO: [ app_end ] --START--
INFO: Run Behavior\ShowPageTraceBehavior [ RunTime:0.000091s ]
INFO: [ app_end ] --END-- [ RunTime:0.000122s ]

[ 2017-09-19T05:28:50+08:00 ] 75.146.124.10 /index.php?l=zh-tw&a=faq
INFO: [ app_init ] --START--
INFO: Run Behavior\BuildLiteBehavior [ RunTime:0.000012s ]
INFO: [ app_init ] --END-- [ RunTime:0.000076s ]
INFO: [ app_begin ] --START--
INFO: Run Behavior\ReadHtmlCacheBehavior [ RunTime:0.000073s ]
INFO: Run Behavior\CheckLangBehavior [ RunTime:0.000580s ]
INFO: [ app_begin ] --END-- [ RunTime:0.000710s ]
NOTIC: [2] fopen(./Public/logs/2017-09-19.log): failed to open stream: No such file or directory /home/wwwroot/tlwcash/Public/lib/log.php 第 16 行.
NOTIC: [8] Undefined index: HTTP_USER_AGENT /home/wwwroot/tlwcash/Application/Home/Controller/IndexController.class.php 第 887 行.
INFO: [ view_parse ] --START--
INFO: [ template_filter ] --START--
INFO: Run Behavior\ContentReplaceBehavior [ RunTime:0.000192s ]
INFO: [ template_filter ] --END-- [ RunTime:0.000246s ]
NOTIC: [8] Undefined index: account /home/wwwroot/tlwcash/Application/Runtime/Cache/Home/92a04e286e757a9bb13bb275410d03b9.php 第 213 行.
INFO: Run Behavior\ParseTemplateBehavior [ RunTime:0.017876s ]
INFO: [ view_parse ] --END-- [ RunTime:0.017914s ]
INFO: [ view_filter ] --START--
INFO: Run Behavior\WriteHtmlCacheBehavior [ RunTime:0.000068s ]
INFO: [ view_filter ] --END-- [ RunTime:0.000098s ]
INFO: [ app_end ] --START--
INFO: Run Behavior\ShowPageTraceBehavior [ RunTime:0.000064s ]
INFO: [ app_end ] --END-- [ RunTime:0.000093s ]

[ 2017-09-19T05:28:51+08:00 ] 75.146.124.10 /index.php?l=zh-tw&a=faq2121121121212.1
INFO: [ app_init ] --START--
INFO: Run Behavior\BuildLiteBehavior [ RunTime:0.000011s ]
INFO: [ app_init ] --END-- [ RunTime:0.000070s ]
INFO: [ app_begin ] --START--
INFO: Run Behavior\ReadHtmlCacheBehavior [ RunTime:0.000098s ]
INFO: Run Behavior\CheckLangBehavior [ RunTime:0.000640s ]
INFO: [ app_begin ] --END-- [ RunTime:0.000805s ]
NOTIC: [2] fopen(./Public/logs/2017-09-19.log): failed to open stream: No such file or directory /home/wwwroot/tlwcash/Public/lib/log.php 第 16 行.
INFO: [ view_parse ] --START--
INFO: [ template_filter ] --START--
INFO: Run Behavior\ContentReplaceBehavior [ RunTime:0.000049s ]
INFO: [ template_filter ] --END-- [ RunTime:0.000088s ]
INFO: Run Behavior\ParseTemplateBehavior [ RunTime:0.002083s ]
INFO: [ view_parse ] --END-- [ RunTime:0.002123s ]
INFO: [ view_filter ] --START--
INFO: Run Behavior\WriteHtmlCacheBehavior [ RunTime:0.000059s ]
INFO: [ view_filter ] --END-- [ RunTime:0.000079s ]
INFO: [ app_end ] --START--
INFO: Run Behavior\ShowPageTraceBehavior [ RunTime:0.000054s ]
INFO: [ app_end ] --END-- [ RunTime:0.000073s ]

[ 2017-09-19T05:28:52+08:00 ] 75.146.124.10 /index.php?l=zh-tw&a=faq%20and%201%3D1
INFO: [ app_init ] --START--
INFO: Run Behavior\BuildLiteBehavior [ RunTime:0.000010s ]
INFO: [ app_init ] --END-- [ RunTime:0.000067s ]
INFO: [ app_begin ] --START--
INFO: Run Behavior\ReadHtmlCacheBehavior [ RunTime:0.000063s ]
INFO: Run Behavior\CheckLangBehavior [ RunTime:0.000490s ]
INFO: [ app_begin ] --END-- [ RunTime:0.000598s ]
NOTIC: [2] fopen(./Public/logs/2017-09-19.log): failed to open stream: No such file or directory /home/wwwroot/tlwcash/Public/lib/log.php 第 16 行.
INFO: [ view_parse ] --START--
INFO: [ template_filter ] --START--
INFO: Run Behavior\ContentReplaceBehavior [ RunTime:0.000034s ]
INFO: [ template_filter ] --END-- [ RunTime:0.000064s ]
INFO: Run Behavior\ParseTemplateBehavior [ RunTime:0.001852s ]
INFO: [ view_parse ] --END-- [ RunTime:0.001884s ]
INFO: [ view_filter ] --START--
INFO: Run Behavior\WriteHtmlCacheBehavior [ RunTime:0.000058s ]
INFO: [ view_filter ] --END-- [ RunTime:0.000077s ]
INFO: [ app_end ] --START--
INFO: Run Behavior\ShowPageTraceBehavior [ RunTime:0.000053s ]
INFO: [ app_end ] --END-- [ RunTime:0.000071s ]

[ 2017-09-19T05:28:52+08:00 ] 75.146.124.10 /index.php?l=zh-tw&a=faq%20and%201%3E1
INFO: [ app_init ] --START--
INFO: Run Behavior\BuildLiteBehavior [ RunTime:0.000011s ]
INFO: [ app_init ] --END-- [ RunTime:0.000067s ]
INFO: [ app_begin ] --START--
INFO: Run Behavior\ReadHtmlCacheBehavior [ RunTime:0.000056s ]
INFO: Run Behavior\CheckLangBehavior [ RunTime:0.000528s ]
INFO: [ app_begin ] --END-- [ RunTime:0.000637s ]
NOTIC: [2] fopen(./Public/logs/2017-09-19.log): failed to open stream: No such file or directory /home/wwwroot/tlwcash/Public/lib/log.php 第 16 行.
INFO: [ view_parse ] --START--
INFO: [ template_filter ] --START--
INFO: Run Behavior\ContentReplaceBehavior [ RunTime:0.000036s ]
INFO: [ template_filter ] --END-- [ RunTime:0.000065s ]
INFO: Run Behavior\ParseTemplateBehavior [ RunTime:0.001809s ]
INFO: [ view_parse ] --END-- [ RunTime:0.001840s ]
INFO: [ view_filter ] --START--
INFO: Run Behavior\WriteHtmlCacheBehavior [ RunTime:0.000057s ]
INFO: [ view_filter ] --END-- [ RunTime:0.000075s ]
INFO: [ app_end ] --START--
INFO: Run Behavior\ShowPageTraceBehavior [ RunTime:0.000051s ]
INFO: [ app_end ] --END-- [ RunTime:0.000069s ]

[ 2017-09-19T05:28:53+08:00 ] 75.146.124.10 /index.php?l=zh-tw&a=faq%27%20and%20%27x%27%3D%27x
INFO: [ app_init ] --START--
INFO: Run Behavior\BuildLiteBehavior [ RunTime:0.000010s ]
INFO: [ app_init ] --END-- [ RunTime:0.000067s ]
INFO: [ app_begin ] --START--
INFO: Run Behavior\ReadHtmlCacheBehavior [ RunTime:0.000057s ]
INFO: Run Behavior\CheckLangBehavior [ RunTime:0.000479s ]
INFO: [ app_begin ] --END-- [ RunTime:0.000585s ]
NOTIC: [2] fopen(./Public/logs/2017-09-19.log): failed to open stream: No such file or directory /home/wwwroot/tlwcash/Public/lib/log.php 第 16 行.
INFO: [ view_parse ] --START--
INFO: [ template_filter ] --START--
INFO: Run Behavior\ContentReplaceBehavior [ RunTime:0.000039s ]
INFO: [ template_filter ] --END-- [ RunTime:0.000070s ]
INFO: Run Behavior\ParseTemplateBehavior [ RunTime:0.001989s ]
INFO: [ view_parse ] --END-- [ RunTime:0.002022s ]
INFO: [ view_filter ] --START--
INFO: Run Behavior\WriteHtmlCacheBehavior [ RunTime:0.000057s ]
INFO: [ view_filter ] --END-- [ RunTime:0.000086s ]
INFO: [ app_end ] --START--
INFO: Run Behavior\ShowPageTraceBehavior [ RunTime:0.000055s ]
INFO: [ app_end ] --END-- [ RunTime:0.000073s ]

[ 2017-09-19T05:28:53+08:00 ] 75.146.124.10 /index.php?l=zh-tw&a=faq%27%20and%20%27x%27%3D%27y
INFO: [ app_init ] --START--
INFO: Run Behavior\BuildLiteBehavior [ RunTime:0.000010s ]
INFO: [ app_init ] --END-- [ RunTime:0.000066s ]
INFO: [ app_begin ] --START--
INFO: Run Behavior\ReadHtmlCacheBehavior [ RunTime:0.000057s ]
INFO: Run Behavior\CheckLangBehavior [ RunTime:0.000481s ]
INFO: [ app_begin ] --END-- [ RunTime:0.000585s ]
NOTIC: [2] fopen(./Public/logs/2017-09-19.log): failed to open stream: No such file or directory /home/wwwroot/tlwcash/Public/lib/log.php 第 16 行.
INFO: [ view_parse ] --START--
INFO: [ template_filter ] --START--
INFO: Run Behavior\ContentReplaceBehavior [ RunTime:0.000035s ]
INFO: [ template_filter ] --END-- [ RunTime:0.000068s ]
INFO: Run Behavior\ParseTemplateBehavior [ RunTime:0.001840s ]
INFO: [ view_parse ] --END-- [ RunTime:0.001873s ]
INFO: [ view_filter ] --START--
INFO: Run Behavior\WriteHtmlCacheBehavior [ RunTime:0.000058s ]
INFO: [ view_filter ] --END-- [ RunTime:0.000077s ]
INFO: [ app_end ] --START--
INFO: Run Behavior\ShowPageTraceBehavior [ RunTime:0.000053s ]
INFO: [ app_end ] --END-- [ RunTime:0.000071s ]

[ 2017-09-19T05:28:54+08:00 ] 75.146.124.10 /index.php?l=zh-tw&a=faq"%20and%20"x"%3D"x
INFO: [ app_init ] --START--
INFO: Run Behavior\BuildLiteBehavior [ RunTime:0.000010s ]
INFO: [ app_init ] --END-- [ RunTime:0.000067s ]
INFO: [ app_begin ] --START--
INFO: Run Behavior\ReadHtmlCacheBehavior [ RunTime:0.000056s ]
INFO: Run Behavior\CheckLangBehavior [ RunTime:0.000520s ]
INFO: [ app_begin ] --END-- [ RunTime:0.000625s ]
NOTIC: [2] fopen(./Public/logs/2017-09-19.log): failed to open stream: No such file or directory /home/wwwroot/tlwcash/Public/lib/log.php 第 16 行.
INFO: [ view_parse ] --START--
INFO: [ template_filter ] --START--
INFO: Run Behavior\ContentReplaceBehavior [ RunTime:0.000034s ]
INFO: [ template_filter ] --END-- [ RunTime:0.000063s ]
INFO: Run Behavior\ParseTemplateBehavior [ RunTime:0.001803s ]
INFO: [ view_parse ] --END-- [ RunTime:0.001836s ]
INFO: [ view_filter ] --START--
INFO: Run Behavior\WriteHtmlCacheBehavior [ RunTime:0.000058s ]
INFO: [ view_filter ] --END-- [ RunTime:0.000076s ]
INFO: [ app_end ] --START--
INFO: Run Behavior\ShowPageTraceBehavior [ RunTime:0.000052s ]
INFO: [ app_end ] --END-- [ RunTime:0.000071s ]

[ 2017-09-19T05:28:54+08:00 ] 75.146.124.10 /index.php?l=zh-tw&a=faq%22%20and%20%22x%22%3D%22y
INFO: [ app_init ] --START--
INFO: Run Behavior\BuildLiteBehavior [ RunTime:0.000010s ]
INFO: [ app_init ] --END-- [ RunTime:0.000075s ]
INFO: [ app_begin ] --START--
INFO: Run Behavior\ReadHtmlCacheBehavior [ RunTime:0.000057s ]
INFO: Run Behavior\CheckLangBehavior [ RunTime:0.000533s ]
INFO: [ app_begin ] --END-- [ RunTime:0.000646s ]
NOTIC: [2] fopen(./Public/logs/2017-09-19.log): failed to open stream: No such file or directory /home/wwwroot/tlwcash/Public/lib/log.php 第 16 行.
INFO: [ view_parse ] --START--
INFO: [ template_filter ] --START--
INFO: Run Behavior\ContentReplaceBehavior [ RunTime:0.000036s ]
INFO: [ template_filter ] --END-- [ RunTime:0.000065s ]
INFO: Run Behavior\ParseTemplateBehavior [ RunTime:0.001993s ]
INFO: [ view_parse ] --END-- [ RunTime:0.002030s ]
INFO: [ view_filter ] --START--
INFO: Run Behavior\WriteHtmlCacheBehavior [ RunTime:0.000081s ]
INFO: [ view_filter ] --END-- [ RunTime:0.000106s ]
INFO: [ app_end ] --START--
INFO: Run Behavior\ShowPageTraceBehavior [ RunTime:0.000085s ]
INFO: [ app_end ] --END-- [ RunTime:0.000120s ]

[ 2017-09-19T05:28:55+08:00 ] 75.146.124.10 /index.php?l=zh-tw&a=faq%20AND%201=1
INFO: [ app_init ] --START--
INFO: Run Behavior\BuildLiteBehavior [ RunTime:0.000011s ]
INFO: [ app_init ] --END-- [ RunTime:0.000066s ]
INFO: [ app_begin ] --START--
INFO: Run Behavior\ReadHtmlCacheBehavior [ RunTime:0.000104s ]
INFO: Run Behavior\CheckLangBehavior [ RunTime:0.000547s ]
INFO: [ app_begin ] --END-- [ RunTime:0.000703s ]
NOTIC: [2] fopen(./Public/logs/2017-09-19.log): failed to open stream: No such file or directory /home/wwwroot/tlwcash/Public/lib/log.php 第 16 行.
INFO: [ view_parse ] --START--
INFO: [ template_filter ] --START--
INFO: Run Behavior\ContentReplaceBehavior [ RunTime:0.000035s ]
INFO: [ template_filter ] --END-- [ RunTime:0.000075s ]
INFO: Run Behavior\ParseTemplateBehavior [ RunTime:0.001931s ]
INFO: [ view_parse ] --END-- [ RunTime:0.001978s ]
INFO: [ view_filter ] --START--
INFO: Run Behavior\WriteHtmlCacheBehavior [ RunTime:0.000073s ]
INFO: [ view_filter ] --END-- [ RunTime:0.000094s ]
INFO: [ app_end ] --START--
INFO: Run Behavior\ShowPageTraceBehavior [ RunTime:0.000053s ]
INFO: [ app_end ] --END-- [ RunTime:0.000072s ]

[ 2017-09-19T05:28:55+08:00 ] 75.146.124.10 /index.php?a=faq&l=zh-tw
INFO: [ app_init ] --START--
INFO: Run Behavior\BuildLiteBehavior [ RunTime:0.000010s ]
INFO: [ app_init ] --END-- [ RunTime:0.000066s ]
INFO: [ app_begin ] --START--
INFO: Run Behavior\ReadHtmlCacheBehavior [ RunTime:0.000057s ]
INFO: Run Behavior\CheckLangBehavior [ RunTime:0.000486s ]
INFO: [ app_begin ] --END-- [ RunTime:0.000590s ]
NOTIC: [2] fopen(./Public/logs/2017-09-19.log): failed to open stream: No such file or directory /home/wwwroot/tlwcash/Public/lib/log.php 第 16 行.
NOTIC: [8] Undefined index: HTTP_USER_AGENT /home/wwwroot/tlwcash/Application/Home/Controller/IndexController.class.php 第 887 行.
INFO: [ view_parse ] --START--
INFO: [ template_filter ] --START--
INFO: Run Behavior\ContentReplaceBehavior [ RunTime:0.000161s ]
INFO: [ template_filter ] --END-- [ RunTime:0.000203s ]
NOTIC: [8] Undefined index: account /home/wwwroot/tlwcash/Application/Runtime/Cache/Home/92a04e286e757a9bb13bb275410d03b9.php 第 213 行.
INFO: Run Behavior\ParseTemplateBehavior [ RunTime:0.016728s ]
INFO: [ view_parse ] --END-- [ RunTime:0.016759s ]
INFO: [ view_filter ] --START--
INFO: Run Behavior\WriteHtmlCacheBehavior [ RunTime:0.000063s ]
INFO: [ view_filter ] --END-- [ RunTime:0.000084s ]
INFO: [ app_end ] --START--
INFO: Run Behavior\ShowPageTraceBehavior [ RunTime:0.000062s ]
INFO: [ app_end ] --END-- [ RunTime:0.000091s ]

[ 2017-09-19T05:28:56+08:00 ] 75.146.124.10 /index.php?a=faq&l=zh-tw2121121121212.1
INFO: [ app_init ] --START--
INFO: Run Behavior\BuildLiteBehavior [ RunTime:0.000011s ]
INFO: [ app_init ] --END-- [ RunTime:0.000080s ]
INFO: [ app_begin ] --START--
INFO: Run Behavior\ReadHtmlCacheBehavior [ RunTime:0.000057s ]
INFO: Run Behavior\CheckLangBehavior [ RunTime:0.000252s ]
INFO: [ app_begin ] --END-- [ RunTime:0.000357s ]
NOTIC: [2] fopen(./Public/logs/2017-09-19.log): failed to open stream: No such file or directory /home/wwwroot/tlwcash/Public/lib/log.php 第 16 行.
NOTIC: [8] Undefined index: HTTP_USER_AGENT /home/wwwroot/tlwcash/Application/Home/Controller/IndexController.class.php 第 887 行.
INFO: [ view_parse ] --START--
INFO: [ template_filter ] --START--
INFO: Run Behavior\ContentReplaceBehavior [ RunTime:0.000189s ]
INFO: [ template_filter ] --END-- [ RunTime:0.000235s ]
NOTIC: [8] Undefined index: account /home/wwwroot/tlwcash/Application/Runtime/Cache/Home/92a04e286e757a9bb13bb275410d03b9.php 第 213 行.
INFO: Run Behavior\ParseTemplateBehavior [ RunTime:0.017937s ]
INFO: [ view_parse ] --END-- [ RunTime:0.017970s ]
INFO: [ view_filter ] --START--
INFO: Run Behavior\WriteHtmlCacheBehavior [ RunTime:0.000081s ]
INFO: [ view_filter ] --END-- [ RunTime:0.000121s ]
INFO: [ app_end ] --START--
INFO: Run Behavior\ShowPageTraceBehavior [ RunTime:0.000092s ]
INFO: [ app_end ] --END-- [ RunTime:0.000123s ]

[ 2017-09-19T05:28:57+08:00 ] 75.146.124.10 /index.php?a=faq&l=zh-tw%20and%201%3D1
INFO: [ app_init ] --START--
INFO: Run Behavior\BuildLiteBehavior [ RunTime:0.000011s ]
INFO: [ app_init ] --END-- [ RunTime:0.000071s ]
INFO: [ app_begin ] --START--
INFO: Run Behavior\ReadHtmlCacheBehavior [ RunTime:0.000057s ]
INFO: Run Behavior\CheckLangBehavior [ RunTime:0.000212s ]
INFO: [ app_begin ] --END-- [ RunTime:0.000311s ]
NOTIC: [2] fopen(./Public/logs/2017-09-19.log): failed to open stream: No such file or directory /home/wwwroot/tlwcash/Public/lib/log.php 第 16 行.
NOTIC: [8] Undefined index: HTTP_USER_AGENT /home/wwwroot/tlwcash/Application/Home/Controller/IndexController.class.php 第 887 行.
INFO: [ view_parse ] --START--
INFO: [ template_filter ] --START--
INFO: Run Behavior\ContentReplaceBehavior [ RunTime:0.000173s ]
INFO: [ template_filter ] --END-- [ RunTime:0.000210s ]
NOTIC: [8] Undefined index: account /home/wwwroot/tlwcash/Application/Runtime/Cache/Home/92a04e286e757a9bb13bb275410d03b9.php 第 213 行.
INFO: Run Behavior\ParseTemplateBehavior [ RunTime:0.016628s ]
INFO: [ view_parse ] --END-- [ RunTime:0.016660s ]
INFO: [ view_filter ] --START--
INFO: Run Behavior\WriteHtmlCacheBehavior [ RunTime:0.000063s ]
INFO: [ view_filter ] --END-- [ RunTime:0.000084s ]
INFO: [ app_end ] --START--
INFO: Run Behavior\ShowPageTraceBehavior [ RunTime:0.000064s ]
INFO: [ app_end ] --END-- [ RunTime:0.000093s ]

[ 2017-09-19T05:28:58+08:00 ] 75.146.124.10 /index.php?a=faq&l=zh-tw%20and%201%3E1
INFO: [ app_init ] --START--
INFO: Run Behavior\BuildLiteBehavior [ RunTime:0.000010s ]
INFO: [ app_init ] --END-- [ RunTime:0.000068s ]
INFO: [ app_begin ] --START--
INFO: Run Behavior\ReadHtmlCacheBehavior [ RunTime:0.000057s ]
INFO: Run Behavior\CheckLangBehavior [ RunTime:0.000226s ]
INFO: [ app_begin ] --END-- [ RunTime:0.000328s ]
NOTIC: [2] fopen(./Public/logs/2017-09-19.log): failed to open stream: No such file or directory /home/wwwroot/tlwcash/Public/lib/log.php 第 16 行.
NOTIC: [8] Undefined index: HTTP_USER_AGENT /home/wwwroot/tlwcash/Application/Home/Controller/IndexController.class.php 第 887 行.
INFO: [ view_parse ] --START--
INFO: [ template_filter ] --START--
INFO: Run Behavior\ContentReplaceBehavior [ RunTime:0.000164s ]
INFO: [ template_filter ] --END-- [ RunTime:0.000200s ]
NOTIC: [8] Undefined index: account /home/wwwroot/tlwcash/Application/Runtime/Cache/Home/92a04e286e757a9bb13bb275410d03b9.php 第 213 行.
INFO: Run Behavior\ParseTemplateBehavior [ RunTime:0.016857s ]
INFO: [ view_parse ] --END-- [ RunTime:0.016897s ]
INFO: [ view_filter ] --START--
INFO: Run Behavior\WriteHtmlCacheBehavior [ RunTime:0.000064s ]
INFO: [ view_filter ] --END-- [ RunTime:0.000088s ]
INFO: [ app_end ] --START--
INFO: Run Behavior\ShowPageTraceBehavior [ RunTime:0.000088s ]
INFO: [ app_end ] --END-- [ RunTime:0.000128s ]

[ 2017-09-19T05:28:59+08:00 ] 75.146.124.10 /index.php?a=faq&l=zh-tw%27%20and%20%27x%27%3D%27x
INFO: [ app_init ] --START--
INFO: Run Behavior\BuildLiteBehavior [ RunTime:0.000015s ]
INFO: [ app_init ] --END-- [ RunTime:0.000103s ]
INFO: [ app_begin ] --START--
INFO: Run Behavior\ReadHtmlCacheBehavior [ RunTime:0.000095s ]
INFO: Run Behavior\CheckLangBehavior [ RunTime:0.000382s ]
INFO: [ app_begin ] --END-- [ RunTime:0.000551s ]
NOTIC: [2] fopen(./Public/logs/2017-09-19.log): failed to open stream: No such file or directory /home/wwwroot/tlwcash/Public/lib/log.php 第 16 行.
NOTIC: [8] Undefined index: HTTP_USER_AGENT /home/wwwroot/tlwcash/Application/Home/Controller/IndexController.class.php 第 887 行.
INFO: [ view_parse ] --START--
INFO: [ template_filter ] --START--
INFO: Run Behavior\ContentReplaceBehavior [ RunTime:0.000165s ]
INFO: [ template_filter ] --END-- [ RunTime:0.000205s ]
NOTIC: [8] Undefined index: account /home/wwwroot/tlwcash/Application/Runtime/Cache/Home/92a04e286e757a9bb13bb275410d03b9.php 第 213 行.
INFO: Run Behavior\ParseTemplateBehavior [ RunTime:0.020912s ]
INFO: [ view_parse ] --END-- [ RunTime:0.020950s ]
INFO: [ view_filter ] --START--
INFO: Run Behavior\WriteHtmlCacheBehavior [ RunTime:0.000065s ]
INFO: [ view_filter ] --END-- [ RunTime:0.000086s ]
INFO: [ app_end ] --START--
INFO: Run Behavior\ShowPageTraceBehavior [ RunTime:0.000064s ]
INFO: [ app_end ] --END-- [ RunTime:0.000093s ]

[ 2017-09-19T05:29:00+08:00 ] 75.146.124.10 /index.php?a=faq&l=zh-tw%27%20and%20%27x%27%3D%27y
INFO: [ app_init ] --START--
INFO: Run Behavior\BuildLiteBehavior [ RunTime:0.000010s ]
INFO: [ app_init ] --END-- [ RunTime:0.000067s ]
INFO: [ app_begin ] --START--
INFO: Run Behavior\ReadHtmlCacheBehavior [ RunTime:0.000069s ]
INFO: Run Behavior\CheckLangBehavior [ RunTime:0.000211s ]
INFO: [ app_begin ] --END-- [ RunTime:0.000322s ]
NOTIC: [2] fopen(./Public/logs/2017-09-19.log): failed to open stream: No such file or directory /home/wwwroot/tlwcash/Public/lib/log.php 第 16 行.
NOTIC: [8] Undefined index: HTTP_USER_AGENT /home/wwwroot/tlwcash/Application/Home/Controller/IndexController.class.php 第 887 行.
INFO: [ view_parse ] --START--
INFO: [ template_filter ] --START--
INFO: Run Behavior\ContentReplaceBehavior [ RunTime:0.000177s ]
INFO: [ template_filter ] --END-- [ RunTime:0.000221s ]
NOTIC: [8] Undefined index: account /home/wwwroot/tlwcash/Application/Runtime/Cache/Home/92a04e286e757a9bb13bb275410d03b9.php 第 213 行.
INFO: Run Behavior\ParseTemplateBehavior [ RunTime:0.015686s ]
INFO: [ view_parse ] --END-- [ RunTime:0.015728s ]
INFO: [ view_filter ] --START--
INFO: Run Behavior\WriteHtmlCacheBehavior [ RunTime:0.000084s ]
INFO: [ view_filter ] --END-- [ RunTime:0.000115s ]
INFO: [ app_end ] --START--
INFO: Run Behavior\ShowPageTraceBehavior [ RunTime:0.000085s ]
INFO: [ app_end ] --END-- [ RunTime:0.000119s ]

[ 2017-09-19T05:29:00+08:00 ] 75.146.124.10 /index.php?a=faq&l=zh-tw"%20and%20"x"%3D"x
INFO: [ app_init ] --START--
INFO: Run Behavior\BuildLiteBehavior [ RunTime:0.000010s ]
INFO: [ app_init ] --END-- [ RunTime:0.000065s ]
INFO: [ app_begin ] --START--
INFO: Run Behavior\ReadHtmlCacheBehavior [ RunTime:0.000056s ]
INFO: Run Behavior\CheckLangBehavior [ RunTime:0.000217s ]
INFO: [ app_begin ] --END-- [ RunTime:0.000317s ]
NOTIC: [2] fopen(./Public/logs/2017-09-19.log): failed to open stream: No such file or directory /home/wwwroot/tlwcash/Public/lib/log.php 第 16 行.
NOTIC: [8] Undefined index: HTTP_USER_AGENT /home/wwwroot/tlwcash/Application/Home/Controller/IndexController.class.php 第 887 行.
INFO: [ view_parse ] --START--
INFO: [ template_filter ] --START--
INFO: Run Behavior\ContentReplaceBehavior [ RunTime:0.000170s ]
INFO: [ template_filter ] --END-- [ RunTime:0.000208s ]
NOTIC: [8] Undefined index: account /home/wwwroot/tlwcash/Application/Runtime/Cache/Home/92a04e286e757a9bb13bb275410d03b9.php 第 213 行.
INFO: Run Behavior\ParseTemplateBehavior [ RunTime:0.015878s ]
INFO: [ view_parse ] --END-- [ RunTime:0.015909s ]
INFO: [ view_filter ] --START--
INFO: Run Behavior\WriteHtmlCacheBehavior [ RunTime:0.000061s ]
INFO: [ view_filter ] --END-- [ RunTime:0.000082s ]
INFO: [ app_end ] --START--
INFO: Run Behavior\ShowPageTraceBehavior [ RunTime:0.000062s ]
INFO: [ app_end ] --END-- [ RunTime:0.000090s ]

[ 2017-09-19T05:29:01+08:00 ] 75.146.124.10 /index.php?a=faq&l=zh-tw%22%20and%20%22x%22%3D%22y
INFO: [ app_init ] --START--
INFO: Run Behavior\BuildLiteBehavior [ RunTime:0.000010s ]
INFO: [ app_init ] --END-- [ RunTime:0.000068s ]
INFO: [ app_begin ] --START--
INFO: Run Behavior\ReadHtmlCacheBehavior [ RunTime:0.000057s ]
INFO: Run Behavior\CheckLangBehavior [ RunTime:0.000255s ]
INFO: [ app_begin ] --END-- [ RunTime:0.000366s ]
NOTIC: [2] fopen(./Public/logs/2017-09-19.log): failed to open stream: No such file or directory /home/wwwroot/tlwcash/Public/lib/log.php 第 16 行.
NOTIC: [8] Undefined index: HTTP_USER_AGENT /home/wwwroot/tlwcash/Application/Home/Controller/IndexController.class.php 第 887 行.
INFO: [ view_parse ] --START--
INFO: [ template_filter ] --START--
INFO: Run Behavior\ContentReplaceBehavior [ RunTime:0.000163s ]
INFO: [ template_filter ] --END-- [ RunTime:0.000198s ]
NOTIC: [8] Undefined index: account /home/wwwroot/tlwcash/Application/Runtime/Cache/Home/92a04e286e757a9bb13bb275410d03b9.php 第 213 行.
INFO: Run Behavior\ParseTemplateBehavior [ RunTime:0.017438s ]
INFO: [ view_parse ] --END-- [ RunTime:0.017469s ]
INFO: [ view_filter ] --START--
INFO: Run Behavior\WriteHtmlCacheBehavior [ RunTime:0.000063s ]
INFO: [ view_filter ] --END-- [ RunTime:0.000084s ]
INFO: [ app_end ] --START--
INFO: Run Behavior\ShowPageTraceBehavior [ RunTime:0.000062s ]
INFO: [ app_end ] --END-- [ RunTime:0.000090s ]

[ 2017-09-19T05:29:02+08:00 ] 75.146.124.10 /index.php?a=faq&l=zh-tw%20AND%201=1
INFO: [ app_init ] --START--
INFO: Run Behavior\BuildLiteBehavior [ RunTime:0.000010s ]
INFO: [ app_init ] --END-- [ RunTime:0.000067s ]
INFO: [ app_begin ] --START--
INFO: Run Behavior\ReadHtmlCacheBehavior [ RunTime:0.000059s ]
INFO: Run Behavior\CheckLangBehavior [ RunTime:0.000231s ]
INFO: [ app_begin ] --END-- [ RunTime:0.000333s ]
NOTIC: [2] fopen(./Public/logs/2017-09-19.log): failed to open stream: No such file or directory /home/wwwroot/tlwcash/Public/lib/log.php 第 16 行.
NOTIC: [8] Undefined index: HTTP_USER_AGENT /home/wwwroot/tlwcash/Application/Home/Controller/IndexController.class.php 第 887 行.
INFO: [ view_parse ] --START--
INFO: [ template_filter ] --START--
INFO: Run Behavior\ContentReplaceBehavior [ RunTime:0.000205s ]
INFO: [ template_filter ] --END-- [ RunTime:0.000251s ]
NOTIC: [8] Undefined index: account /home/wwwroot/tlwcash/Application/Runtime/Cache/Home/92a04e286e757a9bb13bb275410d03b9.php 第 213 行.
INFO: Run Behavior\ParseTemplateBehavior [ RunTime:0.016608s ]
INFO: [ view_parse ] --END-- [ RunTime:0.016641s ]
INFO: [ view_filter ] --START--
INFO: Run Behavior\WriteHtmlCacheBehavior [ RunTime:0.000063s ]
INFO: [ view_filter ] --END-- [ RunTime:0.000084s ]
INFO: [ app_end ] --START--
INFO: Run Behavior\ShowPageTraceBehavior [ RunTime:0.000064s ]
INFO: [ app_end ] --END-- [ RunTime:0.000092s ]

[ 2017-09-19T05:29:03+08:00 ] 75.146.124.10 /index.php?a=faq&l=zh-tw
INFO: [ app_init ] --START--
INFO: Run Behavior\BuildLiteBehavior [ RunTime:0.000014s ]
INFO: [ app_init ] --END-- [ RunTime:0.000094s ]
INFO: [ app_begin ] --START--
INFO: Run Behavior\ReadHtmlCacheBehavior [ RunTime:0.000060s ]
INFO: Run Behavior\CheckLangBehavior [ RunTime:0.000539s ]
INFO: [ app_begin ] --END-- [ RunTime:0.000662s ]
NOTIC: [2] fopen(./Public/logs/2017-09-19.log): failed to open stream: No such file or directory /home/wwwroot/tlwcash/Public/lib/log.php 第 16 行.
INFO: [ view_parse ] --START--
INFO: [ template_filter ] --START--
INFO: Run Behavior\ContentReplaceBehavior [ RunTime:0.000160s ]
INFO: [ template_filter ] --END-- [ RunTime:0.000198s ]
NOTIC: [8] Undefined index: account /home/wwwroot/tlwcash/Application/Runtime/Cache/Home/92a04e286e757a9bb13bb275410d03b9.php 第 213 行.
INFO: Run Behavior\ParseTemplateBehavior [ RunTime:0.017295s ]
INFO: [ view_parse ] --END-- [ RunTime:0.017327s ]
INFO: [ view_filter ] --START--
INFO: Run Behavior\WriteHtmlCacheBehavior [ RunTime:0.000062s ]
INFO: [ view_filter ] --END-- [ RunTime:0.000084s ]
INFO: [ app_end ] --START--
INFO: Run Behavior\ShowPageTraceBehavior [ RunTime:0.000089s ]
INFO: [ app_end ] --END-- [ RunTime:0.000125s ]

[ 2017-09-19T05:29:04+08:00 ] 75.146.124.10 /index.php?a=faq%27%20AnD%20sLeep%283%29%20ANd%20%271&l=zh-tw
INFO: [ app_init ] --START--
INFO: Run Behavior\BuildLiteBehavior [ RunTime:0.000010s ]
INFO: [ app_init ] --END-- [ RunTime:0.000069s ]
INFO: [ app_begin ] --START--
INFO: Run Behavior\ReadHtmlCacheBehavior [ RunTime:0.000057s ]
INFO: Run Behavior\CheckLangBehavior [ RunTime:0.000518s ]
INFO: [ app_begin ] --END-- [ RunTime:0.000640s ]
NOTIC: [2] fopen(./Public/logs/2017-09-19.log): failed to open stream: No such file or directory /home/wwwroot/tlwcash/Public/lib/log.php 第 16 行.
INFO: [ view_parse ] --START--
INFO: [ template_filter ] --START--
INFO: Run Behavior\ContentReplaceBehavior [ RunTime:0.000034s ]
INFO: [ template_filter ] --END-- [ RunTime:0.000064s ]
INFO: Run Behavior\ParseTemplateBehavior [ RunTime:0.001917s ]
INFO: [ view_parse ] --END-- [ RunTime:0.001950s ]
INFO: [ view_filter ] --START--
INFO: Run Behavior\WriteHtmlCacheBehavior [ RunTime:0.000060s ]
INFO: [ view_filter ] --END-- [ RunTime:0.000078s ]
INFO: [ app_end ] --START--
INFO: Run Behavior\ShowPageTraceBehavior [ RunTime:0.000053s ]
INFO: [ app_end ] --END-- [ RunTime:0.000071s ]

[ 2017-09-19T05:29:04+08:00 ] 75.146.124.10 /index.php?a=faq%27%26%26sLEEp%283%29%26%26%271&l=zh-tw
INFO: [ app_init ] --START--
INFO: Run Behavior\BuildLiteBehavior [ RunTime:0.000011s ]
INFO: [ app_init ] --END-- [ RunTime:0.000070s ]
INFO: [ app_begin ] --START--
INFO: Run Behavior\ReadHtmlCacheBehavior [ RunTime:0.000065s ]
INFO: Run Behavior\CheckLangBehavior [ RunTime:0.000684s ]
INFO: [ app_begin ] --END-- [ RunTime:0.000806s ]
NOTIC: [2] fopen(./Public/logs/2017-09-19.log): failed to open stream: No such file or directory /home/wwwroot/tlwcash/Public/lib/log.php 第 16 行.
INFO: [ view_parse ] --START--
INFO: [ template_filter ] --START--
INFO: Run Behavior\ContentReplaceBehavior [ RunTime:0.000035s ]
INFO: [ template_filter ] --END-- [ RunTime:0.000065s ]
INFO: Run Behavior\ParseTemplateBehavior [ RunTime:0.002014s ]
INFO: [ view_parse ] --END-- [ RunTime:0.002048s ]
INFO: [ view_filter ] --START--
INFO: Run Behavior\WriteHtmlCacheBehavior [ RunTime:0.000059s ]
INFO: [ view_filter ] --END-- [ RunTime:0.000094s ]
INFO: [ app_end ] --START--
INFO: Run Behavior\ShowPageTraceBehavior [ RunTime:0.000055s ]
INFO: [ app_end ] --END-- [ RunTime:0.000074s ]

[ 2017-09-19T05:29:04+08:00 ] 75.146.124.10 /index.php?a=faq%00%27%7C%7CSLeeP%283%29%26%26%271&l=zh-tw
INFO: [ app_init ] --START--
INFO: Run Behavior\BuildLiteBehavior [ RunTime:0.000011s ]
INFO: [ app_init ] --END-- [ RunTime:0.000068s ]
INFO: [ app_begin ] --START--
INFO: Run Behavior\ReadHtmlCacheBehavior [ RunTime:0.000063s ]
INFO: Run Behavior\CheckLangBehavior [ RunTime:0.000499s ]
INFO: [ app_begin ] --END-- [ RunTime:0.000618s ]
NOTIC: [2] fopen(./Public/logs/2017-09-19.log): failed to open stream: No such file or directory /home/wwwroot/tlwcash/Public/lib/log.php 第 16 行.
INFO: [ view_parse ] --START--
INFO: [ template_filter ] --START--
INFO: Run Behavior\ContentReplaceBehavior [ RunTime:0.000035s ]
INFO: [ template_filter ] --END-- [ RunTime:0.000067s ]
INFO: Run Behavior\ParseTemplateBehavior [ RunTime:0.001980s ]
INFO: [ view_parse ] --END-- [ RunTime:0.002014s ]
INFO: [ view_filter ] --START--
INFO: Run Behavior\WriteHtmlCacheBehavior [ RunTime:0.000059s ]
INFO: [ view_filter ] --END-- [ RunTime:0.000078s ]
INFO: [ app_end ] --START--
INFO: Run Behavior\ShowPageTraceBehavior [ RunTime:0.000063s ]
INFO: [ app_end ] --END-- [ RunTime:0.000084s ]

[ 2017-09-19T05:29:05+08:00 ] 75.146.124.10 /index.php?a=faq%27%20aND%20BeNChMaRK%282999999%2CMd5%28NoW%28%29%29%29%20AnD%20%271&l=zh-tw
INFO: [ app_init ] --START--
INFO: Run Behavior\BuildLiteBehavior [ RunTime:0.000010s ]
INFO: [ app_init ] --END-- [ RunTime:0.000067s ]
INFO: [ app_begin ] --START--
INFO: Run Behavior\ReadHtmlCacheBehavior [ RunTime:0.000058s ]
INFO: Run Behavior\CheckLangBehavior [ RunTime:0.000473s ]
INFO: [ app_begin ] --END-- [ RunTime:0.000581s ]
NOTIC: [2] fopen(./Public/logs/2017-09-19.log): failed to open stream: No such file or directory /home/wwwroot/tlwcash/Public/lib/log.php 第 16 行.
INFO: [ view_parse ] --START--
INFO: [ template_filter ] --START--
INFO: Run Behavior\ContentReplaceBehavior [ RunTime:0.000035s ]
INFO: [ template_filter ] --END-- [ RunTime:0.000066s ]
INFO: Run Behavior\ParseTemplateBehavior [ RunTime:0.001906s ]
INFO: [ view_parse ] --END-- [ RunTime:0.001938s ]
INFO: [ view_filter ] --START--
INFO: Run Behavior\WriteHtmlCacheBehavior [ RunTime:0.000057s ]
INFO: [ view_filter ] --END-- [ RunTime:0.000075s ]
INFO: [ app_end ] --START--
INFO: Run Behavior\ShowPageTraceBehavior [ RunTime:0.000052s ]
INFO: [ app_end ] --END-- [ RunTime:0.000071s ]

[ 2017-09-19T05:29:05+08:00 ] 75.146.124.10 /index.php?a=faq%27%26%26BeNChMaRK%282999999%2CmD5%28NOW%28%29%29%29%26%26%271&l=zh-tw
INFO: [ app_init ] --START--
INFO: Run Behavior\BuildLiteBehavior [ RunTime:0.000015s ]
INFO: [ app_init ] --END-- [ RunTime:0.000114s ]
INFO: [ app_begin ] --START--
INFO: Run Behavior\ReadHtmlCacheBehavior [ RunTime:0.000058s ]
INFO: Run Behavior\CheckLangBehavior [ RunTime:0.000516s ]
INFO: [ app_begin ] --END-- [ RunTime:0.000626s ]
NOTIC: [2] fopen(./Public/logs/2017-09-19.log): failed to open stream: No such file or directory /home/wwwroot/tlwcash/Public/lib/log.php 第 16 行.
INFO: [ view_parse ] --START--
INFO: [ template_filter ] --START--
INFO: Run Behavior\ContentReplaceBehavior [ RunTime:0.000035s ]
INFO: [ template_filter ] --END-- [ RunTime:0.000063s ]
INFO: Run Behavior\ParseTemplateBehavior [ RunTime:0.001802s ]
INFO: [ view_parse ] --END-- [ RunTime:0.001836s ]
INFO: [ view_filter ] --START--
INFO: Run Behavior\WriteHtmlCacheBehavior [ RunTime:0.000058s ]
INFO: [ view_filter ] --END-- [ RunTime:0.000076s ]
INFO: [ app_end ] --START--
INFO: Run Behavior\ShowPageTraceBehavior [ RunTime:0.000068s ]
INFO: [ app_end ] --END-- [ RunTime:0.000088s ]

[ 2017-09-19T05:29:06+08:00 ] 75.146.124.10 /index.php?a=faq%27%20AnD%20sLeep%283%29%20ANd%20%270%27%3D%270&l=zh-tw
INFO: [ app_init ] --START--
INFO: Run Behavior\BuildLiteBehavior [ RunTime:0.000011s ]
INFO: [ app_init ] --END-- [ RunTime:0.000066s ]
INFO: [ app_begin ] --START--
INFO: Run Behavior\ReadHtmlCacheBehavior [ RunTime:0.000071s ]
INFO: Run Behavior\CheckLangBehavior [ RunTime:0.000686s ]
INFO: [ app_begin ] --END-- [ RunTime:0.000808s ]
NOTIC: [2] fopen(./Public/logs/2017-09-19.log): failed to open stream: No such file or directory /home/wwwroot/tlwcash/Public/lib/log.php 第 16 行.
INFO: [ view_parse ] --START--
INFO: [ template_filter ] --START--
INFO: Run Behavior\ContentReplaceBehavior [ RunTime:0.000033s ]
INFO: [ template_filter ] --END-- [ RunTime:0.000062s ]
INFO: Run Behavior\ParseTemplateBehavior [ RunTime:0.001838s ]
INFO: [ view_parse ] --END-- [ RunTime:0.001871s ]
INFO: [ view_filter ] --START--
INFO: Run Behavior\WriteHtmlCacheBehavior [ RunTime:0.000058s ]
INFO: [ view_filter ] --END-- [ RunTime:0.000077s ]
INFO: [ app_end ] --START--
INFO: Run Behavior\ShowPageTraceBehavior [ RunTime:0.000052s ]
INFO: [ app_end ] --END-- [ RunTime:0.000071s ]

[ 2017-09-19T05:29:06+08:00 ] 75.146.124.10 /index.php?a=faq&l=zh-tw999999.1%20union%20select%20unhex(hex(version()))%20--%20and%201%3D1
INFO: [ app_init ] --START--
INFO: Run Behavior\BuildLiteBehavior [ RunTime:0.000010s ]
INFO: [ app_init ] --END-- [ RunTime:0.000085s ]
INFO: [ app_begin ] --START--
INFO: Run Behavior\ReadHtmlCacheBehavior [ RunTime:0.000083s ]
INFO: Run Behavior\CheckLangBehavior [ RunTime:0.000246s ]
INFO: [ app_begin ] --END-- [ RunTime:0.000395s ]
NOTIC: [2] fopen(./Public/logs/2017-09-19.log): failed to open stream: No such file or directory /home/wwwroot/tlwcash/Public/lib/log.php 第 16 行.
NOTIC: [8] Undefined index: HTTP_USER_AGENT /home/wwwroot/tlwcash/Application/Home/Controller/IndexController.class.php 第 887 行.
INFO: [ view_parse ] --START--
INFO: [ template_filter ] --START--
INFO: Run Behavior\ContentReplaceBehavior [ RunTime:0.000162s ]
INFO: [ template_filter ] --END-- [ RunTime:0.000196s ]
NOTIC: [8] Undefined index: account /home/wwwroot/tlwcash/Application/Runtime/Cache/Home/92a04e286e757a9bb13bb275410d03b9.php 第 213 行.
INFO: Run Behavior\ParseTemplateBehavior [ RunTime:0.016902s ]
INFO: [ view_parse ] --END-- [ RunTime:0.016936s ]
INFO: [ view_filter ] --START--
INFO: Run Behavior\WriteHtmlCacheBehavior [ RunTime:0.000062s ]
INFO: [ view_filter ] --END-- [ RunTime:0.000082s ]
INFO: [ app_end ] --START--
INFO: Run Behavior\ShowPageTraceBehavior [ RunTime:0.000094s ]
INFO: [ app_end ] --END-- [ RunTime:0.000129s ]

[ 2017-09-19T05:29:07+08:00 ] 75.146.124.10 /index.php?a=faq&l=zh-tw99999%27%20union%20select%20unhex(hex(version()))%20--%20%27x%27=%27x
INFO: [ app_init ] --START--
INFO: Run Behavior\BuildLiteBehavior [ RunTime:0.000010s ]
INFO: [ app_init ] --END-- [ RunTime:0.000067s ]
INFO: [ app_begin ] --START--
INFO: Run Behavior\ReadHtmlCacheBehavior [ RunTime:0.000096s ]
INFO: Run Behavior\CheckLangBehavior [ RunTime:0.000219s ]
INFO: [ app_begin ] --END-- [ RunTime:0.000361s ]
NOTIC: [2] fopen(./Public/logs/2017-09-19.log): failed to open stream: No such file or directory /home/wwwroot/tlwcash/Public/lib/log.php 第 16 行.
NOTIC: [8] Undefined index: HTTP_USER_AGENT /home/wwwroot/tlwcash/Application/Home/Controller/IndexController.class.php 第 887 行.
INFO: [ view_parse ] --START--
INFO: [ template_filter ] --START--
INFO: Run Behavior\ContentReplaceBehavior [ RunTime:0.000170s ]
INFO: [ template_filter ] --END-- [ RunTime:0.000206s ]
NOTIC: [8] Undefined index: account /home/wwwroot/tlwcash/Application/Runtime/Cache/Home/92a04e286e757a9bb13bb275410d03b9.php 第 213 行.
INFO: Run Behavior\ParseTemplateBehavior [ RunTime:0.016254s ]
INFO: [ view_parse ] --END-- [ RunTime:0.016293s ]
INFO: [ view_filter ] --START--
INFO: Run Behavior\WriteHtmlCacheBehavior [ RunTime:0.000064s ]
INFO: [ view_filter ] --END-- [ RunTime:0.000087s ]
INFO: [ app_end ] --START--
INFO: Run Behavior\ShowPageTraceBehavior [ RunTime:0.000063s ]
INFO: [ app_end ] --END-- [ RunTime:0.000093s ]

[ 2017-09-19T05:29:08+08:00 ] 75.146.124.10 /index.php?a=faq&l=zh-tw99999%22%20union%20select%20unhex(hex(version()))%20--%20%22x%22=%22x
INFO: [ app_init ] --START--
INFO: Run Behavior\BuildLiteBehavior [ RunTime:0.000011s ]
INFO: [ app_init ] --END-- [ RunTime:0.000068s ]
INFO: [ app_begin ] --START--
INFO: Run Behavior\ReadHtmlCacheBehavior [ RunTime:0.000082s ]
INFO: Run Behavior\CheckLangBehavior [ RunTime:0.000253s ]
INFO: [ app_begin ] --END-- [ RunTime:0.000384s ]
NOTIC: [2] fopen(./Public/logs/2017-09-19.log): failed to open stream: No such file or directory /home/wwwroot/tlwcash/Public/lib/log.php 第 16 行.
NOTIC: [8] Undefined index: HTTP_USER_AGENT /home/wwwroot/tlwcash/Application/Home/Controller/IndexController.class.php 第 887 行.
INFO: [ view_parse ] --START--
INFO: [ template_filter ] --START--
INFO: Run Behavior\ContentReplaceBehavior [ RunTime:0.000163s ]
INFO: [ template_filter ] --END-- [ RunTime:0.000207s ]
NOTIC: [8] Undefined index: account /home/wwwroot/tlwcash/Application/Runtime/Cache/Home/92a04e286e757a9bb13bb275410d03b9.php 第 213 行.
INFO: Run Behavior\ParseTemplateBehavior [ RunTime:0.017535s ]
INFO: [ view_parse ] --END-- [ RunTime:0.017581s ]
INFO: [ view_filter ] --START--
INFO: Run Behavior\WriteHtmlCacheBehavior [ RunTime:0.000067s ]
INFO: [ view_filter ] --END-- [ RunTime:0.000102s ]
INFO: [ app_end ] --START--
INFO: Run Behavior\ShowPageTraceBehavior [ RunTime:0.000063s ]
INFO: [ app_end ] --END-- [ RunTime:0.000090s ]

[ 2017-09-19T05:29:09+08:00 ] 75.146.124.10 /index.php?a=faq&l=zh-tw%20or%20(1,2)=(select*from(select%20name_const(CHAR(111,108,111,108,111,115,104,101,114),1),name_const(CHAR(111,108,111,108,111,115,104,101,114),1))a)%20--%20and%201%3D1
INFO: [ app_init ] --START--
INFO: Run Behavior\BuildLiteBehavior [ RunTime:0.000011s ]
INFO: [ app_init ] --END-- [ RunTime:0.000067s ]
INFO: [ app_begin ] --START--
INFO: Run Behavior\ReadHtmlCacheBehavior [ RunTime:0.000069s ]
INFO: Run Behavior\CheckLangBehavior [ RunTime:0.000213s ]
INFO: [ app_begin ] --END-- [ RunTime:0.000325s ]
NOTIC: [2] fopen(./Public/logs/2017-09-19.log): failed to open stream: No such file or directory /home/wwwroot/tlwcash/Public/lib/log.php 第 16 行.
NOTIC: [8] Undefined index: HTTP_USER_AGENT /home/wwwroot/tlwcash/Application/Home/Controller/IndexController.class.php 第 887 行.
INFO: [ view_parse ] --START--
INFO: [ template_filter ] --START--
INFO: Run Behavior\ContentReplaceBehavior [ RunTime:0.000167s ]
INFO: [ template_filter ] --END-- [ RunTime:0.000201s ]
NOTIC: [8] Undefined index: account /home/wwwroot/tlwcash/Application/Runtime/Cache/Home/92a04e286e757a9bb13bb275410d03b9.php 第 213 行.
INFO: Run Behavior\ParseTemplateBehavior [ RunTime:0.016054s ]
INFO: [ view_parse ] --END-- [ RunTime:0.016085s ]
INFO: [ view_filter ] --START--
INFO: Run Behavior\WriteHtmlCacheBehavior [ RunTime:0.000060s ]
INFO: [ view_filter ] --END-- [ RunTime:0.000081s ]
INFO: [ app_end ] --START--
INFO: Run Behavior\ShowPageTraceBehavior [ RunTime:0.000071s ]
INFO: [ app_end ] --END-- [ RunTime:0.000100s ]

[ 2017-09-19T05:29:10+08:00 ] 75.146.124.10 /index.php?a=faq&l=zh-tw%27%20or%20(1,2)=(select*from(select%20name_const(CHAR(111,108,111,108,111,115,104,101,114),1),name_const(CHAR(111,108,111,108,111,115,104,101,114),1))a)%20--%20%27x%27=%27x
INFO: [ app_init ] --START--
INFO: Run Behavior\BuildLiteBehavior [ RunTime:0.000013s ]
INFO: [ app_init ] --END-- [ RunTime:0.000085s ]
INFO: [ app_begin ] --START--
INFO: Run Behavior\ReadHtmlCacheBehavior [ RunTime:0.000057s ]
INFO: Run Behavior\CheckLangBehavior [ RunTime:0.000255s ]
INFO: [ app_begin ] --END-- [ RunTime:0.000356s ]
NOTIC: [2] fopen(./Public/logs/2017-09-19.log): failed to open stream: No such file or directory /home/wwwroot/tlwcash/Public/lib/log.php 第 16 行.
NOTIC: [8] Undefined index: HTTP_USER_AGENT /home/wwwroot/tlwcash/Application/Home/Controller/IndexController.class.php 第 887 行.
INFO: [ view_parse ] --START--
INFO: [ template_filter ] --START--
INFO: Run Behavior\ContentReplaceBehavior [ RunTime:0.000162s ]
INFO: [ template_filter ] --END-- [ RunTime:0.000196s ]
NOTIC: [8] Undefined index: account /home/wwwroot/tlwcash/Application/Runtime/Cache/Home/92a04e286e757a9bb13bb275410d03b9.php 第 213 行.
INFO: Run Behavior\ParseTemplateBehavior [ RunTime:0.016578s ]
INFO: [ view_parse ] --END-- [ RunTime:0.016622s ]
INFO: [ view_filter ] --START--
INFO: Run Behavior\WriteHtmlCacheBehavior [ RunTime:0.000088s ]
INFO: [ view_filter ] --END-- [ RunTime:0.000116s ]
INFO: [ app_end ] --START--
INFO: Run Behavior\ShowPageTraceBehavior [ RunTime:0.000098s ]
INFO: [ app_end ] --END-- [ RunTime:0.000131s ]

[ 2017-09-19T05:29:11+08:00 ] 75.146.124.10 /index.php?a=faq&l=zh-tw%22%20or%20(1,2)=(select*from(select%20name_const(CHAR(111,108,111,108,111,115,104,101,114),1),name_const(CHAR(111,108,111,108,111,115,104,101,114),1))a)%20--%20%22x%22=%22x
INFO: [ app_init ] --START--
INFO: Run Behavior\BuildLiteBehavior [ RunTime:0.000010s ]
INFO: [ app_init ] --END-- [ RunTime:0.000066s ]
INFO: [ app_begin ] --START--
INFO: Run Behavior\ReadHtmlCacheBehavior [ RunTime:0.000058s ]
INFO: Run Behavior\CheckLangBehavior [ RunTime:0.000226s ]
INFO: [ app_begin ] --END-- [ RunTime:0.000329s ]
NOTIC: [2] fopen(./Public/logs/2017-09-19.log): failed to open stream: No such file or directory /home/wwwroot/tlwcash/Public/lib/log.php 第 16 行.
NOTIC: [8] Undefined index: HTTP_USER_AGENT /home/wwwroot/tlwcash/Application/Home/Controller/IndexController.class.php 第 887 行.
INFO: [ view_parse ] --START--
INFO: [ template_filter ] --START--
INFO: Run Behavior\ContentReplaceBehavior [ RunTime:0.000163s ]
INFO: [ template_filter ] --END-- [ RunTime:0.000197s ]
NOTIC: [8] Undefined index: account /home/wwwroot/tlwcash/Application/Runtime/Cache/Home/92a04e286e757a9bb13bb275410d03b9.php 第 213 行.
INFO: Run Behavior\ParseTemplateBehavior [ RunTime:0.017653s ]
INFO: [ view_parse ] --END-- [ RunTime:0.017685s ]
INFO: [ view_filter ] --START--
INFO: Run Behavior\WriteHtmlCacheBehavior [ RunTime:0.000063s ]
INFO: [ view_filter ] --END-- [ RunTime:0.000083s ]
INFO: [ app_end ] --START--
INFO: Run Behavior\ShowPageTraceBehavior [ RunTime:0.000062s ]
INFO: [ app_end ] --END-- [ RunTime:0.000097s ]

[ 2017-09-19T06:31:57+08:00 ] 66.249.64.134 /index.php?a=error404
INFO: [ app_init ] --START--
INFO: Run Behavior\BuildLiteBehavior [ RunTime:0.000011s ]
INFO: [ app_init ] --END-- [ RunTime:0.000089s ]
INFO: [ app_begin ] --START--
INFO: Run Behavior\ReadHtmlCacheBehavior [ RunTime:0.000090s ]
INFO: Run Behavior\CheckLangBehavior [ RunTime:0.000206s ]
INFO: [ app_begin ] --END-- [ RunTime:0.000353s ]
NOTIC: [2] fopen(./Public/logs/2017-09-19.log): failed to open stream: No such file or directory /home/wwwroot/tlwcash/Public/lib/log.php 第 16 行.
INFO: [ view_parse ] --START--
INFO: [ template_filter ] --START--
INFO: Run Behavior\ContentReplaceBehavior [ RunTime:0.000035s ]
INFO: [ template_filter ] --END-- [ RunTime:0.000066s ]
INFO: Run Behavior\ParseTemplateBehavior [ RunTime:0.002063s ]
INFO: [ view_parse ] --END-- [ RunTime:0.002098s ]
INFO: [ view_filter ] --START--
INFO: Run Behavior\WriteHtmlCacheBehavior [ RunTime:0.000073s ]
INFO: [ view_filter ] --END-- [ RunTime:0.000092s ]
INFO: [ app_end ] --START--
INFO: Run Behavior\ShowPageTraceBehavior [ RunTime:0.000098s ]
INFO: [ app_end ] --END-- [ RunTime:0.000124s ]

[ 2017-09-19T08:23:42+08:00 ] 106.11.227.16 /
INFO: [ app_init ] --START--
INFO: Run Behavior\BuildLiteBehavior [ RunTime:0.000015s ]
INFO: [ app_init ] --END-- [ RunTime:0.000116s ]
INFO: [ app_begin ] --START--
INFO: Run Behavior\ReadHtmlCacheBehavior [ RunTime:0.000124s ]
INFO: Run Behavior\CheckLangBehavior [ RunTime:0.000335s ]
INFO: [ app_begin ] --END-- [ RunTime:0.000528s ]
NOTIC: [2] fopen(./Public/logs/2017-09-19.log): failed to open stream: No such file or directory /home/wwwroot/tlwcash/Public/lib/log.php 第 16 行.
INFO: [ view_parse ] --START--
INFO: [ template_filter ] --START--
INFO: Run Behavior\ContentReplaceBehavior [ RunTime:0.000323s ]
INFO: [ template_filter ] --END-- [ RunTime:0.000377s ]
NOTIC: [8] Undefined index: account /home/wwwroot/tlwcash/Application/Runtime/Cache/Home/2a94b8bda04ff446dcedd42276fc99ee.php 第 469 行.
INFO: Run Behavior\ParseTemplateBehavior [ RunTime:0.024235s ]
INFO: [ view_parse ] --END-- [ RunTime:0.024279s ]
INFO: [ view_filter ] --START--
INFO: Run Behavior\WriteHtmlCacheBehavior [ RunTime:0.000217s ]
INFO: [ view_filter ] --END-- [ RunTime:0.000251s ]
INFO: [ app_end ] --START--
INFO: Run Behavior\ShowPageTraceBehavior [ RunTime:0.000075s ]
INFO: [ app_end ] --END-- [ RunTime:0.000108s ]

[ 2017-09-19T11:24:09+08:00 ] 60.29.18.51 /
INFO: [ app_init ] --START--
INFO: Run Behavior\BuildLiteBehavior [ RunTime:0.000012s ]
INFO: [ app_init ] --END-- [ RunTime:0.000090s ]
INFO: [ app_begin ] --START--
INFO: Run Behavior\ReadHtmlCacheBehavior [ RunTime:0.000068s ]
INFO: Run Behavior\CheckLangBehavior [ RunTime:0.000302s ]
INFO: [ app_begin ] --END-- [ RunTime:0.000418s ]
NOTIC: [2] fopen(./Public/logs/2017-09-19.log): failed to open stream: No such file or directory /home/wwwroot/tlwcash/Public/lib/log.php 第 16 行.
INFO: [ view_parse ] --START--
INFO: [ template_filter ] --START--
INFO: Run Behavior\ContentReplaceBehavior [ RunTime:0.000245s ]
INFO: [ template_filter ] --END-- [ RunTime:0.000283s ]
NOTIC: [8] Undefined index: account /home/wwwroot/tlwcash/Application/Runtime/Cache/Home/2a94b8bda04ff446dcedd42276fc99ee.php 第 469 行.
INFO: Run Behavior\ParseTemplateBehavior [ RunTime:0.019313s ]
INFO: [ view_parse ] --END-- [ RunTime:0.019357s ]
INFO: [ view_filter ] --START--
INFO: Run Behavior\WriteHtmlCacheBehavior [ RunTime:0.000073s ]
INFO: [ view_filter ] --END-- [ RunTime:0.000096s ]
INFO: [ app_end ] --START--
INFO: Run Behavior\ShowPageTraceBehavior [ RunTime:0.000076s ]
INFO: [ app_end ] --END-- [ RunTime:0.000110s ]

[ 2017-09-19T11:24:11+08:00 ] 60.29.18.51 /index.php?a=error404
INFO: [ app_init ] --START--
INFO: Run Behavior\BuildLiteBehavior [ RunTime:0.000011s ]
INFO: [ app_init ] --END-- [ RunTime:0.000104s ]
INFO: [ app_begin ] --START--
INFO: Run Behavior\ReadHtmlCacheBehavior [ RunTime:0.000058s ]
INFO: Run Behavior\CheckLangBehavior [ RunTime:0.000269s ]
INFO: [ app_begin ] --END-- [ RunTime:0.000373s ]
NOTIC: [2] fopen(./Public/logs/2017-09-19.log): failed to open stream: No such file or directory /home/wwwroot/tlwcash/Public/lib/log.php 第 16 行.
INFO: [ view_parse ] --START--
INFO: [ template_filter ] --START--
INFO: Run Behavior\ContentReplaceBehavior [ RunTime:0.000035s ]
INFO: [ template_filter ] --END-- [ RunTime:0.000066s ]
INFO: Run Behavior\ParseTemplateBehavior [ RunTime:0.002548s ]
INFO: [ view_parse ] --END-- [ RunTime:0.002609s ]
INFO: [ view_filter ] --START--
INFO: Run Behavior\WriteHtmlCacheBehavior [ RunTime:0.000059s ]
INFO: [ view_filter ] --END-- [ RunTime:0.000078s ]
INFO: [ app_end ] --START--
INFO: Run Behavior\ShowPageTraceBehavior [ RunTime:0.000052s ]
INFO: [ app_end ] --END-- [ RunTime:0.000071s ]

[ 2017-09-19T11:28:38+08:00 ] 60.29.18.51 /index.php?a=signin
INFO: [ app_init ] --START--
INFO: Run Behavior\BuildLiteBehavior [ RunTime:0.000010s ]
INFO: [ app_init ] --END-- [ RunTime:0.000078s ]
INFO: [ app_begin ] --START--
INFO: Run Behavior\ReadHtmlCacheBehavior [ RunTime:0.000068s ]
INFO: Run Behavior\CheckLangBehavior [ RunTime:0.000287s ]
INFO: [ app_begin ] --END-- [ RunTime:0.000408s ]
NOTIC: [2] fopen(./Public/logs/2017-09-19.log): failed to open stream: No such file or directory /home/wwwroot/tlwcash/Public/lib/log.php 第 16 行.
INFO: [ view_parse ] --START--
INFO: [ template_filter ] --START--
INFO: Run Behavior\ContentReplaceBehavior [ RunTime:0.000081s ]
INFO: [ template_filter ] --END-- [ RunTime:0.000115s ]
INFO: Run Behavior\ParseTemplateBehavior [ RunTime:0.007368s ]
INFO: [ view_parse ] --END-- [ RunTime:0.007411s ]
INFO: [ view_filter ] --START--
INFO: Run Behavior\WriteHtmlCacheBehavior [ RunTime:0.000070s ]
INFO: [ view_filter ] --END-- [ RunTime:0.000092s ]
INFO: [ app_end ] --START--
INFO: Run Behavior\ShowPageTraceBehavior [ RunTime:0.000077s ]
INFO: [ app_end ] --END-- [ RunTime:0.000108s ]

[ 2017-09-19T11:28:49+08:00 ] 60.29.18.51 /index.php?a=signin_msg
INFO: [ app_init ] --START--
INFO: Run Behavior\BuildLiteBehavior [ RunTime:0.000014s ]
INFO: [ app_init ] --END-- [ RunTime:0.000108s ]
INFO: [ app_begin ] --START--
INFO: Run Behavior\ReadHtmlCacheBehavior [ RunTime:0.000055s ]
INFO: Run Behavior\CheckLangBehavior [ RunTime:0.000246s ]
INFO: [ app_begin ] --END-- [ RunTime:0.000343s ]
NOTIC: [2] fopen(./Public/logs/2017-09-19.log): failed to open stream: No such file or directory /home/wwwroot/tlwcash/Public/lib/log.php 第 16 行.
SQL: SHOW COLUMNS FROM `t_user` [ RunTime:0.0005s ]
SQL: SELECT * FROM `t_user` WHERE `email` = '17801098915' OR `phone` = '17801098915' LIMIT 1   [ RunTime:0.0003s ]

[ 2017-09-19T11:28:58+08:00 ] 60.29.18.51 /index.php?a=signin_msg
INFO: [ app_init ] --START--
INFO: Run Behavior\BuildLiteBehavior [ RunTime:0.000011s ]
INFO: [ app_init ] --END-- [ RunTime:0.000082s ]
INFO: [ app_begin ] --START--
INFO: Run Behavior\ReadHtmlCacheBehavior [ RunTime:0.000057s ]
INFO: Run Behavior\CheckLangBehavior [ RunTime:0.000230s ]
INFO: [ app_begin ] --END-- [ RunTime:0.000329s ]
NOTIC: [2] fopen(./Public/logs/2017-09-19.log): failed to open stream: No such file or directory /home/wwwroot/tlwcash/Public/lib/log.php 第 16 行.
SQL: SHOW COLUMNS FROM `t_user` [ RunTime:0.0006s ]
SQL: SELECT * FROM `t_user` WHERE `email` = '17801098915' OR `phone` = '17801098915' LIMIT 1   [ RunTime:0.0003s ]

[ 2017-09-19T11:29:04+08:00 ] 60.29.18.51 /index.php?a=signin_msg
INFO: [ app_init ] --START--
INFO: Run Behavior\BuildLiteBehavior [ RunTime:0.000010s ]
INFO: [ app_init ] --END-- [ RunTime:0.000069s ]
INFO: [ app_begin ] --START--
INFO: Run Behavior\ReadHtmlCacheBehavior [ RunTime:0.000085s ]
INFO: Run Behavior\CheckLangBehavior [ RunTime:0.000280s ]
INFO: [ app_begin ] --END-- [ RunTime:0.000421s ]
NOTIC: [2] fopen(./Public/logs/2017-09-19.log): failed to open stream: No such file or directory /home/wwwroot/tlwcash/Public/lib/log.php 第 16 行.
SQL: SHOW COLUMNS FROM `t_user` [ RunTime:0.0006s ]
SQL: SELECT * FROM `t_user` WHERE `email` = '17801098915' OR `phone` = '17801098915' LIMIT 1   [ RunTime:0.0003s ]

[ 2017-09-19T11:29:07+08:00 ] 60.29.18.51 /index.php
INFO: [ app_init ] --START--
INFO: Run Behavior\BuildLiteBehavior [ RunTime:0.000011s ]
INFO: [ app_init ] --END-- [ RunTime:0.000070s ]
INFO: [ app_begin ] --START--
INFO: Run Behavior\ReadHtmlCacheBehavior [ RunTime:0.000058s ]
INFO: Run Behavior\CheckLangBehavior [ RunTime:0.000279s ]
INFO: [ app_begin ] --END-- [ RunTime:0.000386s ]
NOTIC: [2] fopen(./Public/logs/2017-09-19.log): failed to open stream: No such file or directory /home/wwwroot/tlwcash/Public/lib/log.php 第 16 行.
SQL: SHOW COLUMNS FROM `t_user` [ RunTime:0.0005s ]
SQL: SELECT * FROM `t_user` WHERE ( uid=44 ) LIMIT 1   [ RunTime:0.0002s ]
INFO: [ view_parse ] --START--
INFO: [ template_filter ] --START--
INFO: Run Behavior\ContentReplaceBehavior [ RunTime:0.000248s ]
INFO: [ template_filter ] --END-- [ RunTime:0.000291s ]
INFO: Run Behavior\ParseTemplateBehavior [ RunTime:0.020460s ]
INFO: [ view_parse ] --END-- [ RunTime:0.020516s ]
INFO: [ view_filter ] --START--
INFO: Run Behavior\WriteHtmlCacheBehavior [ RunTime:0.000072s ]
INFO: [ view_filter ] --END-- [ RunTime:0.000101s ]
INFO: [ app_end ] --START--
INFO: Run Behavior\ShowPageTraceBehavior [ RunTime:0.000064s ]
INFO: [ app_end ] --END-- [ RunTime:0.000097s ]

[ 2017-09-19T11:29:08+08:00 ] 60.29.18.51 /index.php?a=error404
INFO: [ app_init ] --START--
INFO: Run Behavior\BuildLiteBehavior [ RunTime:0.000010s ]
INFO: [ app_init ] --END-- [ RunTime:0.000067s ]
INFO: [ app_begin ] --START--
INFO: Run Behavior\ReadHtmlCacheBehavior [ RunTime:0.000085s ]
INFO: Run Behavior\CheckLangBehavior [ RunTime:0.000236s ]
INFO: [ app_begin ] --END-- [ RunTime:0.000369s ]
NOTIC: [2] fopen(./Public/logs/2017-09-19.log): failed to open stream: No such file or directory /home/wwwroot/tlwcash/Public/lib/log.php 第 16 行.
SQL: SHOW COLUMNS FROM `t_user` [ RunTime:0.0005s ]
SQL: SELECT * FROM `t_user` WHERE ( uid=44 ) LIMIT 1   [ RunTime:0.0002s ]
INFO: [ view_parse ] --START--
INFO: [ template_filter ] --START--
INFO: Run Behavior\ContentReplaceBehavior [ RunTime:0.000034s ]
INFO: [ template_filter ] --END-- [ RunTime:0.000065s ]
INFO: Run Behavior\ParseTemplateBehavior [ RunTime:0.001976s ]
INFO: [ view_parse ] --END-- [ RunTime:0.002006s ]
INFO: [ view_filter ] --START--
INFO: Run Behavior\WriteHtmlCacheBehavior [ RunTime:0.000060s ]
INFO: [ view_filter ] --END-- [ RunTime:0.000086s ]
INFO: [ app_end ] --START--
INFO: Run Behavior\ShowPageTraceBehavior [ RunTime:0.000073s ]
INFO: [ app_end ] --END-- [ RunTime:0.000106s ]

[ 2017-09-19T11:29:12+08:00 ] 60.29.18.51 /index.php?a=account
INFO: [ app_init ] --START--
INFO: Run Behavior\BuildLiteBehavior [ RunTime:0.000013s ]
INFO: [ app_init ] --END-- [ RunTime:0.000078s ]
INFO: [ app_begin ] --START--
INFO: Run Behavior\ReadHtmlCacheBehavior [ RunTime:0.000062s ]
INFO: Run Behavior\CheckLangBehavior [ RunTime:0.000226s ]
INFO: [ app_begin ] --END-- [ RunTime:0.000335s ]
NOTIC: [2] fopen(./Public/logs/2017-09-19.log): failed to open stream: No such file or directory /home/wwwroot/tlwcash/Public/lib/log.php 第 16 行.
SQL: SHOW COLUMNS FROM `t_user` [ RunTime:0.0006s ]
SQL: SELECT * FROM `t_user` WHERE ( uid=44 ) LIMIT 1   [ RunTime:0.0003s ]
SQL: SELECT * FROM `t_user` WHERE ( uid=44 ) LIMIT 1   [ RunTime:0.0002s ]
NOTIC: [8] Use of undefined constant res - assumed 'res' /home/wwwroot/tlwcash/Application/Home/Controller/IndexController.class.php 第 556 行.
INFO: [ view_parse ] --START--
INFO: [ template_filter ] --START--
INFO: Run Behavior\ContentReplaceBehavior [ RunTime:0.000127s ]
INFO: [ template_filter ] --END-- [ RunTime:0.000166s ]
NOTIC: [8] Undefined index: username /home/wwwroot/tlwcash/Application/Runtime/Cache/Home/d0cb037a3a98bb1099fb7c1aa1cd387d.php 第 134 行.
INFO: Run Behavior\ParseTemplateBehavior [ RunTime:0.024158s ]
INFO: [ view_parse ] --END-- [ RunTime:0.024206s ]
INFO: [ view_filter ] --START--
INFO: Run Behavior\WriteHtmlCacheBehavior [ RunTime:0.000075s ]
INFO: [ view_filter ] --END-- [ RunTime:0.000101s ]
INFO: [ app_end ] --START--
INFO: Run Behavior\ShowPageTraceBehavior [ RunTime:0.000073s ]
INFO: [ app_end ] --END-- [ RunTime:0.000111s ]

