[ 2017-07-09T00:13:24+08:00 ] 42.80.193.247 /Public/wap/tubiao/weibo@2x.svg
INFO: [ app_init ] --START--
INFO: Run Behavior\BuildLiteBehavior [ RunTime:0.000016s ]
INFO: [ app_init ] --END-- [ RunTime:0.005972s ]
INFO: [ app_begin ] --START--
INFO: Run Behavior\ReadHtmlCacheBehavior [ RunTime:0.000469s ]
INFO: [ app_begin ] --END-- [ RunTime:0.000521s ]
SQL: SHOW COLUMNS FROM `think_article` [ RunTime:0.0008s ]
SQL: SELECT `tag` FROM `think_article`  [ RunTime:0.0003s ]
INFO: [ view_parse ] --START--
INFO: [ template_filter ] --START--
INFO: Run Behavior\ContentReplaceBehavior [ RunTime:0.000113s ]
INFO: [ template_filter ] --END-- [ RunTime:0.000169s ]
NOTIC: [8] Undefined index: account /home/wwwroot/wechat.tiny-calf.com/Application/Runtime/Cache/Home/2a94b8bda04ff446dcedd42276fc99ee.php 第 247 行.
NOTIC: [8] Use of undefined constant index - assumed 'index' /home/wwwroot/wechat.tiny-calf.com/Application/Runtime/Cache/Home/2a94b8bda04ff446dcedd42276fc99ee.php 第 295 行.
NOTIC: [8] Use of undefined constant index - assumed 'index' /home/wwwroot/wechat.tiny-calf.com/Application/Runtime/Cache/Home/2a94b8bda04ff446dcedd42276fc99ee.php 第 296 行.
NOTIC: [8] Use of undefined constant index - assumed 'index' /home/wwwroot/wechat.tiny-calf.com/Application/Runtime/Cache/Home/2a94b8bda04ff446dcedd42276fc99ee.php 第 320 行.
NOTIC: [8] Use of undefined constant index - assumed 'index' /home/wwwroot/wechat.tiny-calf.com/Application/Runtime/Cache/Home/2a94b8bda04ff446dcedd42276fc99ee.php 第 321 行.
INFO: Run Behavior\ParseTemplateBehavior [ RunTime:0.029211s ]
INFO: [ view_parse ] --END-- [ RunTime:0.029260s ]
INFO: [ view_filter ] --START--
INFO: Run Behavior\WriteHtmlCacheBehavior [ RunTime:0.000228s ]
INFO: [ view_filter ] --END-- [ RunTime:0.000271s ]
INFO: 
INFO: 
INFO: 

[ 2017-07-09T00:13:24+08:00 ] 42.80.193.247 /Public/wap/tubiao/wechat@2x.svg
INFO: [ app_init ] --START--
INFO: Run Behavior\BuildLiteBehavior [ RunTime:0.000016s ]
INFO: [ app_init ] --END-- [ RunTime:0.000376s ]
INFO: [ app_begin ] --START--
INFO: Run Behavior\ReadHtmlCacheBehavior [ RunTime:0.000452s ]
INFO: [ app_begin ] --END-- [ RunTime:0.000504s ]
SQL: SHOW COLUMNS FROM `think_article` [ RunTime:0.0008s ]
SQL: SELECT `tag` FROM `think_article`  [ RunTime:0.0003s ]
INFO: [ view_parse ] --START--
INFO: [ template_filter ] --START--
INFO: Run Behavior\ContentReplaceBehavior [ RunTime:0.000109s ]
INFO: [ template_filter ] --END-- [ RunTime:0.000167s ]
NOTIC: [8] Undefined index: account /home/wwwroot/wechat.tiny-calf.com/Application/Runtime/Cache/Home/2a94b8bda04ff446dcedd42276fc99ee.php 第 247 行.
NOTIC: [8] Use of undefined constant index - assumed 'index' /home/wwwroot/wechat.tiny-calf.com/Application/Runtime/Cache/Home/2a94b8bda04ff446dcedd42276fc99ee.php 第 295 行.
NOTIC: [8] Use of undefined constant index - assumed 'index' /home/wwwroot/wechat.tiny-calf.com/Application/Runtime/Cache/Home/2a94b8bda04ff446dcedd42276fc99ee.php 第 296 行.
NOTIC: [8] Use of undefined constant index - assumed 'index' /home/wwwroot/wechat.tiny-calf.com/Application/Runtime/Cache/Home/2a94b8bda04ff446dcedd42276fc99ee.php 第 320 行.
NOTIC: [8] Use of undefined constant index - assumed 'index' /home/wwwroot/wechat.tiny-calf.com/Application/Runtime/Cache/Home/2a94b8bda04ff446dcedd42276fc99ee.php 第 321 行.
INFO: Run Behavior\ParseTemplateBehavior [ RunTime:0.023711s ]
INFO: [ view_parse ] --END-- [ RunTime:0.023760s ]
INFO: [ view_filter ] --START--
INFO: Run Behavior\WriteHtmlCacheBehavior [ RunTime:0.000235s ]
INFO: [ view_filter ] --END-- [ RunTime:0.000279s ]
INFO: 
INFO: 
INFO: 

[ 2017-07-09T00:13:25+08:00 ] 42.80.193.247 /Public/wap/tubiao/qq@2x.svg
INFO: [ app_init ] --START--
INFO: Run Behavior\BuildLiteBehavior [ RunTime:0.000015s ]
INFO: [ app_init ] --END-- [ RunTime:0.000352s ]
INFO: [ app_begin ] --START--
INFO: Run Behavior\ReadHtmlCacheBehavior [ RunTime:0.000464s ]
INFO: [ app_begin ] --END-- [ RunTime:0.006224s ]
SQL: SHOW COLUMNS FROM `think_article` [ RunTime:0.0007s ]
SQL: SELECT `tag` FROM `think_article`  [ RunTime:0.0003s ]
INFO: [ view_parse ] --START--
INFO: [ template_filter ] --START--
INFO: Run Behavior\ContentReplaceBehavior [ RunTime:0.000101s ]
INFO: [ template_filter ] --END-- [ RunTime:0.000156s ]
NOTIC: [8] Undefined index: account /home/wwwroot/wechat.tiny-calf.com/Application/Runtime/Cache/Home/2a94b8bda04ff446dcedd42276fc99ee.php 第 247 行.
NOTIC: [8] Use of undefined constant index - assumed 'index' /home/wwwroot/wechat.tiny-calf.com/Application/Runtime/Cache/Home/2a94b8bda04ff446dcedd42276fc99ee.php 第 295 行.
NOTIC: [8] Use of undefined constant index - assumed 'index' /home/wwwroot/wechat.tiny-calf.com/Application/Runtime/Cache/Home/2a94b8bda04ff446dcedd42276fc99ee.php 第 296 行.
NOTIC: [8] Use of undefined constant index - assumed 'index' /home/wwwroot/wechat.tiny-calf.com/Application/Runtime/Cache/Home/2a94b8bda04ff446dcedd42276fc99ee.php 第 320 行.
NOTIC: [8] Use of undefined constant index - assumed 'index' /home/wwwroot/wechat.tiny-calf.com/Application/Runtime/Cache/Home/2a94b8bda04ff446dcedd42276fc99ee.php 第 321 行.
INFO: Run Behavior\ParseTemplateBehavior [ RunTime:0.023568s ]
INFO: [ view_parse ] --END-- [ RunTime:0.023617s ]
INFO: [ view_filter ] --START--
INFO: Run Behavior\WriteHtmlCacheBehavior [ RunTime:0.000232s ]
INFO: [ view_filter ] --END-- [ RunTime:0.000274s ]
INFO: 
INFO: 
INFO: 

[ 2017-07-09T00:13:28+08:00 ] 42.80.193.247 /Public/wap/tubiao/phone@2x.svg
INFO: [ app_init ] --START--
INFO: Run Behavior\BuildLiteBehavior [ RunTime:0.000015s ]
INFO: [ app_init ] --END-- [ RunTime:0.000333s ]
INFO: [ app_begin ] --START--
INFO: Run Behavior\ReadHtmlCacheBehavior [ RunTime:0.000455s ]
INFO: [ app_begin ] --END-- [ RunTime:0.000508s ]
SQL: SHOW COLUMNS FROM `think_article` [ RunTime:0.0007s ]
SQL: SELECT `tag` FROM `think_article`  [ RunTime:0.0003s ]
INFO: [ view_parse ] --START--
INFO: [ template_filter ] --START--
INFO: Run Behavior\ContentReplaceBehavior [ RunTime:0.000102s ]
INFO: [ template_filter ] --END-- [ RunTime:0.000158s ]
NOTIC: [8] Undefined index: account /home/wwwroot/wechat.tiny-calf.com/Application/Runtime/Cache/Home/2a94b8bda04ff446dcedd42276fc99ee.php 第 247 行.
NOTIC: [8] Use of undefined constant index - assumed 'index' /home/wwwroot/wechat.tiny-calf.com/Application/Runtime/Cache/Home/2a94b8bda04ff446dcedd42276fc99ee.php 第 295 行.
NOTIC: [8] Use of undefined constant index - assumed 'index' /home/wwwroot/wechat.tiny-calf.com/Application/Runtime/Cache/Home/2a94b8bda04ff446dcedd42276fc99ee.php 第 296 行.
NOTIC: [8] Use of undefined constant index - assumed 'index' /home/wwwroot/wechat.tiny-calf.com/Application/Runtime/Cache/Home/2a94b8bda04ff446dcedd42276fc99ee.php 第 320 行.
NOTIC: [8] Use of undefined constant index - assumed 'index' /home/wwwroot/wechat.tiny-calf.com/Application/Runtime/Cache/Home/2a94b8bda04ff446dcedd42276fc99ee.php 第 321 行.
INFO: Run Behavior\ParseTemplateBehavior [ RunTime:0.033945s ]
INFO: [ view_parse ] --END-- [ RunTime:0.033994s ]
INFO: [ view_filter ] --START--
INFO: Run Behavior\WriteHtmlCacheBehavior [ RunTime:0.000220s ]
INFO: [ view_filter ] --END-- [ RunTime:0.000261s ]
INFO: 
INFO: 
INFO: 

[ 2017-07-09T13:59:42+08:00 ] 42.80.193.241 /index.php?a=home
INFO: [ app_init ] --START--
INFO: Run Behavior\BuildLiteBehavior [ RunTime:0.000016s ]
INFO: [ app_init ] --END-- [ RunTime:0.000679s ]
INFO: [ app_begin ] --START--
INFO: Run Behavior\ReadHtmlCacheBehavior [ RunTime:0.000456s ]
INFO: [ app_begin ] --END-- [ RunTime:0.000507s ]
SQL: SHOW COLUMNS FROM `think_article` [ RunTime:0.0007s ]
SQL: SELECT `tag` FROM `think_article`  [ RunTime:0.0004s ]
SQL: SELECT * FROM `think_article` ORDER BY create_time desc LIMIT 2   [ RunTime:0.0003s ]
INFO: [ view_parse ] --START--
INFO: [ template_filter ] --START--
INFO: Run Behavior\ContentReplaceBehavior [ RunTime:0.000297s ]
INFO: [ template_filter ] --END-- [ RunTime:0.000368s ]
NOTIC: [8] Undefined index: account /home/wwwroot/wechat.tiny-calf.com/Application/Runtime/Cache/Home/39b332e5f8883cb2938d6d989e0f6c27.php 第 375 行.
NOTIC: [8] Use of undefined constant home - assumed 'home' /home/wwwroot/wechat.tiny-calf.com/Application/Runtime/Cache/Home/39b332e5f8883cb2938d6d989e0f6c27.php 第 423 行.
NOTIC: [8] Use of undefined constant home - assumed 'home' /home/wwwroot/wechat.tiny-calf.com/Application/Runtime/Cache/Home/39b332e5f8883cb2938d6d989e0f6c27.php 第 424 行.
NOTIC: [8] Use of undefined constant home - assumed 'home' /home/wwwroot/wechat.tiny-calf.com/Application/Runtime/Cache/Home/39b332e5f8883cb2938d6d989e0f6c27.php 第 448 行.
NOTIC: [8] Use of undefined constant home - assumed 'home' /home/wwwroot/wechat.tiny-calf.com/Application/Runtime/Cache/Home/39b332e5f8883cb2938d6d989e0f6c27.php 第 449 行.
NOTIC: [8] Use of undefined constant id - assumed 'id' /home/wwwroot/wechat.tiny-calf.com/Application/Runtime/Cache/Home/39b332e5f8883cb2938d6d989e0f6c27.php 第 729 行.
NOTIC: [8] Use of undefined constant id - assumed 'id' /home/wwwroot/wechat.tiny-calf.com/Application/Runtime/Cache/Home/39b332e5f8883cb2938d6d989e0f6c27.php 第 758 行.
INFO: Run Behavior\ParseTemplateBehavior [ RunTime:0.069542s ]
INFO: [ view_parse ] --END-- [ RunTime:0.069594s ]
INFO: [ view_filter ] --START--
INFO: Run Behavior\WriteHtmlCacheBehavior [ RunTime:0.000402s ]
INFO: [ view_filter ] --END-- [ RunTime:0.000467s ]
INFO: [ app_end ] --START--
INFO: Run Behavior\ShowPageTraceBehavior [ RunTime:0.000496s ]
INFO: [ app_end ] --END-- [ RunTime:0.000544s ]

[ 2017-07-09T13:59:45+08:00 ] 42.80.193.241 /Public/wap/tubiao/weibo1@2x.svg
INFO: [ app_init ] --START--
INFO: Run Behavior\BuildLiteBehavior [ RunTime:0.000015s ]
INFO: [ app_init ] --END-- [ RunTime:0.000345s ]
INFO: [ app_begin ] --START--
INFO: Run Behavior\ReadHtmlCacheBehavior [ RunTime:0.000454s ]
INFO: [ app_begin ] --END-- [ RunTime:0.000508s ]
SQL: SHOW COLUMNS FROM `think_article` [ RunTime:0.0007s ]
SQL: SELECT `tag` FROM `think_article`  [ RunTime:0.0003s ]
INFO: [ view_parse ] --START--
INFO: [ template_filter ] --START--
INFO: Run Behavior\ContentReplaceBehavior [ RunTime:0.000113s ]
INFO: [ template_filter ] --END-- [ RunTime:0.000175s ]
NOTIC: [8] Undefined index: account /home/wwwroot/wechat.tiny-calf.com/Application/Runtime/Cache/Home/2a94b8bda04ff446dcedd42276fc99ee.php 第 247 行.
NOTIC: [8] Use of undefined constant index - assumed 'index' /home/wwwroot/wechat.tiny-calf.com/Application/Runtime/Cache/Home/2a94b8bda04ff446dcedd42276fc99ee.php 第 295 行.
NOTIC: [8] Use of undefined constant index - assumed 'index' /home/wwwroot/wechat.tiny-calf.com/Application/Runtime/Cache/Home/2a94b8bda04ff446dcedd42276fc99ee.php 第 296 行.
NOTIC: [8] Use of undefined constant index - assumed 'index' /home/wwwroot/wechat.tiny-calf.com/Application/Runtime/Cache/Home/2a94b8bda04ff446dcedd42276fc99ee.php 第 320 行.
NOTIC: [8] Use of undefined constant index - assumed 'index' /home/wwwroot/wechat.tiny-calf.com/Application/Runtime/Cache/Home/2a94b8bda04ff446dcedd42276fc99ee.php 第 321 行.
INFO: Run Behavior\ParseTemplateBehavior [ RunTime:0.022851s ]
INFO: [ view_parse ] --END-- [ RunTime:0.022899s ]
INFO: [ view_filter ] --START--
INFO: Run Behavior\WriteHtmlCacheBehavior [ RunTime:0.000220s ]
INFO: [ view_filter ] --END-- [ RunTime:0.000275s ]
INFO: 
INFO: 
INFO: 

[ 2017-07-09T13:59:45+08:00 ] 42.80.193.241 /Public/wap/tubiao/wechat1@2x.svg
INFO: [ app_init ] --START--
INFO: Run Behavior\BuildLiteBehavior [ RunTime:0.000014s ]
INFO: [ app_init ] --END-- [ RunTime:0.000346s ]
INFO: [ app_begin ] --START--
INFO: Run Behavior\ReadHtmlCacheBehavior [ RunTime:0.000448s ]
INFO: [ app_begin ] --END-- [ RunTime:0.000500s ]
SQL: SHOW COLUMNS FROM `think_article` [ RunTime:0.0007s ]
SQL: SELECT `tag` FROM `think_article`  [ RunTime:0.0003s ]
INFO: [ view_parse ] --START--
INFO: [ template_filter ] --START--
INFO: Run Behavior\ContentReplaceBehavior [ RunTime:0.005750s ]
INFO: [ template_filter ] --END-- [ RunTime:0.005810s ]
NOTIC: [8] Undefined index: account /home/wwwroot/wechat.tiny-calf.com/Application/Runtime/Cache/Home/2a94b8bda04ff446dcedd42276fc99ee.php 第 247 行.
NOTIC: [8] Use of undefined constant index - assumed 'index' /home/wwwroot/wechat.tiny-calf.com/Application/Runtime/Cache/Home/2a94b8bda04ff446dcedd42276fc99ee.php 第 295 行.
NOTIC: [8] Use of undefined constant index - assumed 'index' /home/wwwroot/wechat.tiny-calf.com/Application/Runtime/Cache/Home/2a94b8bda04ff446dcedd42276fc99ee.php 第 296 行.
NOTIC: [8] Use of undefined constant index - assumed 'index' /home/wwwroot/wechat.tiny-calf.com/Application/Runtime/Cache/Home/2a94b8bda04ff446dcedd42276fc99ee.php 第 320 行.
NOTIC: [8] Use of undefined constant index - assumed 'index' /home/wwwroot/wechat.tiny-calf.com/Application/Runtime/Cache/Home/2a94b8bda04ff446dcedd42276fc99ee.php 第 321 行.
INFO: Run Behavior\ParseTemplateBehavior [ RunTime:0.031748s ]
INFO: [ view_parse ] --END-- [ RunTime:0.031797s ]
INFO: [ view_filter ] --START--
INFO: Run Behavior\WriteHtmlCacheBehavior [ RunTime:0.000225s ]
INFO: [ view_filter ] --END-- [ RunTime:0.000267s ]
INFO: 
INFO: 
INFO: 

[ 2017-07-09T13:59:45+08:00 ] 42.80.193.241 /Public/wap/tubiao/phone1@2x.svg
INFO: [ app_init ] --START--
INFO: Run Behavior\BuildLiteBehavior [ RunTime:0.000015s ]
INFO: [ app_init ] --END-- [ RunTime:0.000361s ]
INFO: [ app_begin ] --START--
INFO: Run Behavior\ReadHtmlCacheBehavior [ RunTime:0.006172s ]
INFO: [ app_begin ] --END-- [ RunTime:0.006228s ]
SQL: SHOW COLUMNS FROM `think_article` [ RunTime:0.0007s ]
SQL: SELECT `tag` FROM `think_article`  [ RunTime:0.0003s ]
INFO: [ view_parse ] --START--
INFO: [ template_filter ] --START--
INFO: Run Behavior\ContentReplaceBehavior [ RunTime:0.000122s ]
INFO: [ template_filter ] --END-- [ RunTime:0.000178s ]
NOTIC: [8] Undefined index: account /home/wwwroot/wechat.tiny-calf.com/Application/Runtime/Cache/Home/2a94b8bda04ff446dcedd42276fc99ee.php 第 247 行.
NOTIC: [8] Use of undefined constant index - assumed 'index' /home/wwwroot/wechat.tiny-calf.com/Application/Runtime/Cache/Home/2a94b8bda04ff446dcedd42276fc99ee.php 第 295 行.
NOTIC: [8] Use of undefined constant index - assumed 'index' /home/wwwroot/wechat.tiny-calf.com/Application/Runtime/Cache/Home/2a94b8bda04ff446dcedd42276fc99ee.php 第 296 行.
NOTIC: [8] Use of undefined constant index - assumed 'index' /home/wwwroot/wechat.tiny-calf.com/Application/Runtime/Cache/Home/2a94b8bda04ff446dcedd42276fc99ee.php 第 320 行.
NOTIC: [8] Use of undefined constant index - assumed 'index' /home/wwwroot/wechat.tiny-calf.com/Application/Runtime/Cache/Home/2a94b8bda04ff446dcedd42276fc99ee.php 第 321 行.
INFO: Run Behavior\ParseTemplateBehavior [ RunTime:0.021941s ]
INFO: [ view_parse ] --END-- [ RunTime:0.021991s ]
INFO: [ view_filter ] --START--
INFO: Run Behavior\WriteHtmlCacheBehavior [ RunTime:0.000230s ]
INFO: [ view_filter ] --END-- [ RunTime:0.000273s ]
INFO: 
INFO: 
INFO: 

[ 2017-07-09T13:59:45+08:00 ] 42.80.193.241 /Public/wap/tubiao/qq1@2x.svg
INFO: [ app_init ] --START--
INFO: Run Behavior\BuildLiteBehavior [ RunTime:0.000016s ]
INFO: [ app_init ] --END-- [ RunTime:0.000355s ]
INFO: [ app_begin ] --START--
INFO: Run Behavior\ReadHtmlCacheBehavior [ RunTime:0.000456s ]
INFO: [ app_begin ] --END-- [ RunTime:0.000507s ]
SQL: SHOW COLUMNS FROM `think_article` [ RunTime:0.0007s ]
SQL: SELECT `tag` FROM `think_article`  [ RunTime:0.0003s ]
INFO: [ view_parse ] --START--
INFO: [ template_filter ] --START--
INFO: Run Behavior\ContentReplaceBehavior [ RunTime:0.000115s ]
INFO: [ template_filter ] --END-- [ RunTime:0.000171s ]
NOTIC: [8] Undefined index: account /home/wwwroot/wechat.tiny-calf.com/Application/Runtime/Cache/Home/2a94b8bda04ff446dcedd42276fc99ee.php 第 247 行.
NOTIC: [8] Use of undefined constant index - assumed 'index' /home/wwwroot/wechat.tiny-calf.com/Application/Runtime/Cache/Home/2a94b8bda04ff446dcedd42276fc99ee.php 第 295 行.
NOTIC: [8] Use of undefined constant index - assumed 'index' /home/wwwroot/wechat.tiny-calf.com/Application/Runtime/Cache/Home/2a94b8bda04ff446dcedd42276fc99ee.php 第 296 行.
NOTIC: [8] Use of undefined constant index - assumed 'index' /home/wwwroot/wechat.tiny-calf.com/Application/Runtime/Cache/Home/2a94b8bda04ff446dcedd42276fc99ee.php 第 320 行.
NOTIC: [8] Use of undefined constant index - assumed 'index' /home/wwwroot/wechat.tiny-calf.com/Application/Runtime/Cache/Home/2a94b8bda04ff446dcedd42276fc99ee.php 第 321 行.
INFO: Run Behavior\ParseTemplateBehavior [ RunTime:0.023391s ]
INFO: [ view_parse ] --END-- [ RunTime:0.023440s ]
INFO: [ view_filter ] --START--
INFO: Run Behavior\WriteHtmlCacheBehavior [ RunTime:0.000289s ]
INFO: [ view_filter ] --END-- [ RunTime:0.006058s ]
INFO: 
INFO: 
INFO: 

[ 2017-07-09T13:59:50+08:00 ] 42.80.193.241 /index.php?a=home
INFO: [ app_init ] --START--
INFO: Run Behavior\BuildLiteBehavior [ RunTime:0.000015s ]
INFO: [ app_init ] --END-- [ RunTime:0.000354s ]
INFO: [ app_begin ] --START--
INFO: Run Behavior\ReadHtmlCacheBehavior [ RunTime:0.000448s ]
INFO: [ app_begin ] --END-- [ RunTime:0.006205s ]
SQL: SHOW COLUMNS FROM `think_article` [ RunTime:0.0007s ]
SQL: SELECT `tag` FROM `think_article`  [ RunTime:0.0003s ]
SQL: SELECT * FROM `think_article` ORDER BY create_time desc LIMIT 2   [ RunTime:0.0004s ]
INFO: [ view_parse ] --START--
INFO: [ template_filter ] --START--
INFO: Run Behavior\ContentReplaceBehavior [ RunTime:0.000247s ]
INFO: [ template_filter ] --END-- [ RunTime:0.000304s ]
NOTIC: [8] Undefined index: account /home/wwwroot/wechat.tiny-calf.com/Application/Runtime/Cache/Home/39b332e5f8883cb2938d6d989e0f6c27.php 第 375 行.
NOTIC: [8] Use of undefined constant home - assumed 'home' /home/wwwroot/wechat.tiny-calf.com/Application/Runtime/Cache/Home/39b332e5f8883cb2938d6d989e0f6c27.php 第 423 行.
NOTIC: [8] Use of undefined constant home - assumed 'home' /home/wwwroot/wechat.tiny-calf.com/Application/Runtime/Cache/Home/39b332e5f8883cb2938d6d989e0f6c27.php 第 424 行.
NOTIC: [8] Use of undefined constant home - assumed 'home' /home/wwwroot/wechat.tiny-calf.com/Application/Runtime/Cache/Home/39b332e5f8883cb2938d6d989e0f6c27.php 第 448 行.
NOTIC: [8] Use of undefined constant home - assumed 'home' /home/wwwroot/wechat.tiny-calf.com/Application/Runtime/Cache/Home/39b332e5f8883cb2938d6d989e0f6c27.php 第 449 行.
NOTIC: [8] Use of undefined constant id - assumed 'id' /home/wwwroot/wechat.tiny-calf.com/Application/Runtime/Cache/Home/39b332e5f8883cb2938d6d989e0f6c27.php 第 729 行.
NOTIC: [8] Use of undefined constant id - assumed 'id' /home/wwwroot/wechat.tiny-calf.com/Application/Runtime/Cache/Home/39b332e5f8883cb2938d6d989e0f6c27.php 第 758 行.
INFO: Run Behavior\ParseTemplateBehavior [ RunTime:0.060679s ]
INFO: [ view_parse ] --END-- [ RunTime:0.060729s ]
INFO: [ view_filter ] --START--
INFO: Run Behavior\WriteHtmlCacheBehavior [ RunTime:0.000218s ]
INFO: [ view_filter ] --END-- [ RunTime:0.000262s ]
INFO: [ app_end ] --START--
INFO: Run Behavior\ShowPageTraceBehavior [ RunTime:0.006232s ]
INFO: [ app_end ] --END-- [ RunTime:0.006280s ]

[ 2017-07-09T13:59:51+08:00 ] 42.80.193.241 /Public/wap/tubiao/weibo1@2x.svg
INFO: [ app_init ] --START--
INFO: Run Behavior\BuildLiteBehavior [ RunTime:0.000028s ]
INFO: [ app_init ] --END-- [ RunTime:0.000356s ]
INFO: [ app_begin ] --START--
INFO: Run Behavior\ReadHtmlCacheBehavior [ RunTime:0.000468s ]
INFO: [ app_begin ] --END-- [ RunTime:0.000533s ]
SQL: SHOW COLUMNS FROM `think_article` [ RunTime:0.0007s ]
SQL: SELECT `tag` FROM `think_article`  [ RunTime:0.0003s ]
INFO: [ view_parse ] --START--
INFO: [ template_filter ] --START--
INFO: Run Behavior\ContentReplaceBehavior [ RunTime:0.000109s ]
INFO: [ template_filter ] --END-- [ RunTime:0.000174s ]
NOTIC: [8] Undefined index: account /home/wwwroot/wechat.tiny-calf.com/Application/Runtime/Cache/Home/2a94b8bda04ff446dcedd42276fc99ee.php 第 247 行.
NOTIC: [8] Use of undefined constant index - assumed 'index' /home/wwwroot/wechat.tiny-calf.com/Application/Runtime/Cache/Home/2a94b8bda04ff446dcedd42276fc99ee.php 第 295 行.
NOTIC: [8] Use of undefined constant index - assumed 'index' /home/wwwroot/wechat.tiny-calf.com/Application/Runtime/Cache/Home/2a94b8bda04ff446dcedd42276fc99ee.php 第 296 行.
NOTIC: [8] Use of undefined constant index - assumed 'index' /home/wwwroot/wechat.tiny-calf.com/Application/Runtime/Cache/Home/2a94b8bda04ff446dcedd42276fc99ee.php 第 320 行.
NOTIC: [8] Use of undefined constant index - assumed 'index' /home/wwwroot/wechat.tiny-calf.com/Application/Runtime/Cache/Home/2a94b8bda04ff446dcedd42276fc99ee.php 第 321 行.
INFO: Run Behavior\ParseTemplateBehavior [ RunTime:0.023367s ]
INFO: [ view_parse ] --END-- [ RunTime:0.023416s ]
INFO: [ view_filter ] --START--
INFO: Run Behavior\WriteHtmlCacheBehavior [ RunTime:0.000215s ]
INFO: [ view_filter ] --END-- [ RunTime:0.000257s ]
INFO: 
INFO: 
INFO: 

[ 2017-07-09T13:59:51+08:00 ] 42.80.193.241 /Public/wap/tubiao/qq1@2x.svg
INFO: [ app_init ] --START--
INFO: Run Behavior\BuildLiteBehavior [ RunTime:0.000015s ]
INFO: [ app_init ] --END-- [ RunTime:0.000346s ]
INFO: [ app_begin ] --START--
INFO: Run Behavior\ReadHtmlCacheBehavior [ RunTime:0.006147s ]
INFO: [ app_begin ] --END-- [ RunTime:0.006199s ]
SQL: SHOW COLUMNS FROM `think_article` [ RunTime:0.0008s ]
SQL: SELECT `tag` FROM `think_article`  [ RunTime:0.0003s ]
INFO: [ view_parse ] --START--
INFO: [ template_filter ] --START--
INFO: Run Behavior\ContentReplaceBehavior [ RunTime:0.000106s ]
INFO: [ template_filter ] --END-- [ RunTime:0.000161s ]
NOTIC: [8] Undefined index: account /home/wwwroot/wechat.tiny-calf.com/Application/Runtime/Cache/Home/2a94b8bda04ff446dcedd42276fc99ee.php 第 247 行.
NOTIC: [8] Use of undefined constant index - assumed 'index' /home/wwwroot/wechat.tiny-calf.com/Application/Runtime/Cache/Home/2a94b8bda04ff446dcedd42276fc99ee.php 第 295 行.
NOTIC: [8] Use of undefined constant index - assumed 'index' /home/wwwroot/wechat.tiny-calf.com/Application/Runtime/Cache/Home/2a94b8bda04ff446dcedd42276fc99ee.php 第 296 行.
NOTIC: [8] Use of undefined constant index - assumed 'index' /home/wwwroot/wechat.tiny-calf.com/Application/Runtime/Cache/Home/2a94b8bda04ff446dcedd42276fc99ee.php 第 320 行.
NOTIC: [8] Use of undefined constant index - assumed 'index' /home/wwwroot/wechat.tiny-calf.com/Application/Runtime/Cache/Home/2a94b8bda04ff446dcedd42276fc99ee.php 第 321 行.
INFO: Run Behavior\ParseTemplateBehavior [ RunTime:0.028623s ]
INFO: [ view_parse ] --END-- [ RunTime:0.028672s ]
INFO: [ view_filter ] --START--
INFO: Run Behavior\WriteHtmlCacheBehavior [ RunTime:0.000222s ]
INFO: [ view_filter ] --END-- [ RunTime:0.000265s ]
INFO: 
INFO: 
INFO: 

[ 2017-07-09T13:59:51+08:00 ] 42.80.193.241 /Public/wap/tubiao/wechat1@2x.svg
INFO: [ app_init ] --START--
INFO: Run Behavior\BuildLiteBehavior [ RunTime:0.000015s ]
INFO: [ app_init ] --END-- [ RunTime:0.000327s ]
INFO: [ app_begin ] --START--
INFO: Run Behavior\ReadHtmlCacheBehavior [ RunTime:0.000475s ]
INFO: [ app_begin ] --END-- [ RunTime:0.000527s ]
SQL: SHOW COLUMNS FROM `think_article` [ RunTime:0.0007s ]
SQL: SELECT `tag` FROM `think_article`  [ RunTime:0.0003s ]
INFO: [ view_parse ] --START--
INFO: [ template_filter ] --START--
INFO: Run Behavior\ContentReplaceBehavior [ RunTime:0.005775s ]
INFO: [ template_filter ] --END-- [ RunTime:0.005833s ]
NOTIC: [8] Undefined index: account /home/wwwroot/wechat.tiny-calf.com/Application/Runtime/Cache/Home/2a94b8bda04ff446dcedd42276fc99ee.php 第 247 行.
NOTIC: [8] Use of undefined constant index - assumed 'index' /home/wwwroot/wechat.tiny-calf.com/Application/Runtime/Cache/Home/2a94b8bda04ff446dcedd42276fc99ee.php 第 295 行.
NOTIC: [8] Use of undefined constant index - assumed 'index' /home/wwwroot/wechat.tiny-calf.com/Application/Runtime/Cache/Home/2a94b8bda04ff446dcedd42276fc99ee.php 第 296 行.
NOTIC: [8] Use of undefined constant index - assumed 'index' /home/wwwroot/wechat.tiny-calf.com/Application/Runtime/Cache/Home/2a94b8bda04ff446dcedd42276fc99ee.php 第 320 行.
NOTIC: [8] Use of undefined constant index - assumed 'index' /home/wwwroot/wechat.tiny-calf.com/Application/Runtime/Cache/Home/2a94b8bda04ff446dcedd42276fc99ee.php 第 321 行.
INFO: Run Behavior\ParseTemplateBehavior [ RunTime:0.023189s ]
INFO: [ view_parse ] --END-- [ RunTime:0.023238s ]
INFO: [ view_filter ] --START--
INFO: Run Behavior\WriteHtmlCacheBehavior [ RunTime:0.000212s ]
INFO: [ view_filter ] --END-- [ RunTime:0.000254s ]
INFO: 
INFO: 
INFO: 

[ 2017-07-09T13:59:51+08:00 ] 42.80.193.241 /Public/wap/tubiao/phone1@2x.svg
INFO: [ app_init ] --START--
INFO: Run Behavior\BuildLiteBehavior [ RunTime:0.000014s ]
INFO: [ app_init ] --END-- [ RunTime:0.000354s ]
INFO: [ app_begin ] --START--
INFO: Run Behavior\ReadHtmlCacheBehavior [ RunTime:0.000446s ]
INFO: [ app_begin ] --END-- [ RunTime:0.000499s ]
SQL: SHOW COLUMNS FROM `think_article` [ RunTime:0.0007s ]
SQL: SELECT `tag` FROM `think_article`  [ RunTime:0.0003s ]
INFO: [ view_parse ] --START--
INFO: [ template_filter ] --START--
INFO: Run Behavior\ContentReplaceBehavior [ RunTime:0.000113s ]
INFO: [ template_filter ] --END-- [ RunTime:0.000167s ]
NOTIC: [8] Undefined index: account /home/wwwroot/wechat.tiny-calf.com/Application/Runtime/Cache/Home/2a94b8bda04ff446dcedd42276fc99ee.php 第 247 行.
NOTIC: [8] Use of undefined constant index - assumed 'index' /home/wwwroot/wechat.tiny-calf.com/Application/Runtime/Cache/Home/2a94b8bda04ff446dcedd42276fc99ee.php 第 295 行.
NOTIC: [8] Use of undefined constant index - assumed 'index' /home/wwwroot/wechat.tiny-calf.com/Application/Runtime/Cache/Home/2a94b8bda04ff446dcedd42276fc99ee.php 第 296 行.
NOTIC: [8] Use of undefined constant index - assumed 'index' /home/wwwroot/wechat.tiny-calf.com/Application/Runtime/Cache/Home/2a94b8bda04ff446dcedd42276fc99ee.php 第 320 行.
NOTIC: [8] Use of undefined constant index - assumed 'index' /home/wwwroot/wechat.tiny-calf.com/Application/Runtime/Cache/Home/2a94b8bda04ff446dcedd42276fc99ee.php 第 321 行.
INFO: Run Behavior\ParseTemplateBehavior [ RunTime:0.029386s ]
INFO: [ view_parse ] --END-- [ RunTime:0.029437s ]
INFO: [ view_filter ] --START--
INFO: Run Behavior\WriteHtmlCacheBehavior [ RunTime:0.000258s ]
INFO: [ view_filter ] --END-- [ RunTime:0.000301s ]
INFO: 
INFO: 
INFO: 

