[ 2017-07-23T01:08:58+08:00 ] 42.80.193.211 /favicon.ico
INFO: [ app_init ] --START--
INFO: Run Behavior\BuildLiteBehavior [ RunTime:0.000015s ]
INFO: [ app_init ] --END-- [ RunTime:0.000075s ]
INFO: [ app_begin ] --START--
INFO: Run Behavior\ReadHtmlCacheBehavior [ RunTime:0.000500s ]
INFO: Run Behavior\CheckLangBehavior [ RunTime:0.000326s ]
INFO: [ app_begin ] --END-- [ RunTime:0.000909s ]
SQL: SHOW COLUMNS FROM `think_article` [ RunTime:0.0007s ]
SQL: SELECT `tag` FROM `think_article`  [ RunTime:0.0003s ]
INFO: [ view_parse ] --START--
INFO: [ template_filter ] --START--
INFO: Run Behavior\ContentReplaceBehavior [ RunTime:0.000129s ]
INFO: [ template_filter ] --END-- [ RunTime:0.000185s ]
NOTIC: [8] Use of undefined constant index - assumed 'index' /home/wwwroot/wechat.tiny-calf.com/Application/Runtime/Cache/Home/2a94b8bda04ff446dcedd42276fc99ee.php 第 158 行.
NOTIC: [8] Undefined index: account /home/wwwroot/wechat.tiny-calf.com/Application/Runtime/Cache/Home/2a94b8bda04ff446dcedd42276fc99ee.php 第 309 行.
NOTIC: [8] Undefined index: account /home/wwwroot/wechat.tiny-calf.com/Application/Runtime/Cache/Home/2a94b8bda04ff446dcedd42276fc99ee.php 第 310 行.
NOTIC: [8] Undefined index: account /home/wwwroot/wechat.tiny-calf.com/Application/Runtime/Cache/Home/2a94b8bda04ff446dcedd42276fc99ee.php 第 313 行.
NOTIC: [8] Use of undefined constant index - assumed 'index' /home/wwwroot/wechat.tiny-calf.com/Application/Runtime/Cache/Home/2a94b8bda04ff446dcedd42276fc99ee.php 第 361 行.
NOTIC: [8] Use of undefined constant index - assumed 'index' /home/wwwroot/wechat.tiny-calf.com/Application/Runtime/Cache/Home/2a94b8bda04ff446dcedd42276fc99ee.php 第 362 行.
NOTIC: [8] Use of undefined constant index - assumed 'index' /home/wwwroot/wechat.tiny-calf.com/Application/Runtime/Cache/Home/2a94b8bda04ff446dcedd42276fc99ee.php 第 386 行.
NOTIC: [8] Use of undefined constant index - assumed 'index' /home/wwwroot/wechat.tiny-calf.com/Application/Runtime/Cache/Home/2a94b8bda04ff446dcedd42276fc99ee.php 第 387 行.
NOTIC: [8] Use of undefined constant index - assumed 'index' /home/wwwroot/wechat.tiny-calf.com/Application/Runtime/Cache/Home/2a94b8bda04ff446dcedd42276fc99ee.php 第 429 行.
NOTIC: [8] Use of undefined constant index - assumed 'index' /home/wwwroot/wechat.tiny-calf.com/Application/Runtime/Cache/Home/2a94b8bda04ff446dcedd42276fc99ee.php 第 430 行.
INFO: Run Behavior\ParseTemplateBehavior [ RunTime:0.026232s ]
INFO: [ view_parse ] --END-- [ RunTime:0.026281s ]
INFO: [ view_filter ] --START--
INFO: Run Behavior\WriteHtmlCacheBehavior [ RunTime:0.000443s ]
INFO: [ view_filter ] --END-- [ RunTime:0.000487s ]
INFO: [ app_end ] --START--
INFO: Run Behavior\ShowPageTraceBehavior [ RunTime:0.000627s ]
INFO: [ app_end ] --END-- [ RunTime:0.000676s ]

[ 2017-07-23T01:13:48+08:00 ] 42.80.193.211 /favicon.ico
INFO: [ app_init ] --START--
INFO: Run Behavior\BuildLiteBehavior [ RunTime:0.000014s ]
INFO: [ app_init ] --END-- [ RunTime:0.000098s ]
INFO: [ app_begin ] --START--
INFO: Run Behavior\ReadHtmlCacheBehavior [ RunTime:0.000453s ]
INFO: Run Behavior\CheckLangBehavior [ RunTime:0.000305s ]
INFO: [ app_begin ] --END-- [ RunTime:0.000868s ]
SQL: SHOW COLUMNS FROM `think_article` [ RunTime:0.0008s ]
SQL: SELECT `tag` FROM `think_article`  [ RunTime:0.0003s ]
INFO: [ view_parse ] --START--
INFO: [ template_filter ] --START--
INFO: Run Behavior\ContentReplaceBehavior [ RunTime:0.005841s ]
INFO: [ template_filter ] --END-- [ RunTime:0.005912s ]
NOTIC: [8] Use of undefined constant index - assumed 'index' /home/wwwroot/wechat.tiny-calf.com/Application/Runtime/Cache/Home/2a94b8bda04ff446dcedd42276fc99ee.php 第 158 行.
NOTIC: [8] Undefined index: account /home/wwwroot/wechat.tiny-calf.com/Application/Runtime/Cache/Home/2a94b8bda04ff446dcedd42276fc99ee.php 第 309 行.
NOTIC: [8] Undefined index: account /home/wwwroot/wechat.tiny-calf.com/Application/Runtime/Cache/Home/2a94b8bda04ff446dcedd42276fc99ee.php 第 310 行.
NOTIC: [8] Undefined index: account /home/wwwroot/wechat.tiny-calf.com/Application/Runtime/Cache/Home/2a94b8bda04ff446dcedd42276fc99ee.php 第 313 行.
NOTIC: [8] Use of undefined constant index - assumed 'index' /home/wwwroot/wechat.tiny-calf.com/Application/Runtime/Cache/Home/2a94b8bda04ff446dcedd42276fc99ee.php 第 361 行.
NOTIC: [8] Use of undefined constant index - assumed 'index' /home/wwwroot/wechat.tiny-calf.com/Application/Runtime/Cache/Home/2a94b8bda04ff446dcedd42276fc99ee.php 第 362 行.
NOTIC: [8] Use of undefined constant index - assumed 'index' /home/wwwroot/wechat.tiny-calf.com/Application/Runtime/Cache/Home/2a94b8bda04ff446dcedd42276fc99ee.php 第 386 行.
NOTIC: [8] Use of undefined constant index - assumed 'index' /home/wwwroot/wechat.tiny-calf.com/Application/Runtime/Cache/Home/2a94b8bda04ff446dcedd42276fc99ee.php 第 387 行.
NOTIC: [8] Use of undefined constant index - assumed 'index' /home/wwwroot/wechat.tiny-calf.com/Application/Runtime/Cache/Home/2a94b8bda04ff446dcedd42276fc99ee.php 第 429 行.
NOTIC: [8] Use of undefined constant index - assumed 'index' /home/wwwroot/wechat.tiny-calf.com/Application/Runtime/Cache/Home/2a94b8bda04ff446dcedd42276fc99ee.php 第 430 行.
INFO: Run Behavior\ParseTemplateBehavior [ RunTime:0.032038s ]
INFO: [ view_parse ] --END-- [ RunTime:0.032089s ]
INFO: [ view_filter ] --START--
INFO: Run Behavior\WriteHtmlCacheBehavior [ RunTime:0.000226s ]
INFO: [ view_filter ] --END-- [ RunTime:0.000268s ]
INFO: [ app_end ] --START--
INFO: Run Behavior\ShowPageTraceBehavior [ RunTime:0.000511s ]
INFO: [ app_end ] --END-- [ RunTime:0.000557s ]

[ 2017-07-23T01:14:34+08:00 ] 42.80.193.211 /favicon.ico
INFO: [ app_init ] --START--
INFO: Run Behavior\BuildLiteBehavior [ RunTime:0.000014s ]
INFO: [ app_init ] --END-- [ RunTime:0.000068s ]
INFO: [ app_begin ] --START--
INFO: Run Behavior\ReadHtmlCacheBehavior [ RunTime:0.000461s ]
INFO: Run Behavior\CheckLangBehavior [ RunTime:0.006022s ]
INFO: [ app_begin ] --END-- [ RunTime:0.006565s ]
SQL: SHOW COLUMNS FROM `think_article` [ RunTime:0.0007s ]
SQL: SELECT `tag` FROM `think_article`  [ RunTime:0.0003s ]
INFO: [ view_parse ] --START--
INFO: [ template_filter ] --START--
INFO: Run Behavior\ContentReplaceBehavior [ RunTime:0.000128s ]
INFO: [ template_filter ] --END-- [ RunTime:0.000185s ]
NOTIC: [8] Use of undefined constant index - assumed 'index' /home/wwwroot/wechat.tiny-calf.com/Application/Runtime/Cache/Home/2a94b8bda04ff446dcedd42276fc99ee.php 第 158 行.
NOTIC: [8] Undefined index: account /home/wwwroot/wechat.tiny-calf.com/Application/Runtime/Cache/Home/2a94b8bda04ff446dcedd42276fc99ee.php 第 309 行.
NOTIC: [8] Undefined index: account /home/wwwroot/wechat.tiny-calf.com/Application/Runtime/Cache/Home/2a94b8bda04ff446dcedd42276fc99ee.php 第 310 行.
NOTIC: [8] Undefined index: account /home/wwwroot/wechat.tiny-calf.com/Application/Runtime/Cache/Home/2a94b8bda04ff446dcedd42276fc99ee.php 第 313 行.
NOTIC: [8] Use of undefined constant index - assumed 'index' /home/wwwroot/wechat.tiny-calf.com/Application/Runtime/Cache/Home/2a94b8bda04ff446dcedd42276fc99ee.php 第 361 行.
NOTIC: [8] Use of undefined constant index - assumed 'index' /home/wwwroot/wechat.tiny-calf.com/Application/Runtime/Cache/Home/2a94b8bda04ff446dcedd42276fc99ee.php 第 362 行.
NOTIC: [8] Use of undefined constant index - assumed 'index' /home/wwwroot/wechat.tiny-calf.com/Application/Runtime/Cache/Home/2a94b8bda04ff446dcedd42276fc99ee.php 第 386 行.
NOTIC: [8] Use of undefined constant index - assumed 'index' /home/wwwroot/wechat.tiny-calf.com/Application/Runtime/Cache/Home/2a94b8bda04ff446dcedd42276fc99ee.php 第 387 行.
NOTIC: [8] Use of undefined constant index - assumed 'index' /home/wwwroot/wechat.tiny-calf.com/Application/Runtime/Cache/Home/2a94b8bda04ff446dcedd42276fc99ee.php 第 429 行.
NOTIC: [8] Use of undefined constant index - assumed 'index' /home/wwwroot/wechat.tiny-calf.com/Application/Runtime/Cache/Home/2a94b8bda04ff446dcedd42276fc99ee.php 第 430 行.
INFO: Run Behavior\ParseTemplateBehavior [ RunTime:0.031827s ]
INFO: [ view_parse ] --END-- [ RunTime:0.031875s ]
INFO: [ view_filter ] --START--
INFO: Run Behavior\WriteHtmlCacheBehavior [ RunTime:0.000222s ]
INFO: [ view_filter ] --END-- [ RunTime:0.000264s ]
INFO: [ app_end ] --START--
INFO: Run Behavior\ShowPageTraceBehavior [ RunTime:0.000790s ]
INFO: [ app_end ] --END-- [ RunTime:0.000837s ]

[ 2017-07-23T01:14:36+08:00 ] 42.80.193.211 /favicon.ico
INFO: [ app_init ] --START--
INFO: Run Behavior\BuildLiteBehavior [ RunTime:0.000013s ]
INFO: [ app_init ] --END-- [ RunTime:0.000069s ]
INFO: [ app_begin ] --START--
INFO: Run Behavior\ReadHtmlCacheBehavior [ RunTime:0.000448s ]
INFO: Run Behavior\CheckLangBehavior [ RunTime:0.000319s ]
INFO: [ app_begin ] --END-- [ RunTime:0.000885s ]
SQL: SHOW COLUMNS FROM `think_article` [ RunTime:0.0007s ]
SQL: SELECT `tag` FROM `think_article`  [ RunTime:0.0003s ]
INFO: [ view_parse ] --START--
INFO: [ template_filter ] --START--
INFO: Run Behavior\ContentReplaceBehavior [ RunTime:0.000143s ]
INFO: [ template_filter ] --END-- [ RunTime:0.000202s ]
NOTIC: [8] Use of undefined constant index - assumed 'index' /home/wwwroot/wechat.tiny-calf.com/Application/Runtime/Cache/Home/2a94b8bda04ff446dcedd42276fc99ee.php 第 158 行.
NOTIC: [8] Undefined index: account /home/wwwroot/wechat.tiny-calf.com/Application/Runtime/Cache/Home/2a94b8bda04ff446dcedd42276fc99ee.php 第 309 行.
NOTIC: [8] Undefined index: account /home/wwwroot/wechat.tiny-calf.com/Application/Runtime/Cache/Home/2a94b8bda04ff446dcedd42276fc99ee.php 第 310 行.
NOTIC: [8] Undefined index: account /home/wwwroot/wechat.tiny-calf.com/Application/Runtime/Cache/Home/2a94b8bda04ff446dcedd42276fc99ee.php 第 313 行.
NOTIC: [8] Use of undefined constant index - assumed 'index' /home/wwwroot/wechat.tiny-calf.com/Application/Runtime/Cache/Home/2a94b8bda04ff446dcedd42276fc99ee.php 第 361 行.
NOTIC: [8] Use of undefined constant index - assumed 'index' /home/wwwroot/wechat.tiny-calf.com/Application/Runtime/Cache/Home/2a94b8bda04ff446dcedd42276fc99ee.php 第 362 行.
NOTIC: [8] Use of undefined constant index - assumed 'index' /home/wwwroot/wechat.tiny-calf.com/Application/Runtime/Cache/Home/2a94b8bda04ff446dcedd42276fc99ee.php 第 386 行.
NOTIC: [8] Use of undefined constant index - assumed 'index' /home/wwwroot/wechat.tiny-calf.com/Application/Runtime/Cache/Home/2a94b8bda04ff446dcedd42276fc99ee.php 第 387 行.
NOTIC: [8] Use of undefined constant index - assumed 'index' /home/wwwroot/wechat.tiny-calf.com/Application/Runtime/Cache/Home/2a94b8bda04ff446dcedd42276fc99ee.php 第 429 行.
NOTIC: [8] Use of undefined constant index - assumed 'index' /home/wwwroot/wechat.tiny-calf.com/Application/Runtime/Cache/Home/2a94b8bda04ff446dcedd42276fc99ee.php 第 430 行.
INFO: Run Behavior\ParseTemplateBehavior [ RunTime:0.033444s ]
INFO: [ view_parse ] --END-- [ RunTime:0.033493s ]
INFO: [ view_filter ] --START--
INFO: Run Behavior\WriteHtmlCacheBehavior [ RunTime:0.000220s ]
INFO: [ view_filter ] --END-- [ RunTime:0.000277s ]
INFO: [ app_end ] --START--
INFO: Run Behavior\ShowPageTraceBehavior [ RunTime:0.000524s ]
INFO: [ app_end ] --END-- [ RunTime:0.000570s ]

[ 2017-07-23T01:18:50+08:00 ] 42.80.193.211 /favicon.ico
INFO: [ app_init ] --START--
INFO: Run Behavior\BuildLiteBehavior [ RunTime:0.000013s ]
INFO: [ app_init ] --END-- [ RunTime:0.000068s ]
INFO: [ app_begin ] --START--
INFO: Run Behavior\ReadHtmlCacheBehavior [ RunTime:0.000471s ]
INFO: Run Behavior\CheckLangBehavior [ RunTime:0.000311s ]
INFO: [ app_begin ] --END-- [ RunTime:0.000882s ]
SQL: SHOW COLUMNS FROM `think_article` [ RunTime:0.0016s ]
SQL: SELECT `tag` FROM `think_article`  [ RunTime:0.0003s ]
INFO: [ view_parse ] --START--
INFO: [ template_filter ] --START--
INFO: Run Behavior\ContentReplaceBehavior [ RunTime:0.000130s ]
INFO: [ template_filter ] --END-- [ RunTime:0.000187s ]
NOTIC: [8] Use of undefined constant index - assumed 'index' /home/wwwroot/wechat.tiny-calf.com/Application/Runtime/Cache/Home/2a94b8bda04ff446dcedd42276fc99ee.php 第 158 行.
NOTIC: [8] Undefined index: account /home/wwwroot/wechat.tiny-calf.com/Application/Runtime/Cache/Home/2a94b8bda04ff446dcedd42276fc99ee.php 第 309 行.
NOTIC: [8] Undefined index: account /home/wwwroot/wechat.tiny-calf.com/Application/Runtime/Cache/Home/2a94b8bda04ff446dcedd42276fc99ee.php 第 310 行.
NOTIC: [8] Undefined index: account /home/wwwroot/wechat.tiny-calf.com/Application/Runtime/Cache/Home/2a94b8bda04ff446dcedd42276fc99ee.php 第 313 行.
NOTIC: [8] Use of undefined constant index - assumed 'index' /home/wwwroot/wechat.tiny-calf.com/Application/Runtime/Cache/Home/2a94b8bda04ff446dcedd42276fc99ee.php 第 361 行.
NOTIC: [8] Use of undefined constant index - assumed 'index' /home/wwwroot/wechat.tiny-calf.com/Application/Runtime/Cache/Home/2a94b8bda04ff446dcedd42276fc99ee.php 第 362 行.
NOTIC: [8] Use of undefined constant index - assumed 'index' /home/wwwroot/wechat.tiny-calf.com/Application/Runtime/Cache/Home/2a94b8bda04ff446dcedd42276fc99ee.php 第 386 行.
NOTIC: [8] Use of undefined constant index - assumed 'index' /home/wwwroot/wechat.tiny-calf.com/Application/Runtime/Cache/Home/2a94b8bda04ff446dcedd42276fc99ee.php 第 387 行.
NOTIC: [8] Use of undefined constant index - assumed 'index' /home/wwwroot/wechat.tiny-calf.com/Application/Runtime/Cache/Home/2a94b8bda04ff446dcedd42276fc99ee.php 第 429 行.
NOTIC: [8] Use of undefined constant index - assumed 'index' /home/wwwroot/wechat.tiny-calf.com/Application/Runtime/Cache/Home/2a94b8bda04ff446dcedd42276fc99ee.php 第 430 行.
INFO: Run Behavior\ParseTemplateBehavior [ RunTime:0.031569s ]
INFO: [ view_parse ] --END-- [ RunTime:0.031616s ]
INFO: [ view_filter ] --START--
INFO: Run Behavior\WriteHtmlCacheBehavior [ RunTime:0.000227s ]
INFO: [ view_filter ] --END-- [ RunTime:0.000269s ]
INFO: [ app_end ] --START--
INFO: Run Behavior\ShowPageTraceBehavior [ RunTime:0.000500s ]
INFO: [ app_end ] --END-- [ RunTime:0.000546s ]

[ 2017-07-23T02:59:14+08:00 ] 42.80.193.211 /favicon.ico
INFO: [ app_init ] --START--
INFO: Run Behavior\BuildLiteBehavior [ RunTime:0.000014s ]
INFO: [ app_init ] --END-- [ RunTime:0.000067s ]
INFO: [ app_begin ] --START--
INFO: Run Behavior\ReadHtmlCacheBehavior [ RunTime:0.000463s ]
INFO: Run Behavior\CheckLangBehavior [ RunTime:0.000307s ]
INFO: [ app_begin ] --END-- [ RunTime:0.000850s ]
SQL: SHOW COLUMNS FROM `think_article` [ RunTime:0.0007s ]
SQL: SELECT `tag` FROM `think_article`  [ RunTime:0.0003s ]
INFO: [ view_parse ] --START--
INFO: [ template_filter ] --START--
INFO: Run Behavior\ContentReplaceBehavior [ RunTime:0.000128s ]
INFO: [ template_filter ] --END-- [ RunTime:0.000184s ]
NOTIC: [8] Use of undefined constant index - assumed 'index' /home/wwwroot/wechat.tiny-calf.com/Application/Runtime/Cache/Home/2a94b8bda04ff446dcedd42276fc99ee.php 第 158 行.
NOTIC: [8] Undefined index: account /home/wwwroot/wechat.tiny-calf.com/Application/Runtime/Cache/Home/2a94b8bda04ff446dcedd42276fc99ee.php 第 309 行.
NOTIC: [8] Undefined index: account /home/wwwroot/wechat.tiny-calf.com/Application/Runtime/Cache/Home/2a94b8bda04ff446dcedd42276fc99ee.php 第 310 行.
NOTIC: [8] Undefined index: account /home/wwwroot/wechat.tiny-calf.com/Application/Runtime/Cache/Home/2a94b8bda04ff446dcedd42276fc99ee.php 第 313 行.
NOTIC: [8] Use of undefined constant index - assumed 'index' /home/wwwroot/wechat.tiny-calf.com/Application/Runtime/Cache/Home/2a94b8bda04ff446dcedd42276fc99ee.php 第 361 行.
NOTIC: [8] Use of undefined constant index - assumed 'index' /home/wwwroot/wechat.tiny-calf.com/Application/Runtime/Cache/Home/2a94b8bda04ff446dcedd42276fc99ee.php 第 362 行.
NOTIC: [8] Use of undefined constant index - assumed 'index' /home/wwwroot/wechat.tiny-calf.com/Application/Runtime/Cache/Home/2a94b8bda04ff446dcedd42276fc99ee.php 第 386 行.
NOTIC: [8] Use of undefined constant index - assumed 'index' /home/wwwroot/wechat.tiny-calf.com/Application/Runtime/Cache/Home/2a94b8bda04ff446dcedd42276fc99ee.php 第 387 行.
NOTIC: [8] Use of undefined constant index - assumed 'index' /home/wwwroot/wechat.tiny-calf.com/Application/Runtime/Cache/Home/2a94b8bda04ff446dcedd42276fc99ee.php 第 429 行.
NOTIC: [8] Use of undefined constant index - assumed 'index' /home/wwwroot/wechat.tiny-calf.com/Application/Runtime/Cache/Home/2a94b8bda04ff446dcedd42276fc99ee.php 第 430 行.
INFO: Run Behavior\ParseTemplateBehavior [ RunTime:0.031571s ]
INFO: [ view_parse ] --END-- [ RunTime:0.031619s ]
INFO: [ view_filter ] --START--
INFO: Run Behavior\WriteHtmlCacheBehavior [ RunTime:0.000232s ]
INFO: [ view_filter ] --END-- [ RunTime:0.000274s ]
INFO: [ app_end ] --START--
INFO: Run Behavior\ShowPageTraceBehavior [ RunTime:0.000480s ]
INFO: [ app_end ] --END-- [ RunTime:0.000528s ]

[ 2017-07-23T13:47:49+08:00 ] 42.80.193.206 /favicon.ico
INFO: [ app_init ] --START--
INFO: Run Behavior\BuildLiteBehavior [ RunTime:0.000013s ]
INFO: [ app_init ] --END-- [ RunTime:0.000069s ]
INFO: [ app_begin ] --START--
INFO: Run Behavior\ReadHtmlCacheBehavior [ RunTime:0.000484s ]
INFO: Run Behavior\CheckLangBehavior [ RunTime:0.000305s ]
INFO: [ app_begin ] --END-- [ RunTime:0.000872s ]
SQL: SHOW COLUMNS FROM `think_article` [ RunTime:0.0007s ]
SQL: SELECT `tag` FROM `think_article`  [ RunTime:0.0003s ]
INFO: [ view_parse ] --START--
INFO: [ template_filter ] --START--
INFO: Run Behavior\ContentReplaceBehavior [ RunTime:0.000129s ]
INFO: [ template_filter ] --END-- [ RunTime:0.000188s ]
NOTIC: [8] Use of undefined constant index - assumed 'index' /home/wwwroot/wechat.tiny-calf.com/Application/Runtime/Cache/Home/2a94b8bda04ff446dcedd42276fc99ee.php 第 158 行.
NOTIC: [8] Undefined index: account /home/wwwroot/wechat.tiny-calf.com/Application/Runtime/Cache/Home/2a94b8bda04ff446dcedd42276fc99ee.php 第 309 行.
NOTIC: [8] Undefined index: account /home/wwwroot/wechat.tiny-calf.com/Application/Runtime/Cache/Home/2a94b8bda04ff446dcedd42276fc99ee.php 第 310 行.
NOTIC: [8] Undefined index: account /home/wwwroot/wechat.tiny-calf.com/Application/Runtime/Cache/Home/2a94b8bda04ff446dcedd42276fc99ee.php 第 313 行.
NOTIC: [8] Use of undefined constant index - assumed 'index' /home/wwwroot/wechat.tiny-calf.com/Application/Runtime/Cache/Home/2a94b8bda04ff446dcedd42276fc99ee.php 第 361 行.
NOTIC: [8] Use of undefined constant index - assumed 'index' /home/wwwroot/wechat.tiny-calf.com/Application/Runtime/Cache/Home/2a94b8bda04ff446dcedd42276fc99ee.php 第 362 行.
NOTIC: [8] Use of undefined constant index - assumed 'index' /home/wwwroot/wechat.tiny-calf.com/Application/Runtime/Cache/Home/2a94b8bda04ff446dcedd42276fc99ee.php 第 386 行.
NOTIC: [8] Use of undefined constant index - assumed 'index' /home/wwwroot/wechat.tiny-calf.com/Application/Runtime/Cache/Home/2a94b8bda04ff446dcedd42276fc99ee.php 第 387 行.
NOTIC: [8] Use of undefined constant index - assumed 'index' /home/wwwroot/wechat.tiny-calf.com/Application/Runtime/Cache/Home/2a94b8bda04ff446dcedd42276fc99ee.php 第 429 行.
NOTIC: [8] Use of undefined constant index - assumed 'index' /home/wwwroot/wechat.tiny-calf.com/Application/Runtime/Cache/Home/2a94b8bda04ff446dcedd42276fc99ee.php 第 430 行.
INFO: Run Behavior\ParseTemplateBehavior [ RunTime:0.031325s ]
INFO: [ view_parse ] --END-- [ RunTime:0.031386s ]
INFO: [ view_filter ] --START--
INFO: Run Behavior\WriteHtmlCacheBehavior [ RunTime:0.000216s ]
INFO: [ view_filter ] --END-- [ RunTime:0.000258s ]
INFO: [ app_end ] --START--
INFO: Run Behavior\ShowPageTraceBehavior [ RunTime:0.000493s ]
INFO: [ app_end ] --END-- [ RunTime:0.000540s ]

[ 2017-07-23T13:48:16+08:00 ] 42.80.193.206 /favicon.ico
INFO: [ app_init ] --START--
INFO: Run Behavior\BuildLiteBehavior [ RunTime:0.000013s ]
INFO: [ app_init ] --END-- [ RunTime:0.000067s ]
INFO: [ app_begin ] --START--
INFO: Run Behavior\ReadHtmlCacheBehavior [ RunTime:0.000449s ]
INFO: Run Behavior\CheckLangBehavior [ RunTime:0.000321s ]
INFO: [ app_begin ] --END-- [ RunTime:0.000849s ]
SQL: SHOW COLUMNS FROM `think_article` [ RunTime:0.0007s ]
SQL: SELECT `tag` FROM `think_article`  [ RunTime:0.0003s ]
INFO: [ view_parse ] --START--
INFO: [ template_filter ] --START--
INFO: Run Behavior\ContentReplaceBehavior [ RunTime:0.000126s ]
INFO: [ template_filter ] --END-- [ RunTime:0.000181s ]
NOTIC: [8] Use of undefined constant index - assumed 'index' /home/wwwroot/wechat.tiny-calf.com/Application/Runtime/Cache/Home/2a94b8bda04ff446dcedd42276fc99ee.php 第 158 行.
NOTIC: [8] Undefined index: account /home/wwwroot/wechat.tiny-calf.com/Application/Runtime/Cache/Home/2a94b8bda04ff446dcedd42276fc99ee.php 第 309 行.
NOTIC: [8] Undefined index: account /home/wwwroot/wechat.tiny-calf.com/Application/Runtime/Cache/Home/2a94b8bda04ff446dcedd42276fc99ee.php 第 310 行.
NOTIC: [8] Undefined index: account /home/wwwroot/wechat.tiny-calf.com/Application/Runtime/Cache/Home/2a94b8bda04ff446dcedd42276fc99ee.php 第 313 行.
NOTIC: [8] Use of undefined constant index - assumed 'index' /home/wwwroot/wechat.tiny-calf.com/Application/Runtime/Cache/Home/2a94b8bda04ff446dcedd42276fc99ee.php 第 361 行.
NOTIC: [8] Use of undefined constant index - assumed 'index' /home/wwwroot/wechat.tiny-calf.com/Application/Runtime/Cache/Home/2a94b8bda04ff446dcedd42276fc99ee.php 第 362 行.
NOTIC: [8] Use of undefined constant index - assumed 'index' /home/wwwroot/wechat.tiny-calf.com/Application/Runtime/Cache/Home/2a94b8bda04ff446dcedd42276fc99ee.php 第 386 行.
NOTIC: [8] Use of undefined constant index - assumed 'index' /home/wwwroot/wechat.tiny-calf.com/Application/Runtime/Cache/Home/2a94b8bda04ff446dcedd42276fc99ee.php 第 387 行.
NOTIC: [8] Use of undefined constant index - assumed 'index' /home/wwwroot/wechat.tiny-calf.com/Application/Runtime/Cache/Home/2a94b8bda04ff446dcedd42276fc99ee.php 第 429 行.
NOTIC: [8] Use of undefined constant index - assumed 'index' /home/wwwroot/wechat.tiny-calf.com/Application/Runtime/Cache/Home/2a94b8bda04ff446dcedd42276fc99ee.php 第 430 行.
INFO: Run Behavior\ParseTemplateBehavior [ RunTime:0.031348s ]
INFO: [ view_parse ] --END-- [ RunTime:0.031394s ]
INFO: [ view_filter ] --START--
INFO: Run Behavior\WriteHtmlCacheBehavior [ RunTime:0.000563s ]
INFO: [ view_filter ] --END-- [ RunTime:0.000605s ]
INFO: [ app_end ] --START--
INFO: Run Behavior\ShowPageTraceBehavior [ RunTime:0.000474s ]
INFO: [ app_end ] --END-- [ RunTime:0.000518s ]

[ 2017-07-23T13:49:16+08:00 ] 42.80.193.206 /favicon.ico
INFO: [ app_init ] --START--
INFO: Run Behavior\BuildLiteBehavior [ RunTime:0.000014s ]
INFO: [ app_init ] --END-- [ RunTime:0.000069s ]
INFO: [ app_begin ] --START--
INFO: Run Behavior\ReadHtmlCacheBehavior [ RunTime:0.000477s ]
INFO: Run Behavior\CheckLangBehavior [ RunTime:0.000309s ]
INFO: [ app_begin ] --END-- [ RunTime:0.000868s ]
SQL: SHOW COLUMNS FROM `think_article` [ RunTime:0.0007s ]
SQL: SELECT `tag` FROM `think_article`  [ RunTime:0.0003s ]
INFO: [ view_parse ] --START--
INFO: [ template_filter ] --START--
INFO: Run Behavior\ContentReplaceBehavior [ RunTime:0.000128s ]
INFO: [ template_filter ] --END-- [ RunTime:0.000204s ]
NOTIC: [8] Use of undefined constant index - assumed 'index' /home/wwwroot/wechat.tiny-calf.com/Application/Runtime/Cache/Home/2a94b8bda04ff446dcedd42276fc99ee.php 第 158 行.
NOTIC: [8] Undefined index: account /home/wwwroot/wechat.tiny-calf.com/Application/Runtime/Cache/Home/2a94b8bda04ff446dcedd42276fc99ee.php 第 309 行.
NOTIC: [8] Undefined index: account /home/wwwroot/wechat.tiny-calf.com/Application/Runtime/Cache/Home/2a94b8bda04ff446dcedd42276fc99ee.php 第 310 行.
NOTIC: [8] Undefined index: account /home/wwwroot/wechat.tiny-calf.com/Application/Runtime/Cache/Home/2a94b8bda04ff446dcedd42276fc99ee.php 第 313 行.
NOTIC: [8] Use of undefined constant index - assumed 'index' /home/wwwroot/wechat.tiny-calf.com/Application/Runtime/Cache/Home/2a94b8bda04ff446dcedd42276fc99ee.php 第 361 行.
NOTIC: [8] Use of undefined constant index - assumed 'index' /home/wwwroot/wechat.tiny-calf.com/Application/Runtime/Cache/Home/2a94b8bda04ff446dcedd42276fc99ee.php 第 362 行.
NOTIC: [8] Use of undefined constant index - assumed 'index' /home/wwwroot/wechat.tiny-calf.com/Application/Runtime/Cache/Home/2a94b8bda04ff446dcedd42276fc99ee.php 第 386 行.
NOTIC: [8] Use of undefined constant index - assumed 'index' /home/wwwroot/wechat.tiny-calf.com/Application/Runtime/Cache/Home/2a94b8bda04ff446dcedd42276fc99ee.php 第 387 行.
NOTIC: [8] Use of undefined constant index - assumed 'index' /home/wwwroot/wechat.tiny-calf.com/Application/Runtime/Cache/Home/2a94b8bda04ff446dcedd42276fc99ee.php 第 429 行.
NOTIC: [8] Use of undefined constant index - assumed 'index' /home/wwwroot/wechat.tiny-calf.com/Application/Runtime/Cache/Home/2a94b8bda04ff446dcedd42276fc99ee.php 第 430 行.
INFO: Run Behavior\ParseTemplateBehavior [ RunTime:0.031882s ]
INFO: [ view_parse ] --END-- [ RunTime:0.031930s ]
INFO: [ view_filter ] --START--
INFO: Run Behavior\WriteHtmlCacheBehavior [ RunTime:0.000216s ]
INFO: [ view_filter ] --END-- [ RunTime:0.000258s ]
INFO: [ app_end ] --START--
INFO: Run Behavior\ShowPageTraceBehavior [ RunTime:0.000814s ]
INFO: [ app_end ] --END-- [ RunTime:0.000862s ]

[ 2017-07-23T13:49:17+08:00 ] 42.80.193.206 /favicon.ico
INFO: [ app_init ] --START--
INFO: Run Behavior\BuildLiteBehavior [ RunTime:0.000014s ]
INFO: [ app_init ] --END-- [ RunTime:0.000068s ]
INFO: [ app_begin ] --START--
INFO: Run Behavior\ReadHtmlCacheBehavior [ RunTime:0.000489s ]
INFO: Run Behavior\CheckLangBehavior [ RunTime:0.000306s ]
INFO: [ app_begin ] --END-- [ RunTime:0.000876s ]
SQL: SHOW COLUMNS FROM `think_article` [ RunTime:0.0007s ]
SQL: SELECT `tag` FROM `think_article`  [ RunTime:0.0003s ]
INFO: [ view_parse ] --START--
INFO: [ template_filter ] --START--
INFO: Run Behavior\ContentReplaceBehavior [ RunTime:0.000131s ]
INFO: [ template_filter ] --END-- [ RunTime:0.000194s ]
NOTIC: [8] Use of undefined constant index - assumed 'index' /home/wwwroot/wechat.tiny-calf.com/Application/Runtime/Cache/Home/2a94b8bda04ff446dcedd42276fc99ee.php 第 158 行.
NOTIC: [8] Undefined index: account /home/wwwroot/wechat.tiny-calf.com/Application/Runtime/Cache/Home/2a94b8bda04ff446dcedd42276fc99ee.php 第 309 行.
NOTIC: [8] Undefined index: account /home/wwwroot/wechat.tiny-calf.com/Application/Runtime/Cache/Home/2a94b8bda04ff446dcedd42276fc99ee.php 第 310 行.
NOTIC: [8] Undefined index: account /home/wwwroot/wechat.tiny-calf.com/Application/Runtime/Cache/Home/2a94b8bda04ff446dcedd42276fc99ee.php 第 313 行.
NOTIC: [8] Use of undefined constant index - assumed 'index' /home/wwwroot/wechat.tiny-calf.com/Application/Runtime/Cache/Home/2a94b8bda04ff446dcedd42276fc99ee.php 第 361 行.
NOTIC: [8] Use of undefined constant index - assumed 'index' /home/wwwroot/wechat.tiny-calf.com/Application/Runtime/Cache/Home/2a94b8bda04ff446dcedd42276fc99ee.php 第 362 行.
NOTIC: [8] Use of undefined constant index - assumed 'index' /home/wwwroot/wechat.tiny-calf.com/Application/Runtime/Cache/Home/2a94b8bda04ff446dcedd42276fc99ee.php 第 386 行.
NOTIC: [8] Use of undefined constant index - assumed 'index' /home/wwwroot/wechat.tiny-calf.com/Application/Runtime/Cache/Home/2a94b8bda04ff446dcedd42276fc99ee.php 第 387 行.
NOTIC: [8] Use of undefined constant index - assumed 'index' /home/wwwroot/wechat.tiny-calf.com/Application/Runtime/Cache/Home/2a94b8bda04ff446dcedd42276fc99ee.php 第 429 行.
NOTIC: [8] Use of undefined constant index - assumed 'index' /home/wwwroot/wechat.tiny-calf.com/Application/Runtime/Cache/Home/2a94b8bda04ff446dcedd42276fc99ee.php 第 430 行.
INFO: Run Behavior\ParseTemplateBehavior [ RunTime:0.031668s ]
INFO: [ view_parse ] --END-- [ RunTime:0.031717s ]
INFO: [ view_filter ] --START--
INFO: Run Behavior\WriteHtmlCacheBehavior [ RunTime:0.000241s ]
INFO: [ view_filter ] --END-- [ RunTime:0.000283s ]
INFO: [ app_end ] --START--
INFO: Run Behavior\ShowPageTraceBehavior [ RunTime:0.000522s ]
INFO: [ app_end ] --END-- [ RunTime:0.000603s ]

[ 2017-07-23T13:49:22+08:00 ] 42.80.193.206 /favicon.ico
INFO: [ app_init ] --START--
INFO: Run Behavior\BuildLiteBehavior [ RunTime:0.000014s ]
INFO: [ app_init ] --END-- [ RunTime:0.000080s ]
INFO: [ app_begin ] --START--
INFO: Run Behavior\ReadHtmlCacheBehavior [ RunTime:0.000451s ]
INFO: Run Behavior\CheckLangBehavior [ RunTime:0.000333s ]
INFO: [ app_begin ] --END-- [ RunTime:0.000878s ]
SQL: SHOW COLUMNS FROM `think_article` [ RunTime:0.0007s ]
SQL: SELECT `tag` FROM `think_article`  [ RunTime:0.0003s ]
INFO: [ view_parse ] --START--
INFO: [ template_filter ] --START--
INFO: Run Behavior\ContentReplaceBehavior [ RunTime:0.000140s ]
INFO: [ template_filter ] --END-- [ RunTime:0.000196s ]
NOTIC: [8] Use of undefined constant index - assumed 'index' /home/wwwroot/wechat.tiny-calf.com/Application/Runtime/Cache/Home/2a94b8bda04ff446dcedd42276fc99ee.php 第 158 行.
NOTIC: [8] Undefined index: account /home/wwwroot/wechat.tiny-calf.com/Application/Runtime/Cache/Home/2a94b8bda04ff446dcedd42276fc99ee.php 第 309 行.
NOTIC: [8] Undefined index: account /home/wwwroot/wechat.tiny-calf.com/Application/Runtime/Cache/Home/2a94b8bda04ff446dcedd42276fc99ee.php 第 310 行.
NOTIC: [8] Undefined index: account /home/wwwroot/wechat.tiny-calf.com/Application/Runtime/Cache/Home/2a94b8bda04ff446dcedd42276fc99ee.php 第 313 行.
NOTIC: [8] Use of undefined constant index - assumed 'index' /home/wwwroot/wechat.tiny-calf.com/Application/Runtime/Cache/Home/2a94b8bda04ff446dcedd42276fc99ee.php 第 361 行.
NOTIC: [8] Use of undefined constant index - assumed 'index' /home/wwwroot/wechat.tiny-calf.com/Application/Runtime/Cache/Home/2a94b8bda04ff446dcedd42276fc99ee.php 第 362 行.
NOTIC: [8] Use of undefined constant index - assumed 'index' /home/wwwroot/wechat.tiny-calf.com/Application/Runtime/Cache/Home/2a94b8bda04ff446dcedd42276fc99ee.php 第 386 行.
NOTIC: [8] Use of undefined constant index - assumed 'index' /home/wwwroot/wechat.tiny-calf.com/Application/Runtime/Cache/Home/2a94b8bda04ff446dcedd42276fc99ee.php 第 387 行.
NOTIC: [8] Use of undefined constant index - assumed 'index' /home/wwwroot/wechat.tiny-calf.com/Application/Runtime/Cache/Home/2a94b8bda04ff446dcedd42276fc99ee.php 第 429 行.
NOTIC: [8] Use of undefined constant index - assumed 'index' /home/wwwroot/wechat.tiny-calf.com/Application/Runtime/Cache/Home/2a94b8bda04ff446dcedd42276fc99ee.php 第 430 行.
INFO: Run Behavior\ParseTemplateBehavior [ RunTime:0.031258s ]
INFO: [ view_parse ] --END-- [ RunTime:0.031312s ]
INFO: [ view_filter ] --START--
INFO: Run Behavior\WriteHtmlCacheBehavior [ RunTime:0.000217s ]
INFO: [ view_filter ] --END-- [ RunTime:0.000259s ]
INFO: [ app_end ] --START--
INFO: Run Behavior\ShowPageTraceBehavior [ RunTime:0.000498s ]
INFO: [ app_end ] --END-- [ RunTime:0.000555s ]

[ 2017-07-23T13:49:43+08:00 ] 42.80.193.206 /favicon.ico
INFO: [ app_init ] --START--
INFO: Run Behavior\BuildLiteBehavior [ RunTime:0.000014s ]
INFO: [ app_init ] --END-- [ RunTime:0.000070s ]
INFO: [ app_begin ] --START--
INFO: Run Behavior\ReadHtmlCacheBehavior [ RunTime:0.000453s ]
INFO: Run Behavior\CheckLangBehavior [ RunTime:0.005881s ]
INFO: [ app_begin ] --END-- [ RunTime:0.006415s ]
SQL: SHOW COLUMNS FROM `think_article` [ RunTime:0.0008s ]
SQL: SELECT `tag` FROM `think_article`  [ RunTime:0.0003s ]
INFO: [ view_parse ] --START--
INFO: [ template_filter ] --START--
INFO: Run Behavior\ContentReplaceBehavior [ RunTime:0.000126s ]
INFO: [ template_filter ] --END-- [ RunTime:0.000182s ]
NOTIC: [8] Use of undefined constant index - assumed 'index' /home/wwwroot/wechat.tiny-calf.com/Application/Runtime/Cache/Home/2a94b8bda04ff446dcedd42276fc99ee.php 第 158 行.
NOTIC: [8] Undefined index: account /home/wwwroot/wechat.tiny-calf.com/Application/Runtime/Cache/Home/2a94b8bda04ff446dcedd42276fc99ee.php 第 309 行.
NOTIC: [8] Undefined index: account /home/wwwroot/wechat.tiny-calf.com/Application/Runtime/Cache/Home/2a94b8bda04ff446dcedd42276fc99ee.php 第 310 行.
NOTIC: [8] Undefined index: account /home/wwwroot/wechat.tiny-calf.com/Application/Runtime/Cache/Home/2a94b8bda04ff446dcedd42276fc99ee.php 第 313 行.
NOTIC: [8] Use of undefined constant index - assumed 'index' /home/wwwroot/wechat.tiny-calf.com/Application/Runtime/Cache/Home/2a94b8bda04ff446dcedd42276fc99ee.php 第 361 行.
NOTIC: [8] Use of undefined constant index - assumed 'index' /home/wwwroot/wechat.tiny-calf.com/Application/Runtime/Cache/Home/2a94b8bda04ff446dcedd42276fc99ee.php 第 362 行.
NOTIC: [8] Use of undefined constant index - assumed 'index' /home/wwwroot/wechat.tiny-calf.com/Application/Runtime/Cache/Home/2a94b8bda04ff446dcedd42276fc99ee.php 第 386 行.
NOTIC: [8] Use of undefined constant index - assumed 'index' /home/wwwroot/wechat.tiny-calf.com/Application/Runtime/Cache/Home/2a94b8bda04ff446dcedd42276fc99ee.php 第 387 行.
NOTIC: [8] Use of undefined constant index - assumed 'index' /home/wwwroot/wechat.tiny-calf.com/Application/Runtime/Cache/Home/2a94b8bda04ff446dcedd42276fc99ee.php 第 429 行.
NOTIC: [8] Use of undefined constant index - assumed 'index' /home/wwwroot/wechat.tiny-calf.com/Application/Runtime/Cache/Home/2a94b8bda04ff446dcedd42276fc99ee.php 第 430 行.
INFO: Run Behavior\ParseTemplateBehavior [ RunTime:0.031181s ]
INFO: [ view_parse ] --END-- [ RunTime:0.031228s ]
INFO: [ view_filter ] --START--
INFO: Run Behavior\WriteHtmlCacheBehavior [ RunTime:0.000217s ]
INFO: [ view_filter ] --END-- [ RunTime:0.000261s ]
INFO: [ app_end ] --START--
INFO: Run Behavior\ShowPageTraceBehavior [ RunTime:0.000496s ]
INFO: [ app_end ] --END-- [ RunTime:0.000565s ]

[ 2017-07-23T13:51:40+08:00 ] 42.80.193.206 /favicon.ico
INFO: [ app_init ] --START--
INFO: Run Behavior\BuildLiteBehavior [ RunTime:0.000013s ]
INFO: [ app_init ] --END-- [ RunTime:0.000067s ]
INFO: [ app_begin ] --START--
INFO: Run Behavior\ReadHtmlCacheBehavior [ RunTime:0.000465s ]
INFO: Run Behavior\CheckLangBehavior [ RunTime:0.000328s ]
INFO: [ app_begin ] --END-- [ RunTime:0.000876s ]
SQL: SHOW COLUMNS FROM `think_article` [ RunTime:0.0007s ]
SQL: SELECT `tag` FROM `think_article`  [ RunTime:0.0003s ]
INFO: [ view_parse ] --START--
INFO: [ template_filter ] --START--
INFO: Run Behavior\ContentReplaceBehavior [ RunTime:0.000159s ]
INFO: [ template_filter ] --END-- [ RunTime:0.000216s ]
NOTIC: [8] Use of undefined constant index - assumed 'index' /home/wwwroot/wechat.tiny-calf.com/Application/Runtime/Cache/Home/2a94b8bda04ff446dcedd42276fc99ee.php 第 158 行.
NOTIC: [8] Undefined index: account /home/wwwroot/wechat.tiny-calf.com/Application/Runtime/Cache/Home/2a94b8bda04ff446dcedd42276fc99ee.php 第 309 行.
NOTIC: [8] Undefined index: account /home/wwwroot/wechat.tiny-calf.com/Application/Runtime/Cache/Home/2a94b8bda04ff446dcedd42276fc99ee.php 第 310 行.
NOTIC: [8] Undefined index: account /home/wwwroot/wechat.tiny-calf.com/Application/Runtime/Cache/Home/2a94b8bda04ff446dcedd42276fc99ee.php 第 313 行.
NOTIC: [8] Use of undefined constant index - assumed 'index' /home/wwwroot/wechat.tiny-calf.com/Application/Runtime/Cache/Home/2a94b8bda04ff446dcedd42276fc99ee.php 第 361 行.
NOTIC: [8] Use of undefined constant index - assumed 'index' /home/wwwroot/wechat.tiny-calf.com/Application/Runtime/Cache/Home/2a94b8bda04ff446dcedd42276fc99ee.php 第 362 行.
NOTIC: [8] Use of undefined constant index - assumed 'index' /home/wwwroot/wechat.tiny-calf.com/Application/Runtime/Cache/Home/2a94b8bda04ff446dcedd42276fc99ee.php 第 386 行.
NOTIC: [8] Use of undefined constant index - assumed 'index' /home/wwwroot/wechat.tiny-calf.com/Application/Runtime/Cache/Home/2a94b8bda04ff446dcedd42276fc99ee.php 第 387 行.
NOTIC: [8] Use of undefined constant index - assumed 'index' /home/wwwroot/wechat.tiny-calf.com/Application/Runtime/Cache/Home/2a94b8bda04ff446dcedd42276fc99ee.php 第 429 行.
NOTIC: [8] Use of undefined constant index - assumed 'index' /home/wwwroot/wechat.tiny-calf.com/Application/Runtime/Cache/Home/2a94b8bda04ff446dcedd42276fc99ee.php 第 430 行.
INFO: Run Behavior\ParseTemplateBehavior [ RunTime:0.031806s ]
INFO: [ view_parse ] --END-- [ RunTime:0.031857s ]
INFO: [ view_filter ] --START--
INFO: Run Behavior\WriteHtmlCacheBehavior [ RunTime:0.000217s ]
INFO: [ view_filter ] --END-- [ RunTime:0.000262s ]
INFO: [ app_end ] --START--
INFO: Run Behavior\ShowPageTraceBehavior [ RunTime:0.000487s ]
INFO: [ app_end ] --END-- [ RunTime:0.000534s ]

[ 2017-07-23T13:52:58+08:00 ] 42.80.193.206 /favicon.ico
INFO: [ app_init ] --START--
INFO: Run Behavior\BuildLiteBehavior [ RunTime:0.000014s ]
INFO: [ app_init ] --END-- [ RunTime:0.000069s ]
INFO: [ app_begin ] --START--
INFO: Run Behavior\ReadHtmlCacheBehavior [ RunTime:0.000465s ]
INFO: Run Behavior\CheckLangBehavior [ RunTime:0.006009s ]
INFO: [ app_begin ] --END-- [ RunTime:0.006555s ]
SQL: SHOW COLUMNS FROM `think_article` [ RunTime:0.0007s ]
SQL: SELECT `tag` FROM `think_article`  [ RunTime:0.0003s ]
INFO: [ view_parse ] --START--
INFO: [ template_filter ] --START--
INFO: Run Behavior\ContentReplaceBehavior [ RunTime:0.000128s ]
INFO: [ template_filter ] --END-- [ RunTime:0.000186s ]
NOTIC: [8] Use of undefined constant index - assumed 'index' /home/wwwroot/wechat.tiny-calf.com/Application/Runtime/Cache/Home/2a94b8bda04ff446dcedd42276fc99ee.php 第 158 行.
NOTIC: [8] Undefined index: account /home/wwwroot/wechat.tiny-calf.com/Application/Runtime/Cache/Home/2a94b8bda04ff446dcedd42276fc99ee.php 第 309 行.
NOTIC: [8] Undefined index: account /home/wwwroot/wechat.tiny-calf.com/Application/Runtime/Cache/Home/2a94b8bda04ff446dcedd42276fc99ee.php 第 310 行.
NOTIC: [8] Undefined index: account /home/wwwroot/wechat.tiny-calf.com/Application/Runtime/Cache/Home/2a94b8bda04ff446dcedd42276fc99ee.php 第 313 行.
NOTIC: [8] Use of undefined constant index - assumed 'index' /home/wwwroot/wechat.tiny-calf.com/Application/Runtime/Cache/Home/2a94b8bda04ff446dcedd42276fc99ee.php 第 361 行.
NOTIC: [8] Use of undefined constant index - assumed 'index' /home/wwwroot/wechat.tiny-calf.com/Application/Runtime/Cache/Home/2a94b8bda04ff446dcedd42276fc99ee.php 第 362 行.
NOTIC: [8] Use of undefined constant index - assumed 'index' /home/wwwroot/wechat.tiny-calf.com/Application/Runtime/Cache/Home/2a94b8bda04ff446dcedd42276fc99ee.php 第 386 行.
NOTIC: [8] Use of undefined constant index - assumed 'index' /home/wwwroot/wechat.tiny-calf.com/Application/Runtime/Cache/Home/2a94b8bda04ff446dcedd42276fc99ee.php 第 387 行.
NOTIC: [8] Use of undefined constant index - assumed 'index' /home/wwwroot/wechat.tiny-calf.com/Application/Runtime/Cache/Home/2a94b8bda04ff446dcedd42276fc99ee.php 第 429 行.
NOTIC: [8] Use of undefined constant index - assumed 'index' /home/wwwroot/wechat.tiny-calf.com/Application/Runtime/Cache/Home/2a94b8bda04ff446dcedd42276fc99ee.php 第 430 行.
INFO: Run Behavior\ParseTemplateBehavior [ RunTime:0.031440s ]
INFO: [ view_parse ] --END-- [ RunTime:0.031490s ]
INFO: [ view_filter ] --START--
INFO: Run Behavior\WriteHtmlCacheBehavior [ RunTime:0.000237s ]
INFO: [ view_filter ] --END-- [ RunTime:0.000293s ]
INFO: [ app_end ] --START--
INFO: Run Behavior\ShowPageTraceBehavior [ RunTime:0.000498s ]
INFO: [ app_end ] --END-- [ RunTime:0.000544s ]

