[ 2017-08-19T17:09:14+08:00 ] 60.29.18.51 /index.php?a=signup
INFO: [ app_init ] --START--
INFO: Run Behavior\BuildLiteBehavior [ RunTime:0.000019s ]
INFO: [ app_init ] --END-- [ RunTime:0.000431s ]
INFO: [ app_begin ] --START--
INFO: Run Behavior\ReadHtmlCacheBehavior [ RunTime:0.006200s ]
INFO: Run Behavior\CheckLangBehavior [ RunTime:0.000602s ]
INFO: [ app_begin ] --END-- [ RunTime:0.006902s ]
NOTIC: [2] fopen(./Public/logs/2017-08-19.log): failed to open stream: No such file or directory /home/wwwroot/www.jifage.cn/Public/lib/log.php 第 16 行.
INFO: [ view_parse ] --START--
INFO: [ template_filter ] --START--
INFO: Run Behavior\ContentReplaceBehavior [ RunTime:0.000153s ]
INFO: [ template_filter ] --END-- [ RunTime:0.000215s ]
INFO: Run Behavior\ParseTemplateBehavior [ RunTime:0.033248s ]
INFO: [ view_parse ] --END-- [ RunTime:0.033307s ]
INFO: [ view_filter ] --START--
INFO: Run Behavior\WriteHtmlCacheBehavior [ RunTime:0.006074s ]
INFO: [ view_filter ] --END-- [ RunTime:0.006208s ]
INFO: [ app_end ] --START--
INFO: Run Behavior\ShowPageTraceBehavior [ RunTime:0.000747s ]
INFO: [ app_end ] --END-- [ RunTime:0.000795s ]

[ 2017-08-19T17:09:14+08:00 ] 60.29.18.51 /favicon.ico
INFO: [ app_init ] --START--
INFO: Run Behavior\BuildLiteBehavior [ RunTime:0.000017s ]
INFO: [ app_init ] --END-- [ RunTime:0.000365s ]
INFO: [ app_begin ] --START--
INFO: Run Behavior\ReadHtmlCacheBehavior [ RunTime:0.000474s ]
INFO: Run Behavior\CheckLangBehavior [ RunTime:0.000533s ]
INFO: [ app_begin ] --END-- [ RunTime:0.001089s ]
NOTIC: [2] fopen(./Public/logs/2017-08-19.log): failed to open stream: No such file or directory /home/wwwroot/www.jifage.cn/Public/lib/log.php 第 16 行.
INFO: [ view_parse ] --START--
INFO: [ template_filter ] --START--
INFO: Run Behavior\ContentReplaceBehavior [ RunTime:0.000283s ]
INFO: [ template_filter ] --END-- [ RunTime:0.000349s ]
NOTIC: [8] Undefined index: account /home/wwwroot/www.jifage.cn/Application/Runtime/Cache/Home/2a94b8bda04ff446dcedd42276fc99ee.php 第 462 行.
INFO: Run Behavior\ParseTemplateBehavior [ RunTime:0.071800s ]
INFO: [ view_parse ] --END-- [ RunTime:0.071854s ]
INFO: [ view_filter ] --START--
INFO: Run Behavior\WriteHtmlCacheBehavior [ RunTime:0.000228s ]
INFO: [ view_filter ] --END-- [ RunTime:0.000273s ]
INFO: [ app_end ] --START--
INFO: Run Behavior\ShowPageTraceBehavior [ RunTime:0.006180s ]
INFO: [ app_end ] --END-- [ RunTime:0.006233s ]

[ 2017-08-19T17:09:14+08:00 ] 60.29.18.51 /index.php
INFO: [ app_init ] --START--
INFO: Run Behavior\BuildLiteBehavior [ RunTime:0.000016s ]
INFO: [ app_init ] --END-- [ RunTime:0.000353s ]
INFO: [ app_begin ] --START--
INFO: Run Behavior\ReadHtmlCacheBehavior [ RunTime:0.000504s ]
INFO: Run Behavior\CheckLangBehavior [ RunTime:0.006180s ]
INFO: [ app_begin ] --END-- [ RunTime:0.006778s ]
NOTIC: [2] fopen(./Public/logs/2017-08-19.log): failed to open stream: No such file or directory /home/wwwroot/www.jifage.cn/Public/lib/log.php 第 16 行.
INFO: [ view_parse ] --START--
INFO: [ template_filter ] --START--
INFO: Run Behavior\ContentReplaceBehavior [ RunTime:0.000360s ]
INFO: [ template_filter ] --END-- [ RunTime:0.000433s ]
NOTIC: [8] Undefined index: account /home/wwwroot/www.jifage.cn/Application/Runtime/Cache/Home/2a94b8bda04ff446dcedd42276fc99ee.php 第 462 行.
INFO: Run Behavior\ParseTemplateBehavior [ RunTime:0.085796s ]
INFO: [ view_parse ] --END-- [ RunTime:0.085856s ]
INFO: [ view_filter ] --START--
INFO: Run Behavior\WriteHtmlCacheBehavior [ RunTime:0.000268s ]
INFO: [ view_filter ] --END-- [ RunTime:0.000316s ]
INFO: [ app_end ] --START--
INFO: Run Behavior\ShowPageTraceBehavior [ RunTime:0.000505s ]
INFO: [ app_end ] --END-- [ RunTime:0.000553s ]

[ 2017-08-19T17:09:16+08:00 ] 60.29.18.51 /index.php?a=download
INFO: [ app_init ] --START--
INFO: Run Behavior\BuildLiteBehavior [ RunTime:0.000017s ]
INFO: [ app_init ] --END-- [ RunTime:0.000655s ]
INFO: [ app_begin ] --START--
INFO: Run Behavior\ReadHtmlCacheBehavior [ RunTime:0.001053s ]
INFO: Run Behavior\CheckLangBehavior [ RunTime:0.001466s ]
INFO: [ app_begin ] --END-- [ RunTime:0.002600s ]
NOTIC: [2] fopen(./Public/logs/2017-08-19.log): failed to open stream: No such file or directory /home/wwwroot/www.jifage.cn/Public/lib/log.php 第 16 行.
INFO: [ view_parse ] --START--
INFO: [ template_filter ] --START--
INFO: Run Behavior\ContentReplaceBehavior [ RunTime:0.000138s ]
INFO: [ template_filter ] --END-- [ RunTime:0.000197s ]
NOTIC: [8] Undefined index: account /home/wwwroot/www.jifage.cn/Application/Runtime/Cache/Home/6b1b5ceff111208f479bf3472ab76c49.php 第 161 行.
INFO: Run Behavior\ParseTemplateBehavior [ RunTime:0.037974s ]
INFO: [ view_parse ] --END-- [ RunTime:0.038027s ]
INFO: [ view_filter ] --START--
INFO: Run Behavior\WriteHtmlCacheBehavior [ RunTime:0.000230s ]
INFO: [ view_filter ] --END-- [ RunTime:0.000274s ]
INFO: [ app_end ] --START--
INFO: Run Behavior\ShowPageTraceBehavior [ RunTime:0.002661s ]
INFO: [ app_end ] --END-- [ RunTime:0.002707s ]

[ 2017-08-19T17:09:16+08:00 ] 60.29.18.51 /favicon.ico
INFO: [ app_init ] --START--
INFO: Run Behavior\BuildLiteBehavior [ RunTime:0.000016s ]
INFO: [ app_init ] --END-- [ RunTime:0.000339s ]
INFO: [ app_begin ] --START--
INFO: Run Behavior\ReadHtmlCacheBehavior [ RunTime:0.006212s ]
INFO: Run Behavior\CheckLangBehavior [ RunTime:0.000561s ]
INFO: [ app_begin ] --END-- [ RunTime:0.006858s ]
NOTIC: [2] fopen(./Public/logs/2017-08-19.log): failed to open stream: No such file or directory /home/wwwroot/www.jifage.cn/Public/lib/log.php 第 16 行.
INFO: [ view_parse ] --START--
INFO: [ template_filter ] --START--
INFO: Run Behavior\ContentReplaceBehavior [ RunTime:0.000293s ]
INFO: [ template_filter ] --END-- [ RunTime:0.000363s ]
NOTIC: [8] Undefined index: account /home/wwwroot/www.jifage.cn/Application/Runtime/Cache/Home/2a94b8bda04ff446dcedd42276fc99ee.php 第 462 行.
INFO: Run Behavior\ParseTemplateBehavior [ RunTime:0.077800s ]
INFO: [ view_parse ] --END-- [ RunTime:0.077851s ]
INFO: [ view_filter ] --START--
INFO: Run Behavior\WriteHtmlCacheBehavior [ RunTime:0.000234s ]
INFO: [ view_filter ] --END-- [ RunTime:0.000280s ]
INFO: [ app_end ] --START--
INFO: Run Behavior\ShowPageTraceBehavior [ RunTime:0.000508s ]
INFO: [ app_end ] --END-- [ RunTime:0.000555s ]

[ 2017-08-19T17:09:17+08:00 ] 60.29.18.51 /index.php?a=faq
INFO: [ app_init ] --START--
INFO: Run Behavior\BuildLiteBehavior [ RunTime:0.000016s ]
INFO: [ app_init ] --END-- [ RunTime:0.000351s ]
INFO: [ app_begin ] --START--
INFO: Run Behavior\ReadHtmlCacheBehavior [ RunTime:0.000483s ]
INFO: Run Behavior\CheckLangBehavior [ RunTime:0.000531s ]
INFO: [ app_begin ] --END-- [ RunTime:0.001124s ]
NOTIC: [2] fopen(./Public/logs/2017-08-19.log): failed to open stream: No such file or directory /home/wwwroot/www.jifage.cn/Public/lib/log.php 第 16 行.
INFO: [ view_parse ] --START--
INFO: [ template_filter ] --START--
INFO: Run Behavior\ContentReplaceBehavior [ RunTime:0.006078s ]
INFO: [ template_filter ] --END-- [ RunTime:0.006150s ]
NOTIC: [8] Undefined index: account /home/wwwroot/www.jifage.cn/Application/Runtime/Cache/Home/92a04e286e757a9bb13bb275410d03b9.php 第 208 行.
INFO: Run Behavior\ParseTemplateBehavior [ RunTime:0.068709s ]
INFO: [ view_parse ] --END-- [ RunTime:0.068766s ]
INFO: [ view_filter ] --START--
INFO: Run Behavior\WriteHtmlCacheBehavior [ RunTime:0.000230s ]
INFO: [ view_filter ] --END-- [ RunTime:0.000276s ]
INFO: [ app_end ] --START--
INFO: Run Behavior\ShowPageTraceBehavior [ RunTime:0.000513s ]
INFO: [ app_end ] --END-- [ RunTime:0.000561s ]

[ 2017-08-19T17:09:18+08:00 ] 60.29.18.51 /favicon.ico
INFO: [ app_init ] --START--
INFO: Run Behavior\BuildLiteBehavior [ RunTime:0.000015s ]
INFO: [ app_init ] --END-- [ RunTime:0.006023s ]
INFO: [ app_begin ] --START--
INFO: Run Behavior\ReadHtmlCacheBehavior [ RunTime:0.000461s ]
INFO: Run Behavior\CheckLangBehavior [ RunTime:0.000527s ]
INFO: [ app_begin ] --END-- [ RunTime:0.001066s ]
NOTIC: [2] fopen(./Public/logs/2017-08-19.log): failed to open stream: No such file or directory /home/wwwroot/www.jifage.cn/Public/lib/log.php 第 16 行.
INFO: [ view_parse ] --START--
INFO: [ template_filter ] --START--
INFO: Run Behavior\ContentReplaceBehavior [ RunTime:0.006044s ]
INFO: [ template_filter ] --END-- [ RunTime:0.006109s ]
NOTIC: [8] Undefined index: account /home/wwwroot/www.jifage.cn/Application/Runtime/Cache/Home/2a94b8bda04ff446dcedd42276fc99ee.php 第 462 行.
INFO: Run Behavior\ParseTemplateBehavior [ RunTime:0.078024s ]
INFO: [ view_parse ] --END-- [ RunTime:0.078076s ]
INFO: [ view_filter ] --START--
INFO: Run Behavior\WriteHtmlCacheBehavior [ RunTime:0.000246s ]
INFO: [ view_filter ] --END-- [ RunTime:0.000291s ]
INFO: [ app_end ] --START--
INFO: Run Behavior\ShowPageTraceBehavior [ RunTime:0.000518s ]
INFO: [ app_end ] --END-- [ RunTime:0.000564s ]

[ 2017-08-19T17:09:18+08:00 ] 60.29.18.51 /index.php?a=about
INFO: [ app_init ] --START--
INFO: Run Behavior\BuildLiteBehavior [ RunTime:0.000015s ]
INFO: [ app_init ] --END-- [ RunTime:0.000343s ]
INFO: [ app_begin ] --START--
INFO: Run Behavior\ReadHtmlCacheBehavior [ RunTime:0.000468s ]
INFO: Run Behavior\CheckLangBehavior [ RunTime:0.000525s ]
INFO: [ app_begin ] --END-- [ RunTime:0.001073s ]
NOTIC: [2] fopen(./Public/logs/2017-08-19.log): failed to open stream: No such file or directory /home/wwwroot/www.jifage.cn/Public/lib/log.php 第 16 行.
INFO: [ view_parse ] --START--
INFO: [ template_filter ] --START--
INFO: Run Behavior\ContentReplaceBehavior [ RunTime:0.000138s ]
INFO: [ template_filter ] --END-- [ RunTime:0.000197s ]
NOTIC: [8] Undefined index: account /home/wwwroot/www.jifage.cn/Application/Runtime/Cache/Home/09ccd45952ce225a1a2986a81cc5705c.php 第 171 行.
INFO: Run Behavior\ParseTemplateBehavior [ RunTime:0.047612s ]
INFO: [ view_parse ] --END-- [ RunTime:0.047663s ]
INFO: [ view_filter ] --START--
INFO: Run Behavior\WriteHtmlCacheBehavior [ RunTime:0.000221s ]
INFO: [ view_filter ] --END-- [ RunTime:0.000265s ]
INFO: [ app_end ] --START--
INFO: Run Behavior\ShowPageTraceBehavior [ RunTime:0.000489s ]
INFO: [ app_end ] --END-- [ RunTime:0.000603s ]

[ 2017-08-19T17:09:19+08:00 ] 60.29.18.51 /favicon.ico
INFO: [ app_init ] --START--
INFO: Run Behavior\BuildLiteBehavior [ RunTime:0.000015s ]
INFO: [ app_init ] --END-- [ RunTime:0.000362s ]
INFO: [ app_begin ] --START--
INFO: Run Behavior\ReadHtmlCacheBehavior [ RunTime:0.000483s ]
INFO: Run Behavior\CheckLangBehavior [ RunTime:0.000542s ]
INFO: [ app_begin ] --END-- [ RunTime:0.001105s ]
NOTIC: [2] fopen(./Public/logs/2017-08-19.log): failed to open stream: No such file or directory /home/wwwroot/www.jifage.cn/Public/lib/log.php 第 16 行.
INFO: [ view_parse ] --START--
INFO: [ template_filter ] --START--
INFO: Run Behavior\ContentReplaceBehavior [ RunTime:0.000290s ]
INFO: [ template_filter ] --END-- [ RunTime:0.000359s ]
NOTIC: [8] Undefined index: account /home/wwwroot/www.jifage.cn/Application/Runtime/Cache/Home/2a94b8bda04ff446dcedd42276fc99ee.php 第 462 行.
INFO: Run Behavior\ParseTemplateBehavior [ RunTime:0.078328s ]
INFO: [ view_parse ] --END-- [ RunTime:0.078380s ]
INFO: [ view_filter ] --START--
INFO: Run Behavior\WriteHtmlCacheBehavior [ RunTime:0.000227s ]
INFO: [ view_filter ] --END-- [ RunTime:0.000273s ]
INFO: [ app_end ] --START--
INFO: Run Behavior\ShowPageTraceBehavior [ RunTime:0.000513s ]
INFO: [ app_end ] --END-- [ RunTime:0.000579s ]

[ 2017-08-19T17:09:20+08:00 ] 60.29.18.51 /index.php?a=about&l=zh-cn
INFO: [ app_init ] --START--
INFO: Run Behavior\BuildLiteBehavior [ RunTime:0.000017s ]
INFO: [ app_init ] --END-- [ RunTime:0.000369s ]
INFO: [ app_begin ] --START--
INFO: Run Behavior\ReadHtmlCacheBehavior [ RunTime:0.000477s ]
INFO: Run Behavior\CheckLangBehavior [ RunTime:0.000567s ]
INFO: [ app_begin ] --END-- [ RunTime:0.001128s ]
NOTIC: [2] fopen(./Public/logs/2017-08-19.log): failed to open stream: No such file or directory /home/wwwroot/www.jifage.cn/Public/lib/log.php 第 16 行.
INFO: [ view_parse ] --START--
INFO: [ template_filter ] --START--
INFO: Run Behavior\ContentReplaceBehavior [ RunTime:0.000148s ]
INFO: [ template_filter ] --END-- [ RunTime:0.000217s ]
NOTIC: [8] Undefined index: account /home/wwwroot/www.jifage.cn/Application/Runtime/Cache/Home/09ccd45952ce225a1a2986a81cc5705c.php 第 171 行.
INFO: Run Behavior\ParseTemplateBehavior [ RunTime:0.046508s ]
INFO: [ view_parse ] --END-- [ RunTime:0.046560s ]
INFO: [ view_filter ] --START--
INFO: Run Behavior\WriteHtmlCacheBehavior [ RunTime:0.000220s ]
INFO: [ view_filter ] --END-- [ RunTime:0.000265s ]
INFO: [ app_end ] --START--
INFO: Run Behavior\ShowPageTraceBehavior [ RunTime:0.000483s ]
INFO: [ app_end ] --END-- [ RunTime:0.000541s ]

[ 2017-08-19T17:09:21+08:00 ] 60.29.18.51 /favicon.ico
INFO: [ app_init ] --START--
INFO: Run Behavior\BuildLiteBehavior [ RunTime:0.000016s ]
INFO: [ app_init ] --END-- [ RunTime:0.000352s ]
INFO: [ app_begin ] --START--
INFO: Run Behavior\ReadHtmlCacheBehavior [ RunTime:0.000492s ]
INFO: Run Behavior\CheckLangBehavior [ RunTime:0.000551s ]
INFO: [ app_begin ] --END-- [ RunTime:0.001139s ]
NOTIC: [2] fopen(./Public/logs/2017-08-19.log): failed to open stream: No such file or directory /home/wwwroot/www.jifage.cn/Public/lib/log.php 第 16 行.
INFO: [ view_parse ] --START--
INFO: [ template_filter ] --START--
INFO: Run Behavior\ContentReplaceBehavior [ RunTime:0.000640s ]
INFO: [ template_filter ] --END-- [ RunTime:0.000710s ]
NOTIC: [8] Undefined index: account /home/wwwroot/www.jifage.cn/Application/Runtime/Cache/Home/2a94b8bda04ff446dcedd42276fc99ee.php 第 462 行.
INFO: Run Behavior\ParseTemplateBehavior [ RunTime:0.073975s ]
INFO: [ view_parse ] --END-- [ RunTime:0.074028s ]
INFO: [ view_filter ] --START--
INFO: Run Behavior\WriteHtmlCacheBehavior [ RunTime:0.000230s ]
INFO: [ view_filter ] --END-- [ RunTime:0.000276s ]
INFO: [ app_end ] --START--
INFO: Run Behavior\ShowPageTraceBehavior [ RunTime:0.000531s ]
INFO: [ app_end ] --END-- [ RunTime:0.000592s ]

[ 2017-08-19T17:09:22+08:00 ] 60.29.18.51 /index.php?a=about&l=zh-tw
INFO: [ app_init ] --START--
INFO: Run Behavior\BuildLiteBehavior [ RunTime:0.000015s ]
INFO: [ app_init ] --END-- [ RunTime:0.000347s ]
INFO: [ app_begin ] --START--
INFO: Run Behavior\ReadHtmlCacheBehavior [ RunTime:0.000464s ]
INFO: Run Behavior\CheckLangBehavior [ RunTime:0.001449s ]
INFO: [ app_begin ] --END-- [ RunTime:0.002013s ]
NOTIC: [2] fopen(./Public/logs/2017-08-19.log): failed to open stream: No such file or directory /home/wwwroot/www.jifage.cn/Public/lib/log.php 第 16 行.
INFO: [ view_parse ] --START--
INFO: [ template_filter ] --START--
INFO: Run Behavior\ContentReplaceBehavior [ RunTime:0.000150s ]
INFO: [ template_filter ] --END-- [ RunTime:0.000212s ]
NOTIC: [8] Undefined index: account /home/wwwroot/www.jifage.cn/Application/Runtime/Cache/Home/09ccd45952ce225a1a2986a81cc5705c.php 第 171 行.
INFO: Run Behavior\ParseTemplateBehavior [ RunTime:0.041653s ]
INFO: [ view_parse ] --END-- [ RunTime:0.041710s ]
INFO: [ view_filter ] --START--
INFO: Run Behavior\WriteHtmlCacheBehavior [ RunTime:0.000218s ]
INFO: [ view_filter ] --END-- [ RunTime:0.000262s ]
INFO: [ app_end ] --START--
INFO: Run Behavior\ShowPageTraceBehavior [ RunTime:0.000859s ]
INFO: [ app_end ] --END-- [ RunTime:0.006743s ]

[ 2017-08-19T17:09:22+08:00 ] 60.29.18.51 /favicon.ico
INFO: [ app_init ] --START--
INFO: Run Behavior\BuildLiteBehavior [ RunTime:0.000016s ]
INFO: [ app_init ] --END-- [ RunTime:0.000343s ]
INFO: [ app_begin ] --START--
INFO: Run Behavior\ReadHtmlCacheBehavior [ RunTime:0.000469s ]
INFO: Run Behavior\CheckLangBehavior [ RunTime:0.007106s ]
INFO: [ app_begin ] --END-- [ RunTime:0.007659s ]
NOTIC: [2] fopen(./Public/logs/2017-08-19.log): failed to open stream: No such file or directory /home/wwwroot/www.jifage.cn/Public/lib/log.php 第 16 行.
INFO: [ view_parse ] --START--
INFO: [ template_filter ] --START--
INFO: Run Behavior\ContentReplaceBehavior [ RunTime:0.000284s ]
INFO: [ template_filter ] --END-- [ RunTime:0.000351s ]
NOTIC: [8] Undefined index: account /home/wwwroot/www.jifage.cn/Application/Runtime/Cache/Home/2a94b8bda04ff446dcedd42276fc99ee.php 第 462 行.
INFO: Run Behavior\ParseTemplateBehavior [ RunTime:0.079226s ]
INFO: [ view_parse ] --END-- [ RunTime:0.079283s ]
INFO: [ view_filter ] --START--
INFO: Run Behavior\WriteHtmlCacheBehavior [ RunTime:0.000235s ]
INFO: [ view_filter ] --END-- [ RunTime:0.000281s ]
INFO: [ app_end ] --START--
INFO: Run Behavior\ShowPageTraceBehavior [ RunTime:0.000507s ]
INFO: [ app_end ] --END-- [ RunTime:0.000556s ]

[ 2017-08-19T17:09:23+08:00 ] 60.29.18.51 /index.php?a=about&l=en-us
INFO: [ app_init ] --START--
INFO: Run Behavior\BuildLiteBehavior [ RunTime:0.000015s ]
INFO: [ app_init ] --END-- [ RunTime:0.000742s ]
INFO: [ app_begin ] --START--
INFO: Run Behavior\ReadHtmlCacheBehavior [ RunTime:0.000492s ]
INFO: Run Behavior\CheckLangBehavior [ RunTime:0.007194s ]
INFO: [ app_begin ] --END-- [ RunTime:0.007769s ]
NOTIC: [2] fopen(./Public/logs/2017-08-19.log): failed to open stream: No such file or directory /home/wwwroot/www.jifage.cn/Public/lib/log.php 第 16 行.
INFO: [ view_parse ] --START--
INFO: [ template_filter ] --START--
INFO: Run Behavior\ContentReplaceBehavior [ RunTime:0.000138s ]
INFO: [ template_filter ] --END-- [ RunTime:0.000208s ]
NOTIC: [8] Undefined index: account /home/wwwroot/www.jifage.cn/Application/Runtime/Cache/Home/09ccd45952ce225a1a2986a81cc5705c.php 第 171 行.
INFO: Run Behavior\ParseTemplateBehavior [ RunTime:0.042149s ]
INFO: [ view_parse ] --END-- [ RunTime:0.042201s ]
INFO: [ view_filter ] --START--
INFO: Run Behavior\WriteHtmlCacheBehavior [ RunTime:0.000286s ]
INFO: [ view_filter ] --END-- [ RunTime:0.000331s ]
INFO: [ app_end ] --START--
INFO: Run Behavior\ShowPageTraceBehavior [ RunTime:0.000488s ]
INFO: [ app_end ] --END-- [ RunTime:0.000534s ]

[ 2017-08-19T17:09:24+08:00 ] 60.29.18.51 /favicon.ico
INFO: [ app_init ] --START--
INFO: Run Behavior\BuildLiteBehavior [ RunTime:0.000016s ]
INFO: [ app_init ] --END-- [ RunTime:0.000336s ]
INFO: [ app_begin ] --START--
INFO: Run Behavior\ReadHtmlCacheBehavior [ RunTime:0.000512s ]
INFO: Run Behavior\CheckLangBehavior [ RunTime:0.001701s ]
INFO: [ app_begin ] --END-- [ RunTime:0.002295s ]
NOTIC: [2] fopen(./Public/logs/2017-08-19.log): failed to open stream: No such file or directory /home/wwwroot/www.jifage.cn/Public/lib/log.php 第 16 行.
INFO: [ view_parse ] --START--
INFO: [ template_filter ] --START--
INFO: Run Behavior\ContentReplaceBehavior [ RunTime:0.000278s ]
INFO: [ template_filter ] --END-- [ RunTime:0.000343s ]
NOTIC: [8] Undefined index: account /home/wwwroot/www.jifage.cn/Application/Runtime/Cache/Home/2a94b8bda04ff446dcedd42276fc99ee.php 第 462 行.
INFO: Run Behavior\ParseTemplateBehavior [ RunTime:0.078156s ]
INFO: [ view_parse ] --END-- [ RunTime:0.078207s ]
INFO: [ view_filter ] --START--
INFO: Run Behavior\WriteHtmlCacheBehavior [ RunTime:0.000238s ]
INFO: [ view_filter ] --END-- [ RunTime:0.000282s ]
INFO: [ app_end ] --START--
INFO: Run Behavior\ShowPageTraceBehavior [ RunTime:0.000487s ]
INFO: [ app_end ] --END-- [ RunTime:0.000533s ]

[ 2017-08-19T17:09:25+08:00 ] 60.29.18.51 /index.php?a=signin
INFO: [ app_init ] --START--
INFO: Run Behavior\BuildLiteBehavior [ RunTime:0.000017s ]
INFO: [ app_init ] --END-- [ RunTime:0.006033s ]
INFO: [ app_begin ] --START--
INFO: Run Behavior\ReadHtmlCacheBehavior [ RunTime:0.000503s ]
INFO: Run Behavior\CheckLangBehavior [ RunTime:0.001656s ]
INFO: [ app_begin ] --END-- [ RunTime:0.002254s ]
NOTIC: [2] fopen(./Public/logs/2017-08-19.log): failed to open stream: No such file or directory /home/wwwroot/www.jifage.cn/Public/lib/log.php 第 16 行.
INFO: [ view_parse ] --START--
INFO: [ template_filter ] --START--
INFO: Run Behavior\ContentReplaceBehavior [ RunTime:0.000120s ]
INFO: [ template_filter ] --END-- [ RunTime:0.000179s ]
INFO: Run Behavior\ParseTemplateBehavior [ RunTime:0.030098s ]
INFO: [ view_parse ] --END-- [ RunTime:0.030156s ]
INFO: [ view_filter ] --START--
INFO: Run Behavior\WriteHtmlCacheBehavior [ RunTime:0.000232s ]
INFO: [ view_filter ] --END-- [ RunTime:0.000315s ]
INFO: [ app_end ] --START--
INFO: Run Behavior\ShowPageTraceBehavior [ RunTime:0.006215s ]
INFO: [ app_end ] --END-- [ RunTime:0.006261s ]

[ 2017-08-19T17:09:25+08:00 ] 60.29.18.51 /index.php?a=error404
INFO: [ app_init ] --START--
INFO: Run Behavior\BuildLiteBehavior [ RunTime:0.000015s ]
INFO: [ app_init ] --END-- [ RunTime:0.000334s ]
INFO: [ app_begin ] --START--
INFO: Run Behavior\ReadHtmlCacheBehavior [ RunTime:0.000473s ]
INFO: Run Behavior\CheckLangBehavior [ RunTime:0.001932s ]
INFO: [ app_begin ] --END-- [ RunTime:0.002488s ]
NOTIC: [2] fopen(./Public/logs/2017-08-19.log): failed to open stream: No such file or directory /home/wwwroot/www.jifage.cn/Public/lib/log.php 第 16 行.
INFO: [ view_parse ] --START--
INFO: [ template_filter ] --START--
INFO: Run Behavior\ContentReplaceBehavior [ RunTime:0.000045s ]
INFO: [ template_filter ] --END-- [ RunTime:0.000097s ]
INFO: Run Behavior\ParseTemplateBehavior [ RunTime:0.011979s ]
INFO: [ view_parse ] --END-- [ RunTime:0.012031s ]
INFO: [ view_filter ] --START--
INFO: Run Behavior\WriteHtmlCacheBehavior [ RunTime:0.000210s ]
INFO: [ view_filter ] --END-- [ RunTime:0.000251s ]
INFO: [ app_end ] --START--
INFO: Run Behavior\ShowPageTraceBehavior [ RunTime:0.000494s ]
INFO: [ app_end ] --END-- [ RunTime:0.006252s ]

[ 2017-08-19T17:09:25+08:00 ] 60.29.18.51 /favicon.ico
INFO: [ app_init ] --START--
INFO: Run Behavior\BuildLiteBehavior [ RunTime:0.000016s ]
INFO: [ app_init ] --END-- [ RunTime:0.000338s ]
INFO: [ app_begin ] --START--
INFO: Run Behavior\ReadHtmlCacheBehavior [ RunTime:0.000450s ]
INFO: Run Behavior\CheckLangBehavior [ RunTime:0.007173s ]
INFO: [ app_begin ] --END-- [ RunTime:0.007727s ]
NOTIC: [2] fopen(./Public/logs/2017-08-19.log): failed to open stream: No such file or directory /home/wwwroot/www.jifage.cn/Public/lib/log.php 第 16 行.
INFO: [ view_parse ] --START--
INFO: [ template_filter ] --START--
INFO: Run Behavior\ContentReplaceBehavior [ RunTime:0.000281s ]
INFO: [ template_filter ] --END-- [ RunTime:0.000346s ]
NOTIC: [8] Undefined index: account /home/wwwroot/www.jifage.cn/Application/Runtime/Cache/Home/2a94b8bda04ff446dcedd42276fc99ee.php 第 462 行.
INFO: Run Behavior\ParseTemplateBehavior [ RunTime:0.072519s ]
INFO: [ view_parse ] --END-- [ RunTime:0.072573s ]
INFO: [ view_filter ] --START--
INFO: Run Behavior\WriteHtmlCacheBehavior [ RunTime:0.000241s ]
INFO: [ view_filter ] --END-- [ RunTime:0.000286s ]
INFO: [ app_end ] --START--
INFO: Run Behavior\ShowPageTraceBehavior [ RunTime:0.000512s ]
INFO: [ app_end ] --END-- [ RunTime:0.000563s ]

[ 2017-08-19T17:09:26+08:00 ] 60.29.18.51 /index.php
INFO: [ app_init ] --START--
INFO: Run Behavior\BuildLiteBehavior [ RunTime:0.000017s ]
INFO: [ app_init ] --END-- [ RunTime:0.000369s ]
INFO: [ app_begin ] --START--
INFO: Run Behavior\ReadHtmlCacheBehavior [ RunTime:0.000535s ]
INFO: Run Behavior\CheckLangBehavior [ RunTime:0.007680s ]
INFO: [ app_begin ] --END-- [ RunTime:0.008309s ]
NOTIC: [2] fopen(./Public/logs/2017-08-19.log): failed to open stream: No such file or directory /home/wwwroot/www.jifage.cn/Public/lib/log.php 第 16 行.
INFO: [ view_parse ] --START--
INFO: [ template_filter ] --START--
INFO: Run Behavior\ContentReplaceBehavior [ RunTime:0.000335s ]
INFO: [ template_filter ] --END-- [ RunTime:0.000404s ]
NOTIC: [8] Undefined index: account /home/wwwroot/www.jifage.cn/Application/Runtime/Cache/Home/2a94b8bda04ff446dcedd42276fc99ee.php 第 462 行.
INFO: Run Behavior\ParseTemplateBehavior [ RunTime:0.080068s ]
INFO: [ view_parse ] --END-- [ RunTime:0.080126s ]
INFO: [ view_filter ] --START--
INFO: Run Behavior\WriteHtmlCacheBehavior [ RunTime:0.000239s ]
INFO: [ view_filter ] --END-- [ RunTime:0.000287s ]
INFO: [ app_end ] --START--
INFO: Run Behavior\ShowPageTraceBehavior [ RunTime:0.000518s ]
INFO: [ app_end ] --END-- [ RunTime:0.000566s ]

[ 2017-08-19T17:09:27+08:00 ] 60.29.18.51 /index.php
INFO: [ app_init ] --START--
INFO: Run Behavior\BuildLiteBehavior [ RunTime:0.000016s ]
INFO: [ app_init ] --END-- [ RunTime:0.000342s ]
INFO: [ app_begin ] --START--
INFO: Run Behavior\ReadHtmlCacheBehavior [ RunTime:0.000477s ]
INFO: Run Behavior\CheckLangBehavior [ RunTime:0.007182s ]
INFO: [ app_begin ] --END-- [ RunTime:0.007745s ]
NOTIC: [2] fopen(./Public/logs/2017-08-19.log): failed to open stream: No such file or directory /home/wwwroot/www.jifage.cn/Public/lib/log.php 第 16 行.
INFO: [ view_parse ] --START--
INFO: [ template_filter ] --START--
INFO: Run Behavior\ContentReplaceBehavior [ RunTime:0.000279s ]
INFO: [ template_filter ] --END-- [ RunTime:0.000345s ]
NOTIC: [8] Undefined index: account /home/wwwroot/www.jifage.cn/Application/Runtime/Cache/Home/2a94b8bda04ff446dcedd42276fc99ee.php 第 462 行.
INFO: Run Behavior\ParseTemplateBehavior [ RunTime:0.079330s ]
INFO: [ view_parse ] --END-- [ RunTime:0.079382s ]
INFO: [ view_filter ] --START--
INFO: Run Behavior\WriteHtmlCacheBehavior [ RunTime:0.000234s ]
INFO: [ view_filter ] --END-- [ RunTime:0.000281s ]
INFO: [ app_end ] --START--
INFO: Run Behavior\ShowPageTraceBehavior [ RunTime:0.000509s ]
INFO: [ app_end ] --END-- [ RunTime:0.000555s ]

[ 2017-08-19T17:09:29+08:00 ] 60.29.18.51 /index.php?a=index&l=zh-cn
INFO: [ app_init ] --START--
INFO: Run Behavior\BuildLiteBehavior [ RunTime:0.000016s ]
INFO: [ app_init ] --END-- [ RunTime:0.000337s ]
INFO: [ app_begin ] --START--
INFO: Run Behavior\ReadHtmlCacheBehavior [ RunTime:0.000446s ]
INFO: Run Behavior\CheckLangBehavior [ RunTime:0.000547s ]
INFO: [ app_begin ] --END-- [ RunTime:0.001073s ]
NOTIC: [2] fopen(./Public/logs/2017-08-19.log): failed to open stream: No such file or directory /home/wwwroot/www.jifage.cn/Public/lib/log.php 第 16 行.
INFO: [ view_parse ] --START--
INFO: [ template_filter ] --START--
INFO: Run Behavior\ContentReplaceBehavior [ RunTime:0.000296s ]
INFO: [ template_filter ] --END-- [ RunTime:0.000360s ]
NOTIC: [8] Undefined index: account /home/wwwroot/www.jifage.cn/Application/Runtime/Cache/Home/2a94b8bda04ff446dcedd42276fc99ee.php 第 462 行.
INFO: Run Behavior\ParseTemplateBehavior [ RunTime:0.072036s ]
INFO: [ view_parse ] --END-- [ RunTime:0.072090s ]
INFO: [ view_filter ] --START--
INFO: Run Behavior\WriteHtmlCacheBehavior [ RunTime:0.006081s ]
INFO: [ view_filter ] --END-- [ RunTime:0.006135s ]
INFO: [ app_end ] --START--
INFO: Run Behavior\ShowPageTraceBehavior [ RunTime:0.000551s ]
INFO: [ app_end ] --END-- [ RunTime:0.000601s ]

[ 2017-08-19T17:13:36+08:00 ] 60.29.18.51 /index.php?a=index&l=zh-cn
INFO: [ app_init ] --START--
INFO: Run Behavior\BuildLiteBehavior [ RunTime:0.000015s ]
INFO: [ app_init ] --END-- [ RunTime:0.006050s ]
INFO: [ app_begin ] --START--
INFO: Run Behavior\ReadHtmlCacheBehavior [ RunTime:0.000450s ]
INFO: Run Behavior\CheckLangBehavior [ RunTime:0.000564s ]
INFO: [ app_begin ] --END-- [ RunTime:0.001096s ]
NOTIC: [2] fopen(./Public/logs/2017-08-19.log): failed to open stream: No such file or directory /home/wwwroot/www.jifage.cn/Public/lib/log.php 第 16 行.
INFO: [ view_parse ] --START--
INFO: [ template_filter ] --START--
INFO: Run Behavior\ContentReplaceBehavior [ RunTime:0.000296s ]
INFO: [ template_filter ] --END-- [ RunTime:0.000370s ]
NOTIC: [8] Undefined index: account /home/wwwroot/www.jifage.cn/Application/Runtime/Cache/Home/2a94b8bda04ff446dcedd42276fc99ee.php 第 462 行.
INFO: Run Behavior\ParseTemplateBehavior [ RunTime:0.071924s ]
INFO: [ view_parse ] --END-- [ RunTime:0.071977s ]
INFO: [ view_filter ] --START--
INFO: Run Behavior\WriteHtmlCacheBehavior [ RunTime:0.005985s ]
INFO: [ view_filter ] --END-- [ RunTime:0.006039s ]
INFO: [ app_end ] --START--
INFO: Run Behavior\ShowPageTraceBehavior [ RunTime:0.000570s ]
INFO: [ app_end ] --END-- [ RunTime:0.000626s ]

[ 2017-08-19T17:13:41+08:00 ] 60.29.18.51 /index.php?a=faq
INFO: [ app_init ] --START--
INFO: Run Behavior\BuildLiteBehavior [ RunTime:0.000015s ]
INFO: [ app_init ] --END-- [ RunTime:0.000339s ]
INFO: [ app_begin ] --START--
INFO: Run Behavior\ReadHtmlCacheBehavior [ RunTime:0.000457s ]
INFO: Run Behavior\CheckLangBehavior [ RunTime:0.000554s ]
INFO: [ app_begin ] --END-- [ RunTime:0.001093s ]
NOTIC: [2] fopen(./Public/logs/2017-08-19.log): failed to open stream: No such file or directory /home/wwwroot/www.jifage.cn/Public/lib/log.php 第 16 行.
INFO: [ view_parse ] --START--
INFO: [ template_filter ] --START--
INFO: Run Behavior\ContentReplaceBehavior [ RunTime:0.000204s ]
INFO: [ template_filter ] --END-- [ RunTime:0.000271s ]
NOTIC: [8] Undefined index: account /home/wwwroot/www.jifage.cn/Application/Runtime/Cache/Home/92a04e286e757a9bb13bb275410d03b9.php 第 208 行.
INFO: Run Behavior\ParseTemplateBehavior [ RunTime:0.060939s ]
INFO: [ view_parse ] --END-- [ RunTime:0.060992s ]
INFO: [ view_filter ] --START--
INFO: Run Behavior\WriteHtmlCacheBehavior [ RunTime:0.000235s ]
INFO: [ view_filter ] --END-- [ RunTime:0.000279s ]
INFO: [ app_end ] --START--
INFO: Run Behavior\ShowPageTraceBehavior [ RunTime:0.000502s ]
INFO: [ app_end ] --END-- [ RunTime:0.000551s ]

[ 2017-08-19T17:13:41+08:00 ] 60.29.18.51 /favicon.ico
INFO: [ app_init ] --START--
INFO: Run Behavior\BuildLiteBehavior [ RunTime:0.000015s ]
INFO: [ app_init ] --END-- [ RunTime:0.000332s ]
INFO: [ app_begin ] --START--
INFO: Run Behavior\ReadHtmlCacheBehavior [ RunTime:0.006141s ]
INFO: Run Behavior\CheckLangBehavior [ RunTime:0.000536s ]
INFO: [ app_begin ] --END-- [ RunTime:0.006759s ]
NOTIC: [2] fopen(./Public/logs/2017-08-19.log): failed to open stream: No such file or directory /home/wwwroot/www.jifage.cn/Public/lib/log.php 第 16 行.
INFO: [ view_parse ] --START--
INFO: [ template_filter ] --START--
INFO: Run Behavior\ContentReplaceBehavior [ RunTime:0.000298s ]
INFO: [ template_filter ] --END-- [ RunTime:0.000366s ]
NOTIC: [8] Undefined index: account /home/wwwroot/www.jifage.cn/Application/Runtime/Cache/Home/2a94b8bda04ff446dcedd42276fc99ee.php 第 462 行.
INFO: Run Behavior\ParseTemplateBehavior [ RunTime:0.078442s ]
INFO: [ view_parse ] --END-- [ RunTime:0.078500s ]
INFO: [ view_filter ] --START--
INFO: Run Behavior\WriteHtmlCacheBehavior [ RunTime:0.000237s ]
INFO: [ view_filter ] --END-- [ RunTime:0.000283s ]
INFO: [ app_end ] --START--
INFO: Run Behavior\ShowPageTraceBehavior [ RunTime:0.000539s ]
INFO: [ app_end ] --END-- [ RunTime:0.000601s ]

[ 2017-08-19T17:13:42+08:00 ] 60.29.18.51 /index.php?a=download
INFO: [ app_init ] --START--
INFO: Run Behavior\BuildLiteBehavior [ RunTime:0.000015s ]
INFO: [ app_init ] --END-- [ RunTime:0.000335s ]
INFO: [ app_begin ] --START--
INFO: Run Behavior\ReadHtmlCacheBehavior [ RunTime:0.000466s ]
INFO: Run Behavior\CheckLangBehavior [ RunTime:0.000528s ]
INFO: [ app_begin ] --END-- [ RunTime:0.001074s ]
NOTIC: [2] fopen(./Public/logs/2017-08-19.log): failed to open stream: No such file or directory /home/wwwroot/www.jifage.cn/Public/lib/log.php 第 16 行.
INFO: [ view_parse ] --START--
INFO: [ template_filter ] --START--
INFO: Run Behavior\ContentReplaceBehavior [ RunTime:0.000132s ]
INFO: [ template_filter ] --END-- [ RunTime:0.000201s ]
NOTIC: [8] Undefined index: account /home/wwwroot/www.jifage.cn/Application/Runtime/Cache/Home/6b1b5ceff111208f479bf3472ab76c49.php 第 161 行.
INFO: Run Behavior\ParseTemplateBehavior [ RunTime:0.043856s ]
INFO: [ view_parse ] --END-- [ RunTime:0.043906s ]
INFO: [ view_filter ] --START--
INFO: Run Behavior\WriteHtmlCacheBehavior [ RunTime:0.005951s ]
INFO: [ view_filter ] --END-- [ RunTime:0.006007s ]
INFO: [ app_end ] --START--
INFO: Run Behavior\ShowPageTraceBehavior [ RunTime:0.000737s ]
INFO: [ app_end ] --END-- [ RunTime:0.000788s ]

[ 2017-08-19T17:13:43+08:00 ] 60.29.18.51 /favicon.ico
INFO: [ app_init ] --START--
INFO: Run Behavior\BuildLiteBehavior [ RunTime:0.000016s ]
INFO: [ app_init ] --END-- [ RunTime:0.000353s ]
INFO: [ app_begin ] --START--
INFO: Run Behavior\ReadHtmlCacheBehavior [ RunTime:0.000473s ]
INFO: Run Behavior\CheckLangBehavior [ RunTime:0.000538s ]
INFO: [ app_begin ] --END-- [ RunTime:0.001093s ]
NOTIC: [2] fopen(./Public/logs/2017-08-19.log): failed to open stream: No such file or directory /home/wwwroot/www.jifage.cn/Public/lib/log.php 第 16 行.
INFO: [ view_parse ] --START--
INFO: [ template_filter ] --START--
INFO: Run Behavior\ContentReplaceBehavior [ RunTime:0.000281s ]
INFO: [ template_filter ] --END-- [ RunTime:0.000362s ]
NOTIC: [8] Undefined index: account /home/wwwroot/www.jifage.cn/Application/Runtime/Cache/Home/2a94b8bda04ff446dcedd42276fc99ee.php 第 462 行.
INFO: Run Behavior\ParseTemplateBehavior [ RunTime:0.067198s ]
INFO: [ view_parse ] --END-- [ RunTime:0.067253s ]
INFO: [ view_filter ] --START--
INFO: Run Behavior\WriteHtmlCacheBehavior [ RunTime:0.000230s ]
INFO: [ view_filter ] --END-- [ RunTime:0.000276s ]
INFO: [ app_end ] --START--
INFO: Run Behavior\ShowPageTraceBehavior [ RunTime:0.000552s ]
INFO: [ app_end ] --END-- [ RunTime:0.000615s ]

[ 2017-08-19T17:13:43+08:00 ] 60.29.18.51 /index.php
INFO: [ app_init ] --START--
INFO: Run Behavior\BuildLiteBehavior [ RunTime:0.000024s ]
INFO: [ app_init ] --END-- [ RunTime:0.000414s ]
INFO: [ app_begin ] --START--
INFO: Run Behavior\ReadHtmlCacheBehavior [ RunTime:0.000485s ]
INFO: Run Behavior\CheckLangBehavior [ RunTime:0.006165s ]
INFO: [ app_begin ] --END-- [ RunTime:0.006763s ]
NOTIC: [2] fopen(./Public/logs/2017-08-19.log): failed to open stream: No such file or directory /home/wwwroot/www.jifage.cn/Public/lib/log.php 第 16 行.
INFO: [ view_parse ] --START--
INFO: [ template_filter ] --START--
INFO: Run Behavior\ContentReplaceBehavior [ RunTime:0.000351s ]
INFO: [ template_filter ] --END-- [ RunTime:0.000435s ]
NOTIC: [8] Undefined index: account /home/wwwroot/www.jifage.cn/Application/Runtime/Cache/Home/2a94b8bda04ff446dcedd42276fc99ee.php 第 462 行.
INFO: Run Behavior\ParseTemplateBehavior [ RunTime:0.094736s ]
INFO: [ view_parse ] --END-- [ RunTime:0.094805s ]
INFO: [ view_filter ] --START--
INFO: Run Behavior\WriteHtmlCacheBehavior [ RunTime:0.000285s ]
INFO: [ view_filter ] --END-- [ RunTime:0.000334s ]
INFO: [ app_end ] --START--
INFO: Run Behavior\ShowPageTraceBehavior [ RunTime:0.000580s ]
INFO: [ app_end ] --END-- [ RunTime:0.000629s ]

[ 2017-08-19T17:16:09+08:00 ] 60.29.18.51 /
INFO: [ app_init ] --START--
INFO: Run Behavior\BuildLiteBehavior [ RunTime:0.000016s ]
INFO: [ app_init ] --END-- [ RunTime:0.000344s ]
INFO: [ app_begin ] --START--
INFO: Run Behavior\ReadHtmlCacheBehavior [ RunTime:0.000485s ]
INFO: Run Behavior\CheckLangBehavior [ RunTime:0.000547s ]
INFO: [ app_begin ] --END-- [ RunTime:0.001119s ]
NOTIC: [2] fopen(./Public/logs/2017-08-19.log): failed to open stream: No such file or directory /home/wwwroot/www.jifage.cn/Public/lib/log.php 第 16 行.
INFO: [ view_parse ] --START--
INFO: [ template_filter ] --START--
INFO: Run Behavior\ContentReplaceBehavior [ RunTime:0.000280s ]
INFO: [ template_filter ] --END-- [ RunTime:0.000347s ]
NOTIC: [8] Undefined index: account /home/wwwroot/www.jifage.cn/Application/Runtime/Cache/Home/2a94b8bda04ff446dcedd42276fc99ee.php 第 462 行.
INFO: Run Behavior\ParseTemplateBehavior [ RunTime:0.072599s ]
INFO: [ view_parse ] --END-- [ RunTime:0.072651s ]
INFO: [ view_filter ] --START--
INFO: Run Behavior\WriteHtmlCacheBehavior [ RunTime:0.000238s ]
INFO: [ view_filter ] --END-- [ RunTime:0.000283s ]
INFO: [ app_end ] --START--
INFO: Run Behavior\ShowPageTraceBehavior [ RunTime:0.000523s ]
INFO: [ app_end ] --END-- [ RunTime:0.000575s ]

[ 2017-08-19T17:20:30+08:00 ] 54.193.46.142 /
INFO: [ app_init ] --START--
INFO: Run Behavior\BuildLiteBehavior [ RunTime:0.000018s ]
INFO: [ app_init ] --END-- [ RunTime:0.000403s ]
INFO: [ app_begin ] --START--
INFO: Run Behavior\ReadHtmlCacheBehavior [ RunTime:0.006187s ]
INFO: Run Behavior\CheckLangBehavior [ RunTime:0.000663s ]
INFO: [ app_begin ] --END-- [ RunTime:0.006957s ]
NOTIC: [2] fopen(./Public/logs/2017-08-19.log): failed to open stream: No such file or directory /home/wwwroot/www.jifage.cn/Public/lib/log.php 第 16 行.
INFO: [ view_parse ] --START--
INFO: [ template_filter ] --START--
INFO: Run Behavior\ContentReplaceBehavior [ RunTime:0.000319s ]
INFO: [ template_filter ] --END-- [ RunTime:0.006101s ]
NOTIC: [8] Undefined index: account /home/wwwroot/www.jifage.cn/Application/Runtime/Cache/Home/2a94b8bda04ff446dcedd42276fc99ee.php 第 462 行.
INFO: Run Behavior\ParseTemplateBehavior [ RunTime:0.073405s ]
INFO: [ view_parse ] --END-- [ RunTime:0.073469s ]
INFO: [ view_filter ] --START--
INFO: Run Behavior\WriteHtmlCacheBehavior [ RunTime:0.000581s ]
INFO: [ view_filter ] --END-- [ RunTime:0.000666s ]
INFO: [ app_end ] --START--
INFO: Run Behavior\ShowPageTraceBehavior [ RunTime:0.000518s ]
INFO: [ app_end ] --END-- [ RunTime:0.000571s ]

[ 2017-08-19T17:32:49+08:00 ] 60.29.18.51 /
INFO: [ app_init ] --START--
INFO: Run Behavior\BuildLiteBehavior [ RunTime:0.000016s ]
INFO: [ app_init ] --END-- [ RunTime:0.000337s ]
INFO: [ app_begin ] --START--
INFO: Run Behavior\ReadHtmlCacheBehavior [ RunTime:0.006129s ]
INFO: Run Behavior\CheckLangBehavior [ RunTime:0.000581s ]
INFO: [ app_begin ] --END-- [ RunTime:0.006797s ]
NOTIC: [2] fopen(./Public/logs/2017-08-19.log): failed to open stream: No such file or directory /home/wwwroot/www.jifage.cn/Public/lib/log.php 第 16 行.
INFO: [ view_parse ] --START--
INFO: [ template_filter ] --START--
INFO: Run Behavior\ContentReplaceBehavior [ RunTime:0.000281s ]
INFO: [ template_filter ] --END-- [ RunTime:0.000348s ]
NOTIC: [8] Undefined index: account /home/wwwroot/www.jifage.cn/Application/Runtime/Cache/Home/2a94b8bda04ff446dcedd42276fc99ee.php 第 462 行.
INFO: Run Behavior\ParseTemplateBehavior [ RunTime:0.077705s ]
INFO: [ view_parse ] --END-- [ RunTime:0.077759s ]
INFO: [ view_filter ] --START--
INFO: Run Behavior\WriteHtmlCacheBehavior [ RunTime:0.000231s ]
INFO: [ view_filter ] --END-- [ RunTime:0.000279s ]
INFO: [ app_end ] --START--
INFO: Run Behavior\ShowPageTraceBehavior [ RunTime:0.006660s ]
INFO: [ app_end ] --END-- [ RunTime:0.006717s ]

[ 2017-08-19T17:34:15+08:00 ] 60.29.18.51 /index.php
INFO: [ app_init ] --START--
INFO: Run Behavior\BuildLiteBehavior [ RunTime:0.000016s ]
INFO: [ app_init ] --END-- [ RunTime:0.006002s ]
INFO: [ app_begin ] --START--
INFO: Run Behavior\ReadHtmlCacheBehavior [ RunTime:0.000470s ]
INFO: Run Behavior\CheckLangBehavior [ RunTime:0.000527s ]
INFO: [ app_begin ] --END-- [ RunTime:0.001079s ]
NOTIC: [2] fopen(./Public/logs/2017-08-19.log): failed to open stream: No such file or directory /home/wwwroot/www.jifage.cn/Public/lib/log.php 第 16 行.
INFO: [ view_parse ] --START--
INFO: [ template_filter ] --START--
INFO: Run Behavior\ContentReplaceBehavior [ RunTime:0.000598s ]
INFO: [ template_filter ] --END-- [ RunTime:0.000672s ]
NOTIC: [8] Undefined index: account /home/wwwroot/www.jifage.cn/Application/Runtime/Cache/Home/2a94b8bda04ff446dcedd42276fc99ee.php 第 462 行.
INFO: Run Behavior\ParseTemplateBehavior [ RunTime:0.078270s ]
INFO: [ view_parse ] --END-- [ RunTime:0.078323s ]
INFO: [ view_filter ] --START--
INFO: Run Behavior\WriteHtmlCacheBehavior [ RunTime:0.000278s ]
INFO: [ view_filter ] --END-- [ RunTime:0.000324s ]
INFO: [ app_end ] --START--
INFO: Run Behavior\ShowPageTraceBehavior [ RunTime:0.000497s ]
INFO: [ app_end ] --END-- [ RunTime:0.000546s ]

[ 2017-08-19T17:34:23+08:00 ] 60.29.18.51 /index.php?a=download
INFO: [ app_init ] --START--
INFO: Run Behavior\BuildLiteBehavior [ RunTime:0.000015s ]
INFO: [ app_init ] --END-- [ RunTime:0.000337s ]
INFO: [ app_begin ] --START--
INFO: Run Behavior\ReadHtmlCacheBehavior [ RunTime:0.000472s ]
INFO: Run Behavior\CheckLangBehavior [ RunTime:0.000877s ]
INFO: [ app_begin ] --END-- [ RunTime:0.001430s ]
NOTIC: [2] fopen(./Public/logs/2017-08-19.log): failed to open stream: No such file or directory /home/wwwroot/www.jifage.cn/Public/lib/log.php 第 16 行.
INFO: [ view_parse ] --START--
INFO: [ template_filter ] --START--
INFO: Run Behavior\ContentReplaceBehavior [ RunTime:0.000127s ]
INFO: [ template_filter ] --END-- [ RunTime:0.000196s ]
NOTIC: [8] Undefined index: account /home/wwwroot/www.jifage.cn/Application/Runtime/Cache/Home/6b1b5ceff111208f479bf3472ab76c49.php 第 161 行.
INFO: Run Behavior\ParseTemplateBehavior [ RunTime:0.038885s ]
INFO: [ view_parse ] --END-- [ RunTime:0.038934s ]
INFO: [ view_filter ] --START--
INFO: Run Behavior\WriteHtmlCacheBehavior [ RunTime:0.000225s ]
INFO: [ view_filter ] --END-- [ RunTime:0.000267s ]
INFO: [ app_end ] --START--
INFO: Run Behavior\ShowPageTraceBehavior [ RunTime:0.006203s ]
INFO: [ app_end ] --END-- [ RunTime:0.006252s ]

[ 2017-08-19T17:34:23+08:00 ] 60.29.18.51 /favicon.ico
INFO: [ app_init ] --START--
INFO: Run Behavior\BuildLiteBehavior [ RunTime:0.000015s ]
INFO: [ app_init ] --END-- [ RunTime:0.000358s ]
INFO: [ app_begin ] --START--
INFO: Run Behavior\ReadHtmlCacheBehavior [ RunTime:0.000470s ]
INFO: Run Behavior\CheckLangBehavior [ RunTime:0.000543s ]
INFO: [ app_begin ] --END-- [ RunTime:0.001093s ]
NOTIC: [2] fopen(./Public/logs/2017-08-19.log): failed to open stream: No such file or directory /home/wwwroot/www.jifage.cn/Public/lib/log.php 第 16 行.
INFO: [ view_parse ] --START--
INFO: [ template_filter ] --START--
INFO: Run Behavior\ContentReplaceBehavior [ RunTime:0.000312s ]
INFO: [ template_filter ] --END-- [ RunTime:0.000379s ]
NOTIC: [8] Undefined index: account /home/wwwroot/www.jifage.cn/Application/Runtime/Cache/Home/2a94b8bda04ff446dcedd42276fc99ee.php 第 462 行.
INFO: Run Behavior\ParseTemplateBehavior [ RunTime:0.072875s ]
INFO: [ view_parse ] --END-- [ RunTime:0.072929s ]
INFO: [ view_filter ] --START--
INFO: Run Behavior\WriteHtmlCacheBehavior [ RunTime:0.006143s ]
INFO: [ view_filter ] --END-- [ RunTime:0.006191s ]
INFO: [ app_end ] --START--
INFO: Run Behavior\ShowPageTraceBehavior [ RunTime:0.000507s ]
INFO: [ app_end ] --END-- [ RunTime:0.000562s ]

[ 2017-08-19T17:34:35+08:00 ] 60.29.18.51 /favicon.ico
INFO: [ app_init ] --START--
INFO: Run Behavior\BuildLiteBehavior [ RunTime:0.000017s ]
INFO: [ app_init ] --END-- [ RunTime:0.000352s ]
INFO: [ app_begin ] --START--
INFO: Run Behavior\ReadHtmlCacheBehavior [ RunTime:0.000509s ]
INFO: Run Behavior\CheckLangBehavior [ RunTime:0.000571s ]
INFO: [ app_begin ] --END-- [ RunTime:0.001162s ]
NOTIC: [2] fopen(./Public/logs/2017-08-19.log): failed to open stream: No such file or directory /home/wwwroot/www.jifage.cn/Public/lib/log.php 第 16 行.
INFO: [ view_parse ] --START--
INFO: [ template_filter ] --START--
INFO: Run Behavior\ContentReplaceBehavior [ RunTime:0.000294s ]
INFO: [ template_filter ] --END-- [ RunTime:0.000360s ]
NOTIC: [8] Undefined index: account /home/wwwroot/www.jifage.cn/Application/Runtime/Cache/Home/2a94b8bda04ff446dcedd42276fc99ee.php 第 462 行.
INFO: Run Behavior\ParseTemplateBehavior [ RunTime:0.079212s ]
INFO: [ view_parse ] --END-- [ RunTime:0.079266s ]
INFO: [ view_filter ] --START--
INFO: Run Behavior\WriteHtmlCacheBehavior [ RunTime:0.000230s ]
INFO: [ view_filter ] --END-- [ RunTime:0.000277s ]
INFO: [ app_end ] --START--
INFO: Run Behavior\ShowPageTraceBehavior [ RunTime:0.000545s ]
INFO: [ app_end ] --END-- [ RunTime:0.000594s ]

[ 2017-08-19T17:34:50+08:00 ] 60.29.18.51 /favicon.ico
INFO: [ app_init ] --START--
INFO: Run Behavior\BuildLiteBehavior [ RunTime:0.000016s ]
INFO: [ app_init ] --END-- [ RunTime:0.000359s ]
INFO: [ app_begin ] --START--
INFO: Run Behavior\ReadHtmlCacheBehavior [ RunTime:0.000454s ]
INFO: Run Behavior\CheckLangBehavior [ RunTime:0.000553s ]
INFO: [ app_begin ] --END-- [ RunTime:0.001094s ]
NOTIC: [2] fopen(./Public/logs/2017-08-19.log): failed to open stream: No such file or directory /home/wwwroot/www.jifage.cn/Public/lib/log.php 第 16 行.
INFO: [ view_parse ] --START--
INFO: [ template_filter ] --START--
INFO: Run Behavior\ContentReplaceBehavior [ RunTime:0.000282s ]
INFO: [ template_filter ] --END-- [ RunTime:0.000348s ]
NOTIC: [8] Undefined index: account /home/wwwroot/www.jifage.cn/Application/Runtime/Cache/Home/2a94b8bda04ff446dcedd42276fc99ee.php 第 462 行.
INFO: Run Behavior\ParseTemplateBehavior [ RunTime:0.078078s ]
INFO: [ view_parse ] --END-- [ RunTime:0.078132s ]
INFO: [ view_filter ] --START--
INFO: Run Behavior\WriteHtmlCacheBehavior [ RunTime:0.000241s ]
INFO: [ view_filter ] --END-- [ RunTime:0.000287s ]
INFO: [ app_end ] --START--
INFO: Run Behavior\ShowPageTraceBehavior [ RunTime:0.000516s ]
INFO: [ app_end ] --END-- [ RunTime:0.000564s ]

[ 2017-08-19T17:44:31+08:00 ] 60.29.18.51 /favicon.ico
INFO: [ app_init ] --START--
INFO: Run Behavior\BuildLiteBehavior [ RunTime:0.000015s ]
INFO: [ app_init ] --END-- [ RunTime:0.000345s ]
INFO: [ app_begin ] --START--
INFO: Run Behavior\ReadHtmlCacheBehavior [ RunTime:0.000475s ]
INFO: Run Behavior\CheckLangBehavior [ RunTime:0.000580s ]
INFO: [ app_begin ] --END-- [ RunTime:0.001137s ]
NOTIC: [2] fopen(./Public/logs/2017-08-19.log): failed to open stream: No such file or directory /home/wwwroot/www.jifage.cn/Public/lib/log.php 第 16 行.
INFO: [ view_parse ] --START--
INFO: [ template_filter ] --START--
INFO: Run Behavior\ContentReplaceBehavior [ RunTime:0.000298s ]
INFO: [ template_filter ] --END-- [ RunTime:0.000365s ]
NOTIC: [8] Undefined index: account /home/wwwroot/www.jifage.cn/Application/Runtime/Cache/Home/2a94b8bda04ff446dcedd42276fc99ee.php 第 462 行.
INFO: Run Behavior\ParseTemplateBehavior [ RunTime:0.077970s ]
INFO: [ view_parse ] --END-- [ RunTime:0.078023s ]
INFO: [ view_filter ] --START--
INFO: Run Behavior\WriteHtmlCacheBehavior [ RunTime:0.000234s ]
INFO: [ view_filter ] --END-- [ RunTime:0.000281s ]
INFO: [ app_end ] --START--
INFO: Run Behavior\ShowPageTraceBehavior [ RunTime:0.000504s ]
INFO: [ app_end ] --END-- [ RunTime:0.000556s ]

[ 2017-08-19T17:47:06+08:00 ] 60.29.18.51 /favicon.ico
INFO: [ app_init ] --START--
INFO: Run Behavior\BuildLiteBehavior [ RunTime:0.000016s ]
INFO: [ app_init ] --END-- [ RunTime:0.000344s ]
INFO: [ app_begin ] --START--
INFO: Run Behavior\ReadHtmlCacheBehavior [ RunTime:0.000491s ]
INFO: Run Behavior\CheckLangBehavior [ RunTime:0.000536s ]
INFO: [ app_begin ] --END-- [ RunTime:0.001109s ]
NOTIC: [2] fopen(./Public/logs/2017-08-19.log): failed to open stream: No such file or directory /home/wwwroot/www.jifage.cn/Public/lib/log.php 第 16 行.
INFO: [ view_parse ] --START--
INFO: [ template_filter ] --START--
INFO: Run Behavior\ContentReplaceBehavior [ RunTime:0.000372s ]
INFO: [ template_filter ] --END-- [ RunTime:0.000437s ]
NOTIC: [8] Undefined index: account /home/wwwroot/www.jifage.cn/Application/Runtime/Cache/Home/2a94b8bda04ff446dcedd42276fc99ee.php 第 462 行.
INFO: Run Behavior\ParseTemplateBehavior [ RunTime:0.079940s ]
INFO: [ view_parse ] --END-- [ RunTime:0.079998s ]
INFO: [ view_filter ] --START--
INFO: Run Behavior\WriteHtmlCacheBehavior [ RunTime:0.000238s ]
INFO: [ view_filter ] --END-- [ RunTime:0.000284s ]
INFO: [ app_end ] --START--
INFO: Run Behavior\ShowPageTraceBehavior [ RunTime:0.006387s ]
INFO: [ app_end ] --END-- [ RunTime:0.006443s ]

[ 2017-08-19T17:59:01+08:00 ] 60.29.18.51 /index.php
INFO: [ app_init ] --START--
INFO: Run Behavior\BuildLiteBehavior [ RunTime:0.000016s ]
INFO: [ app_init ] --END-- [ RunTime:0.006027s ]
INFO: [ app_begin ] --START--
INFO: Run Behavior\ReadHtmlCacheBehavior [ RunTime:0.000471s ]
INFO: Run Behavior\CheckLangBehavior [ RunTime:0.000560s ]
INFO: [ app_begin ] --END-- [ RunTime:0.001124s ]
NOTIC: [2] fopen(./Public/logs/2017-08-19.log): failed to open stream: No such file or directory /home/wwwroot/www.jifage.cn/Public/lib/log.php 第 16 行.
INFO: [ view_parse ] --START--
INFO: [ template_filter ] --START--
INFO: Run Behavior\ContentReplaceBehavior [ RunTime:0.000335s ]
INFO: [ template_filter ] --END-- [ RunTime:0.000413s ]
NOTIC: [8] Undefined index: account /home/wwwroot/www.jifage.cn/Application/Runtime/Cache/Home/2a94b8bda04ff446dcedd42276fc99ee.php 第 462 行.
INFO: Run Behavior\ParseTemplateBehavior [ RunTime:0.085178s ]
INFO: [ view_parse ] --END-- [ RunTime:0.085251s ]
INFO: [ view_filter ] --START--
INFO: Run Behavior\WriteHtmlCacheBehavior [ RunTime:0.000239s ]
INFO: [ view_filter ] --END-- [ RunTime:0.000285s ]
INFO: [ app_end ] --START--
INFO: Run Behavior\ShowPageTraceBehavior [ RunTime:0.006269s ]
INFO: [ app_end ] --END-- [ RunTime:0.006327s ]

[ 2017-08-19T17:59:04+08:00 ] 60.29.18.51 /index.php?a=signin
INFO: [ app_init ] --START--
INFO: Run Behavior\BuildLiteBehavior [ RunTime:0.000016s ]
INFO: [ app_init ] --END-- [ RunTime:0.000347s ]
INFO: [ app_begin ] --START--
INFO: Run Behavior\ReadHtmlCacheBehavior [ RunTime:0.006152s ]
INFO: Run Behavior\CheckLangBehavior [ RunTime:0.000526s ]
INFO: [ app_begin ] --END-- [ RunTime:0.006760s ]
NOTIC: [2] fopen(./Public/logs/2017-08-19.log): failed to open stream: No such file or directory /home/wwwroot/www.jifage.cn/Public/lib/log.php 第 16 行.
INFO: [ view_parse ] --START--
INFO: [ template_filter ] --START--
INFO: Run Behavior\ContentReplaceBehavior [ RunTime:0.000100s ]
INFO: [ template_filter ] --END-- [ RunTime:0.000158s ]
INFO: Run Behavior\ParseTemplateBehavior [ RunTime:0.029297s ]
INFO: [ view_parse ] --END-- [ RunTime:0.029350s ]
INFO: [ view_filter ] --START--
INFO: Run Behavior\WriteHtmlCacheBehavior [ RunTime:0.000215s ]
INFO: [ view_filter ] --END-- [ RunTime:0.000272s ]
INFO: [ app_end ] --START--
INFO: Run Behavior\ShowPageTraceBehavior [ RunTime:0.006238s ]
INFO: [ app_end ] --END-- [ RunTime:0.006293s ]

[ 2017-08-19T17:59:04+08:00 ] 60.29.18.51 /index.php?a=error404
INFO: [ app_init ] --START--
INFO: Run Behavior\BuildLiteBehavior [ RunTime:0.000016s ]
INFO: [ app_init ] --END-- [ RunTime:0.000749s ]
INFO: [ app_begin ] --START--
INFO: Run Behavior\ReadHtmlCacheBehavior [ RunTime:0.000469s ]
INFO: Run Behavior\CheckLangBehavior [ RunTime:0.000531s ]
INFO: [ app_begin ] --END-- [ RunTime:0.001078s ]
NOTIC: [2] fopen(./Public/logs/2017-08-19.log): failed to open stream: No such file or directory /home/wwwroot/www.jifage.cn/Public/lib/log.php 第 16 行.
INFO: [ view_parse ] --START--
INFO: [ template_filter ] --START--
INFO: Run Behavior\ContentReplaceBehavior [ RunTime:0.000048s ]
INFO: [ template_filter ] --END-- [ RunTime:0.000108s ]
INFO: Run Behavior\ParseTemplateBehavior [ RunTime:0.012362s ]
INFO: [ view_parse ] --END-- [ RunTime:0.012413s ]
INFO: [ view_filter ] --START--
INFO: Run Behavior\WriteHtmlCacheBehavior [ RunTime:0.000226s ]
INFO: [ view_filter ] --END-- [ RunTime:0.000267s ]
INFO: [ app_end ] --START--
INFO: Run Behavior\ShowPageTraceBehavior [ RunTime:0.006198s ]
INFO: [ app_end ] --END-- [ RunTime:0.006248s ]

[ 2017-08-19T17:59:05+08:00 ] 60.29.18.51 /favicon.ico
INFO: [ app_init ] --START--
INFO: Run Behavior\BuildLiteBehavior [ RunTime:0.000016s ]
INFO: [ app_init ] --END-- [ RunTime:0.000352s ]
INFO: [ app_begin ] --START--
INFO: Run Behavior\ReadHtmlCacheBehavior [ RunTime:0.000446s ]
INFO: Run Behavior\CheckLangBehavior [ RunTime:0.000540s ]
INFO: [ app_begin ] --END-- [ RunTime:0.001065s ]
NOTIC: [2] fopen(./Public/logs/2017-08-19.log): failed to open stream: No such file or directory /home/wwwroot/www.jifage.cn/Public/lib/log.php 第 16 行.
INFO: [ view_parse ] --START--
INFO: [ template_filter ] --START--
INFO: Run Behavior\ContentReplaceBehavior [ RunTime:0.000289s ]
INFO: [ template_filter ] --END-- [ RunTime:0.000360s ]
NOTIC: [8] Undefined index: account /home/wwwroot/www.jifage.cn/Application/Runtime/Cache/Home/2a94b8bda04ff446dcedd42276fc99ee.php 第 462 行.
INFO: Run Behavior\ParseTemplateBehavior [ RunTime:0.077820s ]
INFO: [ view_parse ] --END-- [ RunTime:0.077873s ]
INFO: [ view_filter ] --START--
INFO: Run Behavior\WriteHtmlCacheBehavior [ RunTime:0.000232s ]
INFO: [ view_filter ] --END-- [ RunTime:0.000288s ]
INFO: [ app_end ] --START--
INFO: Run Behavior\ShowPageTraceBehavior [ RunTime:0.000537s ]
INFO: [ app_end ] --END-- [ RunTime:0.000590s ]

[ 2017-08-19T17:59:06+08:00 ] 60.29.18.51 /index.php
INFO: [ app_init ] --START--
INFO: Run Behavior\BuildLiteBehavior [ RunTime:0.000016s ]
INFO: [ app_init ] --END-- [ RunTime:0.000336s ]
INFO: [ app_begin ] --START--
INFO: Run Behavior\ReadHtmlCacheBehavior [ RunTime:0.006188s ]
INFO: Run Behavior\CheckLangBehavior [ RunTime:0.000581s ]
INFO: [ app_begin ] --END-- [ RunTime:0.006850s ]
NOTIC: [2] fopen(./Public/logs/2017-08-19.log): failed to open stream: No such file or directory /home/wwwroot/www.jifage.cn/Public/lib/log.php 第 16 行.
INFO: [ view_parse ] --START--
INFO: [ template_filter ] --START--
INFO: Run Behavior\ContentReplaceBehavior [ RunTime:0.000325s ]
INFO: [ template_filter ] --END-- [ RunTime:0.000394s ]
NOTIC: [8] Undefined index: account /home/wwwroot/www.jifage.cn/Application/Runtime/Cache/Home/2a94b8bda04ff446dcedd42276fc99ee.php 第 462 行.
INFO: Run Behavior\ParseTemplateBehavior [ RunTime:0.078615s ]
INFO: [ view_parse ] --END-- [ RunTime:0.078687s ]
INFO: [ view_filter ] --START--
INFO: Run Behavior\WriteHtmlCacheBehavior [ RunTime:0.000230s ]
INFO: [ view_filter ] --END-- [ RunTime:0.000279s ]
INFO: [ app_end ] --START--
INFO: Run Behavior\ShowPageTraceBehavior [ RunTime:0.006247s ]
INFO: [ app_end ] --END-- [ RunTime:0.006300s ]

[ 2017-08-19T17:59:08+08:00 ] 60.29.18.51 /index.php?a=signup
INFO: [ app_init ] --START--
INFO: Run Behavior\BuildLiteBehavior [ RunTime:0.000016s ]
INFO: [ app_init ] --END-- [ RunTime:0.000341s ]
INFO: [ app_begin ] --START--
INFO: Run Behavior\ReadHtmlCacheBehavior [ RunTime:0.000454s ]
INFO: Run Behavior\CheckLangBehavior [ RunTime:0.000562s ]
INFO: [ app_begin ] --END-- [ RunTime:0.001097s ]
NOTIC: [2] fopen(./Public/logs/2017-08-19.log): failed to open stream: No such file or directory /home/wwwroot/www.jifage.cn/Public/lib/log.php 第 16 行.
INFO: [ view_parse ] --START--
INFO: [ template_filter ] --START--
INFO: Run Behavior\ContentReplaceBehavior [ RunTime:0.000145s ]
INFO: [ template_filter ] --END-- [ RunTime:0.000206s ]
INFO: Run Behavior\ParseTemplateBehavior [ RunTime:0.031321s ]
INFO: [ view_parse ] --END-- [ RunTime:0.031380s ]
INFO: [ view_filter ] --START--
INFO: Run Behavior\WriteHtmlCacheBehavior [ RunTime:0.000248s ]
INFO: [ view_filter ] --END-- [ RunTime:0.000292s ]
INFO: [ app_end ] --START--
INFO: Run Behavior\ShowPageTraceBehavior [ RunTime:0.006050s ]
INFO: [ app_end ] --END-- [ RunTime:0.006103s ]

[ 2017-08-19T17:59:08+08:00 ] 60.29.18.51 /favicon.ico
INFO: [ app_init ] --START--
INFO: Run Behavior\BuildLiteBehavior [ RunTime:0.000016s ]
INFO: [ app_init ] --END-- [ RunTime:0.000349s ]
INFO: [ app_begin ] --START--
INFO: Run Behavior\ReadHtmlCacheBehavior [ RunTime:0.000464s ]
INFO: Run Behavior\CheckLangBehavior [ RunTime:0.000528s ]
INFO: [ app_begin ] --END-- [ RunTime:0.001070s ]
NOTIC: [2] fopen(./Public/logs/2017-08-19.log): failed to open stream: No such file or directory /home/wwwroot/www.jifage.cn/Public/lib/log.php 第 16 行.
INFO: [ view_parse ] --START--
INFO: [ template_filter ] --START--
INFO: Run Behavior\ContentReplaceBehavior [ RunTime:0.000285s ]
INFO: [ template_filter ] --END-- [ RunTime:0.000354s ]
NOTIC: [8] Undefined index: account /home/wwwroot/www.jifage.cn/Application/Runtime/Cache/Home/2a94b8bda04ff446dcedd42276fc99ee.php 第 462 行.
INFO: Run Behavior\ParseTemplateBehavior [ RunTime:0.071518s ]
INFO: [ view_parse ] --END-- [ RunTime:0.071572s ]
INFO: [ view_filter ] --START--
INFO: Run Behavior\WriteHtmlCacheBehavior [ RunTime:0.000228s ]
INFO: [ view_filter ] --END-- [ RunTime:0.000272s ]
INFO: [ app_end ] --START--
INFO: Run Behavior\ShowPageTraceBehavior [ RunTime:0.000530s ]
INFO: [ app_end ] --END-- [ RunTime:0.000593s ]

[ 2017-08-19T17:59:09+08:00 ] 60.29.18.51 /index.php
INFO: [ app_init ] --START--
INFO: Run Behavior\BuildLiteBehavior [ RunTime:0.000016s ]
INFO: [ app_init ] --END-- [ RunTime:0.000344s ]
INFO: [ app_begin ] --START--
INFO: Run Behavior\ReadHtmlCacheBehavior [ RunTime:0.000469s ]
INFO: Run Behavior\CheckLangBehavior [ RunTime:0.000537s ]
INFO: [ app_begin ] --END-- [ RunTime:0.001088s ]
NOTIC: [2] fopen(./Public/logs/2017-08-19.log): failed to open stream: No such file or directory /home/wwwroot/www.jifage.cn/Public/lib/log.php 第 16 行.
INFO: [ view_parse ] --START--
INFO: [ template_filter ] --START--
INFO: Run Behavior\ContentReplaceBehavior [ RunTime:0.000298s ]
INFO: [ template_filter ] --END-- [ RunTime:0.000366s ]
NOTIC: [8] Undefined index: account /home/wwwroot/www.jifage.cn/Application/Runtime/Cache/Home/2a94b8bda04ff446dcedd42276fc99ee.php 第 462 行.
INFO: Run Behavior\ParseTemplateBehavior [ RunTime:0.077812s ]
INFO: [ view_parse ] --END-- [ RunTime:0.077865s ]
INFO: [ view_filter ] --START--
INFO: Run Behavior\WriteHtmlCacheBehavior [ RunTime:0.000226s ]
INFO: [ view_filter ] --END-- [ RunTime:0.000272s ]
INFO: [ app_end ] --START--
INFO: Run Behavior\ShowPageTraceBehavior [ RunTime:0.000501s ]
INFO: [ app_end ] --END-- [ RunTime:0.000548s ]

[ 2017-08-19T17:59:11+08:00 ] 60.29.18.51 /index.php?a=index&l=en-us
INFO: [ app_init ] --START--
INFO: Run Behavior\BuildLiteBehavior [ RunTime:0.000016s ]
INFO: [ app_init ] --END-- [ RunTime:0.000336s ]
INFO: [ app_begin ] --START--
INFO: Run Behavior\ReadHtmlCacheBehavior [ RunTime:0.000476s ]
INFO: Run Behavior\CheckLangBehavior [ RunTime:0.007283s ]
INFO: [ app_begin ] --END-- [ RunTime:0.007843s ]
NOTIC: [2] fopen(./Public/logs/2017-08-19.log): failed to open stream: No such file or directory /home/wwwroot/www.jifage.cn/Public/lib/log.php 第 16 行.
INFO: [ view_parse ] --START--
INFO: [ template_filter ] --START--
INFO: Run Behavior\ContentReplaceBehavior [ RunTime:0.000285s ]
INFO: [ template_filter ] --END-- [ RunTime:0.000357s ]
NOTIC: [8] Undefined index: account /home/wwwroot/www.jifage.cn/Application/Runtime/Cache/Home/2a94b8bda04ff446dcedd42276fc99ee.php 第 462 行.
INFO: Run Behavior\ParseTemplateBehavior [ RunTime:0.088604s ]
INFO: [ view_parse ] --END-- [ RunTime:0.088670s ]
INFO: [ view_filter ] --START--
INFO: Run Behavior\WriteHtmlCacheBehavior [ RunTime:0.005929s ]
INFO: [ view_filter ] --END-- [ RunTime:0.006097s ]
INFO: [ app_end ] --START--
INFO: Run Behavior\ShowPageTraceBehavior [ RunTime:0.000912s ]
INFO: [ app_end ] --END-- [ RunTime:0.000959s ]

[ 2017-08-19T17:59:20+08:00 ] 60.29.18.51 /index.php?a=index&l=zh-tw
INFO: [ app_init ] --START--
INFO: Run Behavior\BuildLiteBehavior [ RunTime:0.000016s ]
INFO: [ app_init ] --END-- [ RunTime:0.000359s ]
INFO: [ app_begin ] --START--
INFO: Run Behavior\ReadHtmlCacheBehavior [ RunTime:0.000456s ]
INFO: Run Behavior\CheckLangBehavior [ RunTime:0.007151s ]
INFO: [ app_begin ] --END-- [ RunTime:0.007689s ]
NOTIC: [2] fopen(./Public/logs/2017-08-19.log): failed to open stream: No such file or directory /home/wwwroot/www.jifage.cn/Public/lib/log.php 第 16 行.
INFO: [ view_parse ] --START--
INFO: [ template_filter ] --START--
INFO: Run Behavior\ContentReplaceBehavior [ RunTime:0.000299s ]
INFO: [ template_filter ] --END-- [ RunTime:0.000373s ]
NOTIC: [8] Undefined index: account /home/wwwroot/www.jifage.cn/Application/Runtime/Cache/Home/2a94b8bda04ff446dcedd42276fc99ee.php 第 462 行.
INFO: Run Behavior\ParseTemplateBehavior [ RunTime:0.077685s ]
INFO: [ view_parse ] --END-- [ RunTime:0.077743s ]
INFO: [ view_filter ] --START--
INFO: Run Behavior\WriteHtmlCacheBehavior [ RunTime:0.000251s ]
INFO: [ view_filter ] --END-- [ RunTime:0.000299s ]
INFO: [ app_end ] --START--
INFO: Run Behavior\ShowPageTraceBehavior [ RunTime:0.000588s ]
INFO: [ app_end ] --END-- [ RunTime:0.000637s ]

[ 2017-08-19T17:59:22+08:00 ] 60.29.18.51 /index.php?a=index&l=zh-cn
INFO: [ app_init ] --START--
INFO: Run Behavior\BuildLiteBehavior [ RunTime:0.000015s ]
INFO: [ app_init ] --END-- [ RunTime:0.000333s ]
INFO: [ app_begin ] --START--
INFO: Run Behavior\ReadHtmlCacheBehavior [ RunTime:0.000461s ]
INFO: Run Behavior\CheckLangBehavior [ RunTime:0.000547s ]
INFO: [ app_begin ] --END-- [ RunTime:0.001088s ]
NOTIC: [2] fopen(./Public/logs/2017-08-19.log): failed to open stream: No such file or directory /home/wwwroot/www.jifage.cn/Public/lib/log.php 第 16 行.
INFO: [ view_parse ] --START--
INFO: [ template_filter ] --START--
INFO: Run Behavior\ContentReplaceBehavior [ RunTime:0.000287s ]
INFO: [ template_filter ] --END-- [ RunTime:0.000360s ]
NOTIC: [8] Undefined index: account /home/wwwroot/www.jifage.cn/Application/Runtime/Cache/Home/2a94b8bda04ff446dcedd42276fc99ee.php 第 462 行.
INFO: Run Behavior\ParseTemplateBehavior [ RunTime:0.071675s ]
INFO: [ view_parse ] --END-- [ RunTime:0.071727s ]
INFO: [ view_filter ] --START--
INFO: Run Behavior\WriteHtmlCacheBehavior [ RunTime:0.005978s ]
INFO: [ view_filter ] --END-- [ RunTime:0.006700s ]
INFO: [ app_end ] --START--
INFO: Run Behavior\ShowPageTraceBehavior [ RunTime:0.000613s ]
INFO: [ app_end ] --END-- [ RunTime:0.000665s ]

[ 2017-08-19T17:59:24+08:00 ] 60.29.18.51 /index.php?a=index&l=zh-tw
INFO: [ app_init ] --START--
INFO: Run Behavior\BuildLiteBehavior [ RunTime:0.000016s ]
INFO: [ app_init ] --END-- [ RunTime:0.000335s ]
INFO: [ app_begin ] --START--
INFO: Run Behavior\ReadHtmlCacheBehavior [ RunTime:0.000452s ]
INFO: Run Behavior\CheckLangBehavior [ RunTime:0.001490s ]
INFO: [ app_begin ] --END-- [ RunTime:0.002026s ]
NOTIC: [2] fopen(./Public/logs/2017-08-19.log): failed to open stream: No such file or directory /home/wwwroot/www.jifage.cn/Public/lib/log.php 第 16 行.
INFO: [ view_parse ] --START--
INFO: [ template_filter ] --START--
INFO: Run Behavior\ContentReplaceBehavior [ RunTime:0.000337s ]
INFO: [ template_filter ] --END-- [ RunTime:0.000405s ]
NOTIC: [8] Undefined index: account /home/wwwroot/www.jifage.cn/Application/Runtime/Cache/Home/2a94b8bda04ff446dcedd42276fc99ee.php 第 462 行.
INFO: Run Behavior\ParseTemplateBehavior [ RunTime:0.078561s ]
INFO: [ view_parse ] --END-- [ RunTime:0.078622s ]
INFO: [ view_filter ] --START--
INFO: Run Behavior\WriteHtmlCacheBehavior [ RunTime:0.000245s ]
INFO: [ view_filter ] --END-- [ RunTime:0.000292s ]
INFO: [ app_end ] --START--
INFO: Run Behavior\ShowPageTraceBehavior [ RunTime:0.000583s ]
INFO: [ app_end ] --END-- [ RunTime:0.000639s ]

[ 2017-08-19T17:59:44+08:00 ] 60.29.18.51 /index.php
INFO: [ app_init ] --START--
INFO: Run Behavior\BuildLiteBehavior [ RunTime:0.000016s ]
INFO: [ app_init ] --END-- [ RunTime:0.000720s ]
INFO: [ app_begin ] --START--
INFO: Run Behavior\ReadHtmlCacheBehavior [ RunTime:0.000449s ]
INFO: Run Behavior\CheckLangBehavior [ RunTime:0.007156s ]
INFO: [ app_begin ] --END-- [ RunTime:0.007688s ]
NOTIC: [2] fopen(./Public/logs/2017-08-19.log): failed to open stream: No such file or directory /home/wwwroot/www.jifage.cn/Public/lib/log.php 第 16 行.
INFO: [ view_parse ] --START--
INFO: [ template_filter ] --START--
INFO: Run Behavior\ContentReplaceBehavior [ RunTime:0.000282s ]
INFO: [ template_filter ] --END-- [ RunTime:0.000348s ]
NOTIC: [8] Undefined index: account /home/wwwroot/www.jifage.cn/Application/Runtime/Cache/Home/2a94b8bda04ff446dcedd42276fc99ee.php 第 462 行.
INFO: Run Behavior\ParseTemplateBehavior [ RunTime:0.072077s ]
INFO: [ view_parse ] --END-- [ RunTime:0.072130s ]
INFO: [ view_filter ] --START--
INFO: Run Behavior\WriteHtmlCacheBehavior [ RunTime:0.000229s ]
INFO: [ view_filter ] --END-- [ RunTime:0.000275s ]
INFO: [ app_end ] --START--
INFO: Run Behavior\ShowPageTraceBehavior [ RunTime:0.006394s ]
INFO: [ app_end ] --END-- [ RunTime:0.006441s ]

[ 2017-08-19T17:59:45+08:00 ] 60.29.18.51 /index.php?a=index&l=zh-cn
INFO: [ app_init ] --START--
INFO: Run Behavior\BuildLiteBehavior [ RunTime:0.000016s ]
INFO: [ app_init ] --END-- [ RunTime:0.000354s ]
INFO: [ app_begin ] --START--
INFO: Run Behavior\ReadHtmlCacheBehavior [ RunTime:0.000478s ]
INFO: Run Behavior\CheckLangBehavior [ RunTime:0.000542s ]
INFO: [ app_begin ] --END-- [ RunTime:0.001100s ]
NOTIC: [2] fopen(./Public/logs/2017-08-19.log): failed to open stream: No such file or directory /home/wwwroot/www.jifage.cn/Public/lib/log.php 第 16 行.
INFO: [ view_parse ] --START--
INFO: [ template_filter ] --START--
INFO: Run Behavior\ContentReplaceBehavior [ RunTime:0.000291s ]
INFO: [ template_filter ] --END-- [ RunTime:0.000364s ]
NOTIC: [8] Undefined index: account /home/wwwroot/www.jifage.cn/Application/Runtime/Cache/Home/2a94b8bda04ff446dcedd42276fc99ee.php 第 462 行.
INFO: Run Behavior\ParseTemplateBehavior [ RunTime:0.072240s ]
INFO: [ view_parse ] --END-- [ RunTime:0.072293s ]
INFO: [ view_filter ] --START--
INFO: Run Behavior\WriteHtmlCacheBehavior [ RunTime:0.000230s ]
INFO: [ view_filter ] --END-- [ RunTime:0.000276s ]
INFO: [ app_end ] --START--
INFO: Run Behavior\ShowPageTraceBehavior [ RunTime:0.003895s ]
INFO: [ app_end ] --END-- [ RunTime:0.004357s ]

