[ 2017-07-04T09:18:45+08:00 ]  
INFO: [ app_init ] --START--
INFO: Run Behavior\BuildLiteBehavior [ RunTime:0.000018s ]
INFO: [ app_init ] --END-- [ RunTime:0.000356s ]
NOTIC: [8] Undefined index: REQUEST_METHOD /home/wwwroot/wechat.tiny-calf.com/ThinkPHP/Library/Think/App.class.php 第 31 行.
NOTIC: [8] Undefined index: REQUEST_URI /home/wwwroot/wechat.tiny-calf.com/ThinkPHP/Library/Think/Dispatcher.class.php 第 137 行.
NOTIC: [8] Use of undefined constant _PHP_FILE_ - assumed '_PHP_FILE_' /home/wwwroot/wechat.tiny-calf.com/ThinkPHP/Library/Think/Dispatcher.class.php 第 184 行.
INFO: [ app_begin ] --START--
INFO: Run Behavior\ReadHtmlCacheBehavior [ RunTime:0.000363s ]
INFO: [ app_begin ] --END-- [ RunTime:0.000440s ]
ERR: 无法加载控制器:Start

[ 2017-07-04T09:19:26+08:00 ]  
INFO: [ app_init ] --START--
INFO: Run Behavior\BuildLiteBehavior [ RunTime:0.000017s ]
INFO: [ app_init ] --END-- [ RunTime:0.000372s ]
NOTIC: [8] Undefined index: REQUEST_METHOD /home/wwwroot/wechat.tiny-calf.com/ThinkPHP/Library/Think/App.class.php 第 31 行.
NOTIC: [8] Undefined index: REQUEST_URI /home/wwwroot/wechat.tiny-calf.com/ThinkPHP/Library/Think/Dispatcher.class.php 第 137 行.
NOTIC: [8] Use of undefined constant _PHP_FILE_ - assumed '_PHP_FILE_' /home/wwwroot/wechat.tiny-calf.com/ThinkPHP/Library/Think/Dispatcher.class.php 第 184 行.
INFO: [ app_begin ] --START--
INFO: Run Behavior\ReadHtmlCacheBehavior [ RunTime:0.000409s ]
INFO: [ app_begin ] --END-- [ RunTime:0.000486s ]
ERR: 无法加载控制器:Start

[ 2017-07-04T09:19:40+08:00 ]  
INFO: [ app_init ] --START--
INFO: Run Behavior\BuildLiteBehavior [ RunTime:0.000020s ]
INFO: [ app_init ] --END-- [ RunTime:0.000431s ]
NOTIC: [8] Undefined index: REQUEST_METHOD /home/wwwroot/wechat.tiny-calf.com/ThinkPHP/Library/Think/App.class.php 第 31 行.
NOTIC: [8] Undefined index: REQUEST_URI /home/wwwroot/wechat.tiny-calf.com/ThinkPHP/Library/Think/Dispatcher.class.php 第 137 行.
NOTIC: [8] Use of undefined constant _PHP_FILE_ - assumed '_PHP_FILE_' /home/wwwroot/wechat.tiny-calf.com/ThinkPHP/Library/Think/Dispatcher.class.php 第 184 行.
INFO: [ app_begin ] --START--
INFO: Run Behavior\ReadHtmlCacheBehavior [ RunTime:0.000446s ]
INFO: [ app_begin ] --END-- [ RunTime:0.000538s ]
ERR: 无法加载控制器:Start

[ 2017-07-04T09:20:34+08:00 ]  
INFO: [ app_init ] --START--
INFO: Run Behavior\BuildLiteBehavior [ RunTime:0.000024s ]
INFO: [ app_init ] --END-- [ RunTime:0.000439s ]
NOTIC: [8] Undefined index: REQUEST_METHOD /home/wwwroot/wechat.tiny-calf.com/ThinkPHP/Library/Think/App.class.php 第 31 行.
NOTIC: [8] Undefined index: REQUEST_URI /home/wwwroot/wechat.tiny-calf.com/ThinkPHP/Library/Think/Dispatcher.class.php 第 137 行.
NOTIC: [8] Use of undefined constant _PHP_FILE_ - assumed '_PHP_FILE_' /home/wwwroot/wechat.tiny-calf.com/ThinkPHP/Library/Think/Dispatcher.class.php 第 184 行.
INFO: [ app_begin ] --START--
INFO: Run Behavior\ReadHtmlCacheBehavior [ RunTime:0.000464s ]
INFO: [ app_begin ] --END-- [ RunTime:0.000532s ]
ERR: 非法操作:iedex

[ 2017-07-04T09:32:38+08:00 ]  
INFO: [ app_init ] --START--
INFO: Run Behavior\BuildLiteBehavior [ RunTime:0.000023s ]
INFO: [ app_init ] --END-- [ RunTime:0.000492s ]
NOTIC: [8] Undefined index: REQUEST_METHOD /home/wwwroot/wechat.tiny-calf.com/ThinkPHP/Library/Think/App.class.php 第 31 行.
NOTIC: [8] Undefined index: REQUEST_URI /home/wwwroot/wechat.tiny-calf.com/ThinkPHP/Library/Think/Dispatcher.class.php 第 137 行.
NOTIC: [8] Use of undefined constant _PHP_FILE_ - assumed '_PHP_FILE_' /home/wwwroot/wechat.tiny-calf.com/ThinkPHP/Library/Think/Dispatcher.class.php 第 184 行.
INFO: [ app_begin ] --START--
INFO: Run Behavior\ReadHtmlCacheBehavior [ RunTime:0.006208s ]
INFO: [ app_begin ] --END-- [ RunTime:0.006307s ]
NOTIC: [2] stream_select(): unable to select [4]: Interrupted system call (max_fd=4) /home/wwwroot/wechat.tiny-calf.com/Application/Workerman/Events/Select.php 第 268 行.

[ 2017-07-04T09:32:38+08:00 ]  
INFO: [ app_init ] --START--
INFO: Run Behavior\BuildLiteBehavior [ RunTime:0.000023s ]
INFO: [ app_init ] --END-- [ RunTime:0.000492s ]
NOTIC: [8] Undefined index: REQUEST_METHOD /home/wwwroot/wechat.tiny-calf.com/ThinkPHP/Library/Think/App.class.php 第 31 行.
NOTIC: [8] Undefined index: REQUEST_URI /home/wwwroot/wechat.tiny-calf.com/ThinkPHP/Library/Think/Dispatcher.class.php 第 137 行.
NOTIC: [8] Use of undefined constant _PHP_FILE_ - assumed '_PHP_FILE_' /home/wwwroot/wechat.tiny-calf.com/ThinkPHP/Library/Think/Dispatcher.class.php 第 184 行.
INFO: [ app_begin ] --START--
INFO: Run Behavior\ReadHtmlCacheBehavior [ RunTime:0.006208s ]
INFO: [ app_begin ] --END-- [ RunTime:0.006307s ]

[ 2017-07-04T09:32:40+08:00 ]  
INFO: [ app_init ] --START--
INFO: Run Behavior\BuildLiteBehavior [ RunTime:0.000019s ]
INFO: [ app_init ] --END-- [ RunTime:0.000354s ]
NOTIC: [8] Undefined index: REQUEST_METHOD /home/wwwroot/wechat.tiny-calf.com/ThinkPHP/Library/Think/App.class.php 第 31 行.
NOTIC: [8] Undefined index: REQUEST_URI /home/wwwroot/wechat.tiny-calf.com/ThinkPHP/Library/Think/Dispatcher.class.php 第 137 行.
NOTIC: [8] Use of undefined constant _PHP_FILE_ - assumed '_PHP_FILE_' /home/wwwroot/wechat.tiny-calf.com/ThinkPHP/Library/Think/Dispatcher.class.php 第 184 行.
INFO: [ app_begin ] --START--
INFO: Run Behavior\ReadHtmlCacheBehavior [ RunTime:0.000385s ]
INFO: [ app_begin ] --END-- [ RunTime:0.000454s ]

[ 2017-07-04T09:32:44+08:00 ]  
INFO: [ app_init ] --START--
INFO: Run Behavior\BuildLiteBehavior [ RunTime:0.000018s ]
INFO: [ app_init ] --END-- [ RunTime:0.000362s ]
NOTIC: [8] Undefined index: REQUEST_METHOD /home/wwwroot/wechat.tiny-calf.com/ThinkPHP/Library/Think/App.class.php 第 31 行.
NOTIC: [8] Undefined index: REQUEST_URI /home/wwwroot/wechat.tiny-calf.com/ThinkPHP/Library/Think/Dispatcher.class.php 第 137 行.
NOTIC: [8] Use of undefined constant _PHP_FILE_ - assumed '_PHP_FILE_' /home/wwwroot/wechat.tiny-calf.com/ThinkPHP/Library/Think/Dispatcher.class.php 第 184 行.
INFO: [ app_begin ] --START--
INFO: Run Behavior\ReadHtmlCacheBehavior [ RunTime:0.000430s ]
INFO: [ app_begin ] --END-- [ RunTime:0.000509s ]

[ 2017-07-04T09:34:45+08:00 ]  
INFO: [ app_init ] --START--
INFO: Run Behavior\BuildLiteBehavior [ RunTime:0.000029s ]
INFO: [ app_init ] --END-- [ RunTime:0.000396s ]
NOTIC: [8] Undefined index: REQUEST_METHOD /home/wwwroot/wechat.tiny-calf.com/ThinkPHP/Library/Think/App.class.php 第 31 行.
NOTIC: [8] Undefined index: REQUEST_URI /home/wwwroot/wechat.tiny-calf.com/ThinkPHP/Library/Think/Dispatcher.class.php 第 137 行.
NOTIC: [8] Use of undefined constant _PHP_FILE_ - assumed '_PHP_FILE_' /home/wwwroot/wechat.tiny-calf.com/ThinkPHP/Library/Think/Dispatcher.class.php 第 184 行.
INFO: [ app_begin ] --START--
INFO: Run Behavior\ReadHtmlCacheBehavior [ RunTime:0.000408s ]
INFO: [ app_begin ] --END-- [ RunTime:0.000476s ]
NOTIC: [2] file_get_contents(/home/wwwroot/wechat.tiny-calf.com/Application/Workerman/../_home_wwwroot_wechat.tiny-calf.com_server.php.pid): failed to open stream: No such file or directory /home/wwwroot/wechat.tiny-calf.com/Application/Workerman/Worker.php 第 657 行.
NOTIC: [2] stream_select(): unable to select [4]: Interrupted system call (max_fd=4) /home/wwwroot/wechat.tiny-calf.com/Application/Workerman/Events/Select.php 第 268 行.

[ 2017-07-04T09:34:45+08:00 ]  
INFO: [ app_init ] --START--
INFO: Run Behavior\BuildLiteBehavior [ RunTime:0.000029s ]
INFO: [ app_init ] --END-- [ RunTime:0.000396s ]
NOTIC: [8] Undefined index: REQUEST_METHOD /home/wwwroot/wechat.tiny-calf.com/ThinkPHP/Library/Think/App.class.php 第 31 行.
NOTIC: [8] Undefined index: REQUEST_URI /home/wwwroot/wechat.tiny-calf.com/ThinkPHP/Library/Think/Dispatcher.class.php 第 137 行.
NOTIC: [8] Use of undefined constant _PHP_FILE_ - assumed '_PHP_FILE_' /home/wwwroot/wechat.tiny-calf.com/ThinkPHP/Library/Think/Dispatcher.class.php 第 184 行.
INFO: [ app_begin ] --START--
INFO: Run Behavior\ReadHtmlCacheBehavior [ RunTime:0.000408s ]
INFO: [ app_begin ] --END-- [ RunTime:0.000476s ]
NOTIC: [2] file_get_contents(/home/wwwroot/wechat.tiny-calf.com/Application/Workerman/../_home_wwwroot_wechat.tiny-calf.com_server.php.pid): failed to open stream: No such file or directory /home/wwwroot/wechat.tiny-calf.com/Application/Workerman/Worker.php 第 657 行.

[ 2017-07-04T09:36:41+08:00 ]  
INFO: [ app_init ] --START--
INFO: Run Behavior\BuildLiteBehavior [ RunTime:0.000018s ]
INFO: [ app_init ] --END-- [ RunTime:0.000351s ]
NOTIC: [8] Undefined index: REQUEST_METHOD /home/wwwroot/wechat.tiny-calf.com/ThinkPHP/Library/Think/App.class.php 第 31 行.
NOTIC: [8] Undefined index: REQUEST_URI /home/wwwroot/wechat.tiny-calf.com/ThinkPHP/Library/Think/Dispatcher.class.php 第 137 行.
NOTIC: [8] Use of undefined constant _PHP_FILE_ - assumed '_PHP_FILE_' /home/wwwroot/wechat.tiny-calf.com/ThinkPHP/Library/Think/Dispatcher.class.php 第 184 行.
INFO: [ app_begin ] --START--
INFO: Run Behavior\ReadHtmlCacheBehavior [ RunTime:0.000792s ]
INFO: [ app_begin ] --END-- [ RunTime:0.000874s ]
NOTIC: [2] file_get_contents(/home/wwwroot/wechat.tiny-calf.com/Application/Workerman/../_home_wwwroot_wechat.tiny-calf.com_server.php.pid): failed to open stream: No such file or directory /home/wwwroot/wechat.tiny-calf.com/Application/Workerman/Worker.php 第 657 行.
NOTIC: [2] stream_select(): unable to select [4]: Interrupted system call (max_fd=4) /home/wwwroot/wechat.tiny-calf.com/Application/Workerman/Events/Select.php 第 268 行.

[ 2017-07-04T09:36:41+08:00 ]  
INFO: [ app_init ] --START--
INFO: Run Behavior\BuildLiteBehavior [ RunTime:0.000018s ]
INFO: [ app_init ] --END-- [ RunTime:0.000351s ]
NOTIC: [8] Undefined index: REQUEST_METHOD /home/wwwroot/wechat.tiny-calf.com/ThinkPHP/Library/Think/App.class.php 第 31 行.
NOTIC: [8] Undefined index: REQUEST_URI /home/wwwroot/wechat.tiny-calf.com/ThinkPHP/Library/Think/Dispatcher.class.php 第 137 行.
NOTIC: [8] Use of undefined constant _PHP_FILE_ - assumed '_PHP_FILE_' /home/wwwroot/wechat.tiny-calf.com/ThinkPHP/Library/Think/Dispatcher.class.php 第 184 行.
INFO: [ app_begin ] --START--
INFO: Run Behavior\ReadHtmlCacheBehavior [ RunTime:0.000792s ]
INFO: [ app_begin ] --END-- [ RunTime:0.000874s ]
NOTIC: [2] file_get_contents(/home/wwwroot/wechat.tiny-calf.com/Application/Workerman/../_home_wwwroot_wechat.tiny-calf.com_server.php.pid): failed to open stream: No such file or directory /home/wwwroot/wechat.tiny-calf.com/Application/Workerman/Worker.php 第 657 行.

[ 2017-07-04T09:53:38+08:00 ]  
INFO: [ app_init ] --START--
INFO: Run Behavior\BuildLiteBehavior [ RunTime:0.000020s ]
INFO: [ app_init ] --END-- [ RunTime:0.000382s ]
NOTIC: [8] Undefined index: REQUEST_METHOD /home/wwwroot/wechat.tiny-calf.com/ThinkPHP/Library/Think/App.class.php 第 31 行.
NOTIC: [8] Undefined index: REQUEST_URI /home/wwwroot/wechat.tiny-calf.com/ThinkPHP/Library/Think/Dispatcher.class.php 第 137 行.
NOTIC: [8] Use of undefined constant _PHP_FILE_ - assumed '_PHP_FILE_' /home/wwwroot/wechat.tiny-calf.com/ThinkPHP/Library/Think/Dispatcher.class.php 第 184 行.
INFO: [ app_begin ] --START--
INFO: Run Behavior\ReadHtmlCacheBehavior [ RunTime:0.000389s ]
INFO: [ app_begin ] --END-- [ RunTime:0.000457s ]
NOTIC: [2] file_get_contents(/home/wwwroot/wechat.tiny-calf.com/Application/Workerman/../_home_wwwroot_wechat.tiny-calf.com_server.php.pid): failed to open stream: No such file or directory /home/wwwroot/wechat.tiny-calf.com/Application/Workerman/Worker.php 第 657 行.
NOTIC: [2] stream_select(): unable to select [4]: Interrupted system call (max_fd=6) /home/wwwroot/wechat.tiny-calf.com/Application/Workerman/Events/Select.php 第 268 行.

[ 2017-07-04T09:53:38+08:00 ]  
INFO: [ app_init ] --START--
INFO: Run Behavior\BuildLiteBehavior [ RunTime:0.000020s ]
INFO: [ app_init ] --END-- [ RunTime:0.000382s ]
NOTIC: [8] Undefined index: REQUEST_METHOD /home/wwwroot/wechat.tiny-calf.com/ThinkPHP/Library/Think/App.class.php 第 31 行.
NOTIC: [8] Undefined index: REQUEST_URI /home/wwwroot/wechat.tiny-calf.com/ThinkPHP/Library/Think/Dispatcher.class.php 第 137 行.
NOTIC: [8] Use of undefined constant _PHP_FILE_ - assumed '_PHP_FILE_' /home/wwwroot/wechat.tiny-calf.com/ThinkPHP/Library/Think/Dispatcher.class.php 第 184 行.
INFO: [ app_begin ] --START--
INFO: Run Behavior\ReadHtmlCacheBehavior [ RunTime:0.000389s ]
INFO: [ app_begin ] --END-- [ RunTime:0.000457s ]
NOTIC: [2] file_get_contents(/home/wwwroot/wechat.tiny-calf.com/Application/Workerman/../_home_wwwroot_wechat.tiny-calf.com_server.php.pid): failed to open stream: No such file or directory /home/wwwroot/wechat.tiny-calf.com/Application/Workerman/Worker.php 第 657 行.

