[ 2017-07-17T11:32:15+08:00 ] 60.29.18.50 /index.php?&m=admin&a=message
INFO: [ app_init ] --START--
INFO: Run Behavior\BuildLiteBehavior [ RunTime:0.000014s ]
INFO: [ app_init ] --END-- [ RunTime:0.000077s ]
INFO: [ app_begin ] --START--
INFO: Run Behavior\ReadHtmlCacheBehavior [ RunTime:0.000497s ]
INFO: Run Behavior\CheckLangBehavior [ RunTime:0.000359s ]
INFO: [ app_begin ] --END-- [ RunTime:0.000936s ]
INFO: [ view_parse ] --START--
INFO: [ template_filter ] --START--
INFO: Run Behavior\ContentReplaceBehavior [ RunTime:0.000035s ]
INFO: [ template_filter ] --END-- [ RunTime:0.000087s ]
INFO: Run Behavior\ParseTemplateBehavior [ RunTime:0.016642s ]
INFO: [ view_parse ] --END-- [ RunTime:0.016693s ]
INFO: [ view_filter ] --START--
INFO: Run Behavior\WriteHtmlCacheBehavior [ RunTime:0.000229s ]
INFO: [ view_filter ] --END-- [ RunTime:0.000271s ]

[ 2017-07-17T11:32:18+08:00 ] 60.29.18.50 /index.php?&m=admin&a=login
INFO: [ app_init ] --START--
INFO: Run Behavior\BuildLiteBehavior [ RunTime:0.000015s ]
INFO: [ app_init ] --END-- [ RunTime:0.000429s ]
INFO: [ app_begin ] --START--
INFO: Run Behavior\ReadHtmlCacheBehavior [ RunTime:0.000520s ]
INFO: Run Behavior\CheckLangBehavior [ RunTime:0.000322s ]
INFO: [ app_begin ] --END-- [ RunTime:0.000922s ]
INFO: [ view_parse ] --START--
INFO: [ template_filter ] --START--
INFO: Run Behavior\ContentReplaceBehavior [ RunTime:0.000081s ]
INFO: [ template_filter ] --END-- [ RunTime:0.000134s ]
INFO: Run Behavior\ParseTemplateBehavior [ RunTime:0.020860s ]
INFO: [ view_parse ] --END-- [ RunTime:0.020912s ]
INFO: [ view_filter ] --START--
INFO: Run Behavior\WriteHtmlCacheBehavior [ RunTime:0.000402s ]
INFO: [ view_filter ] --END-- [ RunTime:0.006170s ]
INFO: [ app_end ] --START--
INFO: Run Behavior\ShowPageTraceBehavior [ RunTime:0.000799s ]
INFO: [ app_end ] --END-- [ RunTime:0.000851s ]

[ 2017-07-17T11:32:19+08:00 ] 60.29.18.50 /index.php?&m=admin&a=login_msg
INFO: [ app_init ] --START--
INFO: Run Behavior\BuildLiteBehavior [ RunTime:0.000035s ]
INFO: [ app_init ] --END-- [ RunTime:0.000091s ]
INFO: [ app_begin ] --START--
INFO: Run Behavior\ReadHtmlCacheBehavior [ RunTime:0.000481s ]
INFO: Run Behavior\CheckLangBehavior [ RunTime:0.000311s ]
INFO: [ app_begin ] --END-- [ RunTime:0.000871s ]
SQL: SHOW COLUMNS FROM `think_admin` [ RunTime:0.0007s ]
SQL: SELECT `uid`,`user_name`,`email`,`admin`,`create_time` FROM `think_admin` WHERE `user_name` = 'gcan' AND `password` = '46594f221b8fd5f5d1f9477c45449a6f' LIMIT 1   [ RunTime:0.0003s ]
INFO: [ view_parse ] --START--
INFO: [ template_filter ] --START--
INFO: Run Behavior\ContentReplaceBehavior [ RunTime:0.000034s ]
INFO: [ template_filter ] --END-- [ RunTime:0.000080s ]
INFO: Run Behavior\ParseTemplateBehavior [ RunTime:0.010890s ]
INFO: [ view_parse ] --END-- [ RunTime:0.010940s ]
INFO: [ view_filter ] --START--
INFO: Run Behavior\WriteHtmlCacheBehavior [ RunTime:0.000210s ]
INFO: [ view_filter ] --END-- [ RunTime:0.000251s ]
INFO: [ app_end ] --START--
INFO: Run Behavior\ShowPageTraceBehavior [ RunTime:0.000518s ]
INFO: [ app_end ] --END-- [ RunTime:0.000561s ]

[ 2017-07-17T11:32:21+08:00 ] 60.29.18.50 /index.php?&m=admin&a=news
INFO: [ app_init ] --START--
INFO: Run Behavior\BuildLiteBehavior [ RunTime:0.000014s ]
INFO: [ app_init ] --END-- [ RunTime:0.000068s ]
INFO: [ app_begin ] --START--
INFO: Run Behavior\ReadHtmlCacheBehavior [ RunTime:0.000460s ]
INFO: Run Behavior\CheckLangBehavior [ RunTime:0.000315s ]
INFO: [ app_begin ] --END-- [ RunTime:0.000860s ]
SQL: SHOW COLUMNS FROM `think_admin` [ RunTime:0.0007s ]
SQL: SELECT `uid`,`user_name`,`email`,`admin`,`create_time` FROM `think_admin` WHERE ( uid=1 ) LIMIT 1   [ RunTime:0.0003s ]
SQL: SHOW COLUMNS FROM `think_article` [ RunTime:0.0005s ]
SQL: SELECT * FROM `think_article` ORDER BY create_time desc  [ RunTime:0.0014s ]
NOTIC: [8] Undefined index: tag /home/wwwroot/wechat.tiny-calf.com/Application/Admin/Controller/IndexController.class.php 第 440 行.
INFO: [ view_parse ] --START--
INFO: [ template_filter ] --START--
INFO: Run Behavior\ContentReplaceBehavior [ RunTime:0.005911s ]
INFO: [ template_filter ] --END-- [ RunTime:0.005996s ]
NOTIC: [8] Use of undefined constant news - assumed 'news' /home/wwwroot/wechat.tiny-calf.com/Application/Runtime/Cache/Admin/33d78a532dce9c56cf1d796e9a7153d7.php 第 230 行.
NOTIC: [8] Use of undefined constant news - assumed 'news' /home/wwwroot/wechat.tiny-calf.com/Application/Runtime/Cache/Admin/33d78a532dce9c56cf1d796e9a7153d7.php 第 237 行.
NOTIC: [8] Use of undefined constant news - assumed 'news' /home/wwwroot/wechat.tiny-calf.com/Application/Runtime/Cache/Admin/33d78a532dce9c56cf1d796e9a7153d7.php 第 237 行.
NOTIC: [8] Use of undefined constant news - assumed 'news' /home/wwwroot/wechat.tiny-calf.com/Application/Runtime/Cache/Admin/33d78a532dce9c56cf1d796e9a7153d7.php 第 243 行.
NOTIC: [8] Use of undefined constant news - assumed 'news' /home/wwwroot/wechat.tiny-calf.com/Application/Runtime/Cache/Admin/33d78a532dce9c56cf1d796e9a7153d7.php 第 243 行.
NOTIC: [8] Use of undefined constant news - assumed 'news' /home/wwwroot/wechat.tiny-calf.com/Application/Runtime/Cache/Admin/33d78a532dce9c56cf1d796e9a7153d7.php 第 263 行.
NOTIC: [8] Use of undefined constant news - assumed 'news' /home/wwwroot/wechat.tiny-calf.com/Application/Runtime/Cache/Admin/33d78a532dce9c56cf1d796e9a7153d7.php 第 271 行.
NOTIC: [8] Use of undefined constant news - assumed 'news' /home/wwwroot/wechat.tiny-calf.com/Application/Runtime/Cache/Admin/33d78a532dce9c56cf1d796e9a7153d7.php 第 305 行.
NOTIC: [8] Use of undefined constant news - assumed 'news' /home/wwwroot/wechat.tiny-calf.com/Application/Runtime/Cache/Admin/33d78a532dce9c56cf1d796e9a7153d7.php 第 313 行.
INFO: Run Behavior\ParseTemplateBehavior [ RunTime:0.070209s ]
INFO: [ view_parse ] --END-- [ RunTime:0.070259s ]
INFO: [ view_filter ] --START--
INFO: Run Behavior\WriteHtmlCacheBehavior [ RunTime:0.000228s ]
INFO: [ view_filter ] --END-- [ RunTime:0.000272s ]
INFO: [ app_end ] --START--
INFO: Run Behavior\ShowPageTraceBehavior [ RunTime:0.000550s ]
INFO: [ app_end ] --END-- [ RunTime:0.000598s ]

[ 2017-07-17T11:33:44+08:00 ] 60.29.18.50 /index.php?&m=admin&a=user
INFO: [ app_init ] --START--
INFO: Run Behavior\BuildLiteBehavior [ RunTime:0.000015s ]
INFO: [ app_init ] --END-- [ RunTime:0.000071s ]
INFO: [ app_begin ] --START--
INFO: Run Behavior\ReadHtmlCacheBehavior [ RunTime:0.000463s ]
INFO: Run Behavior\CheckLangBehavior [ RunTime:0.000334s ]
INFO: [ app_begin ] --END-- [ RunTime:0.000875s ]
SQL: SHOW COLUMNS FROM `think_admin` [ RunTime:0.0006s ]
SQL: SELECT `uid`,`user_name`,`email`,`admin`,`create_time` FROM `think_admin` WHERE ( uid=1 ) LIMIT 1   [ RunTime:0.0003s ]
SQL: SHOW COLUMNS FROM `think_user` [ RunTime:0.0006s ]
SQL: SELECT * FROM `think_user` ORDER BY create_time desc  [ RunTime:0.0003s ]
INFO: [ view_parse ] --START--
INFO: [ template_filter ] --START--
INFO: Run Behavior\ContentReplaceBehavior [ RunTime:0.000232s ]
INFO: [ template_filter ] --END-- [ RunTime:0.000308s ]
NOTIC: [8] Use of undefined constant user - assumed 'user' /home/wwwroot/wechat.tiny-calf.com/Application/Runtime/Cache/Admin/f2ad854573dbf0e17793495ce8b9e81a.php 第 230 行.
NOTIC: [8] Use of undefined constant user - assumed 'user' /home/wwwroot/wechat.tiny-calf.com/Application/Runtime/Cache/Admin/f2ad854573dbf0e17793495ce8b9e81a.php 第 237 行.
NOTIC: [8] Use of undefined constant user - assumed 'user' /home/wwwroot/wechat.tiny-calf.com/Application/Runtime/Cache/Admin/f2ad854573dbf0e17793495ce8b9e81a.php 第 243 行.
NOTIC: [8] Use of undefined constant user - assumed 'user' /home/wwwroot/wechat.tiny-calf.com/Application/Runtime/Cache/Admin/f2ad854573dbf0e17793495ce8b9e81a.php 第 263 行.
NOTIC: [8] Use of undefined constant user - assumed 'user' /home/wwwroot/wechat.tiny-calf.com/Application/Runtime/Cache/Admin/f2ad854573dbf0e17793495ce8b9e81a.php 第 271 行.
NOTIC: [8] Use of undefined constant user - assumed 'user' /home/wwwroot/wechat.tiny-calf.com/Application/Runtime/Cache/Admin/f2ad854573dbf0e17793495ce8b9e81a.php 第 305 行.
NOTIC: [8] Use of undefined constant user - assumed 'user' /home/wwwroot/wechat.tiny-calf.com/Application/Runtime/Cache/Admin/f2ad854573dbf0e17793495ce8b9e81a.php 第 313 行.
NOTIC: [8] Use of undefined constant user - assumed 'user' /home/wwwroot/wechat.tiny-calf.com/Application/Runtime/Cache/Admin/f2ad854573dbf0e17793495ce8b9e81a.php 第 313 行.
INFO: Run Behavior\ParseTemplateBehavior [ RunTime:0.068467s ]
INFO: [ view_parse ] --END-- [ RunTime:0.068515s ]
INFO: [ view_filter ] --START--
INFO: Run Behavior\WriteHtmlCacheBehavior [ RunTime:0.000228s ]
INFO: [ view_filter ] --END-- [ RunTime:0.000272s ]
INFO: [ app_end ] --START--
INFO: Run Behavior\ShowPageTraceBehavior [ RunTime:0.000538s ]
INFO: [ app_end ] --END-- [ RunTime:0.000585s ]

[ 2017-07-17T11:35:33+08:00 ] 60.29.18.50 /index.php?&m=admin&a=user
INFO: [ app_init ] --START--
INFO: Run Behavior\BuildLiteBehavior [ RunTime:0.000013s ]
INFO: [ app_init ] --END-- [ RunTime:0.005738s ]
INFO: [ app_begin ] --START--
INFO: Run Behavior\ReadHtmlCacheBehavior [ RunTime:0.000489s ]
INFO: Run Behavior\CheckLangBehavior [ RunTime:0.000316s ]
INFO: [ app_begin ] --END-- [ RunTime:0.000884s ]
SQL: SHOW COLUMNS FROM `think_admin` [ RunTime:0.0007s ]
SQL: SELECT `uid`,`user_name`,`email`,`admin`,`create_time` FROM `think_admin` WHERE ( uid=1 ) LIMIT 1   [ RunTime:0.0003s ]
SQL: SHOW COLUMNS FROM `think_user` [ RunTime:0.0006s ]
SQL: SELECT * FROM `think_user` ORDER BY create_time desc  [ RunTime:0.0003s ]
INFO: [ view_parse ] --START--
INFO: [ template_filter ] --START--
INFO: Run Behavior\ContentReplaceBehavior [ RunTime:0.000244s ]
INFO: [ template_filter ] --END-- [ RunTime:0.000310s ]
NOTIC: [8] Use of undefined constant user - assumed 'user' /home/wwwroot/wechat.tiny-calf.com/Application/Runtime/Cache/Admin/f2ad854573dbf0e17793495ce8b9e81a.php 第 230 行.
NOTIC: [8] Use of undefined constant user - assumed 'user' /home/wwwroot/wechat.tiny-calf.com/Application/Runtime/Cache/Admin/f2ad854573dbf0e17793495ce8b9e81a.php 第 237 行.
NOTIC: [8] Use of undefined constant user - assumed 'user' /home/wwwroot/wechat.tiny-calf.com/Application/Runtime/Cache/Admin/f2ad854573dbf0e17793495ce8b9e81a.php 第 243 行.
NOTIC: [8] Use of undefined constant user - assumed 'user' /home/wwwroot/wechat.tiny-calf.com/Application/Runtime/Cache/Admin/f2ad854573dbf0e17793495ce8b9e81a.php 第 263 行.
NOTIC: [8] Use of undefined constant user - assumed 'user' /home/wwwroot/wechat.tiny-calf.com/Application/Runtime/Cache/Admin/f2ad854573dbf0e17793495ce8b9e81a.php 第 271 行.
NOTIC: [8] Use of undefined constant user - assumed 'user' /home/wwwroot/wechat.tiny-calf.com/Application/Runtime/Cache/Admin/f2ad854573dbf0e17793495ce8b9e81a.php 第 305 行.
NOTIC: [8] Use of undefined constant user - assumed 'user' /home/wwwroot/wechat.tiny-calf.com/Application/Runtime/Cache/Admin/f2ad854573dbf0e17793495ce8b9e81a.php 第 313 行.
NOTIC: [8] Use of undefined constant user - assumed 'user' /home/wwwroot/wechat.tiny-calf.com/Application/Runtime/Cache/Admin/f2ad854573dbf0e17793495ce8b9e81a.php 第 313 行.
INFO: Run Behavior\ParseTemplateBehavior [ RunTime:0.070410s ]
INFO: [ view_parse ] --END-- [ RunTime:0.070463s ]
INFO: [ view_filter ] --START--
INFO: Run Behavior\WriteHtmlCacheBehavior [ RunTime:0.000229s ]
INFO: [ view_filter ] --END-- [ RunTime:0.000273s ]
INFO: [ app_end ] --START--
INFO: Run Behavior\ShowPageTraceBehavior [ RunTime:0.000513s ]
INFO: [ app_end ] --END-- [ RunTime:0.000559s ]

[ 2017-07-17T15:43:22+08:00 ] 60.29.18.50 /index.php?m=admin
INFO: [ app_init ] --START--
INFO: Run Behavior\BuildLiteBehavior [ RunTime:0.000014s ]
INFO: [ app_init ] --END-- [ RunTime:0.000081s ]
INFO: [ app_begin ] --START--
INFO: Run Behavior\ReadHtmlCacheBehavior [ RunTime:0.000472s ]
INFO: Run Behavior\CheckLangBehavior [ RunTime:0.000323s ]
INFO: [ app_begin ] --END-- [ RunTime:0.000873s ]
INFO: [ view_parse ] --START--
INFO: Run Behavior\ParseTemplateBehavior [ RunTime:0.000270s ]
INFO: [ view_parse ] --END-- [ RunTime:0.000320s ]
INFO: [ view_filter ] --START--
INFO: Run Behavior\WriteHtmlCacheBehavior [ RunTime:0.000208s ]
INFO: [ view_filter ] --END-- [ RunTime:0.005916s ]
INFO: [ app_end ] --START--
INFO: Run Behavior\ShowPageTraceBehavior [ RunTime:0.000477s ]
INFO: [ app_end ] --END-- [ RunTime:0.000520s ]

[ 2017-07-17T15:43:30+08:00 ] 60.29.18.50 /index.php?m=admin&a=login
INFO: [ app_init ] --START--
INFO: Run Behavior\BuildLiteBehavior [ RunTime:0.000013s ]
INFO: [ app_init ] --END-- [ RunTime:0.000067s ]
INFO: [ app_begin ] --START--
INFO: Run Behavior\ReadHtmlCacheBehavior [ RunTime:0.000484s ]
INFO: Run Behavior\CheckLangBehavior [ RunTime:0.000305s ]
INFO: [ app_begin ] --END-- [ RunTime:0.000867s ]
INFO: [ view_parse ] --START--
INFO: [ template_filter ] --START--
INFO: Run Behavior\ContentReplaceBehavior [ RunTime:0.000082s ]
INFO: [ template_filter ] --END-- [ RunTime:0.000136s ]
INFO: Run Behavior\ParseTemplateBehavior [ RunTime:0.026854s ]
INFO: [ view_parse ] --END-- [ RunTime:0.026907s ]
INFO: [ view_filter ] --START--
INFO: Run Behavior\WriteHtmlCacheBehavior [ RunTime:0.000223s ]
INFO: [ view_filter ] --END-- [ RunTime:0.000271s ]
INFO: [ app_end ] --START--
INFO: Run Behavior\ShowPageTraceBehavior [ RunTime:0.000569s ]
INFO: [ app_end ] --END-- [ RunTime:0.000626s ]

[ 2017-07-17T15:43:33+08:00 ] 60.29.18.50 /index.php?&m=admin&a=login_msg
INFO: [ app_init ] --START--
INFO: Run Behavior\BuildLiteBehavior [ RunTime:0.000014s ]
INFO: [ app_init ] --END-- [ RunTime:0.000085s ]
INFO: [ app_begin ] --START--
INFO: Run Behavior\ReadHtmlCacheBehavior [ RunTime:0.000501s ]
INFO: Run Behavior\CheckLangBehavior [ RunTime:0.000310s ]
INFO: [ app_begin ] --END-- [ RunTime:0.000891s ]
SQL: SHOW COLUMNS FROM `think_admin` [ RunTime:0.0007s ]
SQL: SELECT `uid`,`user_name`,`email`,`admin`,`create_time` FROM `think_admin` WHERE `user_name` = 'gcan' AND `password` = '46594f221b8fd5f5d1f9477c45449a6f' LIMIT 1   [ RunTime:0.0003s ]
INFO: [ view_parse ] --START--
INFO: [ template_filter ] --START--
INFO: Run Behavior\ContentReplaceBehavior [ RunTime:0.000056s ]
INFO: [ template_filter ] --END-- [ RunTime:0.000104s ]
INFO: Run Behavior\ParseTemplateBehavior [ RunTime:0.005185s ]
INFO: [ view_parse ] --END-- [ RunTime:0.005233s ]
INFO: [ view_filter ] --START--
INFO: Run Behavior\WriteHtmlCacheBehavior [ RunTime:0.000233s ]
INFO: [ view_filter ] --END-- [ RunTime:0.000284s ]
INFO: [ app_end ] --START--
INFO: Run Behavior\ShowPageTraceBehavior [ RunTime:0.000560s ]
INFO: [ app_end ] --END-- [ RunTime:0.000609s ]

[ 2017-07-17T15:43:34+08:00 ] 60.29.18.50 /index.php?&m=admin&a=news
INFO: [ app_init ] --START--
INFO: Run Behavior\BuildLiteBehavior [ RunTime:0.000014s ]
INFO: [ app_init ] --END-- [ RunTime:0.000074s ]
INFO: [ app_begin ] --START--
INFO: Run Behavior\ReadHtmlCacheBehavior [ RunTime:0.000477s ]
INFO: Run Behavior\CheckLangBehavior [ RunTime:0.000324s ]
INFO: [ app_begin ] --END-- [ RunTime:0.000879s ]
SQL: SHOW COLUMNS FROM `think_admin` [ RunTime:0.0007s ]
SQL: SELECT `uid`,`user_name`,`email`,`admin`,`create_time` FROM `think_admin` WHERE ( uid=1 ) LIMIT 1   [ RunTime:0.0003s ]
SQL: SHOW COLUMNS FROM `think_article` [ RunTime:0.0005s ]
SQL: SELECT * FROM `think_article` ORDER BY create_time desc  [ RunTime:0.0015s ]
NOTIC: [8] Undefined index: tag /home/wwwroot/wechat.tiny-calf.com/Application/Admin/Controller/IndexController.class.php 第 440 行.
INFO: [ view_parse ] --START--
INFO: [ template_filter ] --START--
INFO: Run Behavior\ContentReplaceBehavior [ RunTime:0.000235s ]
INFO: [ template_filter ] --END-- [ RunTime:0.000297s ]
NOTIC: [8] Use of undefined constant news - assumed 'news' /home/wwwroot/wechat.tiny-calf.com/Application/Runtime/Cache/Admin/33d78a532dce9c56cf1d796e9a7153d7.php 第 230 行.
NOTIC: [8] Use of undefined constant news - assumed 'news' /home/wwwroot/wechat.tiny-calf.com/Application/Runtime/Cache/Admin/33d78a532dce9c56cf1d796e9a7153d7.php 第 237 行.
NOTIC: [8] Use of undefined constant news - assumed 'news' /home/wwwroot/wechat.tiny-calf.com/Application/Runtime/Cache/Admin/33d78a532dce9c56cf1d796e9a7153d7.php 第 237 行.
NOTIC: [8] Use of undefined constant news - assumed 'news' /home/wwwroot/wechat.tiny-calf.com/Application/Runtime/Cache/Admin/33d78a532dce9c56cf1d796e9a7153d7.php 第 243 行.
NOTIC: [8] Use of undefined constant news - assumed 'news' /home/wwwroot/wechat.tiny-calf.com/Application/Runtime/Cache/Admin/33d78a532dce9c56cf1d796e9a7153d7.php 第 243 行.
NOTIC: [8] Use of undefined constant news - assumed 'news' /home/wwwroot/wechat.tiny-calf.com/Application/Runtime/Cache/Admin/33d78a532dce9c56cf1d796e9a7153d7.php 第 263 行.
NOTIC: [8] Use of undefined constant news - assumed 'news' /home/wwwroot/wechat.tiny-calf.com/Application/Runtime/Cache/Admin/33d78a532dce9c56cf1d796e9a7153d7.php 第 271 行.
NOTIC: [8] Use of undefined constant news - assumed 'news' /home/wwwroot/wechat.tiny-calf.com/Application/Runtime/Cache/Admin/33d78a532dce9c56cf1d796e9a7153d7.php 第 305 行.
NOTIC: [8] Use of undefined constant news - assumed 'news' /home/wwwroot/wechat.tiny-calf.com/Application/Runtime/Cache/Admin/33d78a532dce9c56cf1d796e9a7153d7.php 第 313 行.
INFO: Run Behavior\ParseTemplateBehavior [ RunTime:0.070022s ]
INFO: [ view_parse ] --END-- [ RunTime:0.070070s ]
INFO: [ view_filter ] --START--
INFO: Run Behavior\WriteHtmlCacheBehavior [ RunTime:0.000241s ]
INFO: [ view_filter ] --END-- [ RunTime:0.000286s ]
INFO: [ app_end ] --START--
INFO: Run Behavior\ShowPageTraceBehavior [ RunTime:0.000487s ]
INFO: [ app_end ] --END-- [ RunTime:0.000534s ]

[ 2017-07-17T15:45:30+08:00 ] 60.29.18.50 /index.php?&m=admin&a=news
INFO: [ app_init ] --START--
INFO: Run Behavior\BuildLiteBehavior [ RunTime:0.000013s ]
INFO: [ app_init ] --END-- [ RunTime:0.000066s ]
INFO: [ app_begin ] --START--
INFO: Run Behavior\ReadHtmlCacheBehavior [ RunTime:0.006210s ]
INFO: Run Behavior\CheckLangBehavior [ RunTime:0.000314s ]
INFO: [ app_begin ] --END-- [ RunTime:0.006605s ]
SQL: SHOW COLUMNS FROM `think_admin` [ RunTime:0.0007s ]
SQL: SELECT `uid`,`user_name`,`email`,`admin`,`create_time` FROM `think_admin` WHERE ( uid=1 ) LIMIT 1   [ RunTime:0.0003s ]
SQL: SHOW COLUMNS FROM `think_article` [ RunTime:0.0005s ]
SQL: SELECT * FROM `think_article` ORDER BY create_time desc  [ RunTime:0.0015s ]
NOTIC: [8] Undefined index: tag /home/wwwroot/wechat.tiny-calf.com/Application/Admin/Controller/IndexController.class.php 第 440 行.
INFO: [ view_parse ] --START--
INFO: [ template_filter ] --START--
INFO: Run Behavior\ContentReplaceBehavior [ RunTime:0.000242s ]
INFO: [ template_filter ] --END-- [ RunTime:0.000328s ]
NOTIC: [8] Use of undefined constant news - assumed 'news' /home/wwwroot/wechat.tiny-calf.com/Application/Runtime/Cache/Admin/33d78a532dce9c56cf1d796e9a7153d7.php 第 230 行.
NOTIC: [8] Use of undefined constant news - assumed 'news' /home/wwwroot/wechat.tiny-calf.com/Application/Runtime/Cache/Admin/33d78a532dce9c56cf1d796e9a7153d7.php 第 237 行.
NOTIC: [8] Use of undefined constant news - assumed 'news' /home/wwwroot/wechat.tiny-calf.com/Application/Runtime/Cache/Admin/33d78a532dce9c56cf1d796e9a7153d7.php 第 237 行.
NOTIC: [8] Use of undefined constant news - assumed 'news' /home/wwwroot/wechat.tiny-calf.com/Application/Runtime/Cache/Admin/33d78a532dce9c56cf1d796e9a7153d7.php 第 243 行.
NOTIC: [8] Use of undefined constant news - assumed 'news' /home/wwwroot/wechat.tiny-calf.com/Application/Runtime/Cache/Admin/33d78a532dce9c56cf1d796e9a7153d7.php 第 243 行.
NOTIC: [8] Use of undefined constant news - assumed 'news' /home/wwwroot/wechat.tiny-calf.com/Application/Runtime/Cache/Admin/33d78a532dce9c56cf1d796e9a7153d7.php 第 263 行.
NOTIC: [8] Use of undefined constant news - assumed 'news' /home/wwwroot/wechat.tiny-calf.com/Application/Runtime/Cache/Admin/33d78a532dce9c56cf1d796e9a7153d7.php 第 271 行.
NOTIC: [8] Use of undefined constant news - assumed 'news' /home/wwwroot/wechat.tiny-calf.com/Application/Runtime/Cache/Admin/33d78a532dce9c56cf1d796e9a7153d7.php 第 305 行.
NOTIC: [8] Use of undefined constant news - assumed 'news' /home/wwwroot/wechat.tiny-calf.com/Application/Runtime/Cache/Admin/33d78a532dce9c56cf1d796e9a7153d7.php 第 313 行.
INFO: Run Behavior\ParseTemplateBehavior [ RunTime:0.077019s ]
INFO: [ view_parse ] --END-- [ RunTime:0.077074s ]
INFO: [ view_filter ] --START--
INFO: Run Behavior\WriteHtmlCacheBehavior [ RunTime:0.000237s ]
INFO: [ view_filter ] --END-- [ RunTime:0.000284s ]
INFO: [ app_end ] --START--
INFO: Run Behavior\ShowPageTraceBehavior [ RunTime:0.000532s ]
INFO: [ app_end ] --END-- [ RunTime:0.000581s ]

[ 2017-07-17T15:51:58+08:00 ] 60.29.18.50 /index.php?&m=admin&a=news
INFO: [ app_init ] --START--
INFO: Run Behavior\BuildLiteBehavior [ RunTime:0.000027s ]
INFO: [ app_init ] --END-- [ RunTime:0.000091s ]
INFO: [ app_begin ] --START--
INFO: Run Behavior\ReadHtmlCacheBehavior [ RunTime:0.000510s ]
INFO: Run Behavior\CheckLangBehavior [ RunTime:0.000331s ]
INFO: [ app_begin ] --END-- [ RunTime:0.000922s ]
SQL: SHOW COLUMNS FROM `think_admin` [ RunTime:0.0008s ]
SQL: SELECT `uid`,`user_name`,`email`,`admin`,`create_time` FROM `think_admin` WHERE ( uid=1 ) LIMIT 1   [ RunTime:0.0003s ]
SQL: SHOW COLUMNS FROM `think_article` [ RunTime:0.0005s ]
SQL: SELECT * FROM `think_article` ORDER BY create_time desc  [ RunTime:0.0015s ]
NOTIC: [8] Undefined index: tag /home/wwwroot/wechat.tiny-calf.com/Application/Admin/Controller/IndexController.class.php 第 440 行.
INFO: [ view_parse ] --START--
INFO: [ template_filter ] --START--
INFO: Run Behavior\ContentReplaceBehavior [ RunTime:0.000259s ]
INFO: [ template_filter ] --END-- [ RunTime:0.000340s ]
NOTIC: [8] Use of undefined constant news - assumed 'news' /home/wwwroot/wechat.tiny-calf.com/Application/Runtime/Cache/Admin/33d78a532dce9c56cf1d796e9a7153d7.php 第 230 行.
NOTIC: [8] Use of undefined constant news - assumed 'news' /home/wwwroot/wechat.tiny-calf.com/Application/Runtime/Cache/Admin/33d78a532dce9c56cf1d796e9a7153d7.php 第 237 行.
NOTIC: [8] Use of undefined constant news - assumed 'news' /home/wwwroot/wechat.tiny-calf.com/Application/Runtime/Cache/Admin/33d78a532dce9c56cf1d796e9a7153d7.php 第 237 行.
NOTIC: [8] Use of undefined constant news - assumed 'news' /home/wwwroot/wechat.tiny-calf.com/Application/Runtime/Cache/Admin/33d78a532dce9c56cf1d796e9a7153d7.php 第 243 行.
NOTIC: [8] Use of undefined constant news - assumed 'news' /home/wwwroot/wechat.tiny-calf.com/Application/Runtime/Cache/Admin/33d78a532dce9c56cf1d796e9a7153d7.php 第 243 行.
NOTIC: [8] Use of undefined constant news - assumed 'news' /home/wwwroot/wechat.tiny-calf.com/Application/Runtime/Cache/Admin/33d78a532dce9c56cf1d796e9a7153d7.php 第 263 行.
NOTIC: [8] Use of undefined constant news - assumed 'news' /home/wwwroot/wechat.tiny-calf.com/Application/Runtime/Cache/Admin/33d78a532dce9c56cf1d796e9a7153d7.php 第 271 行.
NOTIC: [8] Use of undefined constant news - assumed 'news' /home/wwwroot/wechat.tiny-calf.com/Application/Runtime/Cache/Admin/33d78a532dce9c56cf1d796e9a7153d7.php 第 305 行.
NOTIC: [8] Use of undefined constant news - assumed 'news' /home/wwwroot/wechat.tiny-calf.com/Application/Runtime/Cache/Admin/33d78a532dce9c56cf1d796e9a7153d7.php 第 313 行.
INFO: Run Behavior\ParseTemplateBehavior [ RunTime:0.071200s ]
INFO: [ view_parse ] --END-- [ RunTime:0.071255s ]
INFO: [ view_filter ] --START--
INFO: Run Behavior\WriteHtmlCacheBehavior [ RunTime:0.000244s ]
INFO: [ view_filter ] --END-- [ RunTime:0.000302s ]
INFO: [ app_end ] --START--
INFO: Run Behavior\ShowPageTraceBehavior [ RunTime:0.000550s ]
INFO: [ app_end ] --END-- [ RunTime:0.000599s ]

[ 2017-07-17T15:52:01+08:00 ] 60.29.18.50 /index.php?&m=admin&a=add_article
INFO: [ app_init ] --START--
INFO: Run Behavior\BuildLiteBehavior [ RunTime:0.000014s ]
INFO: [ app_init ] --END-- [ RunTime:0.000068s ]
INFO: [ app_begin ] --START--
INFO: Run Behavior\ReadHtmlCacheBehavior [ RunTime:0.000467s ]
INFO: Run Behavior\CheckLangBehavior [ RunTime:0.000303s ]
INFO: [ app_begin ] --END-- [ RunTime:0.000847s ]
SQL: SHOW COLUMNS FROM `think_admin` [ RunTime:0.0007s ]
SQL: SELECT `uid`,`user_name`,`email`,`admin`,`create_time` FROM `think_admin` WHERE ( uid=1 ) LIMIT 1   [ RunTime:0.0003s ]
INFO: [ view_parse ] --START--
INFO: [ template_filter ] --START--
INFO: Run Behavior\ContentReplaceBehavior [ RunTime:0.000217s ]
INFO: [ template_filter ] --END-- [ RunTime:0.000285s ]
NOTIC: [8] Use of undefined constant news - assumed 'news' /home/wwwroot/wechat.tiny-calf.com/Application/Runtime/Cache/Admin/1798383a4e64a7ccc79fc395699806e2.php 第 241 行.
NOTIC: [8] Use of undefined constant news - assumed 'news' /home/wwwroot/wechat.tiny-calf.com/Application/Runtime/Cache/Admin/1798383a4e64a7ccc79fc395699806e2.php 第 248 行.
NOTIC: [8] Use of undefined constant add_article - assumed 'add_article' /home/wwwroot/wechat.tiny-calf.com/Application/Runtime/Cache/Admin/1798383a4e64a7ccc79fc395699806e2.php 第 248 行.
NOTIC: [8] Use of undefined constant news - assumed 'news' /home/wwwroot/wechat.tiny-calf.com/Application/Runtime/Cache/Admin/1798383a4e64a7ccc79fc395699806e2.php 第 254 行.
NOTIC: [8] Use of undefined constant add_article - assumed 'add_article' /home/wwwroot/wechat.tiny-calf.com/Application/Runtime/Cache/Admin/1798383a4e64a7ccc79fc395699806e2.php 第 254 行.
NOTIC: [8] Use of undefined constant news - assumed 'news' /home/wwwroot/wechat.tiny-calf.com/Application/Runtime/Cache/Admin/1798383a4e64a7ccc79fc395699806e2.php 第 274 行.
NOTIC: [8] Use of undefined constant news - assumed 'news' /home/wwwroot/wechat.tiny-calf.com/Application/Runtime/Cache/Admin/1798383a4e64a7ccc79fc395699806e2.php 第 282 行.
NOTIC: [8] Use of undefined constant news - assumed 'news' /home/wwwroot/wechat.tiny-calf.com/Application/Runtime/Cache/Admin/1798383a4e64a7ccc79fc395699806e2.php 第 316 行.
NOTIC: [8] Use of undefined constant news - assumed 'news' /home/wwwroot/wechat.tiny-calf.com/Application/Runtime/Cache/Admin/1798383a4e64a7ccc79fc395699806e2.php 第 324 行.
INFO: Run Behavior\ParseTemplateBehavior [ RunTime:0.062320s ]
INFO: [ view_parse ] --END-- [ RunTime:0.062367s ]
INFO: [ view_filter ] --START--
INFO: Run Behavior\WriteHtmlCacheBehavior [ RunTime:0.000228s ]
INFO: [ view_filter ] --END-- [ RunTime:0.000273s ]
INFO: [ app_end ] --START--
INFO: Run Behavior\ShowPageTraceBehavior [ RunTime:0.000488s ]
INFO: [ app_end ] --END-- [ RunTime:0.000534s ]

[ 2017-07-17T15:52:03+08:00 ] 60.29.18.50 /index.php?&m=admin&a=news
INFO: [ app_init ] --START--
INFO: Run Behavior\BuildLiteBehavior [ RunTime:0.000013s ]
INFO: [ app_init ] --END-- [ RunTime:0.000067s ]
INFO: [ app_begin ] --START--
INFO: Run Behavior\ReadHtmlCacheBehavior [ RunTime:0.000478s ]
INFO: Run Behavior\CheckLangBehavior [ RunTime:0.000308s ]
INFO: [ app_begin ] --END-- [ RunTime:0.000867s ]
SQL: SHOW COLUMNS FROM `think_admin` [ RunTime:0.0007s ]
SQL: SELECT `uid`,`user_name`,`email`,`admin`,`create_time` FROM `think_admin` WHERE ( uid=1 ) LIMIT 1   [ RunTime:0.0003s ]
SQL: SHOW COLUMNS FROM `think_article` [ RunTime:0.0005s ]
SQL: SELECT * FROM `think_article` ORDER BY create_time desc  [ RunTime:0.0056s ]
NOTIC: [8] Undefined index: tag /home/wwwroot/wechat.tiny-calf.com/Application/Admin/Controller/IndexController.class.php 第 440 行.
INFO: [ view_parse ] --START--
INFO: [ template_filter ] --START--
INFO: Run Behavior\ContentReplaceBehavior [ RunTime:0.000253s ]
INFO: [ template_filter ] --END-- [ RunTime:0.000333s ]
NOTIC: [8] Use of undefined constant news - assumed 'news' /home/wwwroot/wechat.tiny-calf.com/Application/Runtime/Cache/Admin/33d78a532dce9c56cf1d796e9a7153d7.php 第 230 行.
NOTIC: [8] Use of undefined constant news - assumed 'news' /home/wwwroot/wechat.tiny-calf.com/Application/Runtime/Cache/Admin/33d78a532dce9c56cf1d796e9a7153d7.php 第 237 行.
NOTIC: [8] Use of undefined constant news - assumed 'news' /home/wwwroot/wechat.tiny-calf.com/Application/Runtime/Cache/Admin/33d78a532dce9c56cf1d796e9a7153d7.php 第 237 行.
NOTIC: [8] Use of undefined constant news - assumed 'news' /home/wwwroot/wechat.tiny-calf.com/Application/Runtime/Cache/Admin/33d78a532dce9c56cf1d796e9a7153d7.php 第 243 行.
NOTIC: [8] Use of undefined constant news - assumed 'news' /home/wwwroot/wechat.tiny-calf.com/Application/Runtime/Cache/Admin/33d78a532dce9c56cf1d796e9a7153d7.php 第 243 行.
NOTIC: [8] Use of undefined constant news - assumed 'news' /home/wwwroot/wechat.tiny-calf.com/Application/Runtime/Cache/Admin/33d78a532dce9c56cf1d796e9a7153d7.php 第 263 行.
NOTIC: [8] Use of undefined constant news - assumed 'news' /home/wwwroot/wechat.tiny-calf.com/Application/Runtime/Cache/Admin/33d78a532dce9c56cf1d796e9a7153d7.php 第 271 行.
NOTIC: [8] Use of undefined constant news - assumed 'news' /home/wwwroot/wechat.tiny-calf.com/Application/Runtime/Cache/Admin/33d78a532dce9c56cf1d796e9a7153d7.php 第 305 行.
NOTIC: [8] Use of undefined constant news - assumed 'news' /home/wwwroot/wechat.tiny-calf.com/Application/Runtime/Cache/Admin/33d78a532dce9c56cf1d796e9a7153d7.php 第 313 行.
INFO: Run Behavior\ParseTemplateBehavior [ RunTime:0.065937s ]
INFO: [ view_parse ] --END-- [ RunTime:0.065987s ]
INFO: [ view_filter ] --START--
INFO: Run Behavior\WriteHtmlCacheBehavior [ RunTime:0.000247s ]
INFO: [ view_filter ] --END-- [ RunTime:0.000293s ]
INFO: [ app_end ] --START--
INFO: Run Behavior\ShowPageTraceBehavior [ RunTime:0.000787s ]
INFO: [ app_end ] --END-- [ RunTime:0.000848s ]

[ 2017-07-17T16:01:08+08:00 ] 60.29.18.50 /index.php?&m=admin&a=news
INFO: [ app_init ] --START--
INFO: Run Behavior\BuildLiteBehavior [ RunTime:0.000014s ]
INFO: [ app_init ] --END-- [ RunTime:0.000067s ]
INFO: [ app_begin ] --START--
INFO: Run Behavior\ReadHtmlCacheBehavior [ RunTime:0.000462s ]
INFO: Run Behavior\CheckLangBehavior [ RunTime:0.000359s ]
INFO: [ app_begin ] --END-- [ RunTime:0.000901s ]
SQL: SHOW COLUMNS FROM `think_admin` [ RunTime:0.0007s ]
SQL: SELECT `uid`,`user_name`,`email`,`admin`,`create_time` FROM `think_admin` WHERE ( uid=1 ) LIMIT 1   [ RunTime:0.0003s ]
SQL: SHOW COLUMNS FROM `think_article` [ RunTime:0.0006s ]
SQL: SELECT * FROM `think_article` ORDER BY create_time desc  [ RunTime:0.0015s ]
NOTIC: [8] Undefined index: tag /home/wwwroot/wechat.tiny-calf.com/Application/Admin/Controller/IndexController.class.php 第 440 行.
INFO: [ view_parse ] --START--
INFO: [ template_filter ] --START--
INFO: Run Behavior\ContentReplaceBehavior [ RunTime:0.000240s ]
INFO: [ template_filter ] --END-- [ RunTime:0.000311s ]
NOTIC: [8] Use of undefined constant news - assumed 'news' /home/wwwroot/wechat.tiny-calf.com/Application/Runtime/Cache/Admin/33d78a532dce9c56cf1d796e9a7153d7.php 第 230 行.
NOTIC: [8] Use of undefined constant news - assumed 'news' /home/wwwroot/wechat.tiny-calf.com/Application/Runtime/Cache/Admin/33d78a532dce9c56cf1d796e9a7153d7.php 第 237 行.
NOTIC: [8] Use of undefined constant news - assumed 'news' /home/wwwroot/wechat.tiny-calf.com/Application/Runtime/Cache/Admin/33d78a532dce9c56cf1d796e9a7153d7.php 第 237 行.
NOTIC: [8] Use of undefined constant news - assumed 'news' /home/wwwroot/wechat.tiny-calf.com/Application/Runtime/Cache/Admin/33d78a532dce9c56cf1d796e9a7153d7.php 第 243 行.
NOTIC: [8] Use of undefined constant news - assumed 'news' /home/wwwroot/wechat.tiny-calf.com/Application/Runtime/Cache/Admin/33d78a532dce9c56cf1d796e9a7153d7.php 第 243 行.
NOTIC: [8] Use of undefined constant news - assumed 'news' /home/wwwroot/wechat.tiny-calf.com/Application/Runtime/Cache/Admin/33d78a532dce9c56cf1d796e9a7153d7.php 第 263 行.
NOTIC: [8] Use of undefined constant news - assumed 'news' /home/wwwroot/wechat.tiny-calf.com/Application/Runtime/Cache/Admin/33d78a532dce9c56cf1d796e9a7153d7.php 第 271 行.
NOTIC: [8] Use of undefined constant news - assumed 'news' /home/wwwroot/wechat.tiny-calf.com/Application/Runtime/Cache/Admin/33d78a532dce9c56cf1d796e9a7153d7.php 第 305 行.
NOTIC: [8] Use of undefined constant news - assumed 'news' /home/wwwroot/wechat.tiny-calf.com/Application/Runtime/Cache/Admin/33d78a532dce9c56cf1d796e9a7153d7.php 第 313 行.
INFO: Run Behavior\ParseTemplateBehavior [ RunTime:0.076312s ]
INFO: [ view_parse ] --END-- [ RunTime:0.076361s ]
INFO: [ view_filter ] --START--
INFO: Run Behavior\WriteHtmlCacheBehavior [ RunTime:0.000245s ]
INFO: [ view_filter ] --END-- [ RunTime:0.000291s ]
INFO: [ app_end ] --START--
INFO: Run Behavior\ShowPageTraceBehavior [ RunTime:0.000490s ]
INFO: [ app_end ] --END-- [ RunTime:0.000539s ]

[ 2017-07-17T17:24:19+08:00 ] 60.29.18.50 /index.php?&m=admin&a=news
INFO: [ app_init ] --START--
INFO: Run Behavior\BuildLiteBehavior [ RunTime:0.000013s ]
INFO: [ app_init ] --END-- [ RunTime:0.000066s ]
INFO: [ app_begin ] --START--
INFO: Run Behavior\ReadHtmlCacheBehavior [ RunTime:0.000459s ]
INFO: Run Behavior\CheckLangBehavior [ RunTime:0.000324s ]
INFO: [ app_begin ] --END-- [ RunTime:0.000862s ]
SQL: SHOW COLUMNS FROM `think_admin` [ RunTime:0.0007s ]
SQL: SELECT `uid`,`user_name`,`email`,`admin`,`create_time` FROM `think_admin` WHERE ( uid=1 ) LIMIT 1   [ RunTime:0.0003s ]
SQL: SHOW COLUMNS FROM `think_article` [ RunTime:0.0005s ]
SQL: SELECT * FROM `think_article` ORDER BY create_time desc  [ RunTime:0.0018s ]
NOTIC: [8] Undefined index: tag /home/wwwroot/wechat.tiny-calf.com/Application/Admin/Controller/IndexController.class.php 第 440 行.
INFO: [ view_parse ] --START--
INFO: [ template_filter ] --START--
INFO: Run Behavior\ContentReplaceBehavior [ RunTime:0.000259s ]
INFO: [ template_filter ] --END-- [ RunTime:0.000329s ]
NOTIC: [8] Use of undefined constant news - assumed 'news' /home/wwwroot/wechat.tiny-calf.com/Application/Runtime/Cache/Admin/33d78a532dce9c56cf1d796e9a7153d7.php 第 230 行.
NOTIC: [8] Use of undefined constant news - assumed 'news' /home/wwwroot/wechat.tiny-calf.com/Application/Runtime/Cache/Admin/33d78a532dce9c56cf1d796e9a7153d7.php 第 237 行.
NOTIC: [8] Use of undefined constant news - assumed 'news' /home/wwwroot/wechat.tiny-calf.com/Application/Runtime/Cache/Admin/33d78a532dce9c56cf1d796e9a7153d7.php 第 237 行.
NOTIC: [8] Use of undefined constant news - assumed 'news' /home/wwwroot/wechat.tiny-calf.com/Application/Runtime/Cache/Admin/33d78a532dce9c56cf1d796e9a7153d7.php 第 243 行.
NOTIC: [8] Use of undefined constant news - assumed 'news' /home/wwwroot/wechat.tiny-calf.com/Application/Runtime/Cache/Admin/33d78a532dce9c56cf1d796e9a7153d7.php 第 243 行.
NOTIC: [8] Use of undefined constant news - assumed 'news' /home/wwwroot/wechat.tiny-calf.com/Application/Runtime/Cache/Admin/33d78a532dce9c56cf1d796e9a7153d7.php 第 263 行.
NOTIC: [8] Use of undefined constant news - assumed 'news' /home/wwwroot/wechat.tiny-calf.com/Application/Runtime/Cache/Admin/33d78a532dce9c56cf1d796e9a7153d7.php 第 271 行.
NOTIC: [8] Use of undefined constant news - assumed 'news' /home/wwwroot/wechat.tiny-calf.com/Application/Runtime/Cache/Admin/33d78a532dce9c56cf1d796e9a7153d7.php 第 305 行.
NOTIC: [8] Use of undefined constant news - assumed 'news' /home/wwwroot/wechat.tiny-calf.com/Application/Runtime/Cache/Admin/33d78a532dce9c56cf1d796e9a7153d7.php 第 313 行.
INFO: Run Behavior\ParseTemplateBehavior [ RunTime:0.075684s ]
INFO: [ view_parse ] --END-- [ RunTime:0.075735s ]
INFO: [ view_filter ] --START--
INFO: Run Behavior\WriteHtmlCacheBehavior [ RunTime:0.000243s ]
INFO: [ view_filter ] --END-- [ RunTime:0.000288s ]
INFO: [ app_end ] --START--
INFO: Run Behavior\ShowPageTraceBehavior [ RunTime:0.000561s ]
INFO: [ app_end ] --END-- [ RunTime:0.000614s ]

