[ 2017-08-17T17:57:41+08:00 ] 60.29.18.51 /index.php?m=admin
INFO: [ app_init ] --START--
INFO: Run Behavior\BuildLiteBehavior [ RunTime:0.000018s ]
INFO: [ app_init ] --END-- [ RunTime:0.000383s ]
INFO: [ app_begin ] --START--
INFO: Run Behavior\ReadHtmlCacheBehavior [ RunTime:0.000471s ]
INFO: Run Behavior\CheckLangBehavior [ RunTime:0.000543s ]
INFO: [ app_begin ] --END-- [ RunTime:0.001094s ]
INFO: [ view_parse ] --START--
INFO: Run Behavior\ParseTemplateBehavior [ RunTime:0.000242s ]
INFO: [ view_parse ] --END-- [ RunTime:0.000339s ]
INFO: [ view_filter ] --START--
INFO: Run Behavior\WriteHtmlCacheBehavior [ RunTime:0.000206s ]
INFO: [ view_filter ] --END-- [ RunTime:0.000252s ]
INFO: [ app_end ] --START--
INFO: Run Behavior\ShowPageTraceBehavior [ RunTime:0.006216s ]
INFO: [ app_end ] --END-- [ RunTime:0.006266s ]

[ 2017-08-17T17:57:45+08:00 ] 60.29.18.51 /index.php?m=admin&a=login
INFO: [ app_init ] --START--
INFO: Run Behavior\BuildLiteBehavior [ RunTime:0.000016s ]
INFO: [ app_init ] --END-- [ RunTime:0.000710s ]
INFO: [ app_begin ] --START--
INFO: Run Behavior\ReadHtmlCacheBehavior [ RunTime:0.006131s ]
INFO: Run Behavior\CheckLangBehavior [ RunTime:0.000536s ]
INFO: [ app_begin ] --END-- [ RunTime:0.006744s ]
INFO: [ view_parse ] --START--
INFO: [ template_filter ] --START--
INFO: Run Behavior\ContentReplaceBehavior [ RunTime:0.000080s ]
INFO: [ template_filter ] --END-- [ RunTime:0.000132s ]
INFO: Run Behavior\ParseTemplateBehavior [ RunTime:0.020337s ]
INFO: [ view_parse ] --END-- [ RunTime:0.020401s ]
INFO: [ view_filter ] --START--
INFO: Run Behavior\WriteHtmlCacheBehavior [ RunTime:0.000209s ]
INFO: [ view_filter ] --END-- [ RunTime:0.000251s ]
INFO: [ app_end ] --START--
INFO: Run Behavior\ShowPageTraceBehavior [ RunTime:0.000461s ]
INFO: [ app_end ] --END-- [ RunTime:0.000507s ]

[ 2017-08-17T17:57:47+08:00 ] 60.29.18.51 /index.php?&m=admin&a=login_msg
INFO: [ app_init ] --START--
INFO: Run Behavior\BuildLiteBehavior [ RunTime:0.000016s ]
INFO: [ app_init ] --END-- [ RunTime:0.000333s ]
INFO: [ app_begin ] --START--
INFO: Run Behavior\ReadHtmlCacheBehavior [ RunTime:0.006148s ]
INFO: Run Behavior\CheckLangBehavior [ RunTime:0.000525s ]
INFO: [ app_begin ] --END-- [ RunTime:0.006755s ]
SQL: SHOW COLUMNS FROM `t_admin` [ RunTime:0.0007s ]
SQL: SELECT `uid`,`user_name`,`email`,`admin`,`create_time` FROM `t_admin` WHERE `user_name` = '17801098915' AND `password` = '46594f221b8fd5f5d1f9477c45449a6f' LIMIT 1   [ RunTime:0.0003s ]
INFO: [ view_parse ] --START--
INFO: [ template_filter ] --START--
INFO: Run Behavior\ContentReplaceBehavior [ RunTime:0.000036s ]
INFO: [ template_filter ] --END-- [ RunTime:0.000083s ]
INFO: Run Behavior\ParseTemplateBehavior [ RunTime:0.005521s ]
INFO: [ view_parse ] --END-- [ RunTime:0.005569s ]
INFO: [ view_filter ] --START--
INFO: Run Behavior\WriteHtmlCacheBehavior [ RunTime:0.000549s ]
INFO: [ view_filter ] --END-- [ RunTime:0.000592s ]

[ 2017-08-17T17:57:54+08:00 ] 60.29.18.51 /index.php?&m=admin&a=login_msg
INFO: [ app_init ] --START--
INFO: Run Behavior\BuildLiteBehavior [ RunTime:0.000016s ]
INFO: [ app_init ] --END-- [ RunTime:0.000344s ]
INFO: [ app_begin ] --START--
INFO: Run Behavior\ReadHtmlCacheBehavior [ RunTime:0.000436s ]
INFO: Run Behavior\CheckLangBehavior [ RunTime:0.000533s ]
INFO: [ app_begin ] --END-- [ RunTime:0.001048s ]
SQL: SHOW COLUMNS FROM `t_admin` [ RunTime:0.0007s ]
SQL: SELECT `uid`,`user_name`,`email`,`admin`,`create_time` FROM `t_admin` WHERE `user_name` = 'gcan' AND `password` = '46594f221b8fd5f5d1f9477c45449a6f' LIMIT 1   [ RunTime:0.0003s ]
INFO: [ view_parse ] --START--
INFO: [ template_filter ] --START--
INFO: Run Behavior\ContentReplaceBehavior [ RunTime:0.000035s ]
INFO: [ template_filter ] --END-- [ RunTime:0.000084s ]
INFO: Run Behavior\ParseTemplateBehavior [ RunTime:0.005390s ]
INFO: [ view_parse ] --END-- [ RunTime:0.005439s ]
INFO: [ view_filter ] --START--
INFO: Run Behavior\WriteHtmlCacheBehavior [ RunTime:0.000207s ]
INFO: [ view_filter ] --END-- [ RunTime:0.005987s ]
INFO: [ app_end ] --START--
INFO: Run Behavior\ShowPageTraceBehavior [ RunTime:0.000479s ]
INFO: [ app_end ] --END-- [ RunTime:0.000522s ]

[ 2017-08-17T17:57:55+08:00 ] 60.29.18.51 /index.php?&m=admin&a=news
INFO: [ app_init ] --START--
INFO: Run Behavior\BuildLiteBehavior [ RunTime:0.000015s ]
INFO: [ app_init ] --END-- [ RunTime:0.000336s ]
INFO: [ app_begin ] --START--
INFO: Run Behavior\ReadHtmlCacheBehavior [ RunTime:0.000449s ]
INFO: Run Behavior\CheckLangBehavior [ RunTime:0.000548s ]
INFO: [ app_begin ] --END-- [ RunTime:0.001078s ]
SQL: SHOW COLUMNS FROM `t_admin` [ RunTime:0.0007s ]
SQL: SELECT `uid`,`user_name`,`email`,`admin`,`create_time` FROM `t_admin` WHERE ( uid=3 ) LIMIT 1   [ RunTime:0.0003s ]
SQL: SHOW COLUMNS FROM `t_article` [ RunTime:0.0005s ]
SQL: SELECT * FROM `t_article` ORDER BY create_time desc  [ RunTime:0.0023s ]
NOTIC: [8] Undefined index: tag /home/wwwroot/www.jifage.cn/Application/Admin/Controller/IndexController.class.php 第 440 行.
INFO: [ view_parse ] --START--
INFO: [ template_filter ] --START--
INFO: Run Behavior\ContentReplaceBehavior [ RunTime:0.000233s ]
INFO: [ template_filter ] --END-- [ RunTime:0.000303s ]
NOTIC: [8] Use of undefined constant news - assumed 'news' /home/wwwroot/www.jifage.cn/Application/Runtime/Cache/Admin/33d78a532dce9c56cf1d796e9a7153d7.php 第 230 行.
NOTIC: [8] Use of undefined constant news - assumed 'news' /home/wwwroot/www.jifage.cn/Application/Runtime/Cache/Admin/33d78a532dce9c56cf1d796e9a7153d7.php 第 237 行.
NOTIC: [8] Use of undefined constant news - assumed 'news' /home/wwwroot/www.jifage.cn/Application/Runtime/Cache/Admin/33d78a532dce9c56cf1d796e9a7153d7.php 第 237 行.
NOTIC: [8] Use of undefined constant news - assumed 'news' /home/wwwroot/www.jifage.cn/Application/Runtime/Cache/Admin/33d78a532dce9c56cf1d796e9a7153d7.php 第 243 行.
NOTIC: [8] Use of undefined constant news - assumed 'news' /home/wwwroot/www.jifage.cn/Application/Runtime/Cache/Admin/33d78a532dce9c56cf1d796e9a7153d7.php 第 243 行.
NOTIC: [8] Use of undefined constant news - assumed 'news' /home/wwwroot/www.jifage.cn/Application/Runtime/Cache/Admin/33d78a532dce9c56cf1d796e9a7153d7.php 第 263 行.
NOTIC: [8] Use of undefined constant news - assumed 'news' /home/wwwroot/www.jifage.cn/Application/Runtime/Cache/Admin/33d78a532dce9c56cf1d796e9a7153d7.php 第 271 行.
NOTIC: [8] Use of undefined constant news - assumed 'news' /home/wwwroot/www.jifage.cn/Application/Runtime/Cache/Admin/33d78a532dce9c56cf1d796e9a7153d7.php 第 305 行.
NOTIC: [8] Use of undefined constant news - assumed 'news' /home/wwwroot/www.jifage.cn/Application/Runtime/Cache/Admin/33d78a532dce9c56cf1d796e9a7153d7.php 第 313 行.
INFO: Run Behavior\ParseTemplateBehavior [ RunTime:0.070475s ]
INFO: [ view_parse ] --END-- [ RunTime:0.070524s ]
INFO: [ view_filter ] --START--
INFO: Run Behavior\WriteHtmlCacheBehavior [ RunTime:0.000242s ]
INFO: [ view_filter ] --END-- [ RunTime:0.000288s ]
INFO: [ app_end ] --START--
INFO: Run Behavior\ShowPageTraceBehavior [ RunTime:0.000509s ]
INFO: [ app_end ] --END-- [ RunTime:0.000567s ]

[ 2017-08-17T17:57:59+08:00 ] 60.29.18.51 /index.php?&m=admin&a=user
INFO: [ app_init ] --START--
INFO: Run Behavior\BuildLiteBehavior [ RunTime:0.000016s ]
INFO: [ app_init ] --END-- [ RunTime:0.006014s ]
INFO: [ app_begin ] --START--
INFO: Run Behavior\ReadHtmlCacheBehavior [ RunTime:0.000457s ]
INFO: Run Behavior\CheckLangBehavior [ RunTime:0.000520s ]
INFO: [ app_begin ] --END-- [ RunTime:0.001054s ]
SQL: SHOW COLUMNS FROM `t_admin` [ RunTime:0.0007s ]
SQL: SELECT `uid`,`user_name`,`email`,`admin`,`create_time` FROM `t_admin` WHERE ( uid=3 ) LIMIT 1   [ RunTime:0.0003s ]
SQL: SHOW COLUMNS FROM `t_user` [ RunTime:0.0007s ]
SQL: SELECT * FROM `t_user` ORDER BY create_time desc  [ RunTime:0.0003s ]
INFO: [ view_parse ] --START--
INFO: [ template_filter ] --START--
INFO: Run Behavior\ContentReplaceBehavior [ RunTime:0.000252s ]
INFO: [ template_filter ] --END-- [ RunTime:0.000322s ]
NOTIC: [8] Use of undefined constant user - assumed 'user' /home/wwwroot/www.jifage.cn/Application/Runtime/Cache/Admin/f2ad854573dbf0e17793495ce8b9e81a.php 第 230 行.
NOTIC: [8] Use of undefined constant user - assumed 'user' /home/wwwroot/www.jifage.cn/Application/Runtime/Cache/Admin/f2ad854573dbf0e17793495ce8b9e81a.php 第 237 行.
NOTIC: [8] Use of undefined constant user - assumed 'user' /home/wwwroot/www.jifage.cn/Application/Runtime/Cache/Admin/f2ad854573dbf0e17793495ce8b9e81a.php 第 243 行.
NOTIC: [8] Use of undefined constant user - assumed 'user' /home/wwwroot/www.jifage.cn/Application/Runtime/Cache/Admin/f2ad854573dbf0e17793495ce8b9e81a.php 第 263 行.
NOTIC: [8] Use of undefined constant user - assumed 'user' /home/wwwroot/www.jifage.cn/Application/Runtime/Cache/Admin/f2ad854573dbf0e17793495ce8b9e81a.php 第 271 行.
NOTIC: [8] Use of undefined constant user - assumed 'user' /home/wwwroot/www.jifage.cn/Application/Runtime/Cache/Admin/f2ad854573dbf0e17793495ce8b9e81a.php 第 305 行.
NOTIC: [8] Use of undefined constant user - assumed 'user' /home/wwwroot/www.jifage.cn/Application/Runtime/Cache/Admin/f2ad854573dbf0e17793495ce8b9e81a.php 第 313 行.
NOTIC: [8] Use of undefined constant user - assumed 'user' /home/wwwroot/www.jifage.cn/Application/Runtime/Cache/Admin/f2ad854573dbf0e17793495ce8b9e81a.php 第 313 行.
INFO: Run Behavior\ParseTemplateBehavior [ RunTime:0.064704s ]
INFO: [ view_parse ] --END-- [ RunTime:0.064752s ]
INFO: [ view_filter ] --START--
INFO: Run Behavior\WriteHtmlCacheBehavior [ RunTime:0.005980s ]
INFO: [ view_filter ] --END-- [ RunTime:0.006026s ]
INFO: [ app_end ] --START--
INFO: Run Behavior\ShowPageTraceBehavior [ RunTime:0.000612s ]
INFO: [ app_end ] --END-- [ RunTime:0.000660s ]

[ 2017-08-17T17:58:18+08:00 ] 60.29.18.51 /index.php?&m=admin&a=delete_user&id=8
INFO: [ app_init ] --START--
INFO: Run Behavior\BuildLiteBehavior [ RunTime:0.000018s ]
INFO: [ app_init ] --END-- [ RunTime:0.000348s ]
INFO: [ app_begin ] --START--
INFO: Run Behavior\ReadHtmlCacheBehavior [ RunTime:0.000466s ]
INFO: Run Behavior\CheckLangBehavior [ RunTime:0.000531s ]
INFO: [ app_begin ] --END-- [ RunTime:0.001077s ]
SQL: SHOW COLUMNS FROM `t_admin` [ RunTime:0.0008s ]
SQL: SELECT `uid`,`user_name`,`email`,`admin`,`create_time` FROM `t_admin` WHERE ( uid=3 ) LIMIT 1   [ RunTime:0.0003s ]
SQL: SHOW COLUMNS FROM `t_user` [ RunTime:0.0007s ]
SQL: DELETE FROM `t_user` WHERE ( uid=8 ) [ RunTime:0.0653s ]
INFO: [ view_parse ] --START--
INFO: [ template_filter ] --START--
INFO: Run Behavior\ContentReplaceBehavior [ RunTime:0.000043s ]
INFO: [ template_filter ] --END-- [ RunTime:0.000216s ]
INFO: Run Behavior\ParseTemplateBehavior [ RunTime:0.006401s ]
INFO: [ view_parse ] --END-- [ RunTime:0.006454s ]
INFO: [ view_filter ] --START--
INFO: Run Behavior\WriteHtmlCacheBehavior [ RunTime:0.000236s ]
INFO: [ view_filter ] --END-- [ RunTime:0.000279s ]
INFO: [ app_end ] --START--
INFO: Run Behavior\ShowPageTraceBehavior [ RunTime:0.000501s ]
INFO: [ app_end ] --END-- [ RunTime:0.000546s ]

[ 2017-08-17T17:58:19+08:00 ] 60.29.18.51 /index.php?&m=admin&a=user
INFO: [ app_init ] --START--
INFO: Run Behavior\BuildLiteBehavior [ RunTime:0.000015s ]
INFO: [ app_init ] --END-- [ RunTime:0.000353s ]
INFO: [ app_begin ] --START--
INFO: Run Behavior\ReadHtmlCacheBehavior [ RunTime:0.000471s ]
INFO: Run Behavior\CheckLangBehavior [ RunTime:0.000539s ]
INFO: [ app_begin ] --END-- [ RunTime:0.001089s ]
SQL: SHOW COLUMNS FROM `t_admin` [ RunTime:0.0007s ]
SQL: SELECT `uid`,`user_name`,`email`,`admin`,`create_time` FROM `t_admin` WHERE ( uid=3 ) LIMIT 1   [ RunTime:0.0003s ]
SQL: SHOW COLUMNS FROM `t_user` [ RunTime:0.0007s ]
SQL: SELECT * FROM `t_user` ORDER BY create_time desc  [ RunTime:0.0003s ]
INFO: [ view_parse ] --START--
INFO: [ template_filter ] --START--
INFO: Run Behavior\ContentReplaceBehavior [ RunTime:0.000242s ]
INFO: [ template_filter ] --END-- [ RunTime:0.000314s ]
NOTIC: [8] Use of undefined constant user - assumed 'user' /home/wwwroot/www.jifage.cn/Application/Runtime/Cache/Admin/f2ad854573dbf0e17793495ce8b9e81a.php 第 230 行.
NOTIC: [8] Use of undefined constant user - assumed 'user' /home/wwwroot/www.jifage.cn/Application/Runtime/Cache/Admin/f2ad854573dbf0e17793495ce8b9e81a.php 第 237 行.
NOTIC: [8] Use of undefined constant user - assumed 'user' /home/wwwroot/www.jifage.cn/Application/Runtime/Cache/Admin/f2ad854573dbf0e17793495ce8b9e81a.php 第 243 行.
NOTIC: [8] Use of undefined constant user - assumed 'user' /home/wwwroot/www.jifage.cn/Application/Runtime/Cache/Admin/f2ad854573dbf0e17793495ce8b9e81a.php 第 263 行.
NOTIC: [8] Use of undefined constant user - assumed 'user' /home/wwwroot/www.jifage.cn/Application/Runtime/Cache/Admin/f2ad854573dbf0e17793495ce8b9e81a.php 第 271 行.
NOTIC: [8] Use of undefined constant user - assumed 'user' /home/wwwroot/www.jifage.cn/Application/Runtime/Cache/Admin/f2ad854573dbf0e17793495ce8b9e81a.php 第 305 行.
NOTIC: [8] Use of undefined constant user - assumed 'user' /home/wwwroot/www.jifage.cn/Application/Runtime/Cache/Admin/f2ad854573dbf0e17793495ce8b9e81a.php 第 313 行.
NOTIC: [8] Use of undefined constant user - assumed 'user' /home/wwwroot/www.jifage.cn/Application/Runtime/Cache/Admin/f2ad854573dbf0e17793495ce8b9e81a.php 第 313 行.
INFO: Run Behavior\ParseTemplateBehavior [ RunTime:0.069303s ]
INFO: [ view_parse ] --END-- [ RunTime:0.069351s ]
INFO: [ view_filter ] --START--
INFO: Run Behavior\WriteHtmlCacheBehavior [ RunTime:0.000229s ]
INFO: [ view_filter ] --END-- [ RunTime:0.000274s ]
INFO: [ app_end ] --START--
INFO: Run Behavior\ShowPageTraceBehavior [ RunTime:0.006233s ]
INFO: [ app_end ] --END-- [ RunTime:0.006283s ]

