[ 2017-07-10T09:45:42+08:00 ] 60.29.18.50 /index.php?m=admin&a=personal
INFO: [ app_init ] --START--
INFO: Run Behavior\BuildLiteBehavior [ RunTime:0.000015s ]
INFO: [ app_init ] --END-- [ RunTime:0.000333s ]
INFO: [ app_begin ] --START--
INFO: Run Behavior\ReadHtmlCacheBehavior [ RunTime:0.000463s ]
INFO: [ app_begin ] --END-- [ RunTime:0.000514s ]
INFO: [ view_parse ] --START--
INFO: [ template_filter ] --START--
INFO: Run Behavior\ContentReplaceBehavior [ RunTime:0.000034s ]
INFO: [ template_filter ] --END-- [ RunTime:0.000084s ]
INFO: Run Behavior\ParseTemplateBehavior [ RunTime:0.010749s ]
INFO: [ view_parse ] --END-- [ RunTime:0.010802s ]
INFO: [ view_filter ] --START--
INFO: Run Behavior\WriteHtmlCacheBehavior [ RunTime:0.000211s ]
INFO: [ view_filter ] --END-- [ RunTime:0.000253s ]

[ 2017-07-10T09:45:45+08:00 ] 60.29.18.50 /index.php?&m=admin&a=login
INFO: [ app_init ] --START--
INFO: Run Behavior\BuildLiteBehavior [ RunTime:0.000016s ]
INFO: [ app_init ] --END-- [ RunTime:0.000335s ]
INFO: [ app_begin ] --START--
INFO: Run Behavior\ReadHtmlCacheBehavior [ RunTime:0.000468s ]
INFO: [ app_begin ] --END-- [ RunTime:0.000522s ]
INFO: [ view_parse ] --START--
INFO: [ template_filter ] --START--
INFO: Run Behavior\ContentReplaceBehavior [ RunTime:0.000085s ]
INFO: [ template_filter ] --END-- [ RunTime:0.000137s ]
INFO: Run Behavior\ParseTemplateBehavior [ RunTime:0.020540s ]
INFO: [ view_parse ] --END-- [ RunTime:0.020591s ]
INFO: [ view_filter ] --START--
INFO: Run Behavior\WriteHtmlCacheBehavior [ RunTime:0.000207s ]
INFO: [ view_filter ] --END-- [ RunTime:0.000265s ]
INFO: [ app_end ] --START--
INFO: Run Behavior\ShowPageTraceBehavior [ RunTime:0.000464s ]
INFO: [ app_end ] --END-- [ RunTime:0.000513s ]

[ 2017-07-10T09:45:47+08:00 ] 60.29.18.50 /index.php?&m=admin&a=login_msg
INFO: [ app_init ] --START--
INFO: Run Behavior\BuildLiteBehavior [ RunTime:0.000016s ]
INFO: [ app_init ] --END-- [ RunTime:0.000341s ]
INFO: [ app_begin ] --START--
INFO: Run Behavior\ReadHtmlCacheBehavior [ RunTime:0.006094s ]
INFO: [ app_begin ] --END-- [ RunTime:0.006146s ]
SQL: SHOW COLUMNS FROM `think_admin` [ RunTime:0.0007s ]
SQL: SELECT `uid`,`user_name`,`email`,`admin`,`create_time` FROM `think_admin` WHERE `user_name` = 'gcan' AND `password` = '46594f221b8fd5f5d1f9477c45449a6f' LIMIT 1   [ RunTime:0.0003s ]
INFO: [ view_parse ] --START--
INFO: [ template_filter ] --START--
INFO: Run Behavior\ContentReplaceBehavior [ RunTime:0.000036s ]
INFO: [ template_filter ] --END-- [ RunTime:0.000084s ]
INFO: Run Behavior\ParseTemplateBehavior [ RunTime:0.010746s ]
INFO: [ view_parse ] --END-- [ RunTime:0.010796s ]
INFO: [ view_filter ] --START--
INFO: Run Behavior\WriteHtmlCacheBehavior [ RunTime:0.000220s ]
INFO: [ view_filter ] --END-- [ RunTime:0.000261s ]
INFO: [ app_end ] --START--
INFO: Run Behavior\ShowPageTraceBehavior [ RunTime:0.000477s ]
INFO: [ app_end ] --END-- [ RunTime:0.000527s ]

[ 2017-07-10T09:45:48+08:00 ] 60.29.18.50 /index.php?&m=admin&a=news
INFO: [ app_init ] --START--
INFO: Run Behavior\BuildLiteBehavior [ RunTime:0.000017s ]
INFO: [ app_init ] --END-- [ RunTime:0.005806s ]
INFO: [ app_begin ] --START--
INFO: Run Behavior\ReadHtmlCacheBehavior [ RunTime:0.000454s ]
INFO: [ app_begin ] --END-- [ RunTime:0.000505s ]
SQL: SHOW COLUMNS FROM `think_admin` [ RunTime:0.0006s ]
SQL: SELECT `uid`,`user_name`,`email`,`admin`,`create_time` FROM `think_admin` WHERE ( uid=1 ) LIMIT 1   [ RunTime:0.0003s ]
SQL: SHOW COLUMNS FROM `think_article` [ RunTime:0.0005s ]
SQL: SELECT * FROM `think_article` ORDER BY create_time desc  [ RunTime:0.0015s ]
NOTIC: [8] Undefined index: tag /home/wwwroot/wechat.tiny-calf.com/Application/Admin/Controller/IndexController.class.php 第 440 行.
INFO: [ view_parse ] --START--
INFO: [ template_filter ] --START--
INFO: Run Behavior\ContentReplaceBehavior [ RunTime:0.000230s ]
INFO: [ template_filter ] --END-- [ RunTime:0.000296s ]
NOTIC: [8] Use of undefined constant news - assumed 'news' /home/wwwroot/wechat.tiny-calf.com/Application/Runtime/Cache/Admin/33d78a532dce9c56cf1d796e9a7153d7.php 第 230 行.
NOTIC: [8] Use of undefined constant news - assumed 'news' /home/wwwroot/wechat.tiny-calf.com/Application/Runtime/Cache/Admin/33d78a532dce9c56cf1d796e9a7153d7.php 第 237 行.
NOTIC: [8] Use of undefined constant news - assumed 'news' /home/wwwroot/wechat.tiny-calf.com/Application/Runtime/Cache/Admin/33d78a532dce9c56cf1d796e9a7153d7.php 第 237 行.
NOTIC: [8] Use of undefined constant news - assumed 'news' /home/wwwroot/wechat.tiny-calf.com/Application/Runtime/Cache/Admin/33d78a532dce9c56cf1d796e9a7153d7.php 第 243 行.
NOTIC: [8] Use of undefined constant news - assumed 'news' /home/wwwroot/wechat.tiny-calf.com/Application/Runtime/Cache/Admin/33d78a532dce9c56cf1d796e9a7153d7.php 第 243 行.
NOTIC: [8] Use of undefined constant news - assumed 'news' /home/wwwroot/wechat.tiny-calf.com/Application/Runtime/Cache/Admin/33d78a532dce9c56cf1d796e9a7153d7.php 第 263 行.
NOTIC: [8] Use of undefined constant news - assumed 'news' /home/wwwroot/wechat.tiny-calf.com/Application/Runtime/Cache/Admin/33d78a532dce9c56cf1d796e9a7153d7.php 第 271 行.
NOTIC: [8] Use of undefined constant news - assumed 'news' /home/wwwroot/wechat.tiny-calf.com/Application/Runtime/Cache/Admin/33d78a532dce9c56cf1d796e9a7153d7.php 第 305 行.
NOTIC: [8] Use of undefined constant news - assumed 'news' /home/wwwroot/wechat.tiny-calf.com/Application/Runtime/Cache/Admin/33d78a532dce9c56cf1d796e9a7153d7.php 第 313 行.
INFO: Run Behavior\ParseTemplateBehavior [ RunTime:0.068920s ]
INFO: [ view_parse ] --END-- [ RunTime:0.068969s ]
INFO: [ view_filter ] --START--
INFO: Run Behavior\WriteHtmlCacheBehavior [ RunTime:0.000235s ]
INFO: [ view_filter ] --END-- [ RunTime:0.000280s ]
INFO: [ app_end ] --START--
INFO: Run Behavior\ShowPageTraceBehavior [ RunTime:0.000480s ]
INFO: [ app_end ] --END-- [ RunTime:0.006027s ]

[ 2017-07-10T09:45:52+08:00 ] 60.29.18.50 /index.php?&m=admin&a=user
INFO: [ app_init ] --START--
INFO: Run Behavior\BuildLiteBehavior [ RunTime:0.000016s ]
INFO: [ app_init ] --END-- [ RunTime:0.000364s ]
INFO: [ app_begin ] --START--
INFO: Run Behavior\ReadHtmlCacheBehavior [ RunTime:0.000462s ]
INFO: [ app_begin ] --END-- [ RunTime:0.000513s ]
SQL: SHOW COLUMNS FROM `think_admin` [ RunTime:0.0007s ]
SQL: SELECT `uid`,`user_name`,`email`,`admin`,`create_time` FROM `think_admin` WHERE ( uid=1 ) LIMIT 1   [ RunTime:0.0003s ]
SQL: SHOW COLUMNS FROM `think_user` [ RunTime:0.0006s ]
SQL: SELECT * FROM `think_user` ORDER BY create_time desc  [ RunTime:0.0003s ]
INFO: [ view_parse ] --START--
INFO: [ template_filter ] --START--
INFO: Run Behavior\ContentReplaceBehavior [ RunTime:0.000228s ]
INFO: [ template_filter ] --END-- [ RunTime:0.000294s ]
NOTIC: [8] Use of undefined constant user - assumed 'user' /home/wwwroot/wechat.tiny-calf.com/Application/Runtime/Cache/Admin/f2ad854573dbf0e17793495ce8b9e81a.php 第 230 行.
NOTIC: [8] Use of undefined constant user - assumed 'user' /home/wwwroot/wechat.tiny-calf.com/Application/Runtime/Cache/Admin/f2ad854573dbf0e17793495ce8b9e81a.php 第 237 行.
NOTIC: [8] Use of undefined constant user - assumed 'user' /home/wwwroot/wechat.tiny-calf.com/Application/Runtime/Cache/Admin/f2ad854573dbf0e17793495ce8b9e81a.php 第 243 行.
NOTIC: [8] Use of undefined constant user - assumed 'user' /home/wwwroot/wechat.tiny-calf.com/Application/Runtime/Cache/Admin/f2ad854573dbf0e17793495ce8b9e81a.php 第 263 行.
NOTIC: [8] Use of undefined constant user - assumed 'user' /home/wwwroot/wechat.tiny-calf.com/Application/Runtime/Cache/Admin/f2ad854573dbf0e17793495ce8b9e81a.php 第 271 行.
NOTIC: [8] Use of undefined constant user - assumed 'user' /home/wwwroot/wechat.tiny-calf.com/Application/Runtime/Cache/Admin/f2ad854573dbf0e17793495ce8b9e81a.php 第 305 行.
NOTIC: [8] Use of undefined constant user - assumed 'user' /home/wwwroot/wechat.tiny-calf.com/Application/Runtime/Cache/Admin/f2ad854573dbf0e17793495ce8b9e81a.php 第 313 行.
NOTIC: [8] Use of undefined constant user - assumed 'user' /home/wwwroot/wechat.tiny-calf.com/Application/Runtime/Cache/Admin/f2ad854573dbf0e17793495ce8b9e81a.php 第 313 行.
INFO: Run Behavior\ParseTemplateBehavior [ RunTime:0.070490s ]
INFO: [ view_parse ] --END-- [ RunTime:0.070544s ]
INFO: [ view_filter ] --START--
INFO: Run Behavior\WriteHtmlCacheBehavior [ RunTime:0.000239s ]
INFO: [ view_filter ] --END-- [ RunTime:0.000282s ]
INFO: [ app_end ] --START--
INFO: Run Behavior\ShowPageTraceBehavior [ RunTime:0.000510s ]
INFO: [ app_end ] --END-- [ RunTime:0.000556s ]

