[ 2017-08-10T18:53:11+08:00 ] 60.29.18.51 /index.php?m=admin
INFO: [ app_init ] --START--
INFO: Run Behavior\BuildLiteBehavior [ RunTime:0.000015s ]
INFO: [ app_init ] --END-- [ RunTime:0.000353s ]
INFO: [ app_begin ] --START--
INFO: Run Behavior\ReadHtmlCacheBehavior [ RunTime:0.000474s ]
INFO: Run Behavior\CheckLangBehavior [ RunTime:0.000524s ]
INFO: [ app_begin ] --END-- [ RunTime:0.001078s ]
INFO: [ view_parse ] --START--
INFO: Run Behavior\ParseTemplateBehavior [ RunTime:0.000242s ]
INFO: [ view_parse ] --END-- [ RunTime:0.000294s ]
INFO: [ view_filter ] --START--
INFO: Run Behavior\WriteHtmlCacheBehavior [ RunTime:0.000237s ]
INFO: [ view_filter ] --END-- [ RunTime:0.000281s ]
INFO: [ app_end ] --START--
INFO: Run Behavior\ShowPageTraceBehavior [ RunTime:0.000464s ]
INFO: [ app_end ] --END-- [ RunTime:0.000507s ]

[ 2017-08-10T18:53:21+08:00 ] 60.29.18.51 /index.php?m=admin&a=login
INFO: [ app_init ] --START--
INFO: Run Behavior\BuildLiteBehavior [ RunTime:0.000016s ]
INFO: [ app_init ] --END-- [ RunTime:0.000744s ]
INFO: [ app_begin ] --START--
INFO: Run Behavior\ReadHtmlCacheBehavior [ RunTime:0.000448s ]
INFO: Run Behavior\CheckLangBehavior [ RunTime:0.000525s ]
INFO: [ app_begin ] --END-- [ RunTime:0.001052s ]
INFO: [ view_parse ] --START--
INFO: [ template_filter ] --START--
INFO: Run Behavior\ContentReplaceBehavior [ RunTime:0.000084s ]
INFO: [ template_filter ] --END-- [ RunTime:0.000141s ]
INFO: Run Behavior\ParseTemplateBehavior [ RunTime:0.020398s ]
INFO: [ view_parse ] --END-- [ RunTime:0.020450s ]
INFO: [ view_filter ] --START--
INFO: Run Behavior\WriteHtmlCacheBehavior [ RunTime:0.000225s ]
INFO: [ view_filter ] --END-- [ RunTime:0.000267s ]
INFO: [ app_end ] --START--
INFO: Run Behavior\ShowPageTraceBehavior [ RunTime:0.000469s ]
INFO: [ app_end ] --END-- [ RunTime:0.000514s ]

[ 2017-08-10T18:53:22+08:00 ] 60.29.18.51 /index.php?&m=admin&a=login_msg
INFO: [ app_init ] --START--
INFO: Run Behavior\BuildLiteBehavior [ RunTime:0.000015s ]
INFO: [ app_init ] --END-- [ RunTime:0.000333s ]
INFO: [ app_begin ] --START--
INFO: Run Behavior\ReadHtmlCacheBehavior [ RunTime:0.000440s ]
INFO: Run Behavior\CheckLangBehavior [ RunTime:0.000536s ]
INFO: [ app_begin ] --END-- [ RunTime:0.001057s ]
SQL: SHOW COLUMNS FROM `t_admin` [ RunTime:0.0007s ]
SQL: SELECT `uid`,`user_name`,`email`,`admin`,`create_time` FROM `t_admin` WHERE `user_name` = '17801098915' AND `password` = '46594f221b8fd5f5d1f9477c45449a6f' LIMIT 1   [ RunTime:0.0003s ]
INFO: [ view_parse ] --START--
INFO: [ template_filter ] --START--
INFO: Run Behavior\ContentReplaceBehavior [ RunTime:0.000036s ]
INFO: [ template_filter ] --END-- [ RunTime:0.000100s ]
INFO: Run Behavior\ParseTemplateBehavior [ RunTime:0.005407s ]
INFO: [ view_parse ] --END-- [ RunTime:0.005456s ]
INFO: [ view_filter ] --START--
INFO: Run Behavior\WriteHtmlCacheBehavior [ RunTime:0.000210s ]
INFO: [ view_filter ] --END-- [ RunTime:0.000251s ]

[ 2017-08-10T18:53:31+08:00 ] 60.29.18.51 /index.php?&m=admin&a=login_msg
INFO: [ app_init ] --START--
INFO: Run Behavior\BuildLiteBehavior [ RunTime:0.000017s ]
INFO: [ app_init ] --END-- [ RunTime:0.000363s ]
INFO: [ app_begin ] --START--
INFO: Run Behavior\ReadHtmlCacheBehavior [ RunTime:0.000465s ]
INFO: Run Behavior\CheckLangBehavior [ RunTime:0.000567s ]
INFO: [ app_begin ] --END-- [ RunTime:0.001118s ]
SQL: SHOW COLUMNS FROM `t_admin` [ RunTime:0.0007s ]
SQL: SELECT `uid`,`user_name`,`email`,`admin`,`create_time` FROM `t_admin` WHERE `user_name` = 'gcan' AND `password` = '46594f221b8fd5f5d1f9477c45449a6f' LIMIT 1   [ RunTime:0.0003s ]
INFO: [ view_parse ] --START--
INFO: [ template_filter ] --START--
INFO: Run Behavior\ContentReplaceBehavior [ RunTime:0.000046s ]
INFO: [ template_filter ] --END-- [ RunTime:0.000096s ]
INFO: Run Behavior\ParseTemplateBehavior [ RunTime:0.005218s ]
INFO: [ view_parse ] --END-- [ RunTime:0.005267s ]
INFO: [ view_filter ] --START--
INFO: Run Behavior\WriteHtmlCacheBehavior [ RunTime:0.000213s ]
INFO: [ view_filter ] --END-- [ RunTime:0.000256s ]
INFO: [ app_end ] --START--
INFO: Run Behavior\ShowPageTraceBehavior [ RunTime:0.006577s ]
INFO: [ app_end ] --END-- [ RunTime:0.006623s ]

[ 2017-08-10T18:53:32+08:00 ] 60.29.18.51 /index.php?&m=admin&a=news
INFO: [ app_init ] --START--
INFO: Run Behavior\BuildLiteBehavior [ RunTime:0.000016s ]
INFO: [ app_init ] --END-- [ RunTime:0.000385s ]
INFO: [ app_begin ] --START--
INFO: Run Behavior\ReadHtmlCacheBehavior [ RunTime:0.006089s ]
INFO: Run Behavior\CheckLangBehavior [ RunTime:0.000571s ]
INFO: [ app_begin ] --END-- [ RunTime:0.006742s ]
SQL: SHOW COLUMNS FROM `t_admin` [ RunTime:0.0007s ]
SQL: SELECT `uid`,`user_name`,`email`,`admin`,`create_time` FROM `t_admin` WHERE ( uid=3 ) LIMIT 1   [ RunTime:0.0003s ]
SQL: SHOW COLUMNS FROM `t_article` [ RunTime:0.0005s ]
SQL: SELECT * FROM `t_article` ORDER BY create_time desc  [ RunTime:0.0023s ]
NOTIC: [8] Undefined index: tag /home/wwwroot/www.jifage.cn/Application/Admin/Controller/IndexController.class.php 第 440 行.
INFO: [ view_parse ] --START--
INFO: [ template_filter ] --START--
INFO: Run Behavior\ContentReplaceBehavior [ RunTime:0.000799s ]
INFO: [ template_filter ] --END-- [ RunTime:0.000882s ]
NOTIC: [8] Use of undefined constant news - assumed 'news' /home/wwwroot/www.jifage.cn/Application/Runtime/Cache/Admin/33d78a532dce9c56cf1d796e9a7153d7.php 第 230 行.
NOTIC: [8] Use of undefined constant news - assumed 'news' /home/wwwroot/www.jifage.cn/Application/Runtime/Cache/Admin/33d78a532dce9c56cf1d796e9a7153d7.php 第 237 行.
NOTIC: [8] Use of undefined constant news - assumed 'news' /home/wwwroot/www.jifage.cn/Application/Runtime/Cache/Admin/33d78a532dce9c56cf1d796e9a7153d7.php 第 237 行.
NOTIC: [8] Use of undefined constant news - assumed 'news' /home/wwwroot/www.jifage.cn/Application/Runtime/Cache/Admin/33d78a532dce9c56cf1d796e9a7153d7.php 第 243 行.
NOTIC: [8] Use of undefined constant news - assumed 'news' /home/wwwroot/www.jifage.cn/Application/Runtime/Cache/Admin/33d78a532dce9c56cf1d796e9a7153d7.php 第 243 行.
NOTIC: [8] Use of undefined constant news - assumed 'news' /home/wwwroot/www.jifage.cn/Application/Runtime/Cache/Admin/33d78a532dce9c56cf1d796e9a7153d7.php 第 263 行.
NOTIC: [8] Use of undefined constant news - assumed 'news' /home/wwwroot/www.jifage.cn/Application/Runtime/Cache/Admin/33d78a532dce9c56cf1d796e9a7153d7.php 第 271 行.
NOTIC: [8] Use of undefined constant news - assumed 'news' /home/wwwroot/www.jifage.cn/Application/Runtime/Cache/Admin/33d78a532dce9c56cf1d796e9a7153d7.php 第 305 行.
NOTIC: [8] Use of undefined constant news - assumed 'news' /home/wwwroot/www.jifage.cn/Application/Runtime/Cache/Admin/33d78a532dce9c56cf1d796e9a7153d7.php 第 313 行.
INFO: Run Behavior\ParseTemplateBehavior [ RunTime:0.073956s ]
INFO: [ view_parse ] --END-- [ RunTime:0.074015s ]
INFO: [ view_filter ] --START--
INFO: Run Behavior\WriteHtmlCacheBehavior [ RunTime:0.000246s ]
INFO: [ view_filter ] --END-- [ RunTime:0.000293s ]
INFO: [ app_end ] --START--
INFO: Run Behavior\ShowPageTraceBehavior [ RunTime:0.000500s ]
INFO: [ app_end ] --END-- [ RunTime:0.000547s ]

[ 2017-08-10T18:53:37+08:00 ] 60.29.18.51 /index.php?&m=admin&a=user
INFO: [ app_init ] --START--
INFO: Run Behavior\BuildLiteBehavior [ RunTime:0.000015s ]
INFO: [ app_init ] --END-- [ RunTime:0.000341s ]
INFO: [ app_begin ] --START--
INFO: Run Behavior\ReadHtmlCacheBehavior [ RunTime:0.000455s ]
INFO: Run Behavior\CheckLangBehavior [ RunTime:0.000583s ]
INFO: [ app_begin ] --END-- [ RunTime:0.001117s ]
SQL: SHOW COLUMNS FROM `t_admin` [ RunTime:0.0006s ]
SQL: SELECT `uid`,`user_name`,`email`,`admin`,`create_time` FROM `t_admin` WHERE ( uid=3 ) LIMIT 1   [ RunTime:0.0003s ]
SQL: SHOW COLUMNS FROM `t_user` [ RunTime:0.0005s ]
SQL: SELECT * FROM `t_user` ORDER BY create_time desc  [ RunTime:0.0003s ]
INFO: [ view_parse ] --START--
INFO: [ template_filter ] --START--
INFO: Run Behavior\ContentReplaceBehavior [ RunTime:0.000241s ]
INFO: [ template_filter ] --END-- [ RunTime:0.000308s ]
NOTIC: [8] Use of undefined constant user - assumed 'user' /home/wwwroot/www.jifage.cn/Application/Runtime/Cache/Admin/f2ad854573dbf0e17793495ce8b9e81a.php 第 230 行.
NOTIC: [8] Use of undefined constant user - assumed 'user' /home/wwwroot/www.jifage.cn/Application/Runtime/Cache/Admin/f2ad854573dbf0e17793495ce8b9e81a.php 第 237 行.
NOTIC: [8] Use of undefined constant user - assumed 'user' /home/wwwroot/www.jifage.cn/Application/Runtime/Cache/Admin/f2ad854573dbf0e17793495ce8b9e81a.php 第 243 行.
NOTIC: [8] Use of undefined constant user - assumed 'user' /home/wwwroot/www.jifage.cn/Application/Runtime/Cache/Admin/f2ad854573dbf0e17793495ce8b9e81a.php 第 263 行.
NOTIC: [8] Use of undefined constant user - assumed 'user' /home/wwwroot/www.jifage.cn/Application/Runtime/Cache/Admin/f2ad854573dbf0e17793495ce8b9e81a.php 第 271 行.
NOTIC: [8] Use of undefined constant user - assumed 'user' /home/wwwroot/www.jifage.cn/Application/Runtime/Cache/Admin/f2ad854573dbf0e17793495ce8b9e81a.php 第 305 行.
NOTIC: [8] Use of undefined constant user - assumed 'user' /home/wwwroot/www.jifage.cn/Application/Runtime/Cache/Admin/f2ad854573dbf0e17793495ce8b9e81a.php 第 313 行.
NOTIC: [8] Use of undefined constant user - assumed 'user' /home/wwwroot/www.jifage.cn/Application/Runtime/Cache/Admin/f2ad854573dbf0e17793495ce8b9e81a.php 第 313 行.
INFO: Run Behavior\ParseTemplateBehavior [ RunTime:0.069837s ]
INFO: [ view_parse ] --END-- [ RunTime:0.069884s ]
INFO: [ view_filter ] --START--
INFO: Run Behavior\WriteHtmlCacheBehavior [ RunTime:0.000226s ]
INFO: [ view_filter ] --END-- [ RunTime:0.000271s ]
INFO: [ app_end ] --START--
INFO: Run Behavior\ShowPageTraceBehavior [ RunTime:0.000538s ]
INFO: [ app_end ] --END-- [ RunTime:0.000584s ]

