[ 2017-07-28T16:51:23+08:00 ] 60.29.18.50 /index.php?m=admin&a=login
INFO: [ app_init ] --START--
INFO: Run Behavior\BuildLiteBehavior [ RunTime:0.000016s ]
INFO: [ app_init ] --END-- [ RunTime:0.000341s ]
INFO: [ app_begin ] --START--
INFO: Run Behavior\ReadHtmlCacheBehavior [ RunTime:0.000496s ]
INFO: Run Behavior\CheckLangBehavior [ RunTime:0.000965s ]
INFO: [ app_begin ] --END-- [ RunTime:0.001541s ]
INFO: [ view_parse ] --START--
INFO: [ template_filter ] --START--
INFO: Run Behavior\ContentReplaceBehavior [ RunTime:0.000081s ]
INFO: [ template_filter ] --END-- [ RunTime:0.000141s ]
INFO: Run Behavior\ParseTemplateBehavior [ RunTime:0.021113s ]
INFO: [ view_parse ] --END-- [ RunTime:0.021165s ]
INFO: [ view_filter ] --START--
INFO: Run Behavior\WriteHtmlCacheBehavior [ RunTime:0.000215s ]
INFO: [ view_filter ] --END-- [ RunTime:0.000257s ]
INFO: [ app_end ] --START--
INFO: Run Behavior\ShowPageTraceBehavior [ RunTime:0.000512s ]
INFO: [ app_end ] --END-- [ RunTime:0.000558s ]

[ 2017-07-28T16:51:36+08:00 ] 60.29.18.50 /index.php?&m=admin&a=login_msg
INFO: [ app_init ] --START--
INFO: Run Behavior\BuildLiteBehavior [ RunTime:0.000015s ]
INFO: [ app_init ] --END-- [ RunTime:0.000352s ]
INFO: [ app_begin ] --START--
INFO: Run Behavior\ReadHtmlCacheBehavior [ RunTime:0.006174s ]
INFO: Run Behavior\CheckLangBehavior [ RunTime:0.000911s ]
INFO: [ app_begin ] --END-- [ RunTime:0.007182s ]
SQL: SHOW COLUMNS FROM `think_admin` [ RunTime:0.0008s ]
SQL: SELECT `uid`,`user_name`,`email`,`admin`,`create_time` FROM `think_admin` WHERE `user_name` = 'gcan' AND `password` = 'cc77aeb30ff5e26cd203603112b16ee4' LIMIT 1   [ RunTime:0.0003s ]
INFO: [ view_parse ] --START--
INFO: [ template_filter ] --START--
INFO: Run Behavior\ContentReplaceBehavior [ RunTime:0.000035s ]
INFO: [ template_filter ] --END-- [ RunTime:0.000108s ]
INFO: Run Behavior\ParseTemplateBehavior [ RunTime:0.011131s ]
INFO: [ view_parse ] --END-- [ RunTime:0.011178s ]
INFO: [ view_filter ] --START--
INFO: Run Behavior\WriteHtmlCacheBehavior [ RunTime:0.000216s ]
INFO: [ view_filter ] --END-- [ RunTime:0.000258s ]

[ 2017-07-28T16:51:45+08:00 ] 60.29.18.50 /index.php?&m=admin&a=login_msg
INFO: [ app_init ] --START--
INFO: Run Behavior\BuildLiteBehavior [ RunTime:0.000015s ]
INFO: [ app_init ] --END-- [ RunTime:0.000389s ]
INFO: [ app_begin ] --START--
INFO: Run Behavior\ReadHtmlCacheBehavior [ RunTime:0.000474s ]
INFO: Run Behavior\CheckLangBehavior [ RunTime:0.000965s ]
INFO: [ app_begin ] --END-- [ RunTime:0.001522s ]
SQL: SHOW COLUMNS FROM `think_admin` [ RunTime:0.0010s ]
SQL: SELECT `uid`,`user_name`,`email`,`admin`,`create_time` FROM `think_admin` WHERE `user_name` = 'gcan' AND `password` = '46594f221b8fd5f5d1f9477c45449a6f' LIMIT 1   [ RunTime:0.0003s ]
INFO: [ view_parse ] --START--
INFO: [ template_filter ] --START--
INFO: Run Behavior\ContentReplaceBehavior [ RunTime:0.000035s ]
INFO: [ template_filter ] --END-- [ RunTime:0.000085s ]
INFO: Run Behavior\ParseTemplateBehavior [ RunTime:0.010712s ]
INFO: [ view_parse ] --END-- [ RunTime:0.010758s ]
INFO: [ view_filter ] --START--
INFO: Run Behavior\WriteHtmlCacheBehavior [ RunTime:0.000213s ]
INFO: [ view_filter ] --END-- [ RunTime:0.000255s ]
INFO: [ app_end ] --START--
INFO: Run Behavior\ShowPageTraceBehavior [ RunTime:0.000490s ]
INFO: [ app_end ] --END-- [ RunTime:0.000539s ]

[ 2017-07-28T16:51:47+08:00 ] 60.29.18.50 /index.php?&m=admin&a=news
INFO: [ app_init ] --START--
INFO: Run Behavior\BuildLiteBehavior [ RunTime:0.000018s ]
INFO: [ app_init ] --END-- [ RunTime:0.000365s ]
INFO: [ app_begin ] --START--
INFO: Run Behavior\ReadHtmlCacheBehavior [ RunTime:0.000469s ]
INFO: Run Behavior\CheckLangBehavior [ RunTime:0.001258s ]
INFO: [ app_begin ] --END-- [ RunTime:0.001809s ]
SQL: SHOW COLUMNS FROM `think_admin` [ RunTime:0.0007s ]
SQL: SELECT `uid`,`user_name`,`email`,`admin`,`create_time` FROM `think_admin` WHERE ( uid=1 ) LIMIT 1   [ RunTime:0.0003s ]
SQL: SHOW COLUMNS FROM `think_article` [ RunTime:0.0006s ]
SQL: SELECT * FROM `think_article` ORDER BY create_time desc  [ RunTime:0.0014s ]
NOTIC: [8] Undefined index: tag /home/wwwroot/www.jifadu.cn/Application/Admin/Controller/IndexController.class.php 第 440 行.
INFO: [ view_parse ] --START--
INFO: [ template_filter ] --START--
INFO: Run Behavior\ContentReplaceBehavior [ RunTime:0.000236s ]
INFO: [ template_filter ] --END-- [ RunTime:0.000313s ]
NOTIC: [8] Use of undefined constant news - assumed 'news' /home/wwwroot/www.jifadu.cn/Application/Runtime/Cache/Admin/33d78a532dce9c56cf1d796e9a7153d7.php 第 230 行.
NOTIC: [8] Use of undefined constant news - assumed 'news' /home/wwwroot/www.jifadu.cn/Application/Runtime/Cache/Admin/33d78a532dce9c56cf1d796e9a7153d7.php 第 237 行.
NOTIC: [8] Use of undefined constant news - assumed 'news' /home/wwwroot/www.jifadu.cn/Application/Runtime/Cache/Admin/33d78a532dce9c56cf1d796e9a7153d7.php 第 237 行.
NOTIC: [8] Use of undefined constant news - assumed 'news' /home/wwwroot/www.jifadu.cn/Application/Runtime/Cache/Admin/33d78a532dce9c56cf1d796e9a7153d7.php 第 243 行.
NOTIC: [8] Use of undefined constant news - assumed 'news' /home/wwwroot/www.jifadu.cn/Application/Runtime/Cache/Admin/33d78a532dce9c56cf1d796e9a7153d7.php 第 243 行.
NOTIC: [8] Use of undefined constant news - assumed 'news' /home/wwwroot/www.jifadu.cn/Application/Runtime/Cache/Admin/33d78a532dce9c56cf1d796e9a7153d7.php 第 263 行.
NOTIC: [8] Use of undefined constant news - assumed 'news' /home/wwwroot/www.jifadu.cn/Application/Runtime/Cache/Admin/33d78a532dce9c56cf1d796e9a7153d7.php 第 271 行.
NOTIC: [8] Use of undefined constant news - assumed 'news' /home/wwwroot/www.jifadu.cn/Application/Runtime/Cache/Admin/33d78a532dce9c56cf1d796e9a7153d7.php 第 305 行.
NOTIC: [8] Use of undefined constant news - assumed 'news' /home/wwwroot/www.jifadu.cn/Application/Runtime/Cache/Admin/33d78a532dce9c56cf1d796e9a7153d7.php 第 313 行.
INFO: Run Behavior\ParseTemplateBehavior [ RunTime:0.076842s ]
INFO: [ view_parse ] --END-- [ RunTime:0.076892s ]
INFO: [ view_filter ] --START--
INFO: Run Behavior\WriteHtmlCacheBehavior [ RunTime:0.000241s ]
INFO: [ view_filter ] --END-- [ RunTime:0.000287s ]
INFO: [ app_end ] --START--
INFO: Run Behavior\ShowPageTraceBehavior [ RunTime:0.000508s ]
INFO: [ app_end ] --END-- [ RunTime:0.000555s ]

[ 2017-07-28T16:52:33+08:00 ] 60.29.18.50 /index.php?&m=admin&a=add_article
INFO: [ app_init ] --START--
INFO: Run Behavior\BuildLiteBehavior [ RunTime:0.000015s ]
INFO: [ app_init ] --END-- [ RunTime:0.000337s ]
INFO: [ app_begin ] --START--
INFO: Run Behavior\ReadHtmlCacheBehavior [ RunTime:0.000450s ]
INFO: Run Behavior\CheckLangBehavior [ RunTime:0.006944s ]
INFO: [ app_begin ] --END-- [ RunTime:0.007477s ]
SQL: SHOW COLUMNS FROM `think_admin` [ RunTime:0.0007s ]
SQL: SELECT `uid`,`user_name`,`email`,`admin`,`create_time` FROM `think_admin` WHERE ( uid=1 ) LIMIT 1   [ RunTime:0.0003s ]
INFO: [ view_parse ] --START--
INFO: [ template_filter ] --START--
INFO: Run Behavior\ContentReplaceBehavior [ RunTime:0.000234s ]
INFO: [ template_filter ] --END-- [ RunTime:0.000297s ]
NOTIC: [8] Use of undefined constant news - assumed 'news' /home/wwwroot/www.jifadu.cn/Application/Runtime/Cache/Admin/1798383a4e64a7ccc79fc395699806e2.php 第 241 行.
NOTIC: [8] Use of undefined constant news - assumed 'news' /home/wwwroot/www.jifadu.cn/Application/Runtime/Cache/Admin/1798383a4e64a7ccc79fc395699806e2.php 第 248 行.
NOTIC: [8] Use of undefined constant add_article - assumed 'add_article' /home/wwwroot/www.jifadu.cn/Application/Runtime/Cache/Admin/1798383a4e64a7ccc79fc395699806e2.php 第 248 行.
NOTIC: [8] Use of undefined constant news - assumed 'news' /home/wwwroot/www.jifadu.cn/Application/Runtime/Cache/Admin/1798383a4e64a7ccc79fc395699806e2.php 第 254 行.
NOTIC: [8] Use of undefined constant add_article - assumed 'add_article' /home/wwwroot/www.jifadu.cn/Application/Runtime/Cache/Admin/1798383a4e64a7ccc79fc395699806e2.php 第 254 行.
NOTIC: [8] Use of undefined constant news - assumed 'news' /home/wwwroot/www.jifadu.cn/Application/Runtime/Cache/Admin/1798383a4e64a7ccc79fc395699806e2.php 第 274 行.
NOTIC: [8] Use of undefined constant news - assumed 'news' /home/wwwroot/www.jifadu.cn/Application/Runtime/Cache/Admin/1798383a4e64a7ccc79fc395699806e2.php 第 282 行.
NOTIC: [8] Use of undefined constant news - assumed 'news' /home/wwwroot/www.jifadu.cn/Application/Runtime/Cache/Admin/1798383a4e64a7ccc79fc395699806e2.php 第 316 行.
NOTIC: [8] Use of undefined constant news - assumed 'news' /home/wwwroot/www.jifadu.cn/Application/Runtime/Cache/Admin/1798383a4e64a7ccc79fc395699806e2.php 第 324 行.
INFO: Run Behavior\ParseTemplateBehavior [ RunTime:0.057469s ]
INFO: [ view_parse ] --END-- [ RunTime:0.057518s ]
INFO: [ view_filter ] --START--
INFO: Run Behavior\WriteHtmlCacheBehavior [ RunTime:0.000243s ]
INFO: [ view_filter ] --END-- [ RunTime:0.000287s ]
INFO: [ app_end ] --START--
INFO: Run Behavior\ShowPageTraceBehavior [ RunTime:0.000506s ]
INFO: [ app_end ] --END-- [ RunTime:0.000561s ]

[ 2017-07-28T16:52:34+08:00 ] 60.29.18.50 /index.php?&m=admin&a=news
INFO: [ app_init ] --START--
INFO: Run Behavior\BuildLiteBehavior [ RunTime:0.000016s ]
INFO: [ app_init ] --END-- [ RunTime:0.006022s ]
INFO: [ app_begin ] --START--
INFO: Run Behavior\ReadHtmlCacheBehavior [ RunTime:0.000476s ]
INFO: Run Behavior\CheckLangBehavior [ RunTime:0.000955s ]
INFO: [ app_begin ] --END-- [ RunTime:0.001511s ]
SQL: SHOW COLUMNS FROM `think_admin` [ RunTime:0.0007s ]
SQL: SELECT `uid`,`user_name`,`email`,`admin`,`create_time` FROM `think_admin` WHERE ( uid=1 ) LIMIT 1   [ RunTime:0.0003s ]
SQL: SHOW COLUMNS FROM `think_article` [ RunTime:0.0005s ]
SQL: SELECT * FROM `think_article` ORDER BY create_time desc  [ RunTime:0.0015s ]
NOTIC: [8] Undefined index: tag /home/wwwroot/www.jifadu.cn/Application/Admin/Controller/IndexController.class.php 第 440 行.
INFO: [ view_parse ] --START--
INFO: [ template_filter ] --START--
INFO: Run Behavior\ContentReplaceBehavior [ RunTime:0.000229s ]
INFO: [ template_filter ] --END-- [ RunTime:0.000311s ]
NOTIC: [8] Use of undefined constant news - assumed 'news' /home/wwwroot/www.jifadu.cn/Application/Runtime/Cache/Admin/33d78a532dce9c56cf1d796e9a7153d7.php 第 230 行.
NOTIC: [8] Use of undefined constant news - assumed 'news' /home/wwwroot/www.jifadu.cn/Application/Runtime/Cache/Admin/33d78a532dce9c56cf1d796e9a7153d7.php 第 237 行.
NOTIC: [8] Use of undefined constant news - assumed 'news' /home/wwwroot/www.jifadu.cn/Application/Runtime/Cache/Admin/33d78a532dce9c56cf1d796e9a7153d7.php 第 237 行.
NOTIC: [8] Use of undefined constant news - assumed 'news' /home/wwwroot/www.jifadu.cn/Application/Runtime/Cache/Admin/33d78a532dce9c56cf1d796e9a7153d7.php 第 243 行.
NOTIC: [8] Use of undefined constant news - assumed 'news' /home/wwwroot/www.jifadu.cn/Application/Runtime/Cache/Admin/33d78a532dce9c56cf1d796e9a7153d7.php 第 243 行.
NOTIC: [8] Use of undefined constant news - assumed 'news' /home/wwwroot/www.jifadu.cn/Application/Runtime/Cache/Admin/33d78a532dce9c56cf1d796e9a7153d7.php 第 263 行.
NOTIC: [8] Use of undefined constant news - assumed 'news' /home/wwwroot/www.jifadu.cn/Application/Runtime/Cache/Admin/33d78a532dce9c56cf1d796e9a7153d7.php 第 271 行.
NOTIC: [8] Use of undefined constant news - assumed 'news' /home/wwwroot/www.jifadu.cn/Application/Runtime/Cache/Admin/33d78a532dce9c56cf1d796e9a7153d7.php 第 305 行.
NOTIC: [8] Use of undefined constant news - assumed 'news' /home/wwwroot/www.jifadu.cn/Application/Runtime/Cache/Admin/33d78a532dce9c56cf1d796e9a7153d7.php 第 313 行.
INFO: Run Behavior\ParseTemplateBehavior [ RunTime:0.071105s ]
INFO: [ view_parse ] --END-- [ RunTime:0.071154s ]
INFO: [ view_filter ] --START--
INFO: Run Behavior\WriteHtmlCacheBehavior [ RunTime:0.000245s ]
INFO: [ view_filter ] --END-- [ RunTime:0.000292s ]
INFO: [ app_end ] --START--
INFO: Run Behavior\ShowPageTraceBehavior [ RunTime:0.000579s ]
INFO: [ app_end ] --END-- [ RunTime:0.000674s ]

[ 2017-07-28T16:53:03+08:00 ] 60.29.18.50 /index.php?&m=admin&a=admin
INFO: [ app_init ] --START--
INFO: Run Behavior\BuildLiteBehavior [ RunTime:0.000015s ]
INFO: [ app_init ] --END-- [ RunTime:0.000370s ]
INFO: [ app_begin ] --START--
INFO: Run Behavior\ReadHtmlCacheBehavior [ RunTime:0.000456s ]
INFO: Run Behavior\CheckLangBehavior [ RunTime:0.000917s ]
INFO: [ app_begin ] --END-- [ RunTime:0.007174s ]
SQL: SHOW COLUMNS FROM `think_admin` [ RunTime:0.0007s ]
SQL: SELECT `uid`,`user_name`,`email`,`admin`,`create_time` FROM `think_admin` WHERE ( uid=1 ) LIMIT 1   [ RunTime:0.0003s ]
SQL: SELECT * FROM `think_admin` ORDER BY create_time desc  [ RunTime:0.0003s ]
INFO: [ view_parse ] --START--
INFO: [ template_filter ] --START--
INFO: Run Behavior\ContentReplaceBehavior [ RunTime:0.000259s ]
INFO: [ template_filter ] --END-- [ RunTime:0.000327s ]
NOTIC: [8] Use of undefined constant admin - assumed 'admin' /home/wwwroot/www.jifadu.cn/Application/Runtime/Cache/Admin/b8bd0e0ecae1262e7991fae7d0c8df46.php 第 230 行.
NOTIC: [8] Use of undefined constant admin - assumed 'admin' /home/wwwroot/www.jifadu.cn/Application/Runtime/Cache/Admin/b8bd0e0ecae1262e7991fae7d0c8df46.php 第 237 行.
NOTIC: [8] Use of undefined constant admin - assumed 'admin' /home/wwwroot/www.jifadu.cn/Application/Runtime/Cache/Admin/b8bd0e0ecae1262e7991fae7d0c8df46.php 第 243 行.
NOTIC: [8] Use of undefined constant admin - assumed 'admin' /home/wwwroot/www.jifadu.cn/Application/Runtime/Cache/Admin/b8bd0e0ecae1262e7991fae7d0c8df46.php 第 263 行.
NOTIC: [8] Use of undefined constant admin - assumed 'admin' /home/wwwroot/www.jifadu.cn/Application/Runtime/Cache/Admin/b8bd0e0ecae1262e7991fae7d0c8df46.php 第 271 行.
NOTIC: [8] Use of undefined constant admin - assumed 'admin' /home/wwwroot/www.jifadu.cn/Application/Runtime/Cache/Admin/b8bd0e0ecae1262e7991fae7d0c8df46.php 第 271 行.
NOTIC: [8] Use of undefined constant admin - assumed 'admin' /home/wwwroot/www.jifadu.cn/Application/Runtime/Cache/Admin/b8bd0e0ecae1262e7991fae7d0c8df46.php 第 305 行.
NOTIC: [8] Use of undefined constant admin - assumed 'admin' /home/wwwroot/www.jifadu.cn/Application/Runtime/Cache/Admin/b8bd0e0ecae1262e7991fae7d0c8df46.php 第 313 行.
NOTIC: [8] Undefined index: id /home/wwwroot/www.jifadu.cn/Application/Runtime/Cache/Admin/b8bd0e0ecae1262e7991fae7d0c8df46.php 第 1168 行.
INFO: Run Behavior\ParseTemplateBehavior [ RunTime:0.065166s ]
INFO: [ view_parse ] --END-- [ RunTime:0.065211s ]
INFO: [ view_filter ] --START--
INFO: Run Behavior\WriteHtmlCacheBehavior [ RunTime:0.000225s ]
INFO: [ view_filter ] --END-- [ RunTime:0.000269s ]
INFO: [ app_end ] --START--
INFO: Run Behavior\ShowPageTraceBehavior [ RunTime:0.000504s ]
INFO: [ app_end ] --END-- [ RunTime:0.000553s ]

[ 2017-07-28T16:53:31+08:00 ] 60.29.18.50 /index.php?&m=admin&a=admin
INFO: [ app_init ] --START--
INFO: Run Behavior\BuildLiteBehavior [ RunTime:0.000015s ]
INFO: [ app_init ] --END-- [ RunTime:0.000332s ]
INFO: [ app_begin ] --START--
INFO: Run Behavior\ReadHtmlCacheBehavior [ RunTime:0.000447s ]
INFO: Run Behavior\CheckLangBehavior [ RunTime:0.006695s ]
INFO: [ app_begin ] --END-- [ RunTime:0.007228s ]
SQL: SHOW COLUMNS FROM `think_admin` [ RunTime:0.0007s ]
SQL: SELECT `uid`,`user_name`,`email`,`admin`,`create_time` FROM `think_admin` WHERE ( uid=1 ) LIMIT 1   [ RunTime:0.0003s ]
SQL: SELECT * FROM `think_admin` ORDER BY create_time desc  [ RunTime:0.0003s ]
INFO: [ view_parse ] --START--
INFO: [ template_filter ] --START--
INFO: Run Behavior\ContentReplaceBehavior [ RunTime:0.000239s ]
INFO: [ template_filter ] --END-- [ RunTime:0.000304s ]
NOTIC: [8] Use of undefined constant admin - assumed 'admin' /home/wwwroot/www.jifadu.cn/Application/Runtime/Cache/Admin/b8bd0e0ecae1262e7991fae7d0c8df46.php 第 230 行.
NOTIC: [8] Use of undefined constant admin - assumed 'admin' /home/wwwroot/www.jifadu.cn/Application/Runtime/Cache/Admin/b8bd0e0ecae1262e7991fae7d0c8df46.php 第 237 行.
NOTIC: [8] Use of undefined constant admin - assumed 'admin' /home/wwwroot/www.jifadu.cn/Application/Runtime/Cache/Admin/b8bd0e0ecae1262e7991fae7d0c8df46.php 第 243 行.
NOTIC: [8] Use of undefined constant admin - assumed 'admin' /home/wwwroot/www.jifadu.cn/Application/Runtime/Cache/Admin/b8bd0e0ecae1262e7991fae7d0c8df46.php 第 263 行.
NOTIC: [8] Use of undefined constant admin - assumed 'admin' /home/wwwroot/www.jifadu.cn/Application/Runtime/Cache/Admin/b8bd0e0ecae1262e7991fae7d0c8df46.php 第 271 行.
NOTIC: [8] Use of undefined constant admin - assumed 'admin' /home/wwwroot/www.jifadu.cn/Application/Runtime/Cache/Admin/b8bd0e0ecae1262e7991fae7d0c8df46.php 第 271 行.
NOTIC: [8] Use of undefined constant admin - assumed 'admin' /home/wwwroot/www.jifadu.cn/Application/Runtime/Cache/Admin/b8bd0e0ecae1262e7991fae7d0c8df46.php 第 305 行.
NOTIC: [8] Use of undefined constant admin - assumed 'admin' /home/wwwroot/www.jifadu.cn/Application/Runtime/Cache/Admin/b8bd0e0ecae1262e7991fae7d0c8df46.php 第 313 行.
NOTIC: [8] Undefined index: id /home/wwwroot/www.jifadu.cn/Application/Runtime/Cache/Admin/b8bd0e0ecae1262e7991fae7d0c8df46.php 第 1168 行.
INFO: Run Behavior\ParseTemplateBehavior [ RunTime:0.071144s ]
INFO: [ view_parse ] --END-- [ RunTime:0.071205s ]
INFO: [ view_filter ] --START--
INFO: Run Behavior\WriteHtmlCacheBehavior [ RunTime:0.000249s ]
INFO: [ view_filter ] --END-- [ RunTime:0.000293s ]
INFO: [ app_end ] --START--
INFO: Run Behavior\ShowPageTraceBehavior [ RunTime:0.000483s ]
INFO: [ app_end ] --END-- [ RunTime:0.000551s ]

[ 2017-07-28T16:53:35+08:00 ] 60.29.18.50 /index.php?&m=admin&a=admin
INFO: [ app_init ] --START--
INFO: Run Behavior\BuildLiteBehavior [ RunTime:0.000015s ]
INFO: [ app_init ] --END-- [ RunTime:0.000340s ]
INFO: [ app_begin ] --START--
INFO: Run Behavior\ReadHtmlCacheBehavior [ RunTime:0.000461s ]
INFO: Run Behavior\CheckLangBehavior [ RunTime:0.000907s ]
INFO: [ app_begin ] --END-- [ RunTime:0.001449s ]
SQL: SHOW COLUMNS FROM `think_admin` [ RunTime:0.0007s ]
SQL: SELECT `uid`,`user_name`,`email`,`admin`,`create_time` FROM `think_admin` WHERE ( uid=1 ) LIMIT 1   [ RunTime:0.0003s ]
SQL: SELECT * FROM `think_admin` ORDER BY create_time desc  [ RunTime:0.0003s ]
INFO: [ view_parse ] --START--
INFO: [ template_filter ] --START--
INFO: Run Behavior\ContentReplaceBehavior [ RunTime:0.000239s ]
INFO: [ template_filter ] --END-- [ RunTime:0.000302s ]
NOTIC: [8] Use of undefined constant admin - assumed 'admin' /home/wwwroot/www.jifadu.cn/Application/Runtime/Cache/Admin/b8bd0e0ecae1262e7991fae7d0c8df46.php 第 230 行.
NOTIC: [8] Use of undefined constant admin - assumed 'admin' /home/wwwroot/www.jifadu.cn/Application/Runtime/Cache/Admin/b8bd0e0ecae1262e7991fae7d0c8df46.php 第 237 行.
NOTIC: [8] Use of undefined constant admin - assumed 'admin' /home/wwwroot/www.jifadu.cn/Application/Runtime/Cache/Admin/b8bd0e0ecae1262e7991fae7d0c8df46.php 第 243 行.
NOTIC: [8] Use of undefined constant admin - assumed 'admin' /home/wwwroot/www.jifadu.cn/Application/Runtime/Cache/Admin/b8bd0e0ecae1262e7991fae7d0c8df46.php 第 263 行.
NOTIC: [8] Use of undefined constant admin - assumed 'admin' /home/wwwroot/www.jifadu.cn/Application/Runtime/Cache/Admin/b8bd0e0ecae1262e7991fae7d0c8df46.php 第 271 行.
NOTIC: [8] Use of undefined constant admin - assumed 'admin' /home/wwwroot/www.jifadu.cn/Application/Runtime/Cache/Admin/b8bd0e0ecae1262e7991fae7d0c8df46.php 第 271 行.
NOTIC: [8] Use of undefined constant admin - assumed 'admin' /home/wwwroot/www.jifadu.cn/Application/Runtime/Cache/Admin/b8bd0e0ecae1262e7991fae7d0c8df46.php 第 305 行.
NOTIC: [8] Use of undefined constant admin - assumed 'admin' /home/wwwroot/www.jifadu.cn/Application/Runtime/Cache/Admin/b8bd0e0ecae1262e7991fae7d0c8df46.php 第 313 行.
NOTIC: [8] Undefined index: id /home/wwwroot/www.jifadu.cn/Application/Runtime/Cache/Admin/b8bd0e0ecae1262e7991fae7d0c8df46.php 第 1168 行.
INFO: Run Behavior\ParseTemplateBehavior [ RunTime:0.065525s ]
INFO: [ view_parse ] --END-- [ RunTime:0.065571s ]
INFO: [ view_filter ] --START--
INFO: Run Behavior\WriteHtmlCacheBehavior [ RunTime:0.000223s ]
INFO: [ view_filter ] --END-- [ RunTime:0.000267s ]
INFO: [ app_end ] --START--
INFO: Run Behavior\ShowPageTraceBehavior [ RunTime:0.000484s ]
INFO: [ app_end ] --END-- [ RunTime:0.006265s ]

[ 2017-07-28T16:53:48+08:00 ] 60.29.18.50 /index.php?&m=admin&a=admin
INFO: [ app_init ] --START--
INFO: Run Behavior\BuildLiteBehavior [ RunTime:0.000015s ]
INFO: [ app_init ] --END-- [ RunTime:0.000354s ]
INFO: [ app_begin ] --START--
INFO: Run Behavior\ReadHtmlCacheBehavior [ RunTime:0.000456s ]
INFO: Run Behavior\CheckLangBehavior [ RunTime:0.001021s ]
INFO: [ app_begin ] --END-- [ RunTime:0.001560s ]
SQL: SHOW COLUMNS FROM `think_admin` [ RunTime:0.0007s ]
SQL: SELECT `uid`,`user_name`,`email`,`admin`,`create_time` FROM `think_admin` WHERE ( uid=1 ) LIMIT 1   [ RunTime:0.0003s ]
SQL: SELECT * FROM `think_admin` ORDER BY create_time desc  [ RunTime:0.0003s ]
INFO: [ view_parse ] --START--
INFO: [ template_filter ] --START--
INFO: Run Behavior\ContentReplaceBehavior [ RunTime:0.000244s ]
INFO: [ template_filter ] --END-- [ RunTime:0.000319s ]
NOTIC: [8] Use of undefined constant admin - assumed 'admin' /home/wwwroot/www.jifadu.cn/Application/Runtime/Cache/Admin/b8bd0e0ecae1262e7991fae7d0c8df46.php 第 230 行.
NOTIC: [8] Use of undefined constant admin - assumed 'admin' /home/wwwroot/www.jifadu.cn/Application/Runtime/Cache/Admin/b8bd0e0ecae1262e7991fae7d0c8df46.php 第 237 行.
NOTIC: [8] Use of undefined constant admin - assumed 'admin' /home/wwwroot/www.jifadu.cn/Application/Runtime/Cache/Admin/b8bd0e0ecae1262e7991fae7d0c8df46.php 第 243 行.
NOTIC: [8] Use of undefined constant admin - assumed 'admin' /home/wwwroot/www.jifadu.cn/Application/Runtime/Cache/Admin/b8bd0e0ecae1262e7991fae7d0c8df46.php 第 263 行.
NOTIC: [8] Use of undefined constant admin - assumed 'admin' /home/wwwroot/www.jifadu.cn/Application/Runtime/Cache/Admin/b8bd0e0ecae1262e7991fae7d0c8df46.php 第 271 行.
NOTIC: [8] Use of undefined constant admin - assumed 'admin' /home/wwwroot/www.jifadu.cn/Application/Runtime/Cache/Admin/b8bd0e0ecae1262e7991fae7d0c8df46.php 第 271 行.
NOTIC: [8] Use of undefined constant admin - assumed 'admin' /home/wwwroot/www.jifadu.cn/Application/Runtime/Cache/Admin/b8bd0e0ecae1262e7991fae7d0c8df46.php 第 305 行.
NOTIC: [8] Use of undefined constant admin - assumed 'admin' /home/wwwroot/www.jifadu.cn/Application/Runtime/Cache/Admin/b8bd0e0ecae1262e7991fae7d0c8df46.php 第 313 行.
NOTIC: [8] Undefined index: id /home/wwwroot/www.jifadu.cn/Application/Runtime/Cache/Admin/b8bd0e0ecae1262e7991fae7d0c8df46.php 第 1168 行.
INFO: Run Behavior\ParseTemplateBehavior [ RunTime:0.070108s ]
INFO: [ view_parse ] --END-- [ RunTime:0.070156s ]
INFO: [ view_filter ] --START--
INFO: Run Behavior\WriteHtmlCacheBehavior [ RunTime:0.000227s ]
INFO: [ view_filter ] --END-- [ RunTime:0.000272s ]
INFO: [ app_end ] --START--
INFO: Run Behavior\ShowPageTraceBehavior [ RunTime:0.000486s ]
INFO: [ app_end ] --END-- [ RunTime:0.000533s ]

[ 2017-07-28T16:54:00+08:00 ] 60.29.18.50 /index.php?&m=admin&a=admin
INFO: [ app_init ] --START--
INFO: Run Behavior\BuildLiteBehavior [ RunTime:0.000016s ]
INFO: [ app_init ] --END-- [ RunTime:0.000405s ]
INFO: [ app_begin ] --START--
INFO: Run Behavior\ReadHtmlCacheBehavior [ RunTime:0.000492s ]
INFO: Run Behavior\CheckLangBehavior [ RunTime:0.001273s ]
INFO: [ app_begin ] --END-- [ RunTime:0.001853s ]
ERR: Unable to load database driver: Think\Db\Driver\

[ 2017-07-28T16:54:15+08:00 ] 60.29.18.50 /index.php?&m=admin&a=admin
INFO: [ app_init ] --START--
INFO: Run Behavior\BuildLiteBehavior [ RunTime:0.000015s ]
INFO: [ app_init ] --END-- [ RunTime:0.000371s ]
INFO: [ app_begin ] --START--
INFO: Run Behavior\ReadHtmlCacheBehavior [ RunTime:0.000495s ]
INFO: Run Behavior\CheckLangBehavior [ RunTime:0.001298s ]
INFO: [ app_begin ] --END-- [ RunTime:0.001888s ]
SQL: SHOW COLUMNS FROM `think_admin` [ RunTime:0.0007s ]
SQL: SELECT `uid`,`user_name`,`email`,`admin`,`create_time` FROM `think_admin` WHERE ( uid=1 ) LIMIT 1   [ RunTime:0.0003s ]
SQL: SELECT * FROM `think_admin` ORDER BY create_time desc  [ RunTime:0.0003s ]
INFO: [ view_parse ] --START--
INFO: [ template_filter ] --START--
INFO: Run Behavior\ContentReplaceBehavior [ RunTime:0.000241s ]
INFO: [ template_filter ] --END-- [ RunTime:0.000306s ]
NOTIC: [8] Use of undefined constant admin - assumed 'admin' /home/wwwroot/www.jifadu.cn/Application/Runtime/Cache/Admin/b8bd0e0ecae1262e7991fae7d0c8df46.php 第 230 行.
NOTIC: [8] Use of undefined constant admin - assumed 'admin' /home/wwwroot/www.jifadu.cn/Application/Runtime/Cache/Admin/b8bd0e0ecae1262e7991fae7d0c8df46.php 第 237 行.
NOTIC: [8] Use of undefined constant admin - assumed 'admin' /home/wwwroot/www.jifadu.cn/Application/Runtime/Cache/Admin/b8bd0e0ecae1262e7991fae7d0c8df46.php 第 243 行.
NOTIC: [8] Use of undefined constant admin - assumed 'admin' /home/wwwroot/www.jifadu.cn/Application/Runtime/Cache/Admin/b8bd0e0ecae1262e7991fae7d0c8df46.php 第 263 行.
NOTIC: [8] Use of undefined constant admin - assumed 'admin' /home/wwwroot/www.jifadu.cn/Application/Runtime/Cache/Admin/b8bd0e0ecae1262e7991fae7d0c8df46.php 第 271 行.
NOTIC: [8] Use of undefined constant admin - assumed 'admin' /home/wwwroot/www.jifadu.cn/Application/Runtime/Cache/Admin/b8bd0e0ecae1262e7991fae7d0c8df46.php 第 271 行.
NOTIC: [8] Use of undefined constant admin - assumed 'admin' /home/wwwroot/www.jifadu.cn/Application/Runtime/Cache/Admin/b8bd0e0ecae1262e7991fae7d0c8df46.php 第 305 行.
NOTIC: [8] Use of undefined constant admin - assumed 'admin' /home/wwwroot/www.jifadu.cn/Application/Runtime/Cache/Admin/b8bd0e0ecae1262e7991fae7d0c8df46.php 第 313 行.
NOTIC: [8] Undefined index: id /home/wwwroot/www.jifadu.cn/Application/Runtime/Cache/Admin/b8bd0e0ecae1262e7991fae7d0c8df46.php 第 1168 行.
INFO: Run Behavior\ParseTemplateBehavior [ RunTime:0.072616s ]
INFO: [ view_parse ] --END-- [ RunTime:0.072665s ]
INFO: [ view_filter ] --START--
INFO: Run Behavior\WriteHtmlCacheBehavior [ RunTime:0.000227s ]
INFO: [ view_filter ] --END-- [ RunTime:0.000289s ]
INFO: [ app_end ] --START--
INFO: Run Behavior\ShowPageTraceBehavior [ RunTime:0.000501s ]
INFO: [ app_end ] --END-- [ RunTime:0.000547s ]

[ 2017-07-28T16:54:28+08:00 ] 60.29.18.50 /index.php?&m=admin&a=admin
INFO: [ app_init ] --START--
INFO: Run Behavior\BuildLiteBehavior [ RunTime:0.000016s ]
INFO: [ app_init ] --END-- [ RunTime:0.000366s ]
INFO: [ app_begin ] --START--
INFO: Run Behavior\ReadHtmlCacheBehavior [ RunTime:0.000489s ]
INFO: Run Behavior\CheckLangBehavior [ RunTime:0.000968s ]
INFO: [ app_begin ] --END-- [ RunTime:0.001544s ]
SQL: SHOW COLUMNS FROM `think_admin` [ RunTime:0.0007s ]
SQL: SELECT `uid`,`user_name`,`email`,`admin`,`create_time` FROM `think_admin` WHERE ( uid=1 ) LIMIT 1   [ RunTime:0.0003s ]
SQL: SELECT * FROM `think_admin` ORDER BY create_time desc  [ RunTime:0.0003s ]
INFO: [ view_parse ] --START--
INFO: [ template_filter ] --START--
INFO: Run Behavior\ContentReplaceBehavior [ RunTime:0.005958s ]
INFO: [ template_filter ] --END-- [ RunTime:0.006023s ]
NOTIC: [8] Use of undefined constant admin - assumed 'admin' /home/wwwroot/www.jifadu.cn/Application/Runtime/Cache/Admin/b8bd0e0ecae1262e7991fae7d0c8df46.php 第 230 行.
NOTIC: [8] Use of undefined constant admin - assumed 'admin' /home/wwwroot/www.jifadu.cn/Application/Runtime/Cache/Admin/b8bd0e0ecae1262e7991fae7d0c8df46.php 第 237 行.
NOTIC: [8] Use of undefined constant admin - assumed 'admin' /home/wwwroot/www.jifadu.cn/Application/Runtime/Cache/Admin/b8bd0e0ecae1262e7991fae7d0c8df46.php 第 243 行.
NOTIC: [8] Use of undefined constant admin - assumed 'admin' /home/wwwroot/www.jifadu.cn/Application/Runtime/Cache/Admin/b8bd0e0ecae1262e7991fae7d0c8df46.php 第 263 行.
NOTIC: [8] Use of undefined constant admin - assumed 'admin' /home/wwwroot/www.jifadu.cn/Application/Runtime/Cache/Admin/b8bd0e0ecae1262e7991fae7d0c8df46.php 第 271 行.
NOTIC: [8] Use of undefined constant admin - assumed 'admin' /home/wwwroot/www.jifadu.cn/Application/Runtime/Cache/Admin/b8bd0e0ecae1262e7991fae7d0c8df46.php 第 271 行.
NOTIC: [8] Use of undefined constant admin - assumed 'admin' /home/wwwroot/www.jifadu.cn/Application/Runtime/Cache/Admin/b8bd0e0ecae1262e7991fae7d0c8df46.php 第 305 行.
NOTIC: [8] Use of undefined constant admin - assumed 'admin' /home/wwwroot/www.jifadu.cn/Application/Runtime/Cache/Admin/b8bd0e0ecae1262e7991fae7d0c8df46.php 第 313 行.
NOTIC: [8] Undefined index: id /home/wwwroot/www.jifadu.cn/Application/Runtime/Cache/Admin/b8bd0e0ecae1262e7991fae7d0c8df46.php 第 1168 行.
INFO: Run Behavior\ParseTemplateBehavior [ RunTime:0.071894s ]
INFO: [ view_parse ] --END-- [ RunTime:0.071945s ]
INFO: [ view_filter ] --START--
INFO: Run Behavior\WriteHtmlCacheBehavior [ RunTime:0.000229s ]
INFO: [ view_filter ] --END-- [ RunTime:0.000274s ]
INFO: [ app_end ] --START--
INFO: Run Behavior\ShowPageTraceBehavior [ RunTime:0.000508s ]
INFO: [ app_end ] --END-- [ RunTime:0.000554s ]

[ 2017-07-28T16:54:30+08:00 ] 60.29.18.50 /index.php?&m=admin&a=admin
INFO: [ app_init ] --START--
INFO: Run Behavior\BuildLiteBehavior [ RunTime:0.000015s ]
INFO: [ app_init ] --END-- [ RunTime:0.000336s ]
INFO: [ app_begin ] --START--
INFO: Run Behavior\ReadHtmlCacheBehavior [ RunTime:0.000447s ]
INFO: Run Behavior\CheckLangBehavior [ RunTime:0.006587s ]
INFO: [ app_begin ] --END-- [ RunTime:0.007118s ]
SQL: SHOW COLUMNS FROM `think_admin` [ RunTime:0.0007s ]
SQL: SELECT `uid`,`user_name`,`email`,`admin`,`create_time` FROM `think_admin` WHERE ( uid=1 ) LIMIT 1   [ RunTime:0.0003s ]
SQL: SELECT * FROM `think_admin` ORDER BY create_time desc  [ RunTime:0.0003s ]
INFO: [ view_parse ] --START--
INFO: [ template_filter ] --START--
INFO: Run Behavior\ContentReplaceBehavior [ RunTime:0.000241s ]
INFO: [ template_filter ] --END-- [ RunTime:0.000324s ]
NOTIC: [8] Use of undefined constant admin - assumed 'admin' /home/wwwroot/www.jifadu.cn/Application/Runtime/Cache/Admin/b8bd0e0ecae1262e7991fae7d0c8df46.php 第 230 行.
NOTIC: [8] Use of undefined constant admin - assumed 'admin' /home/wwwroot/www.jifadu.cn/Application/Runtime/Cache/Admin/b8bd0e0ecae1262e7991fae7d0c8df46.php 第 237 行.
NOTIC: [8] Use of undefined constant admin - assumed 'admin' /home/wwwroot/www.jifadu.cn/Application/Runtime/Cache/Admin/b8bd0e0ecae1262e7991fae7d0c8df46.php 第 243 行.
NOTIC: [8] Use of undefined constant admin - assumed 'admin' /home/wwwroot/www.jifadu.cn/Application/Runtime/Cache/Admin/b8bd0e0ecae1262e7991fae7d0c8df46.php 第 263 行.
NOTIC: [8] Use of undefined constant admin - assumed 'admin' /home/wwwroot/www.jifadu.cn/Application/Runtime/Cache/Admin/b8bd0e0ecae1262e7991fae7d0c8df46.php 第 271 行.
NOTIC: [8] Use of undefined constant admin - assumed 'admin' /home/wwwroot/www.jifadu.cn/Application/Runtime/Cache/Admin/b8bd0e0ecae1262e7991fae7d0c8df46.php 第 271 行.
NOTIC: [8] Use of undefined constant admin - assumed 'admin' /home/wwwroot/www.jifadu.cn/Application/Runtime/Cache/Admin/b8bd0e0ecae1262e7991fae7d0c8df46.php 第 305 行.
NOTIC: [8] Use of undefined constant admin - assumed 'admin' /home/wwwroot/www.jifadu.cn/Application/Runtime/Cache/Admin/b8bd0e0ecae1262e7991fae7d0c8df46.php 第 313 行.
NOTIC: [8] Undefined index: id /home/wwwroot/www.jifadu.cn/Application/Runtime/Cache/Admin/b8bd0e0ecae1262e7991fae7d0c8df46.php 第 1168 行.
INFO: Run Behavior\ParseTemplateBehavior [ RunTime:0.071524s ]
INFO: [ view_parse ] --END-- [ RunTime:0.071570s ]
INFO: [ view_filter ] --START--
INFO: Run Behavior\WriteHtmlCacheBehavior [ RunTime:0.000230s ]
INFO: [ view_filter ] --END-- [ RunTime:0.000274s ]
INFO: [ app_end ] --START--
INFO: Run Behavior\ShowPageTraceBehavior [ RunTime:0.000507s ]
INFO: [ app_end ] --END-- [ RunTime:0.000555s ]

[ 2017-07-28T16:55:37+08:00 ] 60.29.18.50 /index.php?&m=admin&a=admin
INFO: [ app_init ] --START--
INFO: Run Behavior\BuildLiteBehavior [ RunTime:0.000016s ]
INFO: [ app_init ] --END-- [ RunTime:0.000344s ]
INFO: [ app_begin ] --START--
INFO: Run Behavior\ReadHtmlCacheBehavior [ RunTime:0.000456s ]
INFO: Run Behavior\CheckLangBehavior [ RunTime:0.000644s ]
INFO: [ app_begin ] --END-- [ RunTime:0.001218s ]
INFO: [ view_parse ] --START--
INFO: [ template_filter ] --START--
INFO: Run Behavior\ContentReplaceBehavior [ RunTime:0.000036s ]
INFO: [ template_filter ] --END-- [ RunTime:0.000084s ]
INFO: Run Behavior\ParseTemplateBehavior [ RunTime:0.010741s ]
INFO: [ view_parse ] --END-- [ RunTime:0.010790s ]
INFO: [ view_filter ] --START--
INFO: Run Behavior\WriteHtmlCacheBehavior [ RunTime:0.000211s ]
INFO: [ view_filter ] --END-- [ RunTime:0.000252s ]

[ 2017-07-28T16:55:40+08:00 ] 60.29.18.50 /index.php?&m=admin&a=login
INFO: [ app_init ] --START--
INFO: Run Behavior\BuildLiteBehavior [ RunTime:0.000017s ]
INFO: [ app_init ] --END-- [ RunTime:0.006077s ]
INFO: [ app_begin ] --START--
INFO: Run Behavior\ReadHtmlCacheBehavior [ RunTime:0.000473s ]
INFO: Run Behavior\CheckLangBehavior [ RunTime:0.000529s ]
INFO: [ app_begin ] --END-- [ RunTime:0.001079s ]
INFO: [ view_parse ] --START--
INFO: [ template_filter ] --START--
INFO: Run Behavior\ContentReplaceBehavior [ RunTime:0.000082s ]
INFO: [ template_filter ] --END-- [ RunTime:0.000136s ]
INFO: Run Behavior\ParseTemplateBehavior [ RunTime:0.026753s ]
INFO: [ view_parse ] --END-- [ RunTime:0.026811s ]
INFO: [ view_filter ] --START--
INFO: Run Behavior\WriteHtmlCacheBehavior [ RunTime:0.000373s ]
INFO: [ view_filter ] --END-- [ RunTime:0.000421s ]
INFO: [ app_end ] --START--
INFO: Run Behavior\ShowPageTraceBehavior [ RunTime:0.000503s ]
INFO: [ app_end ] --END-- [ RunTime:0.000554s ]

[ 2017-07-28T16:55:43+08:00 ] 60.29.18.50 /index.php?&m=admin&a=login_msg
INFO: [ app_init ] --START--
INFO: Run Behavior\BuildLiteBehavior [ RunTime:0.000015s ]
INFO: [ app_init ] --END-- [ RunTime:0.000332s ]
INFO: [ app_begin ] --START--
INFO: Run Behavior\ReadHtmlCacheBehavior [ RunTime:0.006125s ]
INFO: Run Behavior\CheckLangBehavior [ RunTime:0.000556s ]
INFO: [ app_begin ] --END-- [ RunTime:0.006761s ]
SQL: SHOW COLUMNS FROM `think_admin` [ RunTime:0.0007s ]
SQL: SELECT `uid`,`user_name`,`email`,`admin`,`create_time` FROM `think_admin` WHERE `user_name` = 'gcan' AND `password` = '46594f221b8fd5f5d1f9477c45449a6f' LIMIT 1   [ RunTime:0.0003s ]
INFO: [ view_parse ] --START--
INFO: [ template_filter ] --START--
INFO: Run Behavior\ContentReplaceBehavior [ RunTime:0.000036s ]
INFO: [ template_filter ] --END-- [ RunTime:0.000086s ]
INFO: Run Behavior\ParseTemplateBehavior [ RunTime:0.011203s ]
INFO: [ view_parse ] --END-- [ RunTime:0.011253s ]
INFO: [ view_filter ] --START--
INFO: Run Behavior\WriteHtmlCacheBehavior [ RunTime:0.000221s ]
INFO: [ view_filter ] --END-- [ RunTime:0.000264s ]
INFO: [ app_end ] --START--
INFO: Run Behavior\ShowPageTraceBehavior [ RunTime:0.000476s ]
INFO: [ app_end ] --END-- [ RunTime:0.000533s ]

[ 2017-07-28T16:55:44+08:00 ] 60.29.18.50 /index.php?&m=admin&a=news
INFO: [ app_init ] --START--
INFO: Run Behavior\BuildLiteBehavior [ RunTime:0.000023s ]
INFO: [ app_init ] --END-- [ RunTime:0.000398s ]
INFO: [ app_begin ] --START--
INFO: Run Behavior\ReadHtmlCacheBehavior [ RunTime:0.000471s ]
INFO: Run Behavior\CheckLangBehavior [ RunTime:0.000543s ]
INFO: [ app_begin ] --END-- [ RunTime:0.001096s ]
SQL: SHOW COLUMNS FROM `think_admin` [ RunTime:0.0007s ]
SQL: SELECT `uid`,`user_name`,`email`,`admin`,`create_time` FROM `think_admin` WHERE ( uid=1 ) LIMIT 1   [ RunTime:0.0003s ]
SQL: SHOW COLUMNS FROM `think_article` [ RunTime:0.0005s ]
SQL: SELECT * FROM `think_article` ORDER BY create_time desc  [ RunTime:0.0014s ]
NOTIC: [8] Undefined index: tag /home/wwwroot/www.jifadu.cn/Application/Admin/Controller/IndexController.class.php 第 440 行.
INFO: [ view_parse ] --START--
INFO: [ template_filter ] --START--
INFO: Run Behavior\ContentReplaceBehavior [ RunTime:0.000243s ]
INFO: [ template_filter ] --END-- [ RunTime:0.000305s ]
NOTIC: [8] Use of undefined constant news - assumed 'news' /home/wwwroot/www.jifadu.cn/Application/Runtime/Cache/Admin/33d78a532dce9c56cf1d796e9a7153d7.php 第 230 行.
NOTIC: [8] Use of undefined constant news - assumed 'news' /home/wwwroot/www.jifadu.cn/Application/Runtime/Cache/Admin/33d78a532dce9c56cf1d796e9a7153d7.php 第 237 行.
NOTIC: [8] Use of undefined constant news - assumed 'news' /home/wwwroot/www.jifadu.cn/Application/Runtime/Cache/Admin/33d78a532dce9c56cf1d796e9a7153d7.php 第 237 行.
NOTIC: [8] Use of undefined constant news - assumed 'news' /home/wwwroot/www.jifadu.cn/Application/Runtime/Cache/Admin/33d78a532dce9c56cf1d796e9a7153d7.php 第 243 行.
NOTIC: [8] Use of undefined constant news - assumed 'news' /home/wwwroot/www.jifadu.cn/Application/Runtime/Cache/Admin/33d78a532dce9c56cf1d796e9a7153d7.php 第 243 行.
NOTIC: [8] Use of undefined constant news - assumed 'news' /home/wwwroot/www.jifadu.cn/Application/Runtime/Cache/Admin/33d78a532dce9c56cf1d796e9a7153d7.php 第 263 行.
NOTIC: [8] Use of undefined constant news - assumed 'news' /home/wwwroot/www.jifadu.cn/Application/Runtime/Cache/Admin/33d78a532dce9c56cf1d796e9a7153d7.php 第 271 行.
NOTIC: [8] Use of undefined constant news - assumed 'news' /home/wwwroot/www.jifadu.cn/Application/Runtime/Cache/Admin/33d78a532dce9c56cf1d796e9a7153d7.php 第 305 行.
NOTIC: [8] Use of undefined constant news - assumed 'news' /home/wwwroot/www.jifadu.cn/Application/Runtime/Cache/Admin/33d78a532dce9c56cf1d796e9a7153d7.php 第 313 行.
INFO: Run Behavior\ParseTemplateBehavior [ RunTime:0.070359s ]
INFO: [ view_parse ] --END-- [ RunTime:0.070408s ]
INFO: [ view_filter ] --START--
INFO: Run Behavior\WriteHtmlCacheBehavior [ RunTime:0.000252s ]
INFO: [ view_filter ] --END-- [ RunTime:0.005981s ]
INFO: [ app_end ] --START--
INFO: Run Behavior\ShowPageTraceBehavior [ RunTime:0.000495s ]
INFO: [ app_end ] --END-- [ RunTime:0.000546s ]

[ 2017-07-28T16:55:59+08:00 ] 60.29.18.50 /index.php?&m=admin&a=news
INFO: [ app_init ] --START--
INFO: Run Behavior\BuildLiteBehavior [ RunTime:0.000016s ]
INFO: [ app_init ] --END-- [ RunTime:0.000340s ]
INFO: [ app_begin ] --START--
INFO: Run Behavior\ReadHtmlCacheBehavior [ RunTime:0.000451s ]
INFO: Run Behavior\CheckLangBehavior [ RunTime:0.006306s ]
INFO: [ app_begin ] --END-- [ RunTime:0.006839s ]
INFO: [ view_parse ] --START--
INFO: [ template_filter ] --START--
INFO: Run Behavior\ContentReplaceBehavior [ RunTime:0.000035s ]
INFO: [ template_filter ] --END-- [ RunTime:0.000083s ]
INFO: Run Behavior\ParseTemplateBehavior [ RunTime:0.010666s ]
INFO: [ view_parse ] --END-- [ RunTime:0.010717s ]
INFO: [ view_filter ] --START--
INFO: Run Behavior\WriteHtmlCacheBehavior [ RunTime:0.000209s ]
INFO: [ view_filter ] --END-- [ RunTime:0.000251s ]

[ 2017-07-28T16:56:02+08:00 ] 60.29.18.50 /index.php?&m=admin&a=login
INFO: [ app_init ] --START--
INFO: Run Behavior\BuildLiteBehavior [ RunTime:0.000015s ]
INFO: [ app_init ] --END-- [ RunTime:0.005973s ]
INFO: [ app_begin ] --START--
INFO: Run Behavior\ReadHtmlCacheBehavior [ RunTime:0.000480s ]
INFO: Run Behavior\CheckLangBehavior [ RunTime:0.000546s ]
INFO: [ app_begin ] --END-- [ RunTime:0.001107s ]
INFO: [ view_parse ] --START--
INFO: [ template_filter ] --START--
INFO: Run Behavior\ContentReplaceBehavior [ RunTime:0.000083s ]
INFO: [ template_filter ] --END-- [ RunTime:0.000137s ]
INFO: Run Behavior\ParseTemplateBehavior [ RunTime:0.026605s ]
INFO: [ view_parse ] --END-- [ RunTime:0.026660s ]
INFO: [ view_filter ] --START--
INFO: Run Behavior\WriteHtmlCacheBehavior [ RunTime:0.000218s ]
INFO: [ view_filter ] --END-- [ RunTime:0.000308s ]
INFO: [ app_end ] --START--
INFO: Run Behavior\ShowPageTraceBehavior [ RunTime:0.000552s ]
INFO: [ app_end ] --END-- [ RunTime:0.000605s ]

[ 2017-07-28T16:56:04+08:00 ] 60.29.18.50 /index.php?&m=admin&a=login_msg
INFO: [ app_init ] --START--
INFO: Run Behavior\BuildLiteBehavior [ RunTime:0.000016s ]
INFO: [ app_init ] --END-- [ RunTime:0.006048s ]
INFO: [ app_begin ] --START--
INFO: Run Behavior\ReadHtmlCacheBehavior [ RunTime:0.000471s ]
INFO: Run Behavior\CheckLangBehavior [ RunTime:0.000586s ]
INFO: [ app_begin ] --END-- [ RunTime:0.001138s ]
SQL: SHOW COLUMNS FROM `think_admin` [ RunTime:0.0007s ]
SQL: SELECT `uid`,`user_name`,`email`,`admin`,`create_time` FROM `think_admin` WHERE `user_name` = 'gcan' AND `password` = '46594f221b8fd5f5d1f9477c45449a6f' LIMIT 1   [ RunTime:0.0003s ]
INFO: [ view_parse ] --START--
INFO: [ template_filter ] --START--
INFO: Run Behavior\ContentReplaceBehavior [ RunTime:0.000035s ]
INFO: [ template_filter ] --END-- [ RunTime:0.000084s ]
INFO: Run Behavior\ParseTemplateBehavior [ RunTime:0.010885s ]
INFO: [ view_parse ] --END-- [ RunTime:0.010958s ]
INFO: [ view_filter ] --START--
INFO: Run Behavior\WriteHtmlCacheBehavior [ RunTime:0.000225s ]
INFO: [ view_filter ] --END-- [ RunTime:0.000269s ]
INFO: [ app_end ] --START--
INFO: Run Behavior\ShowPageTraceBehavior [ RunTime:0.000478s ]
INFO: [ app_end ] --END-- [ RunTime:0.000522s ]

[ 2017-07-28T16:56:05+08:00 ] 60.29.18.50 /index.php?&m=admin&a=news
INFO: [ app_init ] --START--
INFO: Run Behavior\BuildLiteBehavior [ RunTime:0.000015s ]
INFO: [ app_init ] --END-- [ RunTime:0.000351s ]
INFO: [ app_begin ] --START--
INFO: Run Behavior\ReadHtmlCacheBehavior [ RunTime:0.000508s ]
INFO: Run Behavior\CheckLangBehavior [ RunTime:0.000526s ]
INFO: [ app_begin ] --END-- [ RunTime:0.001188s ]
SQL: SHOW COLUMNS FROM `think_admin` [ RunTime:0.0007s ]
SQL: SELECT `uid`,`user_name`,`email`,`admin`,`create_time` FROM `think_admin` WHERE ( uid=1 ) LIMIT 1   [ RunTime:0.0003s ]
SQL: SHOW COLUMNS FROM `think_article` [ RunTime:0.0005s ]
SQL: SELECT * FROM `think_article` ORDER BY create_time desc  [ RunTime:0.0014s ]
NOTIC: [8] Undefined index: tag /home/wwwroot/www.jifadu.cn/Application/Admin/Controller/IndexController.class.php 第 440 行.
INFO: [ view_parse ] --START--
INFO: [ template_filter ] --START--
INFO: Run Behavior\ContentReplaceBehavior [ RunTime:0.000242s ]
INFO: [ template_filter ] --END-- [ RunTime:0.000306s ]
NOTIC: [8] Use of undefined constant news - assumed 'news' /home/wwwroot/www.jifadu.cn/Application/Runtime/Cache/Admin/33d78a532dce9c56cf1d796e9a7153d7.php 第 230 行.
NOTIC: [8] Use of undefined constant news - assumed 'news' /home/wwwroot/www.jifadu.cn/Application/Runtime/Cache/Admin/33d78a532dce9c56cf1d796e9a7153d7.php 第 237 行.
NOTIC: [8] Use of undefined constant news - assumed 'news' /home/wwwroot/www.jifadu.cn/Application/Runtime/Cache/Admin/33d78a532dce9c56cf1d796e9a7153d7.php 第 237 行.
NOTIC: [8] Use of undefined constant news - assumed 'news' /home/wwwroot/www.jifadu.cn/Application/Runtime/Cache/Admin/33d78a532dce9c56cf1d796e9a7153d7.php 第 243 行.
NOTIC: [8] Use of undefined constant news - assumed 'news' /home/wwwroot/www.jifadu.cn/Application/Runtime/Cache/Admin/33d78a532dce9c56cf1d796e9a7153d7.php 第 243 行.
NOTIC: [8] Use of undefined constant news - assumed 'news' /home/wwwroot/www.jifadu.cn/Application/Runtime/Cache/Admin/33d78a532dce9c56cf1d796e9a7153d7.php 第 263 行.
NOTIC: [8] Use of undefined constant news - assumed 'news' /home/wwwroot/www.jifadu.cn/Application/Runtime/Cache/Admin/33d78a532dce9c56cf1d796e9a7153d7.php 第 271 行.
NOTIC: [8] Use of undefined constant news - assumed 'news' /home/wwwroot/www.jifadu.cn/Application/Runtime/Cache/Admin/33d78a532dce9c56cf1d796e9a7153d7.php 第 305 行.
NOTIC: [8] Use of undefined constant news - assumed 'news' /home/wwwroot/www.jifadu.cn/Application/Runtime/Cache/Admin/33d78a532dce9c56cf1d796e9a7153d7.php 第 313 行.
INFO: Run Behavior\ParseTemplateBehavior [ RunTime:0.076393s ]
INFO: [ view_parse ] --END-- [ RunTime:0.076446s ]
INFO: [ view_filter ] --START--
INFO: Run Behavior\WriteHtmlCacheBehavior [ RunTime:0.000243s ]
INFO: [ view_filter ] --END-- [ RunTime:0.000289s ]
INFO: [ app_end ] --START--
INFO: Run Behavior\ShowPageTraceBehavior [ RunTime:0.000534s ]
INFO: [ app_end ] --END-- [ RunTime:0.000595s ]

[ 2017-07-28T16:56:09+08:00 ] 60.29.18.50 /index.php?&m=admin&a=admin
INFO: [ app_init ] --START--
INFO: Run Behavior\BuildLiteBehavior [ RunTime:0.000016s ]
INFO: [ app_init ] --END-- [ RunTime:0.000335s ]
INFO: [ app_begin ] --START--
INFO: Run Behavior\ReadHtmlCacheBehavior [ RunTime:0.006119s ]
INFO: Run Behavior\CheckLangBehavior [ RunTime:0.000567s ]
INFO: [ app_begin ] --END-- [ RunTime:0.006764s ]
SQL: SHOW COLUMNS FROM `think_admin` [ RunTime:0.0011s ]
SQL: SELECT `uid`,`user_name`,`email`,`admin`,`create_time` FROM `think_admin` WHERE ( uid=1 ) LIMIT 1   [ RunTime:0.0003s ]
SQL: SELECT * FROM `think_admin` ORDER BY create_time desc  [ RunTime:0.0003s ]
INFO: [ view_parse ] --START--
INFO: [ template_filter ] --START--
INFO: Run Behavior\ContentReplaceBehavior [ RunTime:0.000232s ]
INFO: [ template_filter ] --END-- [ RunTime:0.000294s ]
NOTIC: [8] Use of undefined constant admin - assumed 'admin' /home/wwwroot/www.jifadu.cn/Application/Runtime/Cache/Admin/b8bd0e0ecae1262e7991fae7d0c8df46.php 第 230 行.
NOTIC: [8] Use of undefined constant admin - assumed 'admin' /home/wwwroot/www.jifadu.cn/Application/Runtime/Cache/Admin/b8bd0e0ecae1262e7991fae7d0c8df46.php 第 237 行.
NOTIC: [8] Use of undefined constant admin - assumed 'admin' /home/wwwroot/www.jifadu.cn/Application/Runtime/Cache/Admin/b8bd0e0ecae1262e7991fae7d0c8df46.php 第 243 行.
NOTIC: [8] Use of undefined constant admin - assumed 'admin' /home/wwwroot/www.jifadu.cn/Application/Runtime/Cache/Admin/b8bd0e0ecae1262e7991fae7d0c8df46.php 第 263 行.
NOTIC: [8] Use of undefined constant admin - assumed 'admin' /home/wwwroot/www.jifadu.cn/Application/Runtime/Cache/Admin/b8bd0e0ecae1262e7991fae7d0c8df46.php 第 271 行.
NOTIC: [8] Use of undefined constant admin - assumed 'admin' /home/wwwroot/www.jifadu.cn/Application/Runtime/Cache/Admin/b8bd0e0ecae1262e7991fae7d0c8df46.php 第 271 行.
NOTIC: [8] Use of undefined constant admin - assumed 'admin' /home/wwwroot/www.jifadu.cn/Application/Runtime/Cache/Admin/b8bd0e0ecae1262e7991fae7d0c8df46.php 第 305 行.
NOTIC: [8] Use of undefined constant admin - assumed 'admin' /home/wwwroot/www.jifadu.cn/Application/Runtime/Cache/Admin/b8bd0e0ecae1262e7991fae7d0c8df46.php 第 313 行.
NOTIC: [8] Undefined index: id /home/wwwroot/www.jifadu.cn/Application/Runtime/Cache/Admin/b8bd0e0ecae1262e7991fae7d0c8df46.php 第 1168 行.
INFO: Run Behavior\ParseTemplateBehavior [ RunTime:0.070923s ]
INFO: [ view_parse ] --END-- [ RunTime:0.070971s ]
INFO: [ view_filter ] --START--
INFO: Run Behavior\WriteHtmlCacheBehavior [ RunTime:0.000327s ]
INFO: [ view_filter ] --END-- [ RunTime:0.000374s ]
INFO: [ app_end ] --START--
INFO: Run Behavior\ShowPageTraceBehavior [ RunTime:0.000517s ]
INFO: [ app_end ] --END-- [ RunTime:0.000586s ]

[ 2017-07-28T16:56:11+08:00 ] 60.29.18.50 /index.php?&m=admin&a=user
INFO: [ app_init ] --START--
INFO: Run Behavior\BuildLiteBehavior [ RunTime:0.000015s ]
INFO: [ app_init ] --END-- [ RunTime:0.000366s ]
INFO: [ app_begin ] --START--
INFO: Run Behavior\ReadHtmlCacheBehavior [ RunTime:0.000480s ]
INFO: Run Behavior\CheckLangBehavior [ RunTime:0.006181s ]
INFO: [ app_begin ] --END-- [ RunTime:0.006744s ]
SQL: SHOW COLUMNS FROM `think_admin` [ RunTime:0.0007s ]
SQL: SELECT `uid`,`user_name`,`email`,`admin`,`create_time` FROM `think_admin` WHERE ( uid=1 ) LIMIT 1   [ RunTime:0.0003s ]
SQL: SHOW COLUMNS FROM `think_user` [ RunTime:0.0007s ]
SQL: SELECT * FROM `think_user` ORDER BY create_time desc  [ RunTime:0.0004s ]
INFO: [ view_parse ] --START--
INFO: [ template_filter ] --START--
INFO: Run Behavior\ContentReplaceBehavior [ RunTime:0.000237s ]
INFO: [ template_filter ] --END-- [ RunTime:0.000315s ]
NOTIC: [8] Use of undefined constant user - assumed 'user' /home/wwwroot/www.jifadu.cn/Application/Runtime/Cache/Admin/f2ad854573dbf0e17793495ce8b9e81a.php 第 230 行.
NOTIC: [8] Use of undefined constant user - assumed 'user' /home/wwwroot/www.jifadu.cn/Application/Runtime/Cache/Admin/f2ad854573dbf0e17793495ce8b9e81a.php 第 237 行.
NOTIC: [8] Use of undefined constant user - assumed 'user' /home/wwwroot/www.jifadu.cn/Application/Runtime/Cache/Admin/f2ad854573dbf0e17793495ce8b9e81a.php 第 243 行.
NOTIC: [8] Use of undefined constant user - assumed 'user' /home/wwwroot/www.jifadu.cn/Application/Runtime/Cache/Admin/f2ad854573dbf0e17793495ce8b9e81a.php 第 263 行.
NOTIC: [8] Use of undefined constant user - assumed 'user' /home/wwwroot/www.jifadu.cn/Application/Runtime/Cache/Admin/f2ad854573dbf0e17793495ce8b9e81a.php 第 271 行.
NOTIC: [8] Use of undefined constant user - assumed 'user' /home/wwwroot/www.jifadu.cn/Application/Runtime/Cache/Admin/f2ad854573dbf0e17793495ce8b9e81a.php 第 305 行.
NOTIC: [8] Use of undefined constant user - assumed 'user' /home/wwwroot/www.jifadu.cn/Application/Runtime/Cache/Admin/f2ad854573dbf0e17793495ce8b9e81a.php 第 313 行.
NOTIC: [8] Use of undefined constant user - assumed 'user' /home/wwwroot/www.jifadu.cn/Application/Runtime/Cache/Admin/f2ad854573dbf0e17793495ce8b9e81a.php 第 313 行.
INFO: Run Behavior\ParseTemplateBehavior [ RunTime:0.077119s ]
INFO: [ view_parse ] --END-- [ RunTime:0.077170s ]
INFO: [ view_filter ] --START--
INFO: Run Behavior\WriteHtmlCacheBehavior [ RunTime:0.000230s ]
INFO: [ view_filter ] --END-- [ RunTime:0.000275s ]
INFO: [ app_end ] --START--
INFO: Run Behavior\ShowPageTraceBehavior [ RunTime:0.000494s ]
INFO: [ app_end ] --END-- [ RunTime:0.000546s ]

[ 2017-07-28T16:58:17+08:00 ] 60.29.18.50 /index.php?&m=admin&a=user
INFO: [ app_init ] --START--
INFO: Run Behavior\BuildLiteBehavior [ RunTime:0.000015s ]
INFO: [ app_init ] --END-- [ RunTime:0.000348s ]
INFO: [ app_begin ] --START--
INFO: Run Behavior\ReadHtmlCacheBehavior [ RunTime:0.000455s ]
INFO: Run Behavior\CheckLangBehavior [ RunTime:0.000569s ]
INFO: [ app_begin ] --END-- [ RunTime:0.001104s ]
SQL: SHOW COLUMNS FROM `think_admin` [ RunTime:0.0007s ]
SQL: SELECT `uid`,`user_name`,`email`,`admin`,`create_time` FROM `think_admin` WHERE ( uid=1 ) LIMIT 1   [ RunTime:0.0003s ]
SQL: SHOW COLUMNS FROM `think_user` [ RunTime:0.0006s ]
SQL: SELECT * FROM `think_user` ORDER BY create_time desc  [ RunTime:0.0003s ]
INFO: [ view_parse ] --START--
INFO: [ template_filter ] --START--
INFO: Run Behavior\ContentReplaceBehavior [ RunTime:0.000235s ]
INFO: [ template_filter ] --END-- [ RunTime:0.000299s ]
NOTIC: [8] Use of undefined constant user - assumed 'user' /home/wwwroot/www.jifadu.cn/Application/Runtime/Cache/Admin/f2ad854573dbf0e17793495ce8b9e81a.php 第 230 行.
NOTIC: [8] Use of undefined constant user - assumed 'user' /home/wwwroot/www.jifadu.cn/Application/Runtime/Cache/Admin/f2ad854573dbf0e17793495ce8b9e81a.php 第 237 行.
NOTIC: [8] Use of undefined constant user - assumed 'user' /home/wwwroot/www.jifadu.cn/Application/Runtime/Cache/Admin/f2ad854573dbf0e17793495ce8b9e81a.php 第 243 行.
NOTIC: [8] Use of undefined constant user - assumed 'user' /home/wwwroot/www.jifadu.cn/Application/Runtime/Cache/Admin/f2ad854573dbf0e17793495ce8b9e81a.php 第 263 行.
NOTIC: [8] Use of undefined constant user - assumed 'user' /home/wwwroot/www.jifadu.cn/Application/Runtime/Cache/Admin/f2ad854573dbf0e17793495ce8b9e81a.php 第 271 行.
NOTIC: [8] Use of undefined constant user - assumed 'user' /home/wwwroot/www.jifadu.cn/Application/Runtime/Cache/Admin/f2ad854573dbf0e17793495ce8b9e81a.php 第 305 行.
NOTIC: [8] Use of undefined constant user - assumed 'user' /home/wwwroot/www.jifadu.cn/Application/Runtime/Cache/Admin/f2ad854573dbf0e17793495ce8b9e81a.php 第 313 行.
NOTIC: [8] Use of undefined constant user - assumed 'user' /home/wwwroot/www.jifadu.cn/Application/Runtime/Cache/Admin/f2ad854573dbf0e17793495ce8b9e81a.php 第 313 行.
INFO: Run Behavior\ParseTemplateBehavior [ RunTime:0.069196s ]
INFO: [ view_parse ] --END-- [ RunTime:0.069247s ]
INFO: [ view_filter ] --START--
INFO: Run Behavior\WriteHtmlCacheBehavior [ RunTime:0.000245s ]
INFO: [ view_filter ] --END-- [ RunTime:0.000290s ]
INFO: [ app_end ] --START--
INFO: Run Behavior\ShowPageTraceBehavior [ RunTime:0.000498s ]
INFO: [ app_end ] --END-- [ RunTime:0.000550s ]

[ 2017-07-28T16:59:45+08:00 ] 60.29.18.50 /index.php?&m=admin&a=user
INFO: [ app_init ] --START--
INFO: Run Behavior\BuildLiteBehavior [ RunTime:0.000015s ]
INFO: [ app_init ] --END-- [ RunTime:0.000335s ]
INFO: [ app_begin ] --START--
INFO: Run Behavior\ReadHtmlCacheBehavior [ RunTime:0.006156s ]
INFO: Run Behavior\CheckLangBehavior [ RunTime:0.001119s ]
INFO: [ app_begin ] --END-- [ RunTime:0.007357s ]
SQL: SHOW COLUMNS FROM `think_admin` [ RunTime:0.0007s ]
SQL: SELECT `uid`,`user_name`,`email`,`admin`,`create_time` FROM `think_admin` WHERE ( uid=1 ) LIMIT 1   [ RunTime:0.0003s ]
SQL: SHOW COLUMNS FROM `think_user` [ RunTime:0.0006s ]
SQL: SELECT * FROM `think_user` ORDER BY create_time desc  [ RunTime:0.0003s ]
INFO: [ view_parse ] --START--
INFO: [ template_filter ] --START--
INFO: Run Behavior\ContentReplaceBehavior [ RunTime:0.000253s ]
INFO: [ template_filter ] --END-- [ RunTime:0.000317s ]
NOTIC: [8] Use of undefined constant user - assumed 'user' /home/wwwroot/www.jifadu.cn/Application/Runtime/Cache/Admin/f2ad854573dbf0e17793495ce8b9e81a.php 第 230 行.
NOTIC: [8] Use of undefined constant user - assumed 'user' /home/wwwroot/www.jifadu.cn/Application/Runtime/Cache/Admin/f2ad854573dbf0e17793495ce8b9e81a.php 第 237 行.
NOTIC: [8] Use of undefined constant user - assumed 'user' /home/wwwroot/www.jifadu.cn/Application/Runtime/Cache/Admin/f2ad854573dbf0e17793495ce8b9e81a.php 第 243 行.
NOTIC: [8] Use of undefined constant user - assumed 'user' /home/wwwroot/www.jifadu.cn/Application/Runtime/Cache/Admin/f2ad854573dbf0e17793495ce8b9e81a.php 第 263 行.
NOTIC: [8] Use of undefined constant user - assumed 'user' /home/wwwroot/www.jifadu.cn/Application/Runtime/Cache/Admin/f2ad854573dbf0e17793495ce8b9e81a.php 第 271 行.
NOTIC: [8] Use of undefined constant user - assumed 'user' /home/wwwroot/www.jifadu.cn/Application/Runtime/Cache/Admin/f2ad854573dbf0e17793495ce8b9e81a.php 第 305 行.
NOTIC: [8] Use of undefined constant user - assumed 'user' /home/wwwroot/www.jifadu.cn/Application/Runtime/Cache/Admin/f2ad854573dbf0e17793495ce8b9e81a.php 第 313 行.
NOTIC: [8] Use of undefined constant user - assumed 'user' /home/wwwroot/www.jifadu.cn/Application/Runtime/Cache/Admin/f2ad854573dbf0e17793495ce8b9e81a.php 第 313 行.
INFO: Run Behavior\ParseTemplateBehavior [ RunTime:0.070483s ]
INFO: [ view_parse ] --END-- [ RunTime:0.070533s ]
INFO: [ view_filter ] --START--
INFO: Run Behavior\WriteHtmlCacheBehavior [ RunTime:0.000223s ]
INFO: [ view_filter ] --END-- [ RunTime:0.000270s ]
INFO: [ app_end ] --START--
INFO: Run Behavior\ShowPageTraceBehavior [ RunTime:0.000524s ]
INFO: [ app_end ] --END-- [ RunTime:0.000582s ]

[ 2017-07-28T16:59:47+08:00 ] 60.29.18.50 /index.php?&m=admin&a=user
INFO: [ app_init ] --START--
INFO: Run Behavior\BuildLiteBehavior [ RunTime:0.000015s ]
INFO: [ app_init ] --END-- [ RunTime:0.000369s ]
INFO: [ app_begin ] --START--
INFO: Run Behavior\ReadHtmlCacheBehavior [ RunTime:0.000478s ]
INFO: Run Behavior\CheckLangBehavior [ RunTime:0.000538s ]
INFO: [ app_begin ] --END-- [ RunTime:0.001096s ]
SQL: SHOW COLUMNS FROM `think_admin` [ RunTime:0.0007s ]
SQL: SELECT `uid`,`user_name`,`email`,`admin`,`create_time` FROM `think_admin` WHERE ( uid=1 ) LIMIT 1   [ RunTime:0.0003s ]
SQL: SHOW COLUMNS FROM `think_user` [ RunTime:0.0006s ]
SQL: SELECT * FROM `think_user` ORDER BY create_time desc  [ RunTime:0.0003s ]
INFO: [ view_parse ] --START--
INFO: [ template_filter ] --START--
INFO: Run Behavior\ContentReplaceBehavior [ RunTime:0.000231s ]
INFO: [ template_filter ] --END-- [ RunTime:0.000305s ]
NOTIC: [8] Use of undefined constant user - assumed 'user' /home/wwwroot/www.jifadu.cn/Application/Runtime/Cache/Admin/f2ad854573dbf0e17793495ce8b9e81a.php 第 230 行.
NOTIC: [8] Use of undefined constant user - assumed 'user' /home/wwwroot/www.jifadu.cn/Application/Runtime/Cache/Admin/f2ad854573dbf0e17793495ce8b9e81a.php 第 237 行.
NOTIC: [8] Use of undefined constant user - assumed 'user' /home/wwwroot/www.jifadu.cn/Application/Runtime/Cache/Admin/f2ad854573dbf0e17793495ce8b9e81a.php 第 243 行.
NOTIC: [8] Use of undefined constant user - assumed 'user' /home/wwwroot/www.jifadu.cn/Application/Runtime/Cache/Admin/f2ad854573dbf0e17793495ce8b9e81a.php 第 263 行.
NOTIC: [8] Use of undefined constant user - assumed 'user' /home/wwwroot/www.jifadu.cn/Application/Runtime/Cache/Admin/f2ad854573dbf0e17793495ce8b9e81a.php 第 271 行.
NOTIC: [8] Use of undefined constant user - assumed 'user' /home/wwwroot/www.jifadu.cn/Application/Runtime/Cache/Admin/f2ad854573dbf0e17793495ce8b9e81a.php 第 305 行.
NOTIC: [8] Use of undefined constant user - assumed 'user' /home/wwwroot/www.jifadu.cn/Application/Runtime/Cache/Admin/f2ad854573dbf0e17793495ce8b9e81a.php 第 313 行.
NOTIC: [8] Use of undefined constant user - assumed 'user' /home/wwwroot/www.jifadu.cn/Application/Runtime/Cache/Admin/f2ad854573dbf0e17793495ce8b9e81a.php 第 313 行.
INFO: Run Behavior\ParseTemplateBehavior [ RunTime:0.069991s ]
INFO: [ view_parse ] --END-- [ RunTime:0.070041s ]
INFO: [ view_filter ] --START--
INFO: Run Behavior\WriteHtmlCacheBehavior [ RunTime:0.000246s ]
INFO: [ view_filter ] --END-- [ RunTime:0.000292s ]
INFO: [ app_end ] --START--
INFO: Run Behavior\ShowPageTraceBehavior [ RunTime:0.000486s ]
INFO: [ app_end ] --END-- [ RunTime:0.000534s ]

[ 2017-07-28T17:00:08+08:00 ] 60.29.18.50 /index.php?&m=admin&a=user
INFO: [ app_init ] --START--
INFO: Run Behavior\BuildLiteBehavior [ RunTime:0.000017s ]
INFO: [ app_init ] --END-- [ RunTime:0.000338s ]
INFO: [ app_begin ] --START--
INFO: Run Behavior\ReadHtmlCacheBehavior [ RunTime:0.000450s ]
INFO: Run Behavior\CheckLangBehavior [ RunTime:0.000579s ]
INFO: [ app_begin ] --END-- [ RunTime:0.001109s ]
SQL: SHOW COLUMNS FROM `think_admin` [ RunTime:0.0015s ]
SQL: SELECT `uid`,`user_name`,`email`,`admin`,`create_time` FROM `think_admin` WHERE ( uid=1 ) LIMIT 1   [ RunTime:0.0003s ]
SQL: SHOW COLUMNS FROM `think_user` [ RunTime:0.0007s ]
SQL: SELECT * FROM `think_user` ORDER BY create_time desc  [ RunTime:0.0003s ]
INFO: [ view_parse ] --START--
INFO: [ template_filter ] --START--
INFO: Run Behavior\ContentReplaceBehavior [ RunTime:0.000254s ]
INFO: [ template_filter ] --END-- [ RunTime:0.000330s ]
NOTIC: [8] Use of undefined constant user - assumed 'user' /home/wwwroot/www.jifadu.cn/Application/Runtime/Cache/Admin/f2ad854573dbf0e17793495ce8b9e81a.php 第 230 行.
NOTIC: [8] Use of undefined constant user - assumed 'user' /home/wwwroot/www.jifadu.cn/Application/Runtime/Cache/Admin/f2ad854573dbf0e17793495ce8b9e81a.php 第 237 行.
NOTIC: [8] Use of undefined constant user - assumed 'user' /home/wwwroot/www.jifadu.cn/Application/Runtime/Cache/Admin/f2ad854573dbf0e17793495ce8b9e81a.php 第 243 行.
NOTIC: [8] Use of undefined constant user - assumed 'user' /home/wwwroot/www.jifadu.cn/Application/Runtime/Cache/Admin/f2ad854573dbf0e17793495ce8b9e81a.php 第 263 行.
NOTIC: [8] Use of undefined constant user - assumed 'user' /home/wwwroot/www.jifadu.cn/Application/Runtime/Cache/Admin/f2ad854573dbf0e17793495ce8b9e81a.php 第 271 行.
NOTIC: [8] Use of undefined constant user - assumed 'user' /home/wwwroot/www.jifadu.cn/Application/Runtime/Cache/Admin/f2ad854573dbf0e17793495ce8b9e81a.php 第 305 行.
NOTIC: [8] Use of undefined constant user - assumed 'user' /home/wwwroot/www.jifadu.cn/Application/Runtime/Cache/Admin/f2ad854573dbf0e17793495ce8b9e81a.php 第 313 行.
NOTIC: [8] Use of undefined constant user - assumed 'user' /home/wwwroot/www.jifadu.cn/Application/Runtime/Cache/Admin/f2ad854573dbf0e17793495ce8b9e81a.php 第 313 行.
INFO: Run Behavior\ParseTemplateBehavior [ RunTime:0.071643s ]
INFO: [ view_parse ] --END-- [ RunTime:0.071692s ]
INFO: [ view_filter ] --START--
INFO: Run Behavior\WriteHtmlCacheBehavior [ RunTime:0.000242s ]
INFO: [ view_filter ] --END-- [ RunTime:0.000307s ]
INFO: [ app_end ] --START--
INFO: Run Behavior\ShowPageTraceBehavior [ RunTime:0.000546s ]
INFO: [ app_end ] --END-- [ RunTime:0.000593s ]

